[01m[K/openarm_ws/src/openarm_impedance_control/src/openarm_impedance_controller.cpp:[m[K In member function ‘[01m[Kvirtual controller_interface::CallbackReturn openarm_impedance_control::OpenArmImpedanceController::[01;32m[Kon_init[m[K()[m[K’:
[01m[K/openarm_ws/src/openarm_impedance_control/src/openarm_impedance_controller.cpp:45:34:[m[K [01;31m[Kerror: [m[Kno matching function for call to ‘[01m[Kstd::optional<openarm_impedance_control::Impedance>::emplace(const std::string&, std::vector<std::__cxx11::basic_string<char>, std::allocator<std::__cxx11::basic_string<char> > >&, const std::string&, const std::vector<double, std::allocator<double> >&, const std::vector<double, std::allocator<double> >&, const std::vector<double, std::allocator<double> >&, const std::vector<double, std::allocator<double> >&)[m[K’
   45 |     [01;31m[Kimpedance_controller_.emplace([m[K
      |     [01;31m[K~~~~~~~~~~~~~~~~~~~~~~~~~~~~~^[m[K
   46 | [01;31m[K      urdf_string,[m[K
      |       [01;31m[K~~~~~~~~~~~~[m[K                
   47 | [01;31m[K      joint_names_,[m[K
      |       [01;31m[K~~~~~~~~~~~~~[m[K               
   48 | [01;31m[K      get_node()->get_parameter("ee_frame_name").as_string(),[m[K
      |       [01;31m[K~~~~~~~~~~~~~~~~~~~~~~~~~~~~~~~~~~~~~~~~~~~~~~~~~~~~~~~[m[K
   49 | [01;31m[K      cartesian_position_lower_limits,[m[K
      |       [01;31m[K~~~~~~~~~~~~~~~~~~~~~~~~~~~~~~~~[m[K
   50 | [01;31m[K      cartesian_position_upper_limits,[m[K
      |       [01;31m[K~~~~~~~~~~~~~~~~~~~~~~~~~~~~~~~~[m[K
   51 | [01;31m[K      cartesian_torque_limits,[m[K
      |       [01;31m[K~~~~~~~~~~~~~~~~~~~~~~~~[m[K    
   52 | [01;31m[K      joint_torque_limits)[m[K;
      |       [01;31m[K~~~~~~~~~~~~~~~~~~~~[m[K        
In file included from [01m[K/openarm_ws/src/openarm_impedance_control/include/openarm_impedance_control/openarm_impedance_controller.hpp:4[m[K,
                 from [01m[K/openarm_ws/src/openarm_impedance_control/src/openarm_impedance_controller.cpp:1[m[K:
[01m[K/usr/include/c++/13/optional:916:9:[m[K [01;36m[Knote: [m[Kcandidate: ‘[01m[Ktemplate<class ... _Args> std::enable_if_t<is_constructible_v<_Tp, _Args ...>, _Tp&> std::optional<_Tp>::[01;32m[Kemplace[m[K(_Args&& ...) [35m[K[with _Args = {_Args ...}; _Tp = openarm_impedance_control::Impedance][m[K[m[K’
  916 |         [01;36m[Kemplace[m[K(_Args&&... __args)
      |         [01;36m[K^~~~~~~[m[K
[01m[K/usr/include/c++/13/optional:916:9:[m[K [01;36m[Knote: [m[K  template argument deduction/substitution failed:
In file included from [01m[K/usr/include/c++/13/bits/stl_pair.h:60[m[K,
                 from [01m[K/usr/include/c++/13/tuple:38[m[K,
                 from [01m[K/usr/include/c++/13/mutex:40[m[K,
                 from [01m[K/openarm_ws/src/openarm_impedance_control/include/openarm_impedance_control/openarm_impedance_controller.hpp:3[m[K:
/usr/include/c++/13/type_traits: In substitution of ‘[01m[Ktemplate<bool _Cond, class _Tp> using std::enable_if_t = typename std::enable_if::type [35m[K[with bool _Cond = false; _Tp = openarm_impedance_control::Impedance&][m[K[m[K’:
[01m[K/usr/include/c++/13/optional:916:2:[m[K   required by substitution of ‘[01m[Ktemplate<class ... _Args> std::enable_if_t<is_constructible_v<openarm_impedance_control::Impedance, _Args ...>, openarm_impedance_control::Impedance&> std::optional<openarm_impedance_control::Impedance>::[01;32m[Kemplace[m[K(_Args&& ...) [35m[K[with _Args = {const std::__cxx11::basic_string<char, std::char_traits<char>, std::allocator<char> >&, std::vector<std::__cxx11::basic_string<char, std::char_traits<char>, std::allocator<char> >, std::allocator<std::__cxx11::basic_string<char, std::char_traits<char>, std::allocator<char> > > >&, const std::__cxx11::basic_string<char, std::char_traits<char>, std::allocator<char> >&, const std::vector<double, std::allocator<double> >&, const std::vector<double, std::allocator<double> >&, const std::vector<double, std::allocator<double> >&, const std::vector<double, std::allocator<double> >&}][m[K[m[K’
[01m[K/openarm_ws/src/openarm_impedance_control/src/openarm_impedance_controller.cpp:45:34:[m[K   required from here
[01m[K/usr/include/c++/13/type_traits:2610:11:[m[K [01;31m[Kerror: [m[Kno type named ‘[01m[Ktype[m[K’ in ‘[01m[Kstruct std::enable_if<false, openarm_impedance_control::Impedance&>[m[K’
 2610 |     using [01;31m[Kenable_if_t[m[K = typename enable_if<_Cond, _Tp>::type;
      |           [01;31m[K^~~~~~~~~~~[m[K
[01m[K/usr/include/c++/13/optional:928:9:[m[K [01;36m[Knote: [m[Kcandidate: ‘[01m[Ktemplate<class _Up, class ... _Args> std::enable_if_t<is_constructible_v<_Tp, std::initializer_list<_Up>&, _Args ...>, _Tp&> std::optional<_Tp>::[01;32m[Kemplace[m[K(std::initializer_list<_Up>, _Args&& ...) [35m[K[with _Args = _Up; _Tp = openarm_impedance_control::Impedance][m[K[m[K’
  928 |         [01;36m[Kemplace[m[K(initializer_list<_Up> __il, _Args&&... __args)
      |         [01;36m[K^~~~~~~[m[K
[01m[K/usr/include/c++/13/optional:928:9:[m[K [01;36m[Knote: [m[K  template argument deduction/substitution failed:
[01m[K/openarm_ws/src/openarm_impedance_control/src/openarm_impedance_controller.cpp:45:34:[m[K [01;36m[Knote: [m[K  ‘[01m[Kstd::__cxx11::basic_string<char>[m[K’ is not derived from ‘[01m[Kstd::initializer_list<_Tp>[m[K’
   45 |     [01;36m[Kimpedance_controller_.emplace([m[K
      |     [01;36m[K~~~~~~~~~~~~~~~~~~~~~~~~~~~~~^[m[K
   46 | [01;36m[K      urdf_string,[m[K
      |       [01;36m[K~~~~~~~~~~~~[m[K                
   47 | [01;36m[K      joint_names_,[m[K
      |       [01;36m[K~~~~~~~~~~~~~[m[K               
   48 | [01;36m[K      get_node()->get_parameter("ee_frame_name").as_string(),[m[K
      |       [01;36m[K~~~~~~~~~~~~~~~~~~~~~~~~~~~~~~~~~~~~~~~~~~~~~~~~~~~~~~~[m[K
   49 | [01;36m[K      cartesian_position_lower_limits,[m[K
      |       [01;36m[K~~~~~~~~~~~~~~~~~~~~~~~~~~~~~~~~[m[K
   50 | [01;36m[K      cartesian_position_upper_limits,[m[K
      |       [01;36m[K~~~~~~~~~~~~~~~~~~~~~~~~~~~~~~~~[m[K
   51 | [01;36m[K      cartesian_torque_limits,[m[K
      |       [01;36m[K~~~~~~~~~~~~~~~~~~~~~~~~[m[K    
   52 | [01;36m[K      joint_torque_limits)[m[K;
      |       [01;36m[K~~~~~~~~~~~~~~~~~~~~[m[K        
[01m[K/openarm_ws/src/openarm_impedance_control/src/openarm_impedance_controller.cpp:72:49:[m[K [01;31m[Kerror: [m[K‘[01m[KFollowCartesianTrajectoryAction[m[K’ was not declared in this scope; did you mean ‘[01m[KFollowJointTrajectoryAction[m[K’?
   72 |   action_server_ = rclcpp_action::create_server<[01;31m[KFollowCartesianTrajectoryAction[m[K>(
      |                                                 [01;31m[K^~~~~~~~~~~~~~~~~~~~~~~~~~~~~~~[m[K
      |                                                 [32m[KFollowJointTrajectoryAction[m[K
[01m[K/openarm_ws/src/openarm_impedance_control/src/openarm_impedance_controller.cpp:72:81:[m[K [01;31m[Kerror: [m[Kno matching function for call to ‘[01m[Kcreate_server<<expression error> >(std::shared_ptr<rclcpp_lifecycle::LifecycleNode>, const char [28], std::_Bind_helper<false, rclcpp_action::GoalResponse (openarm_impedance_control::OpenArmImpedanceController::*)(const std::array<unsigned char, 16>&, std::shared_ptr<const control_msgs::action::FollowJointTrajectory_Goal_<std::allocator<void> > >), openarm_impedance_control::OpenArmImpedanceController*, const std::_Placeholder<1>&, const std::_Placeholder<2>&>::type, std::_Bind_helper<false, rclcpp_action::CancelResponse (openarm_impedance_control::OpenArmImpedanceController::*)(std::shared_ptr<rclcpp_action::ServerGoalHandle<control_msgs::action::FollowJointTrajectory> >), openarm_impedance_control::OpenArmImpedanceController*, const std::_Placeholder<1>&>::type, std::_Bind_helper<false, void (openarm_impedance_control::OpenArmImpedanceController::*)(std::shared_ptr<rclcpp_action::ServerGoalHandle<control_msgs::action::FollowJointTrajectory> >), openarm_impedance_control::OpenArmImpedanceController*, const std::_Placeholder<1>&>::type)[m[K’
   72 |   action_server_ = [01;31m[Krclcpp_action::create_server<FollowCartesianTrajectoryAction>([m[K
      |                    [01;31m[K~~~~~~~~~~~~~~~~~~~~~~~~~~~~~~~~~~~~~~~~~~~~~~~~~~~~~~~~~~~~~^[m[K
   73 | [01;31m[K      get_node(),[m[K
      |       [01;31m[K~~~~~~~~~~~[m[K                                                                
   74 | [01;31m[K      "follow_cartesian_trajectory",[m[K
      |       [01;31m[K~~~~~~~~~~~~~~~~~~~~~~~~~~~~~~[m[K                                             
   75 | [01;31m[K      std::bind(&OpenArmImpedanceController::onGoalRequest,[m[K
      |       [01;31m[K~~~~~~~~~~~~~~~~~~~~~~~~~~~~~~~~~~~~~~~~~~~~~~~~~~~~~[m[K                      
   76 | [01;31m[K                this, std::placeholders::_1, std::placeholders::_2),[m[K
      |                 [01;31m[K~~~~~~~~~~~~~~~~~~~~~~~~~~~~~~~~~~~~~~~~~~~~~~~~~~~~[m[K             
   77 | [01;31m[K      std::bind(&OpenArmImpedanceController::onCancelRequest,[m[K
      |       [01;31m[K~~~~~~~~~~~~~~~~~~~~~~~~~~~~~~~~~~~~~~~~~~~~~~~~~~~~~~~[m[K                    
   78 | [01;31m[K                this, std::placeholders::_1),[m[K
      |                 [01;31m[K~~~~~~~~~~~~~~~~~~~~~~~~~~~~~[m[K                                    
   79 | [01;31m[K      std::bind(&OpenArmImpedanceController::onGoalAccepted,[m[K
      |       [01;31m[K~~~~~~~~~~~~~~~~~~~~~~~~~~~~~~~~~~~~~~~~~~~~~~~~~~~~~~[m[K                     
   80 | [01;31m[K                this, std::placeholders::_1))[m[K;
      |                 [01;31m[K~~~~~~~~~~~~~~~~~~~~~~~~~~~~~[m[K                                    
In file included from [01m[K/opt/ros/jazzy/include/rclcpp_action/rclcpp_action/rclcpp_action.hpp:39[m[K,
                 from [01m[K/openarm_ws/src/openarm_impedance_control/include/openarm_impedance_control/openarm_impedance_controller.hpp:9[m[K:
[01m[K/opt/ros/jazzy/include/rclcpp_action/rclcpp_action/create_server.hpp:58:1:[m[K [01;36m[Knote: [m[Kcandidate: ‘[01m[Ktemplate<class ActionT> typename rclcpp_action::Server<ActionT>::SharedPtr rclcpp_action::[01;32m[Kcreate_server[m[K(rclcpp::node_interfaces::NodeBaseInterface::SharedPtr, rclcpp::node_interfaces::NodeClockInterface::SharedPtr, rclcpp::node_interfaces::NodeLoggingInterface::SharedPtr, rclcpp::node_interfaces::NodeWaitablesInterface::SharedPtr, const std::string&, typename Server<ActionT>::GoalCallback, typename Server<ActionT>::CancelCallback, typename Server<ActionT>::AcceptedCallback, const rcl_action_server_options_t&, rclcpp::CallbackGroup::SharedPtr)[m[K’
   58 | [01;36m[Kcreate_server[m[K(
      | [01;36m[K^~~~~~~~~~~~~[m[K
[01m[K/opt/ros/jazzy/include/rclcpp_action/rclcpp_action/create_server.hpp:58:1:[m[K [01;36m[Knote: [m[K  candidate expects 8 arguments, 5 provided
[01m[K/opt/ros/jazzy/include/rclcpp_action/rclcpp_action/create_server.hpp:132:1:[m[K [01;36m[Knote: [m[Kcandidate: ‘[01m[Ktemplate<class ActionT, class NodeT> typename rclcpp_action::Server<ActionT>::SharedPtr rclcpp_action::[01;32m[Kcreate_server[m[K(NodeT, const std::string&, typename Server<ActionT>::GoalCallback, typename Server<ActionT>::CancelCallback, typename Server<ActionT>::AcceptedCallback, const rcl_action_server_options_t&, rclcpp::CallbackGroup::SharedPtr)[m[K’
  132 | [01;36m[Kcreate_server[m[K(
      | [01;36m[K^~~~~~~~~~~~~[m[K
[01m[K/opt/ros/jazzy/include/rclcpp_action/rclcpp_action/create_server.hpp:132:1:[m[K [01;36m[Knote: [m[K  template argument deduction/substitution failed:
[01m[K/openarm_ws/src/openarm_impedance_control/src/openarm_impedance_controller.cpp:72:81:[m[K [01;31m[Kerror: [m[Ktemplate argument 1 is invalid
   72 |   action_server_ = [01;31m[Krclcpp_action::create_server<FollowCartesianTrajectoryAction>([m[K
      |                    [01;31m[K~~~~~~~~~~~~~~~~~~~~~~~~~~~~~~~~~~~~~~~~~~~~~~~~~~~~~~~~~~~~~^[m[K
   73 | [01;31m[K      get_node(),[m[K
      |       [01;31m[K~~~~~~~~~~~[m[K                                                                
   74 | [01;31m[K      "follow_cartesian_trajectory",[m[K
      |       [01;31m[K~~~~~~~~~~~~~~~~~~~~~~~~~~~~~~[m[K                                             
   75 | [01;31m[K      std::bind(&OpenArmImpedanceController::onGoalRequest,[m[K
      |       [01;31m[K~~~~~~~~~~~~~~~~~~~~~~~~~~~~~~~~~~~~~~~~~~~~~~~~~~~~~[m[K                      
   76 | [01;31m[K                this, std::placeholders::_1, std::placeholders::_2),[m[K
      |                 [01;31m[K~~~~~~~~~~~~~~~~~~~~~~~~~~~~~~~~~~~~~~~~~~~~~~~~~~~~[m[K             
   77 | [01;31m[K      std::bind(&OpenArmImpedanceController::onCancelRequest,[m[K
      |       [01;31m[K~~~~~~~~~~~~~~~~~~~~~~~~~~~~~~~~~~~~~~~~~~~~~~~~~~~~~~~[m[K                    
   78 | [01;31m[K                this, std::placeholders::_1),[m[K
      |                 [01;31m[K~~~~~~~~~~~~~~~~~~~~~~~~~~~~~[m[K                                    
   79 | [01;31m[K      std::bind(&OpenArmImpedanceController::onGoalAccepted,[m[K
      |       [01;31m[K~~~~~~~~~~~~~~~~~~~~~~~~~~~~~~~~~~~~~~~~~~~~~~~~~~~~~~[m[K                     
   80 | [01;31m[K                this, std::placeholders::_1))[m[K;
      |                 [01;31m[K~~~~~~~~~~~~~~~~~~~~~~~~~~~~~[m[K                                    
[01m[K/openarm_ws/src/openarm_impedance_control/src/openarm_impedance_controller.cpp:[m[K In member function ‘[01m[Kvirtual controller_interface::CallbackReturn openarm_impedance_control::OpenArmImpedanceController::[01;32m[Kon_activate[m[K(const rclcpp_lifecycle::State&)[m[K’:
[01m[K/openarm_ws/src/openarm_impedance_control/src/openarm_impedance_controller.cpp:94:36:[m[K [01;31m[Kerror: [m[K‘[01m[KFollowCartesianTrajectoryAction[m[K’ was not declared in this scope; did you mean ‘[01m[KFollowJointTrajectoryAction[m[K’?
   94 |   feedback_msg_ = std::make_shared<[01;31m[KFollowCartesianTrajectoryAction[m[K::Feedback>();
      |                                    [01;31m[K^~~~~~~~~~~~~~~~~~~~~~~~~~~~~~~[m[K
      |                                    [32m[KFollowJointTrajectoryAction[m[K
[01m[K/openarm_ws/src/openarm_impedance_control/src/openarm_impedance_controller.cpp:94:24:[m[K [01;31m[Kerror: [m[Kparse error in template argument list
   94 |   feedback_msg_ = std::[01;31m[Kmake_shared<FollowCartesianTrajectoryAction::Feedback>[m[K();
      |                        [01;31m[K^~~~~~~~~~~~~~~~~~~~~~~~~~~~~~~~~~~~~~~~~~~~~~~~~~~~~~[m[K
[01m[K/openarm_ws/src/openarm_impedance_control/src/openarm_impedance_controller.cpp:94:78:[m[K [01;31m[Kerror: [m[Kno matching function for call to ‘[01m[Kmake_shared<<expression error> >()[m[K’
   94 |   feedback_msg_ = [01;31m[Kstd::make_shared<FollowCartesianTrajectoryAction::Feedback>()[m[K;
      |                   [01;31m[K~~~~~~~~~~~~~~~~~~~~~~~~~~~~~~~~~~~~~~~~~~~~~~~~~~~~~~~~~~~^~[m[K
In file included from [01m[K/usr/include/c++/13/memory:80[m[K,
                 from [01m[K/opt/ros/jazzy/include/rclcpp/rclcpp/rclcpp.hpp:169[m[K,
                 from [01m[K/openarm_ws/src/openarm_impedance_control/include/openarm_impedance_control/openarm_impedance_controller.hpp:7[m[K:
[01m[K/usr/include/c++/13/bits/shared_ptr.h:1005:5:[m[K [01;36m[Knote: [m[Kcandidate: ‘[01m[Ktemplate<class _Tp, class ... _Args> std::shared_ptr<typename std::enable_if<(! std::is_array< <template-parameter-1-1> >::value), _Tp>::type> std::[01;32m[Kmake_shared[m[K(_Args&& ...)[m[K’
 1005 |     [01;36m[Kmake_shared[m[K(_Args&&... __args)
      |     [01;36m[K^~~~~~~~~~~[m[K
[01m[K/usr/include/c++/13/bits/shared_ptr.h:1005:5:[m[K [01;36m[Knote: [m[K  template argument deduction/substitution failed:
[01m[K/openarm_ws/src/openarm_impedance_control/src/openarm_impedance_controller.cpp:94:78:[m[K [01;31m[Kerror: [m[Ktemplate argument 1 is invalid
   94 |   feedback_msg_ = [01;31m[Kstd::make_shared<FollowCartesianTrajectoryAction::Feedback>()[m[K;
      |                   [01;31m[K~~~~~~~~~~~~~~~~~~~~~~~~~~~~~~~~~~~~~~~~~~~~~~~~~~~~~~~~~~~^~[m[K
[01m[K/openarm_ws/src/openarm_impedance_control/src/openarm_impedance_controller.cpp:107:26:[m[K [01;31m[Kerror: [m[K‘[01m[Kclass openarm_impedance_control::Impedance[m[K’ has no member named ‘[01m[KinitFK[m[K’
  107 |   impedance_controller_->[01;31m[KinitFK[m[K(q);
      |                          [01;31m[K^~~~~~[m[K
[01m[K/openarm_ws/src/openarm_impedance_control/src/openarm_impedance_controller.cpp:108:3:[m[K [01;31m[Kerror: [m[K‘[01m[Kx_ref_pos_[m[K’ was not declared in this scope
  108 |   [01;31m[Kx_ref_pos_[m[K  = impedance_controller_->getPose();
      |   [01;31m[K^~~~~~~~~~[m[K
[01m[K/openarm_ws/src/openarm_impedance_control/src/openarm_impedance_controller.cpp:108:40:[m[K [01;31m[Kerror: [m[K‘[01m[Kclass openarm_impedance_control::Impedance[m[K’ has no member named ‘[01m[KgetPose[m[K’
  108 |   x_ref_pos_  = impedance_controller_->[01;31m[KgetPose[m[K();
      |                                        [01;31m[K^~~~~~~[m[K
[01m[K/openarm_ws/src/openarm_impedance_control/src/openarm_impedance_controller.cpp:109:3:[m[K [01;31m[Kerror: [m[K‘[01m[Kx_ref_quat_[m[K’ was not declared in this scope
  109 |   [01;31m[Kx_ref_quat_[m[K = impedance_controller_->getOrientation();
      |   [01;31m[K^~~~~~~~~~~[m[K
[01m[K/openarm_ws/src/openarm_impedance_control/src/openarm_impedance_controller.cpp:109:40:[m[K [01;31m[Kerror: [m[K‘[01m[Kclass openarm_impedance_control::Impedance[m[K’ has no member named ‘[01m[KgetOrientation[m[K’
  109 |   x_ref_quat_ = impedance_controller_->[01;31m[KgetOrientation[m[K();
      |                                        [01;31m[K^~~~~~~~~~~~~~[m[K
[01m[K/openarm_ws/src/openarm_impedance_control/src/openarm_impedance_controller.cpp:110:3:[m[K [01;31m[Kerror: [m[K‘[01m[Kx_ref_linvel_[m[K’ was not declared in this scope
  110 |   [01;31m[Kx_ref_linvel_[m[K.setZero();
      |   [01;31m[K^~~~~~~~~~~~~[m[K
[01m[K/openarm_ws/src/openarm_impedance_control/src/openarm_impedance_controller.cpp:111:3:[m[K [01;31m[Kerror: [m[K‘[01m[Kx_ref_angvel_[m[K’ was not declared in this scope
  111 |   [01;31m[Kx_ref_angvel_[m[K.setZero();
      |   [01;31m[K^~~~~~~~~~~~~[m[K
[01m[K/openarm_ws/src/openarm_impedance_control/src/openarm_impedance_controller.cpp:[m[K In member function ‘[01m[Kvirtual controller_interface::CallbackReturn openarm_impedance_control::OpenArmImpedanceController::[01;32m[Kon_deactivate[m[K(const rclcpp_lifecycle::State&)[m[K’:
[01m[K/openarm_ws/src/openarm_impedance_control/src/openarm_impedance_controller.cpp:124:38:[m[K [01;31m[Kerror: [m[K‘[01m[KFollowCartesianTrajectoryAction[m[K’ was not declared in this scope; did you mean ‘[01m[KFollowJointTrajectoryAction[m[K’?
  124 |       auto result = std::make_shared<[01;31m[KFollowCartesianTrajectoryAction[m[K::Result>();
      |                                      [01;31m[K^~~~~~~~~~~~~~~~~~~~~~~~~~~~~~~[m[K
      |                                      [32m[KFollowJointTrajectoryAction[m[K
[01m[K/openarm_ws/src/openarm_impedance_control/src/openarm_impedance_controller.cpp:124:26:[m[K [01;31m[Kerror: [m[Kparse error in template argument list
  124 |       auto result = std::[01;31m[Kmake_shared<FollowCartesianTrajectoryAction::Result>[m[K();
      |                          [01;31m[K^~~~~~~~~~~~~~~~~~~~~~~~~~~~~~~~~~~~~~~~~~~~~~~~~~~~[m[K
[01m[K/openarm_ws/src/openarm_impedance_control/src/openarm_impedance_controller.cpp:124:78:[m[K [01;31m[Kerror: [m[Kno matching function for call to ‘[01m[Kmake_shared<<expression error> >()[m[K’
  124 |       auto result = [01;31m[Kstd::make_shared<FollowCartesianTrajectoryAction::Result>()[m[K;
      |                     [01;31m[K~~~~~~~~~~~~~~~~~~~~~~~~~~~~~~~~~~~~~~~~~~~~~~~~~~~~~~~~~^~[m[K
[01m[K/usr/include/c++/13/bits/shared_ptr.h:1005:5:[m[K [01;36m[Knote: [m[Kcandidate: ‘[01m[Ktemplate<class _Tp, class ... _Args> std::shared_ptr<typename std::enable_if<(! std::is_array< <template-parameter-1-1> >::value), _Tp>::type> std::[01;32m[Kmake_shared[m[K(_Args&& ...)[m[K’
 1005 |     [01;36m[Kmake_shared[m[K(_Args&&... __args)
      |     [01;36m[K^~~~~~~~~~~[m[K
[01m[K/usr/include/c++/13/bits/shared_ptr.h:1005:5:[m[K [01;36m[Knote: [m[K  template argument deduction/substitution failed:
[01m[K/openarm_ws/src/openarm_impedance_control/src/openarm_impedance_controller.cpp:124:78:[m[K [01;31m[Kerror: [m[Ktemplate argument 1 is invalid
  124 |       auto result = [01;31m[Kstd::make_shared<FollowCartesianTrajectoryAction::Result>()[m[K;
      |                     [01;31m[K~~~~~~~~~~~~~~~~~~~~~~~~~~~~~~~~~~~~~~~~~~~~~~~~~~~~~~~~~^~[m[K
[01m[K/openarm_ws/src/openarm_impedance_control/src/openarm_impedance_controller.cpp:[m[K In member function ‘[01m[Kvirtual controller_interface::CallbackReturn openarm_impedance_control::OpenArmImpedanceController::[01;32m[Kon_configure[m[K(const rclcpp_lifecycle::State&)[m[K’:
[01m[K/openarm_ws/src/openarm_impedance_control/src/openarm_impedance_controller.cpp:143:49:[m[K [01;31m[Kerror: [m[K‘[01m[KFollowCartesianTrajectoryAction[m[K’ was not declared in this scope; did you mean ‘[01m[KFollowJointTrajectoryAction[m[K’?
  143 |   action_server_ = rclcpp_action::create_server<[01;31m[KFollowCartesianTrajectoryAction[m[K>(
      |                                                 [01;31m[K^~~~~~~~~~~~~~~~~~~~~~~~~~~~~~~[m[K
      |                                                 [32m[KFollowJointTrajectoryAction[m[K
[01m[K/openarm_ws/src/openarm_impedance_control/src/openarm_impedance_controller.cpp:146:18:[m[K [01;31m[Kerror: [m[K‘[01m[KOpenArmCartesianController[m[K’ has not been declared
  146 |       std::bind(&[01;31m[KOpenArmCartesianController[m[K::onGoalRequest,
      |                  [01;31m[K^~~~~~~~~~~~~~~~~~~~~~~~~~[m[K
[01m[K/openarm_ws/src/openarm_impedance_control/src/openarm_impedance_controller.cpp:148:18:[m[K [01;31m[Kerror: [m[K‘[01m[KOpenArmCartesianController[m[K’ has not been declared
  148 |       std::bind(&[01;31m[KOpenArmCartesianController[m[K::onCancelRequest,
      |                  [01;31m[K^~~~~~~~~~~~~~~~~~~~~~~~~~[m[K
[01m[K/openarm_ws/src/openarm_impedance_control/src/openarm_impedance_controller.cpp:150:18:[m[K [01;31m[Kerror: [m[K‘[01m[KOpenArmCartesianController[m[K’ has not been declared
  150 |       std::bind(&[01;31m[KOpenArmCartesianController[m[K::onGoalAccepted,
      |                  [01;31m[K^~~~~~~~~~~~~~~~~~~~~~~~~~[m[K
[01m[K/openarm_ws/src/openarm_impedance_control/src/openarm_impedance_controller.cpp:[m[K In member function ‘[01m[Kvirtual controller_interface::return_type openarm_impedance_control::OpenArmImpedanceController::[01;32m[Kupdate[m[K(const rclcpp::Time&, const rclcpp::Duration&)[m[K’:
[01m[K/openarm_ws/src/openarm_impedance_control/src/openarm_impedance_controller.cpp:200:14:[m[K [01;31m[Kerror: [m[K‘[01m[Kx_ref_pos_[m[K’ was not declared in this scope
  200 |       q, dq, [01;31m[Kx_ref_pos_[m[K, x_ref_quat_, x_ref_linvel_, x_ref_angvel_);
      |              [01;31m[K^~~~~~~~~~[m[K
[01m[K/openarm_ws/src/openarm_impedance_control/src/openarm_impedance_controller.cpp:200:26:[m[K [01;31m[Kerror: [m[K‘[01m[Kx_ref_quat_[m[K’ was not declared in this scope
  200 |       q, dq, x_ref_pos_, [01;31m[Kx_ref_quat_[m[K, x_ref_linvel_, x_ref_angvel_);
      |                          [01;31m[K^~~~~~~~~~~[m[K
[01m[K/openarm_ws/src/openarm_impedance_control/src/openarm_impedance_controller.cpp:200:39:[m[K [01;31m[Kerror: [m[K‘[01m[Kx_ref_linvel_[m[K’ was not declared in this scope
  200 |       q, dq, x_ref_pos_, x_ref_quat_, [01;31m[Kx_ref_linvel_[m[K, x_ref_angvel_);
      |                                       [01;31m[K^~~~~~~~~~~~~[m[K
[01m[K/openarm_ws/src/openarm_impedance_control/src/openarm_impedance_controller.cpp:200:54:[m[K [01;31m[Kerror: [m[K‘[01m[Kx_ref_angvel_[m[K’ was not declared in this scope
  200 |       q, dq, x_ref_pos_, x_ref_quat_, x_ref_linvel_, [01;31m[Kx_ref_angvel_[m[K);
      |                                                      [01;31m[K^~~~~~~~~~~~~[m[K
[01m[K/openarm_ws/src/openarm_impedance_control/src/openarm_impedance_controller.cpp:217:36:[m[K [01;31m[Kerror: [m[K‘[01m[KFollowCartesianTrajectoryAction[m[K’ was not declared in this scope; did you mean ‘[01m[KFollowJointTrajectoryAction[m[K’?
  217 |     auto result = std::make_shared<[01;31m[KFollowCartesianTrajectoryAction[m[K::Result>();
      |                                    [01;31m[K^~~~~~~~~~~~~~~~~~~~~~~~~~~~~~~[m[K
      |                                    [32m[KFollowJointTrajectoryAction[m[K
[01m[K/openarm_ws/src/openarm_impedance_control/src/openarm_impedance_controller.cpp:217:24:[m[K [01;31m[Kerror: [m[Kparse error in template argument list
  217 |     auto result = std::[01;31m[Kmake_shared<FollowCartesianTrajectoryAction::Result>[m[K();
      |                        [01;31m[K^~~~~~~~~~~~~~~~~~~~~~~~~~~~~~~~~~~~~~~~~~~~~~~~~~~~[m[K
[01m[K/openarm_ws/src/openarm_impedance_control/src/openarm_impedance_controller.cpp:217:76:[m[K [01;31m[Kerror: [m[Kno matching function for call to ‘[01m[Kmake_shared<<expression error> >()[m[K’
  217 |     auto result = [01;31m[Kstd::make_shared<FollowCartesianTrajectoryAction::Result>()[m[K;
      |                   [01;31m[K~~~~~~~~~~~~~~~~~~~~~~~~~~~~~~~~~~~~~~~~~~~~~~~~~~~~~~~~~^~[m[K
[01m[K/usr/include/c++/13/bits/shared_ptr.h:1005:5:[m[K [01;36m[Knote: [m[Kcandidate: ‘[01m[Ktemplate<class _Tp, class ... _Args> std::shared_ptr<typename std::enable_if<(! std::is_array< <template-parameter-1-1> >::value), _Tp>::type> std::[01;32m[Kmake_shared[m[K(_Args&& ...)[m[K’
 1005 |     [01;36m[Kmake_shared[m[K(_Args&&... __args)
      |     [01;36m[K^~~~~~~~~~~[m[K
[01m[K/usr/include/c++/13/bits/shared_ptr.h:1005:5:[m[K [01;36m[Knote: [m[K  template argument deduction/substitution failed:
[01m[K/openarm_ws/src/openarm_impedance_control/src/openarm_impedance_controller.cpp:217:76:[m[K [01;31m[Kerror: [m[Ktemplate argument 1 is invalid
  217 |     auto result = [01;31m[Kstd::make_shared<FollowCartesianTrajectoryAction::Result>()[m[K;
      |                   [01;31m[K~~~~~~~~~~~~~~~~~~~~~~~~~~~~~~~~~~~~~~~~~~~~~~~~~~~~~~~~~^~[m[K
[01m[K/openarm_ws/src/openarm_impedance_control/src/openarm_impedance_controller.cpp:218:26:[m[K [01;31m[Kerror: [m[K‘[01m[KFollowCartesianTrajectoryAction[m[K’ is not a class, namespace, or enumeration
  218 |     result->error_code = [01;31m[KFollowCartesianTrajectoryAction[m[K::Result::SUCCESSFUL;
      |                          [01;31m[K^~~~~~~~~~~~~~~~~~~~~~~~~~~~~~~[m[K
[01m[K/openarm_ws/src/openarm_impedance_control/src/openarm_impedance_controller.cpp:234:36:[m[K [01;31m[Kerror: [m[K‘[01m[KFollowCartesianTrajectoryAction[m[K’ was not declared in this scope; did you mean ‘[01m[KFollowJointTrajectoryAction[m[K’?
  234 |     auto result = std::make_shared<[01;31m[KFollowCartesianTrajectoryAction[m[K::Result>();
      |                                    [01;31m[K^~~~~~~~~~~~~~~~~~~~~~~~~~~~~~~[m[K
      |                                    [32m[KFollowJointTrajectoryAction[m[K
[01m[K/openarm_ws/src/openarm_impedance_control/src/openarm_impedance_controller.cpp:234:24:[m[K [01;31m[Kerror: [m[Kparse error in template argument list
  234 |     auto result = std::[01;31m[Kmake_shared<FollowCartesianTrajectoryAction::Result>[m[K();
      |                        [01;31m[K^~~~~~~~~~~~~~~~~~~~~~~~~~~~~~~~~~~~~~~~~~~~~~~~~~~~[m[K
[01m[K/openarm_ws/src/openarm_impedance_control/src/openarm_impedance_controller.cpp:234:76:[m[K [01;31m[Kerror: [m[Kno matching function for call to ‘[01m[Kmake_shared<<expression error> >()[m[K’
  234 |     auto result = [01;31m[Kstd::make_shared<FollowCartesianTrajectoryAction::Result>()[m[K;
      |                   [01;31m[K~~~~~~~~~~~~~~~~~~~~~~~~~~~~~~~~~~~~~~~~~~~~~~~~~~~~~~~~~^~[m[K
[01m[K/usr/include/c++/13/bits/shared_ptr.h:1005:5:[m[K [01;36m[Knote: [m[Kcandidate: ‘[01m[Ktemplate<class _Tp, class ... _Args> std::shared_ptr<typename std::enable_if<(! std::is_array< <template-parameter-1-1> >::value), _Tp>::type> std::[01;32m[Kmake_shared[m[K(_Args&& ...)[m[K’
 1005 |     [01;36m[Kmake_shared[m[K(_Args&&... __args)
      |     [01;36m[K^~~~~~~~~~~[m[K
[01m[K/usr/include/c++/13/bits/shared_ptr.h:1005:5:[m[K [01;36m[Knote: [m[K  template argument deduction/substitution failed:
[01m[K/openarm_ws/src/openarm_impedance_control/src/openarm_impedance_controller.cpp:234:76:[m[K [01;31m[Kerror: [m[Ktemplate argument 1 is invalid
  234 |     auto result = [01;31m[Kstd::make_shared<FollowCartesianTrajectoryAction::Result>()[m[K;
      |                   [01;31m[K~~~~~~~~~~~~~~~~~~~~~~~~~~~~~~~~~~~~~~~~~~~~~~~~~~~~~~~~~^~[m[K
[01m[K/openarm_ws/src/openarm_impedance_control/src/openarm_impedance_controller.cpp:235:26:[m[K [01;31m[Kerror: [m[K‘[01m[KFollowCartesianTrajectoryAction[m[K’ is not a class, namespace, or enumeration
  235 |     result->error_code = [01;31m[KFollowCartesianTrajectoryAction[m[K::Result::SUCCESSFUL;
      |                          [01;31m[K^~~~~~~~~~~~~~~~~~~~~~~~~~~~~~~[m[K
[01m[K/openarm_ws/src/openarm_impedance_control/src/openarm_impedance_controller.cpp:[m[K At global scope:
[01m[K/openarm_ws/src/openarm_impedance_control/src/openarm_impedance_controller.cpp:261:11:[m[K [01;31m[Kerror: [m[K‘[01m[KCartesianTrajectory[m[K’ does not name a type
  261 |     const [01;31m[KCartesianTrajectory[m[K& traj, const rclcpp::Time& time) {
      |           [01;31m[K^~~~~~~~~~~~~~~~~~~[m[K
[01m[K/openarm_ws/src/openarm_impedance_control/src/openarm_impedance_controller.cpp:260:6:[m[K [01;31m[Kerror: [m[Kno declaration matches ‘[01m[Kvoid openarm_impedance_control::OpenArmImpedanceController::[01;32m[KinterpolateTrajectory[m[K(const int&, const rclcpp::Time&)[m[K’
  260 | void [01;31m[KOpenArmImpedanceController[m[K::interpolateTrajectory(
      |      [01;31m[K^~~~~~~~~~~~~~~~~~~~~~~~~~[m[K
[01m[K/openarm_ws/src/openarm_impedance_control/include/openarm_impedance_control/openarm_impedance_controller.hpp:74:8:[m[K [01;36m[Knote: [m[Kcandidate is: ‘[01m[Kvoid openarm_impedance_control::OpenArmImpedanceController::[01;32m[KinterpolateTrajectory[m[K(const JointTrajectory&, const rclcpp::Time&)[m[K’
   74 |   void [01;36m[KinterpolateTrajectory[m[K(
      |        [01;36m[K^~~~~~~~~~~~~~~~~~~~~[m[K
[01m[K/openarm_ws/src/openarm_impedance_control/include/openarm_impedance_control/openarm_impedance_controller.hpp:22:7:[m[K [01;36m[Knote: [m[K‘[01m[Kclass openarm_impedance_control::OpenArmImpedanceController[m[K’ defined here
   22 | class [01;36m[KOpenArmImpedanceController[m[K : public controller_interface::ControllerInterface {
      |       [01;36m[K^~~~~~~~~~~~~~~~~~~~~~~~~~[m[K
[01m[K/openarm_ws/src/openarm_impedance_control/src/openarm_impedance_controller.cpp:[m[K In member function ‘[01m[Kvoid openarm_impedance_control::OpenArmImpedanceController::[01;32m[KupdateFeedback[m[K()[m[K’:
[01m[K/openarm_ws/src/openarm_impedance_control/src/openarm_impedance_controller.cpp:320:26:[m[K [01;31m[Kerror: [m[K‘[01m[Kusing control_msgs::action::FollowJointTrajectory_Feedback_<std::allocator<void> >::_desired_type = struct trajectory_msgs::msg::JointTrajectoryPoint_<std::allocator<void> >[m[K’ {aka ‘[01m[Kstruct trajectory_msgs::msg::JointTrajectoryPoint_<std::allocator<void> >[m[K’} has no member named ‘[01m[Kpose[m[K’
  320 |   feedback_msg_->desired.[01;31m[Kpose[m[K.position.x    = x_ref_pos_.x();
      |                          [01;31m[K^~~~[m[K
[01m[K/openarm_ws/src/openarm_impedance_control/src/openarm_impedance_controller.cpp:320:47:[m[K [01;31m[Kerror: [m[K‘[01m[Kx_ref_pos_[m[K’ was not declared in this scope
  320 |   feedback_msg_->desired.pose.position.x    = [01;31m[Kx_ref_pos_[m[K.x();
      |                                               [01;31m[K^~~~~~~~~~[m[K
[01m[K/openarm_ws/src/openarm_impedance_control/src/openarm_impedance_controller.cpp:321:26:[m[K [01;31m[Kerror: [m[K‘[01m[Kusing control_msgs::action::FollowJointTrajectory_Feedback_<std::allocator<void> >::_desired_type = struct trajectory_msgs::msg::JointTrajectoryPoint_<std::allocator<void> >[m[K’ {aka ‘[01m[Kstruct trajectory_msgs::msg::JointTrajectoryPoint_<std::allocator<void> >[m[K’} has no member named ‘[01m[Kpose[m[K’
  321 |   feedback_msg_->desired.[01;31m[Kpose[m[K.position.y    = x_ref_pos_.y();
      |                          [01;31m[K^~~~[m[K
[01m[K/openarm_ws/src/openarm_impedance_control/src/openarm_impedance_controller.cpp:322:26:[m[K [01;31m[Kerror: [m[K‘[01m[Kusing control_msgs::action::FollowJointTrajectory_Feedback_<std::allocator<void> >::_desired_type = struct trajectory_msgs::msg::JointTrajectoryPoint_<std::allocator<void> >[m[K’ {aka ‘[01m[Kstruct trajectory_msgs::msg::JointTrajectoryPoint_<std::allocator<void> >[m[K’} has no member named ‘[01m[Kpose[m[K’
  322 |   feedback_msg_->desired.[01;31m[Kpose[m[K.position.z    = x_ref_pos_.z();
      |                          [01;31m[K^~~~[m[K
[01m[K/openarm_ws/src/openarm_impedance_control/src/openarm_impedance_controller.cpp:323:26:[m[K [01;31m[Kerror: [m[K‘[01m[Kusing control_msgs::action::FollowJointTrajectory_Feedback_<std::allocator<void> >::_desired_type = struct trajectory_msgs::msg::JointTrajectoryPoint_<std::allocator<void> >[m[K’ {aka ‘[01m[Kstruct trajectory_msgs::msg::JointTrajectoryPoint_<std::allocator<void> >[m[K’} has no member named ‘[01m[Kpose[m[K’
  323 |   feedback_msg_->desired.[01;31m[Kpose[m[K.orientation.w = x_ref_quat_.w();
      |                          [01;31m[K^~~~[m[K
[01m[K/openarm_ws/src/openarm_impedance_control/src/openarm_impedance_controller.cpp:323:47:[m[K [01;31m[Kerror: [m[K‘[01m[Kx_ref_quat_[m[K’ was not declared in this scope
  323 |   feedback_msg_->desired.pose.orientation.w = [01;31m[Kx_ref_quat_[m[K.w();
      |                                               [01;31m[K^~~~~~~~~~~[m[K
[01m[K/openarm_ws/src/openarm_impedance_control/src/openarm_impedance_controller.cpp:324:26:[m[K [01;31m[Kerror: [m[K‘[01m[Kusing control_msgs::action::FollowJointTrajectory_Feedback_<std::allocator<void> >::_desired_type = struct trajectory_msgs::msg::JointTrajectoryPoint_<std::allocator<void> >[m[K’ {aka ‘[01m[Kstruct trajectory_msgs::msg::JointTrajectoryPoint_<std::allocator<void> >[m[K’} has no member named ‘[01m[Kpose[m[K’
  324 |   feedback_msg_->desired.[01;31m[Kpose[m[K.orientation.x = x_ref_quat_.x();
      |                          [01;31m[K^~~~[m[K
[01m[K/openarm_ws/src/openarm_impedance_control/src/openarm_impedance_controller.cpp:325:26:[m[K [01;31m[Kerror: [m[K‘[01m[Kusing control_msgs::action::FollowJointTrajectory_Feedback_<std::allocator<void> >::_desired_type = struct trajectory_msgs::msg::JointTrajectoryPoint_<std::allocator<void> >[m[K’ {aka ‘[01m[Kstruct trajectory_msgs::msg::JointTrajectoryPoint_<std::allocator<void> >[m[K’} has no member named ‘[01m[Kpose[m[K’
  325 |   feedback_msg_->desired.[01;31m[Kpose[m[K.orientation.y = x_ref_quat_.y();
      |                          [01;31m[K^~~~[m[K
[01m[K/openarm_ws/src/openarm_impedance_control/src/openarm_impedance_controller.cpp:326:26:[m[K [01;31m[Kerror: [m[K‘[01m[Kusing control_msgs::action::FollowJointTrajectory_Feedback_<std::allocator<void> >::_desired_type = struct trajectory_msgs::msg::JointTrajectoryPoint_<std::allocator<void> >[m[K’ {aka ‘[01m[Kstruct trajectory_msgs::msg::JointTrajectoryPoint_<std::allocator<void> >[m[K’} has no member named ‘[01m[Kpose[m[K’
  326 |   feedback_msg_->desired.[01;31m[Kpose[m[K.orientation.z = x_ref_quat_.z();
      |                          [01;31m[K^~~~[m[K
[01m[K/openarm_ws/src/openarm_impedance_control/src/openarm_impedance_controller.cpp:327:26:[m[K [01;31m[Kerror: [m[K‘[01m[Kusing control_msgs::action::FollowJointTrajectory_Feedback_<std::allocator<void> >::_desired_type = struct trajectory_msgs::msg::JointTrajectoryPoint_<std::allocator<void> >[m[K’ {aka ‘[01m[Kstruct trajectory_msgs::msg::JointTrajectoryPoint_<std::allocator<void> >[m[K’} has no member named ‘[01m[Ktwist[m[K’
  327 |   feedback_msg_->desired.[01;31m[Ktwist[m[K.linear.x     = x_ref_linvel_.x();
      |                          [01;31m[K^~~~~[m[K
[01m[K/openarm_ws/src/openarm_impedance_control/src/openarm_impedance_controller.cpp:327:47:[m[K [01;31m[Kerror: [m[K‘[01m[Kx_ref_linvel_[m[K’ was not declared in this scope
  327 |   feedback_msg_->desired.twist.linear.x     = [01;31m[Kx_ref_linvel_[m[K.x();
      |                                               [01;31m[K^~~~~~~~~~~~~[m[K
[01m[K/openarm_ws/src/openarm_impedance_control/src/openarm_impedance_controller.cpp:328:26:[m[K [01;31m[Kerror: [m[K‘[01m[Kusing control_msgs::action::FollowJointTrajectory_Feedback_<std::allocator<void> >::_desired_type = struct trajectory_msgs::msg::JointTrajectoryPoint_<std::allocator<void> >[m[K’ {aka ‘[01m[Kstruct trajectory_msgs::msg::JointTrajectoryPoint_<std::allocator<void> >[m[K’} has no member named ‘[01m[Ktwist[m[K’
  328 |   feedback_msg_->desired.[01;31m[Ktwist[m[K.linear.y     = x_ref_linvel_.y();
      |                          [01;31m[K^~~~~[m[K
[01m[K/openarm_ws/src/openarm_impedance_control/src/openarm_impedance_controller.cpp:329:26:[m[K [01;31m[Kerror: [m[K‘[01m[Kusing control_msgs::action::FollowJointTrajectory_Feedback_<std::allocator<void> >::_desired_type = struct trajectory_msgs::msg::JointTrajectoryPoint_<std::allocator<void> >[m[K’ {aka ‘[01m[Kstruct trajectory_msgs::msg::JointTrajectoryPoint_<std::allocator<void> >[m[K’} has no member named ‘[01m[Ktwist[m[K’
  329 |   feedback_msg_->desired.[01;31m[Ktwist[m[K.linear.z     = x_ref_linvel_.z();
      |                          [01;31m[K^~~~~[m[K
[01m[K/openarm_ws/src/openarm_impedance_control/src/openarm_impedance_controller.cpp:330:26:[m[K [01;31m[Kerror: [m[K‘[01m[Kusing control_msgs::action::FollowJointTrajectory_Feedback_<std::allocator<void> >::_desired_type = struct trajectory_msgs::msg::JointTrajectoryPoint_<std::allocator<void> >[m[K’ {aka ‘[01m[Kstruct trajectory_msgs::msg::JointTrajectoryPoint_<std::allocator<void> >[m[K’} has no member named ‘[01m[Ktwist[m[K’
  330 |   feedback_msg_->desired.[01;31m[Ktwist[m[K.angular.x    = x_ref_angvel_.x();
      |                          [01;31m[K^~~~~[m[K
[01m[K/openarm_ws/src/openarm_impedance_control/src/openarm_impedance_controller.cpp:330:47:[m[K [01;31m[Kerror: [m[K‘[01m[Kx_ref_angvel_[m[K’ was not declared in this scope
  330 |   feedback_msg_->desired.twist.angular.x    = [01;31m[Kx_ref_angvel_[m[K.x();
      |                                               [01;31m[K^~~~~~~~~~~~~[m[K
[01m[K/openarm_ws/src/openarm_impedance_control/src/openarm_impedance_controller.cpp:331:26:[m[K [01;31m[Kerror: [m[K‘[01m[Kusing control_msgs::action::FollowJointTrajectory_Feedback_<std::allocator<void> >::_desired_type = struct trajectory_msgs::msg::JointTrajectoryPoint_<std::allocator<void> >[m[K’ {aka ‘[01m[Kstruct trajectory_msgs::msg::JointTrajectoryPoint_<std::allocator<void> >[m[K’} has no member named ‘[01m[Ktwist[m[K’
  331 |   feedback_msg_->desired.[01;31m[Ktwist[m[K.angular.y    = x_ref_angvel_.y();
      |                          [01;31m[K^~~~~[m[K
[01m[K/openarm_ws/src/openarm_impedance_control/src/openarm_impedance_controller.cpp:332:26:[m[K [01;31m[Kerror: [m[K‘[01m[Kusing control_msgs::action::FollowJointTrajectory_Feedback_<std::allocator<void> >::_desired_type = struct trajectory_msgs::msg::JointTrajectoryPoint_<std::allocator<void> >[m[K’ {aka ‘[01m[Kstruct trajectory_msgs::msg::JointTrajectoryPoint_<std::allocator<void> >[m[K’} has no member named ‘[01m[Ktwist[m[K’
  332 |   feedback_msg_->desired.[01;31m[Ktwist[m[K.angular.z    = x_ref_angvel_.z();
      |                          [01;31m[K^~~~~[m[K
[01m[K/openarm_ws/src/openarm_impedance_control/src/openarm_impedance_controller.cpp:335:65:[m[K [01;31m[Kerror: [m[K‘[01m[Kclass openarm_impedance_control::Impedance[m[K’ has no member named ‘[01m[KgetPose[m[K’
  335 |   const Eigen::Vector3d    actual_pos  = impedance_controller_->[01;31m[KgetPose[m[K();
      |                                                                 [01;31m[K^~~~~~~[m[K
[01m[K/openarm_ws/src/openarm_impedance_control/src/openarm_impedance_controller.cpp:336:65:[m[K [01;31m[Kerror: [m[K‘[01m[Kclass openarm_impedance_control::Impedance[m[K’ has no member named ‘[01m[KgetOrientation[m[K’
  336 |   const Eigen::Quaterniond actual_quat = impedance_controller_->[01;31m[KgetOrientation[m[K();
      |                                                                 [01;31m[K^~~~~~~~~~~~~~[m[K
[01m[K/openarm_ws/src/openarm_impedance_control/src/openarm_impedance_controller.cpp:337:25:[m[K [01;31m[Kerror: [m[K‘[01m[Kusing control_msgs::action::FollowJointTrajectory_Feedback_<std::allocator<void> >::_actual_type = struct trajectory_msgs::msg::JointTrajectoryPoint_<std::allocator<void> >[m[K’ {aka ‘[01m[Kstruct trajectory_msgs::msg::JointTrajectoryPoint_<std::allocator<void> >[m[K’} has no member named ‘[01m[Kpose[m[K’
  337 |   feedback_msg_->actual.[01;31m[Kpose[m[K.position.x    = actual_pos.x();
      |                         [01;31m[K^~~~[m[K
[01m[K/openarm_ws/src/openarm_impedance_control/src/openarm_impedance_controller.cpp:338:25:[m[K [01;31m[Kerror: [m[K‘[01m[Kusing control_msgs::action::FollowJointTrajectory_Feedback_<std::allocator<void> >::_actual_type = struct trajectory_msgs::msg::JointTrajectoryPoint_<std::allocator<void> >[m[K’ {aka ‘[01m[Kstruct trajectory_msgs::msg::JointTrajectoryPoint_<std::allocator<void> >[m[K’} has no member named ‘[01m[Kpose[m[K’
  338 |   feedback_msg_->actual.[01;31m[Kpose[m[K.position.y    = actual_pos.y();
      |                         [01;31m[K^~~~[m[K
[01m[K/openarm_ws/src/openarm_impedance_control/src/openarm_impedance_controller.cpp:339:25:[m[K [01;31m[Kerror: [m[K‘[01m[Kusing control_msgs::action::FollowJointTrajectory_Feedback_<std::allocator<void> >::_actual_type = struct trajectory_msgs::msg::JointTrajectoryPoint_<std::allocator<void> >[m[K’ {aka ‘[01m[Kstruct trajectory_msgs::msg::JointTrajectoryPoint_<std::allocator<void> >[m[K’} has no member named ‘[01m[Kpose[m[K’
  339 |   feedback_msg_->actual.[01;31m[Kpose[m[K.position.z    = actual_pos.z();
      |                         [01;31m[K^~~~[m[K
[01m[K/openarm_ws/src/openarm_impedance_control/src/openarm_impedance_controller.cpp:340:25:[m[K [01;31m[Kerror: [m[K‘[01m[Kusing control_msgs::action::FollowJointTrajectory_Feedback_<std::allocator<void> >::_actual_type = struct trajectory_msgs::msg::JointTrajectoryPoint_<std::allocator<void> >[m[K’ {aka ‘[01m[Kstruct trajectory_msgs::msg::JointTrajectoryPoint_<std::allocator<void> >[m[K’} has no member named ‘[01m[Kpose[m[K’
  340 |   feedback_msg_->actual.[01;31m[Kpose[m[K.orientation.w = actual_quat.w();
      |                         [01;31m[K^~~~[m[K
[01m[K/openarm_ws/src/openarm_impedance_control/src/openarm_impedance_controller.cpp:341:25:[m[K [01;31m[Kerror: [m[K‘[01m[Kusing control_msgs::action::FollowJointTrajectory_Feedback_<std::allocator<void> >::_actual_type = struct trajectory_msgs::msg::JointTrajectoryPoint_<std::allocator<void> >[m[K’ {aka ‘[01m[Kstruct trajectory_msgs::msg::JointTrajectoryPoint_<std::allocator<void> >[m[K’} has no member named ‘[01m[Kpose[m[K’
  341 |   feedback_msg_->actual.[01;31m[Kpose[m[K.orientation.x = actual_quat.x();
      |                         [01;31m[K^~~~[m[K
[01m[K/openarm_ws/src/openarm_impedance_control/src/openarm_impedance_controller.cpp:342:25:[m[K [01;31m[Kerror: [m[K‘[01m[Kusing control_msgs::action::FollowJointTrajectory_Feedback_<std::allocator<void> >::_actual_type = struct trajectory_msgs::msg::JointTrajectoryPoint_<std::allocator<void> >[m[K’ {aka ‘[01m[Kstruct trajectory_msgs::msg::JointTrajectoryPoint_<std::allocator<void> >[m[K’} has no member named ‘[01m[Kpose[m[K’
  342 |   feedback_msg_->actual.[01;31m[Kpose[m[K.orientation.y = actual_quat.y();
      |                         [01;31m[K^~~~[m[K
[01m[K/openarm_ws/src/openarm_impedance_control/src/openarm_impedance_controller.cpp:343:25:[m[K [01;31m[Kerror: [m[K‘[01m[Kusing control_msgs::action::FollowJointTrajectory_Feedback_<std::allocator<void> >::_actual_type = struct trajectory_msgs::msg::JointTrajectoryPoint_<std::allocator<void> >[m[K’ {aka ‘[01m[Kstruct trajectory_msgs::msg::JointTrajectoryPoint_<std::allocator<void> >[m[K’} has no member named ‘[01m[Kpose[m[K’
  343 |   feedback_msg_->actual.[01;31m[Kpose[m[K.orientation.z = actual_quat.z();
      |                         [01;31m[K^~~~[m[K
[01m[K/openarm_ws/src/openarm_impedance_control/src/openarm_impedance_controller.cpp:347:24:[m[K [01;31m[Kerror: [m[K‘[01m[Kusing control_msgs::action::FollowJointTrajectory_Feedback_<std::allocator<void> >::_error_type = struct trajectory_msgs::msg::JointTrajectoryPoint_<std::allocator<void> >[m[K’ {aka ‘[01m[Kstruct trajectory_msgs::msg::JointTrajectoryPoint_<std::allocator<void> >[m[K’} has no member named ‘[01m[Kpose[m[K’
  347 |   feedback_msg_->error.[01;31m[Kpose[m[K.position.x = pos_err.x();
      |                        [01;31m[K^~~~[m[K
[01m[K/openarm_ws/src/openarm_impedance_control/src/openarm_impedance_controller.cpp:348:24:[m[K [01;31m[Kerror: [m[K‘[01m[Kusing control_msgs::action::FollowJointTrajectory_Feedback_<std::allocator<void> >::_error_type = struct trajectory_msgs::msg::JointTrajectoryPoint_<std::allocator<void> >[m[K’ {aka ‘[01m[Kstruct trajectory_msgs::msg::JointTrajectoryPoint_<std::allocator<void> >[m[K’} has no member named ‘[01m[Kpose[m[K’
  348 |   feedback_msg_->error.[01;31m[Kpose[m[K.position.y = pos_err.y();
      |                        [01;31m[K^~~~[m[K
[01m[K/openarm_ws/src/openarm_impedance_control/src/openarm_impedance_controller.cpp:349:24:[m[K [01;31m[Kerror: [m[K‘[01m[Kusing control_msgs::action::FollowJointTrajectory_Feedback_<std::allocator<void> >::_error_type = struct trajectory_msgs::msg::JointTrajectoryPoint_<std::allocator<void> >[m[K’ {aka ‘[01m[Kstruct trajectory_msgs::msg::JointTrajectoryPoint_<std::allocator<void> >[m[K’} has no member named ‘[01m[Kpose[m[K’
  349 |   feedback_msg_->error.[01;31m[Kpose[m[K.position.z = pos_err.z();
      |                        [01;31m[K^~~~[m[K
[01m[K/openarm_ws/src/openarm_impedance_control/src/openarm_impedance_controller.cpp:355:24:[m[K [01;31m[Kerror: [m[K‘[01m[Kusing control_msgs::action::FollowJointTrajectory_Feedback_<std::allocator<void> >::_error_type = struct trajectory_msgs::msg::JointTrajectoryPoint_<std::allocator<void> >[m[K’ {aka ‘[01m[Kstruct trajectory_msgs::msg::JointTrajectoryPoint_<std::allocator<void> >[m[K’} has no member named ‘[01m[Kpose[m[K’
  355 |   feedback_msg_->error.[01;31m[Kpose[m[K.orientation.x = rot_err.x();
      |                        [01;31m[K^~~~[m[K
[01m[K/openarm_ws/src/openarm_impedance_control/src/openarm_impedance_controller.cpp:356:24:[m[K [01;31m[Kerror: [m[K‘[01m[Kusing control_msgs::action::FollowJointTrajectory_Feedback_<std::allocator<void> >::_error_type = struct trajectory_msgs::msg::JointTrajectoryPoint_<std::allocator<void> >[m[K’ {aka ‘[01m[Kstruct trajectory_msgs::msg::JointTrajectoryPoint_<std::allocator<void> >[m[K’} has no member named ‘[01m[Kpose[m[K’
  356 |   feedback_msg_->error.[01;31m[Kpose[m[K.orientation.y = rot_err.y();
      |                        [01;31m[K^~~~[m[K
[01m[K/openarm_ws/src/openarm_impedance_control/src/openarm_impedance_controller.cpp:357:24:[m[K [01;31m[Kerror: [m[K‘[01m[Kusing control_msgs::action::FollowJointTrajectory_Feedback_<std::allocator<void> >::_error_type = struct trajectory_msgs::msg::JointTrajectoryPoint_<std::allocator<void> >[m[K’ {aka ‘[01m[Kstruct trajectory_msgs::msg::JointTrajectoryPoint_<std::allocator<void> >[m[K’} has no member named ‘[01m[Kpose[m[K’
  357 |   feedback_msg_->error.[01;31m[Kpose[m[K.orientation.z = rot_err.z();
      |                        [01;31m[K^~~~[m[K
[01m[K/openarm_ws/src/openarm_impedance_control/src/openarm_impedance_controller.cpp:358:24:[m[K [01;31m[Kerror: [m[K‘[01m[Kusing control_msgs::action::FollowJointTrajectory_Feedback_<std::allocator<void> >::_error_type = struct trajectory_msgs::msg::JointTrajectoryPoint_<std::allocator<void> >[m[K’ {aka ‘[01m[Kstruct trajectory_msgs::msg::JointTrajectoryPoint_<std::allocator<void> >[m[K’} has no member named ‘[01m[Kpose[m[K’
  358 |   feedback_msg_->error.[01;31m[Kpose[m[K.orientation.w = 0.0;
      |                        [01;31m[K^~~~[m[K
[01m[K/openarm_ws/src/openarm_impedance_control/src/openarm_impedance_controller.cpp:[m[K At global scope:
[01m[K/openarm_ws/src/openarm_impedance_control/src/openarm_impedance_controller.cpp:365:58:[m[K [01;31m[Kerror: [m[KISO C++ forbids declaration of ‘[01m[Ktype name[m[K’ with no type [[01;31m[K]8;;https://gcc.gnu.org/onlinedocs/gcc/Warning-Options.html#index-fpermissive-fpermissive]8;;[m[K]
  365 |     std::shared_ptr<const FollowCartesianTrajectoryAction[01;31m[K::[m[KGoal> goal) {
      |                                                          [01;31m[K^~[m[K
[01m[K/openarm_ws/src/openarm_impedance_control/src/openarm_impedance_controller.cpp:365:64:[m[K [01;31m[Kerror: [m[Ktemplate argument 1 is invalid
  365 |     std::shared_ptr<const FollowCartesianTrajectoryAction::Goal[01;31m[K>[m[K goal) {
      |                                                                [01;31m[K^[m[K
[01m[K/openarm_ws/src/openarm_impedance_control/src/openarm_impedance_controller.cpp:365:58:[m[K [01;31m[Kerror: [m[KISO C++ forbids declaration of ‘[01m[Ktype name[m[K’ with no type [[01;31m[K]8;;https://gcc.gnu.org/onlinedocs/gcc/Warning-Options.html#index-fpermissive-fpermissive]8;;[m[K]
  365 |     std::shared_ptr<const FollowCartesianTrajectoryAction[01;31m[K::[m[KGoal> goal) {
      |                                                          [01;31m[K^~[m[K
[01m[K/openarm_ws/src/openarm_impedance_control/src/openarm_impedance_controller.cpp:365:64:[m[K [01;31m[Kerror: [m[Ktemplate argument 1 is invalid
  365 |     std::shared_ptr<const FollowCartesianTrajectoryAction::Goal[01;31m[K>[m[K goal) {
      |                                                                [01;31m[K^[m[K
[01m[K/openarm_ws/src/openarm_impedance_control/src/openarm_impedance_controller.cpp:365:58:[m[K [01;31m[Kerror: [m[KISO C++ forbids declaration of ‘[01m[Ktype name[m[K’ with no type [[01;31m[K]8;;https://gcc.gnu.org/onlinedocs/gcc/Warning-Options.html#index-fpermissive-fpermissive]8;;[m[K]
  365 |     std::shared_ptr<const FollowCartesianTrajectoryAction[01;31m[K::[m[KGoal> goal) {
      |                                                          [01;31m[K^~[m[K
[01m[K/openarm_ws/src/openarm_impedance_control/src/openarm_impedance_controller.cpp:365:64:[m[K [01;31m[Kerror: [m[Ktemplate argument 1 is invalid
  365 |     std::shared_ptr<const FollowCartesianTrajectoryAction::Goal[01;31m[K>[m[K goal) {
      |                                                                [01;31m[K^[m[K
[01m[K/openarm_ws/src/openarm_impedance_control/src/openarm_impedance_controller.cpp:365:5:[m[K [01;31m[Kerror: [m[Kinvalid template-id
  365 |     [01;31m[Kstd[m[K::shared_ptr<const FollowCartesianTrajectoryAction::Goal> goal) {
      |     [01;31m[K^~~[m[K
[01m[K/openarm_ws/src/openarm_impedance_control/src/openarm_impedance_controller.cpp:365:58:[m[K [01;31m[Kerror: [m[KISO C++ forbids declaration of ‘[01m[Ktype name[m[K’ with no type [[01;31m[K]8;;https://gcc.gnu.org/onlinedocs/gcc/Warning-Options.html#index-fpermissive-fpermissive]8;;[m[K]
  365 |     std::shared_ptr<const FollowCartesianTrajectoryAction[01;31m[K::[m[KGoal> goal) {
      |                                                          [01;31m[K^~[m[K
[01m[K/openarm_ws/src/openarm_impedance_control/src/openarm_impedance_controller.cpp:365:21:[m[K [01;31m[Kerror: [m[Kexpected primary-expression before ‘[01m[Kconst[m[K’
  365 |     std::shared_ptr<[01;31m[Kconst[m[K FollowCartesianTrajectoryAction::Goal> goal) {
      |                     [01;31m[K^~~~~[m[K
[01m[K/openarm_ws/src/openarm_impedance_control/src/openarm_impedance_controller.cpp:365:21:[m[K [01;31m[Kerror: [m[Kexpected ‘[01m[K>[m[K’ before ‘[01m[Kconst[m[K’
[01m[K/openarm_ws/src/openarm_impedance_control/src/openarm_impedance_controller.cpp:365:5:[m[K [01;31m[Kerror: [m[Kmissing template argument list after ‘[01m[Kstd::shared_ptr[m[K’; template placeholder not permitted in parameter
  365 |     [01;31m[Kstd[m[K::shared_ptr<const FollowCartesianTrajectoryAction::Goal> goal) {
      |     [01;31m[K^~~[m[K
      |        [32m[K<>[m[K
In file included from [01m[K/usr/include/c++/13/bits/shared_ptr.h:53[m[K:
[01m[K/usr/include/c++/13/bits/shared_ptr_base.h:395:11:[m[K [01;36m[Knote: [m[K‘[01m[Ktemplate<class _Tp> class std::shared_ptr[m[K’ declared here
  395 |     class [01;36m[Kshared_ptr[m[K;
      |           [01;36m[K^~~~~~~~~~[m[K
[01m[K/openarm_ws/src/openarm_impedance_control/src/openarm_impedance_controller.cpp:363:29:[m[K [01;31m[Kerror: [m[Kno declaration matches ‘[01m[Krclcpp_action::GoalResponse openarm_impedance_control::OpenArmImpedanceController::[01;32m[KonGoalRequest[m[K(...)[m[K’
  363 | rclcpp_action::GoalResponse [01;31m[KOpenArmImpedanceController[m[K::onGoalRequest(
      |                             [01;31m[K^~~~~~~~~~~~~~~~~~~~~~~~~~[m[K
[01m[K/openarm_ws/src/openarm_impedance_control/include/openarm_impedance_control/openarm_impedance_controller.hpp:81:31:[m[K [01;36m[Knote: [m[Kcandidate is: ‘[01m[Krclcpp_action::GoalResponse openarm_impedance_control::OpenArmImpedanceController::[01;32m[KonGoalRequest[m[K(const rclcpp_action::GoalUUID&, std::shared_ptr<const control_msgs::action::FollowJointTrajectory_Goal_<std::allocator<void> > >)[m[K’
   81 |   rclcpp_action::GoalResponse [01;36m[KonGoalRequest[m[K(
      |                               [01;36m[K^~~~~~~~~~~~~[m[K
[01m[K/openarm_ws/src/openarm_impedance_control/include/openarm_impedance_control/openarm_impedance_controller.hpp:22:7:[m[K [01;36m[Knote: [m[K‘[01m[Kclass openarm_impedance_control::OpenArmImpedanceController[m[K’ defined here
   22 | class [01;36m[KOpenArmImpedanceController[m[K : public controller_interface::ControllerInterface {
      |       [01;36m[K^~~~~~~~~~~~~~~~~~~~~~~~~~[m[K
[01m[K/openarm_ws/src/openarm_impedance_control/src/openarm_impedance_controller.cpp:[m[K In member function ‘[01m[Kvoid openarm_impedance_control::OpenArmImpedanceController::[01;32m[KonGoalAccepted[m[K(std::shared_ptr<rclcpp_action::ServerGoalHandle<control_msgs::action::FollowJointTrajectory> >)[m[K’:
[01m[K/openarm_ws/src/openarm_impedance_control/src/openarm_impedance_controller.cpp:382:36:[m[K [01;31m[Kerror: [m[K‘[01m[KFollowCartesianTrajectoryAction[m[K’ was not declared in this scope; did you mean ‘[01m[KFollowJointTrajectoryAction[m[K’?
  382 |     auto result = std::make_shared<[01;31m[KFollowCartesianTrajectoryAction[m[K::Result>();
      |                                    [01;31m[K^~~~~~~~~~~~~~~~~~~~~~~~~~~~~~~[m[K
      |                                    [32m[KFollowJointTrajectoryAction[m[K
[01m[K/openarm_ws/src/openarm_impedance_control/src/openarm_impedance_controller.cpp:382:24:[m[K [01;31m[Kerror: [m[Kparse error in template argument list
  382 |     auto result = std::[01;31m[Kmake_shared<FollowCartesianTrajectoryAction::Result>[m[K();
      |                        [01;31m[K^~~~~~~~~~~~~~~~~~~~~~~~~~~~~~~~~~~~~~~~~~~~~~~~~~~~[m[K
[01m[K/openarm_ws/src/openarm_impedance_control/src/openarm_impedance_controller.cpp:382:76:[m[K [01;31m[Kerror: [m[Kno matching function for call to ‘[01m[Kmake_shared<<expression error> >()[m[K’
  382 |     auto result = [01;31m[Kstd::make_shared<FollowCartesianTrajectoryAction::Result>()[m[K;
      |                   [01;31m[K~~~~~~~~~~~~~~~~~~~~~~~~~~~~~~~~~~~~~~~~~~~~~~~~~~~~~~~~~^~[m[K
[01m[K/usr/include/c++/13/bits/shared_ptr.h:1005:5:[m[K [01;36m[Knote: [m[Kcandidate: ‘[01m[Ktemplate<class _Tp, class ... _Args> std::shared_ptr<typename std::enable_if<(! std::is_array< <template-parameter-1-1> >::value), _Tp>::type> std::[01;32m[Kmake_shared[m[K(_Args&& ...)[m[K’
 1005 |     [01;36m[Kmake_shared[m[K(_Args&&... __args)
      |     [01;36m[K^~~~~~~~~~~[m[K
[01m[K/usr/include/c++/13/bits/shared_ptr.h:1005:5:[m[K [01;36m[Knote: [m[K  template argument deduction/substitution failed:
[01m[K/openarm_ws/src/openarm_impedance_control/src/openarm_impedance_controller.cpp:382:76:[m[K [01;31m[Kerror: [m[Ktemplate argument 1 is invalid
  382 |     auto result = [01;31m[Kstd::make_shared<FollowCartesianTrajectoryAction::Result>()[m[K;
      |                   [01;31m[K~~~~~~~~~~~~~~~~~~~~~~~~~~~~~~~~~~~~~~~~~~~~~~~~~~~~~~~~~^~[m[K
[01m[K/openarm_ws/src/openarm_impedance_control/src/openarm_impedance_controller.cpp:383:26:[m[K [01;31m[Kerror: [m[K‘[01m[KFollowCartesianTrajectoryAction[m[K’ is not a class, namespace, or enumeration
  383 |     result->error_code = [01;31m[KFollowCartesianTrajectoryAction[m[K::Result::INVALID_GOAL;
      |                          [01;31m[K^~~~~~~~~~~~~~~~~~~~~~~~~~~~~~~[m[K
[01m[K/openarm_ws/src/openarm_impedance_control/src/openarm_impedance_controller.cpp:390:32:[m[K [01;31m[Kerror: [m[K‘[01m[KCartesianTrajectory[m[K’ was not declared in this scope
  390 |   auto traj = std::make_shared<[01;31m[KCartesianTrajectory[m[K>(goal_handle->get_goal()->trajectory);
      |                                [01;31m[K^~~~~~~~~~~~~~~~~~~[m[K
[01m[K/openarm_ws/src/openarm_impedance_control/src/openarm_impedance_controller.cpp:390:52:[m[K [01;31m[Kerror: [m[Kno matching function for call to ‘[01m[Kmake_shared<<expression error> >(const control_msgs::action::FollowJointTrajectory_Goal_<std::allocator<void> >::_trajectory_type&)[m[K’
  390 |   auto traj = [01;31m[Kstd::make_shared<CartesianTrajectory>(goal_handle->get_goal()->trajectory)[m[K;
      |               [01;31m[K~~~~~~~~~~~~~~~~~~~~~~~~~~~~~~~~~~~~~^~~~~~~~~~~~~~~~~~~~~~~~~~~~~~~~~~~~~[m[K
[01m[K/usr/include/c++/13/bits/shared_ptr.h:1005:5:[m[K [01;36m[Knote: [m[Kcandidate: ‘[01m[Ktemplate<class _Tp, class ... _Args> std::shared_ptr<typename std::enable_if<(! std::is_array< <template-parameter-1-1> >::value), _Tp>::type> std::[01;32m[Kmake_shared[m[K(_Args&& ...)[m[K’
 1005 |     [01;36m[Kmake_shared[m[K(_Args&&... __args)
      |     [01;36m[K^~~~~~~~~~~[m[K
[01m[K/usr/include/c++/13/bits/shared_ptr.h:1005:5:[m[K [01;36m[Knote: [m[K  template argument deduction/substitution failed:
[01m[K/openarm_ws/src/openarm_impedance_control/src/openarm_impedance_controller.cpp:390:52:[m[K [01;31m[Kerror: [m[Ktemplate argument 1 is invalid
  390 |   auto traj = [01;31m[Kstd::make_shared<CartesianTrajectory>(goal_handle->get_goal()->trajectory)[m[K;
      |               [01;31m[K~~~~~~~~~~~~~~~~~~~~~~~~~~~~~~~~~~~~~^~~~~~~~~~~~~~~~~~~~~~~~~~~~~~~~~~~~~[m[K
[01m[K/openarm_ws/src/openarm_impedance_control/src/openarm_impedance_controller.cpp:391:3:[m[K [01;31m[Kerror: [m[K‘[01m[Kcartesian_control_msgs[m[K’ has not been declared
  391 |   [01;31m[Kcartesian_control_msgs[m[K::msg::CartesianTrajectoryPoint start_pt;
      |   [01;31m[K^~~~~~~~~~~~~~~~~~~~~~[m[K
[01m[K/openarm_ws/src/openarm_impedance_control/src/openarm_impedance_controller.cpp:393:3:[m[K [01;31m[Kerror: [m[K‘[01m[Kstart_pt[m[K’ was not declared in this scope
  393 |   [01;31m[Kstart_pt[m[K.pose.position.x    = x_ref_pos_.x();
      |   [01;31m[K^~~~~~~~[m[K
[01m[K/openarm_ws/src/openarm_impedance_control/src/openarm_impedance_controller.cpp:393:33:[m[K [01;31m[Kerror: [m[K‘[01m[Kx_ref_pos_[m[K’ was not declared in this scope
  393 |   start_pt.pose.position.x    = [01;31m[Kx_ref_pos_[m[K.x();
      |                                 [01;31m[K^~~~~~~~~~[m[K
[01m[K/openarm_ws/src/openarm_impedance_control/src/openarm_impedance_controller.cpp:396:33:[m[K [01;31m[Kerror: [m[K‘[01m[Kx_ref_quat_[m[K’ was not declared in this scope
  396 |   start_pt.pose.orientation.w = [01;31m[Kx_ref_quat_[m[K.w();
      |                                 [01;31m[K^~~~~~~~~~~[m[K
In file included from [01m[K/opt/ros/jazzy/include/class_loader/class_loader/class_loader.hpp:56[m[K,
                 from [01m[K/opt/ros/jazzy/include/pluginlib/pluginlib/class_list_macros.hpp:40[m[K,
                 from [01m[K/openarm_ws/src/openarm_impedance_control/src/openarm_impedance_controller.cpp:3[m[K:
[01m[K/openarm_ws/src/openarm_impedance_control/src/openarm_impedance_controller.cpp:[m[K At global scope:
[01m[K/openarm_ws/src/openarm_impedance_control/src/openarm_impedance_controller.cpp:426:3:[m[K [01;31m[Kerror: [m[K‘[01m[Kopenarm_impedance[m[K’ does not name a type; did you mean ‘[01m[Kopenarm_impedance_EXPORTS[m[K’?
  426 |   [01;31m[Kopenarm_impedance[m[K::OpenArmImpedanceController,
      |   [01;31m[K^~~~~~~~~~~~~~~~~[m[K
[01m[K/openarm_ws/src/openarm_impedance_control/src/openarm_impedance_controller.cpp:[m[K In constructor ‘[01m[K{anonymous}::ProxyExec0::[01;32m[KProxyExec0[m[K()[m[K’:
[01m[K/openarm_ws/src/openarm_impedance_control/src/openarm_impedance_controller.cpp:425:1:[m[K [01;31m[Kerror: [m[K‘[01m[K_derived[m[K’ was not declared in this scope
  425 | [01;31m[KPLUGINLIB_EXPORT_CLASS[m[K(
      | [01;31m[K^~~~~~~~~~~~~~~~~~~~~~[m[K
[01m[K/openarm_ws/src/openarm_impedance_control/src/openarm_impedance_controller.cpp:425:1:[m[K [01;31m[Kerror: [m[Kno matching function for call to ‘[01m[KregisterPlugin<<expression error>, {anonymous}::ProxyExec0::_base>(const char [46], const char [42])[m[K’
  425 | [01;31m[KPLUGINLIB_EXPORT_CLASS[m[K(
      | [01;31m[K^~~~~~~~~~~~~~~~~~~~~~[m[K
In file included from [01m[K/opt/ros/jazzy/include/class_loader/class_loader/class_loader.hpp:55[m[K:
[01m[K/opt/ros/jazzy/include/class_loader/class_loader/class_loader_core.hpp:241:1:[m[K [01;36m[Knote: [m[Kcandidate: ‘[01m[Ktemplate<class Derived, class Base> class_loader::impl::UniquePtr<class_loader::impl::AbstractMetaObjectBase> class_loader::impl::[01;32m[KregisterPlugin[m[K(const std::string&, const std::string&)[m[K’
  241 | [01;36m[KregisterPlugin[m[K(const std::string & class_name, const std::string & base_class_name)
      | [01;36m[K^~~~~~~~~~~~~~[m[K
[01m[K/opt/ros/jazzy/include/class_loader/class_loader/class_loader_core.hpp:241:1:[m[K [01;36m[Knote: [m[K  template argument deduction/substitution failed:
[01m[K/openarm_ws/src/openarm_impedance_control/src/openarm_impedance_controller.cpp:425:1:[m[K [01;31m[Kerror: [m[Ktemplate argument 1 is invalid
  425 | [01;31m[KPLUGINLIB_EXPORT_CLASS[m[K(
      | [01;31m[K^~~~~~~~~~~~~~~~~~~~~~[m[K
gmake[2]: *** [CMakeFiles/openarm_impedance.dir/build.make:90: CMakeFiles/openarm_impedance.dir/src/openarm_impedance_controller.cpp.o] Error 1
gmake[1]: *** [CMakeFiles/Makefile2:137: CMakeFiles/openarm_impedance.dir/all] Error 2
gmake: *** [Makefile:146: all] Error 2
