[0.017s] Invoking command in '/openarm_ws/src/build/openarm_impedance': AMENT_PREFIX_PATH=/openarm_ws/src/install/rosbag_recorder:/openarm_ws/src/install/openarm_hardware:${AMENT_PREFIX_PATH} CMAKE_PREFIX_PATH=/openarm_ws/src/install/openarm_hardware:/opt/ros/jazzy/opt/sdformat_vendor:/opt/ros/jazzy/opt/gz_math_vendor:/opt/ros/jazzy/opt/gz_utils_vendor:/opt/ros/jazzy/opt/gz_tools_vendor:/opt/ros/jazzy/opt/gz_cmake_vendor:/opt/ros/jazzy LD_LIBRARY_PATH=/openarm_ws/src/install/openarm_hardware/lib:${LD_LIBRARY_PATH} PYTHONPATH=/openarm_ws/src/install/rosbag_recorder/lib/python3.12/site-packages:${PYTHONPATH} /usr/bin/cmake --build /openarm_ws/src/build/openarm_impedance -- -j14 -l14
[0.164s] [ 33%] [32mBuilding CXX object CMakeFiles/openarm_impedance.dir/src/openarm_impedance_controller.cpp.o[0m
[7.547s] [01m[K/openarm_ws/src/openarm_impedance_control/src/openarm_impedance_controller.cpp:[m[K In member function ‘[01m[Kvirtual controller_interface::CallbackReturn openarm_impedance_control::OpenArmImpedanceController::[01;32m[Kon_init[m[K()[m[K’:
[7.547s] [01m[K/openarm_ws/src/openarm_impedance_control/src/openarm_impedance_controller.cpp:45:34:[m[K [01;31m[Kerror: [m[Kno matching function for call to ‘[01m[Kstd::optional<openarm_impedance_control::Impedance>::emplace(const std::string&, std::vector<std::__cxx11::basic_string<char>, std::allocator<std::__cxx11::basic_string<char> > >&, const std::string&, const std::vector<double, std::allocator<double> >&, const std::vector<double, std::allocator<double> >&, const std::vector<double, std::allocator<double> >&, const std::vector<double, std::allocator<double> >&)[m[K’
[7.547s]    45 |     [01;31m[Kimpedance_controller_.emplace([m[K
[7.548s]       |     [01;31m[K~~~~~~~~~~~~~~~~~~~~~~~~~~~~~^[m[K
[7.548s]    46 | [01;31m[K      urdf_string,[m[K
[7.548s]       |       [01;31m[K~~~~~~~~~~~~[m[K                
[7.549s]    47 | [01;31m[K      joint_names_,[m[K
[7.549s]       |       [01;31m[K~~~~~~~~~~~~~[m[K               
[7.549s]    48 | [01;31m[K      get_node()->get_parameter("ee_frame_name").as_string(),[m[K
[7.549s]       |       [01;31m[K~~~~~~~~~~~~~~~~~~~~~~~~~~~~~~~~~~~~~~~~~~~~~~~~~~~~~~~[m[K
[7.550s]    49 | [01;31m[K      cartesian_position_lower_limits,[m[K
[7.550s]       |       [01;31m[K~~~~~~~~~~~~~~~~~~~~~~~~~~~~~~~~[m[K
[7.550s]    50 | [01;31m[K      cartesian_position_upper_limits,[m[K
[7.550s]       |       [01;31m[K~~~~~~~~~~~~~~~~~~~~~~~~~~~~~~~~[m[K
[7.550s]    51 | [01;31m[K      cartesian_torque_limits,[m[K
[7.550s]       |       [01;31m[K~~~~~~~~~~~~~~~~~~~~~~~~[m[K    
[7.551s]    52 | [01;31m[K      joint_torque_limits)[m[K;
[7.551s]       |       [01;31m[K~~~~~~~~~~~~~~~~~~~~[m[K        
[7.551s] In file included from [01m[K/openarm_ws/src/openarm_impedance_control/include/openarm_impedance_control/openarm_impedance_controller.hpp:4[m[K,
[7.551s]                  from [01m[K/openarm_ws/src/openarm_impedance_control/src/openarm_impedance_controller.cpp:1[m[K:
[7.551s] [01m[K/usr/include/c++/13/optional:916:9:[m[K [01;36m[Knote: [m[Kcandidate: ‘[01m[Ktemplate<class ... _Args> std::enable_if_t<is_constructible_v<_Tp, _Args ...>, _Tp&> std::optional<_Tp>::[01;32m[Kemplace[m[K(_Args&& ...) [35m[K[with _Args = {_Args ...}; _Tp = openarm_impedance_control::Impedance][m[K[m[K’
[7.551s]   916 |         [01;36m[Kemplace[m[K(_Args&&... __args)
[7.551s]       |         [01;36m[K^~~~~~~[m[K
[7.552s] [01m[K/usr/include/c++/13/optional:916:9:[m[K [01;36m[Knote: [m[K  template argument deduction/substitution failed:
[7.552s] In file included from [01m[K/usr/include/c++/13/bits/stl_pair.h:60[m[K,
[7.552s]                  from [01m[K/usr/include/c++/13/tuple:38[m[K,
[7.552s]                  from [01m[K/usr/include/c++/13/mutex:40[m[K,
[7.552s]                  from [01m[K/openarm_ws/src/openarm_impedance_control/include/openarm_impedance_control/openarm_impedance_controller.hpp:3[m[K:
[7.552s] /usr/include/c++/13/type_traits: In substitution of ‘[01m[Ktemplate<bool _Cond, class _Tp> using std::enable_if_t = typename std::enable_if::type [35m[K[with bool _Cond = false; _Tp = openarm_impedance_control::Impedance&][m[K[m[K’:
[7.552s] [01m[K/usr/include/c++/13/optional:916:2:[m[K   required by substitution of ‘[01m[Ktemplate<class ... _Args> std::enable_if_t<is_constructible_v<openarm_impedance_control::Impedance, _Args ...>, openarm_impedance_control::Impedance&> std::optional<openarm_impedance_control::Impedance>::[01;32m[Kemplace[m[K(_Args&& ...) [35m[K[with _Args = {const std::__cxx11::basic_string<char, std::char_traits<char>, std::allocator<char> >&, std::vector<std::__cxx11::basic_string<char, std::char_traits<char>, std::allocator<char> >, std::allocator<std::__cxx11::basic_string<char, std::char_traits<char>, std::allocator<char> > > >&, const std::__cxx11::basic_string<char, std::char_traits<char>, std::allocator<char> >&, const std::vector<double, std::allocator<double> >&, const std::vector<double, std::allocator<double> >&, const std::vector<double, std::allocator<double> >&, const std::vector<double, std::allocator<double> >&}][m[K[m[K’
[7.553s] [01m[K/openarm_ws/src/openarm_impedance_control/src/openarm_impedance_controller.cpp:45:34:[m[K   required from here
[7.553s] [01m[K/usr/include/c++/13/type_traits:2610:11:[m[K [01;31m[Kerror: [m[Kno type named ‘[01m[Ktype[m[K’ in ‘[01m[Kstruct std::enable_if<false, openarm_impedance_control::Impedance&>[m[K’
[7.553s]  2610 |     using [01;31m[Kenable_if_t[m[K = typename enable_if<_Cond, _Tp>::type;
[7.553s]       |           [01;31m[K^~~~~~~~~~~[m[K
[7.553s] [01m[K/usr/include/c++/13/optional:928:9:[m[K [01;36m[Knote: [m[Kcandidate: ‘[01m[Ktemplate<class _Up, class ... _Args> std::enable_if_t<is_constructible_v<_Tp, std::initializer_list<_Up>&, _Args ...>, _Tp&> std::optional<_Tp>::[01;32m[Kemplace[m[K(std::initializer_list<_Up>, _Args&& ...) [35m[K[with _Args = _Up; _Tp = openarm_impedance_control::Impedance][m[K[m[K’
[7.553s]   928 |         [01;36m[Kemplace[m[K(initializer_list<_Up> __il, _Args&&... __args)
[7.553s]       |         [01;36m[K^~~~~~~[m[K
[7.553s] [01m[K/usr/include/c++/13/optional:928:9:[m[K [01;36m[Knote: [m[K  template argument deduction/substitution failed:
[7.554s] [01m[K/openarm_ws/src/openarm_impedance_control/src/openarm_impedance_controller.cpp:45:34:[m[K [01;36m[Knote: [m[K  ‘[01m[Kstd::__cxx11::basic_string<char>[m[K’ is not derived from ‘[01m[Kstd::initializer_list<_Tp>[m[K’
[7.554s]    45 |     [01;36m[Kimpedance_controller_.emplace([m[K
[7.554s]       |     [01;36m[K~~~~~~~~~~~~~~~~~~~~~~~~~~~~~^[m[K
[7.554s]    46 | [01;36m[K      urdf_string,[m[K
[7.554s]       |       [01;36m[K~~~~~~~~~~~~[m[K                
[7.554s]    47 | [01;36m[K      joint_names_,[m[K
[7.554s]       |       [01;36m[K~~~~~~~~~~~~~[m[K               
[7.554s]    48 | [01;36m[K      get_node()->get_parameter("ee_frame_name").as_string(),[m[K
[7.555s]       |       [01;36m[K~~~~~~~~~~~~~~~~~~~~~~~~~~~~~~~~~~~~~~~~~~~~~~~~~~~~~~~[m[K
[7.555s]    49 | [01;36m[K      cartesian_position_lower_limits,[m[K
[7.557s]       |       [01;36m[K~~~~~~~~~~~~~~~~~~~~~~~~~~~~~~~~[m[K
[7.557s]    50 | [01;36m[K      cartesian_position_upper_limits,[m[K
[7.557s]       |       [01;36m[K~~~~~~~~~~~~~~~~~~~~~~~~~~~~~~~~[m[K
[7.558s]    51 | [01;36m[K      cartesian_torque_limits,[m[K
[7.558s]       |       [01;36m[K~~~~~~~~~~~~~~~~~~~~~~~~[m[K    
[7.558s]    52 | [01;36m[K      joint_torque_limits)[m[K;
[7.558s]       |       [01;36m[K~~~~~~~~~~~~~~~~~~~~[m[K        
[7.590s] [01m[K/openarm_ws/src/openarm_impedance_control/src/openarm_impedance_controller.cpp:72:49:[m[K [01;31m[Kerror: [m[K‘[01m[KFollowCartesianTrajectoryAction[m[K’ was not declared in this scope; did you mean ‘[01m[KFollowJointTrajectoryAction[m[K’?
[7.591s]    72 |   action_server_ = rclcpp_action::create_server<[01;31m[KFollowCartesianTrajectoryAction[m[K>(
[7.591s]       |                                                 [01;31m[K^~~~~~~~~~~~~~~~~~~~~~~~~~~~~~~[m[K
[7.591s]       |                                                 [32m[KFollowJointTrajectoryAction[m[K
[7.600s] [01m[K/openarm_ws/src/openarm_impedance_control/src/openarm_impedance_controller.cpp:72:81:[m[K [01;31m[Kerror: [m[Kno matching function for call to ‘[01m[Kcreate_server<<expression error> >(std::shared_ptr<rclcpp_lifecycle::LifecycleNode>, const char [28], std::_Bind_helper<false, rclcpp_action::GoalResponse (openarm_impedance_control::OpenArmImpedanceController::*)(const std::array<unsigned char, 16>&, std::shared_ptr<const control_msgs::action::FollowJointTrajectory_Goal_<std::allocator<void> > >), openarm_impedance_control::OpenArmImpedanceController*, const std::_Placeholder<1>&, const std::_Placeholder<2>&>::type, std::_Bind_helper<false, rclcpp_action::CancelResponse (openarm_impedance_control::OpenArmImpedanceController::*)(std::shared_ptr<rclcpp_action::ServerGoalHandle<control_msgs::action::FollowJointTrajectory> >), openarm_impedance_control::OpenArmImpedanceController*, const std::_Placeholder<1>&>::type, std::_Bind_helper<false, void (openarm_impedance_control::OpenArmImpedanceController::*)(std::shared_ptr<rclcpp_action::ServerGoalHandle<control_msgs::action::FollowJointTrajectory> >), openarm_impedance_control::OpenArmImpedanceController*, const std::_Placeholder<1>&>::type)[m[K’
[7.600s]    72 |   action_server_ = [01;31m[Krclcpp_action::create_server<FollowCartesianTrajectoryAction>([m[K
[7.600s]       |                    [01;31m[K~~~~~~~~~~~~~~~~~~~~~~~~~~~~~~~~~~~~~~~~~~~~~~~~~~~~~~~~~~~~~^[m[K
[7.600s]    73 | [01;31m[K      get_node(),[m[K
[7.600s]       |       [01;31m[K~~~~~~~~~~~[m[K                                                                
[7.600s]    74 | [01;31m[K      "follow_cartesian_trajectory",[m[K
[7.600s]       |       [01;31m[K~~~~~~~~~~~~~~~~~~~~~~~~~~~~~~[m[K                                             
[7.601s]    75 | [01;31m[K      std::bind(&OpenArmImpedanceController::onGoalRequest,[m[K
[7.601s]       |       [01;31m[K~~~~~~~~~~~~~~~~~~~~~~~~~~~~~~~~~~~~~~~~~~~~~~~~~~~~~[m[K                      
[7.601s]    76 | [01;31m[K                this, std::placeholders::_1, std::placeholders::_2),[m[K
[7.601s]       |                 [01;31m[K~~~~~~~~~~~~~~~~~~~~~~~~~~~~~~~~~~~~~~~~~~~~~~~~~~~~[m[K             
[7.601s]    77 | [01;31m[K      std::bind(&OpenArmImpedanceController::onCancelRequest,[m[K
[7.601s]       |       [01;31m[K~~~~~~~~~~~~~~~~~~~~~~~~~~~~~~~~~~~~~~~~~~~~~~~~~~~~~~~[m[K                    
[7.601s]    78 | [01;31m[K                this, std::placeholders::_1),[m[K
[7.601s]       |                 [01;31m[K~~~~~~~~~~~~~~~~~~~~~~~~~~~~~[m[K                                    
[7.602s]    79 | [01;31m[K      std::bind(&OpenArmImpedanceController::onGoalAccepted,[m[K
[7.602s]       |       [01;31m[K~~~~~~~~~~~~~~~~~~~~~~~~~~~~~~~~~~~~~~~~~~~~~~~~~~~~~~[m[K                     
[7.602s]    80 | [01;31m[K                this, std::placeholders::_1))[m[K;
[7.602s]       |                 [01;31m[K~~~~~~~~~~~~~~~~~~~~~~~~~~~~~[m[K                                    
[7.602s] In file included from [01m[K/opt/ros/jazzy/include/rclcpp_action/rclcpp_action/rclcpp_action.hpp:39[m[K,
[7.602s]                  from [01m[K/openarm_ws/src/openarm_impedance_control/include/openarm_impedance_control/openarm_impedance_controller.hpp:9[m[K:
[7.602s] [01m[K/opt/ros/jazzy/include/rclcpp_action/rclcpp_action/create_server.hpp:58:1:[m[K [01;36m[Knote: [m[Kcandidate: ‘[01m[Ktemplate<class ActionT> typename rclcpp_action::Server<ActionT>::SharedPtr rclcpp_action::[01;32m[Kcreate_server[m[K(rclcpp::node_interfaces::NodeBaseInterface::SharedPtr, rclcpp::node_interfaces::NodeClockInterface::SharedPtr, rclcpp::node_interfaces::NodeLoggingInterface::SharedPtr, rclcpp::node_interfaces::NodeWaitablesInterface::SharedPtr, const std::string&, typename Server<ActionT>::GoalCallback, typename Server<ActionT>::CancelCallback, typename Server<ActionT>::AcceptedCallback, const rcl_action_server_options_t&, rclcpp::CallbackGroup::SharedPtr)[m[K’
[7.603s]    58 | [01;36m[Kcreate_server[m[K(
[7.603s]       | [01;36m[K^~~~~~~~~~~~~[m[K
[7.603s] [01m[K/opt/ros/jazzy/include/rclcpp_action/rclcpp_action/create_server.hpp:58:1:[m[K [01;36m[Knote: [m[K  candidate expects 8 arguments, 5 provided
[7.604s] [01m[K/opt/ros/jazzy/include/rclcpp_action/rclcpp_action/create_server.hpp:132:1:[m[K [01;36m[Knote: [m[Kcandidate: ‘[01m[Ktemplate<class ActionT, class NodeT> typename rclcpp_action::Server<ActionT>::SharedPtr rclcpp_action::[01;32m[Kcreate_server[m[K(NodeT, const std::string&, typename Server<ActionT>::GoalCallback, typename Server<ActionT>::CancelCallback, typename Server<ActionT>::AcceptedCallback, const rcl_action_server_options_t&, rclcpp::CallbackGroup::SharedPtr)[m[K’
[7.605s]   132 | [01;36m[Kcreate_server[m[K(
[7.605s]       | [01;36m[K^~~~~~~~~~~~~[m[K
[7.605s] [01m[K/opt/ros/jazzy/include/rclcpp_action/rclcpp_action/create_server.hpp:132:1:[m[K [01;36m[Knote: [m[K  template argument deduction/substitution failed:
[7.605s] [01m[K/openarm_ws/src/openarm_impedance_control/src/openarm_impedance_controller.cpp:72:81:[m[K [01;31m[Kerror: [m[Ktemplate argument 1 is invalid
[7.606s]    72 |   action_server_ = [01;31m[Krclcpp_action::create_server<FollowCartesianTrajectoryAction>([m[K
[7.606s]       |                    [01;31m[K~~~~~~~~~~~~~~~~~~~~~~~~~~~~~~~~~~~~~~~~~~~~~~~~~~~~~~~~~~~~~^[m[K
[7.606s]    73 | [01;31m[K      get_node(),[m[K
[7.606s]       |       [01;31m[K~~~~~~~~~~~[m[K                                                                
[7.607s]    74 | [01;31m[K      "follow_cartesian_trajectory",[m[K
[7.607s]       |       [01;31m[K~~~~~~~~~~~~~~~~~~~~~~~~~~~~~~[m[K                                             
[7.607s]    75 | [01;31m[K      std::bind(&OpenArmImpedanceController::onGoalRequest,[m[K
[7.607s]       |       [01;31m[K~~~~~~~~~~~~~~~~~~~~~~~~~~~~~~~~~~~~~~~~~~~~~~~~~~~~~[m[K                      
[7.608s]    76 | [01;31m[K                this, std::placeholders::_1, std::placeholders::_2),[m[K
[7.608s]       |                 [01;31m[K~~~~~~~~~~~~~~~~~~~~~~~~~~~~~~~~~~~~~~~~~~~~~~~~~~~~[m[K             
[7.608s]    77 | [01;31m[K      std::bind(&OpenArmImpedanceController::onCancelRequest,[m[K
[7.608s]       |       [01;31m[K~~~~~~~~~~~~~~~~~~~~~~~~~~~~~~~~~~~~~~~~~~~~~~~~~~~~~~~[m[K                    
[7.609s]    78 | [01;31m[K                this, std::placeholders::_1),[m[K
[7.609s]       |                 [01;31m[K~~~~~~~~~~~~~~~~~~~~~~~~~~~~~[m[K                                    
[7.609s]    79 | [01;31m[K      std::bind(&OpenArmImpedanceController::onGoalAccepted,[m[K
[7.609s]       |       [01;31m[K~~~~~~~~~~~~~~~~~~~~~~~~~~~~~~~~~~~~~~~~~~~~~~~~~~~~~~[m[K                     
[7.610s]    80 | [01;31m[K                this, std::placeholders::_1))[m[K;
[7.610s]       |                 [01;31m[K~~~~~~~~~~~~~~~~~~~~~~~~~~~~~[m[K                                    
[7.634s] [01m[K/openarm_ws/src/openarm_impedance_control/src/openarm_impedance_controller.cpp:[m[K In member function ‘[01m[Kvirtual controller_interface::CallbackReturn openarm_impedance_control::OpenArmImpedanceController::[01;32m[Kon_activate[m[K(const rclcpp_lifecycle::State&)[m[K’:
[7.635s] [01m[K/openarm_ws/src/openarm_impedance_control/src/openarm_impedance_controller.cpp:94:36:[m[K [01;31m[Kerror: [m[K‘[01m[KFollowCartesianTrajectoryAction[m[K’ was not declared in this scope; did you mean ‘[01m[KFollowJointTrajectoryAction[m[K’?
[7.635s]    94 |   feedback_msg_ = std::make_shared<[01;31m[KFollowCartesianTrajectoryAction[m[K::Feedback>();
[7.636s]       |                                    [01;31m[K^~~~~~~~~~~~~~~~~~~~~~~~~~~~~~~[m[K
[7.636s]       |                                    [32m[KFollowJointTrajectoryAction[m[K
[7.636s] [01m[K/openarm_ws/src/openarm_impedance_control/src/openarm_impedance_controller.cpp:94:24:[m[K [01;31m[Kerror: [m[Kparse error in template argument list
[7.636s]    94 |   feedback_msg_ = std::[01;31m[Kmake_shared<FollowCartesianTrajectoryAction::Feedback>[m[K();
[7.636s]       |                        [01;31m[K^~~~~~~~~~~~~~~~~~~~~~~~~~~~~~~~~~~~~~~~~~~~~~~~~~~~~~[m[K
[7.636s] [01m[K/openarm_ws/src/openarm_impedance_control/src/openarm_impedance_controller.cpp:94:78:[m[K [01;31m[Kerror: [m[Kno matching function for call to ‘[01m[Kmake_shared<<expression error> >()[m[K’
[7.637s]    94 |   feedback_msg_ = [01;31m[Kstd::make_shared<FollowCartesianTrajectoryAction::Feedback>()[m[K;
[7.637s]       |                   [01;31m[K~~~~~~~~~~~~~~~~~~~~~~~~~~~~~~~~~~~~~~~~~~~~~~~~~~~~~~~~~~~^~[m[K
[7.637s] In file included from [01m[K/usr/include/c++/13/memory:80[m[K,
[7.637s]                  from [01m[K/opt/ros/jazzy/include/rclcpp/rclcpp/rclcpp.hpp:169[m[K,
[7.637s]                  from [01m[K/openarm_ws/src/openarm_impedance_control/include/openarm_impedance_control/openarm_impedance_controller.hpp:7[m[K:
[7.637s] [01m[K/usr/include/c++/13/bits/shared_ptr.h:1005:5:[m[K [01;36m[Knote: [m[Kcandidate: ‘[01m[Ktemplate<class _Tp, class ... _Args> std::shared_ptr<typename std::enable_if<(! std::is_array< <template-parameter-1-1> >::value), _Tp>::type> std::[01;32m[Kmake_shared[m[K(_Args&& ...)[m[K’
[7.637s]  1005 |     [01;36m[Kmake_shared[m[K(_Args&&... __args)
[7.637s]       |     [01;36m[K^~~~~~~~~~~[m[K
[7.638s] [01m[K/usr/include/c++/13/bits/shared_ptr.h:1005:5:[m[K [01;36m[Knote: [m[K  template argument deduction/substitution failed:
[7.638s] [01m[K/openarm_ws/src/openarm_impedance_control/src/openarm_impedance_controller.cpp:94:78:[m[K [01;31m[Kerror: [m[Ktemplate argument 1 is invalid
[7.638s]    94 |   feedback_msg_ = [01;31m[Kstd::make_shared<FollowCartesianTrajectoryAction::Feedback>()[m[K;
[7.638s]       |                   [01;31m[K~~~~~~~~~~~~~~~~~~~~~~~~~~~~~~~~~~~~~~~~~~~~~~~~~~~~~~~~~~~^~[m[K
[7.638s] [01m[K/openarm_ws/src/openarm_impedance_control/src/openarm_impedance_controller.cpp:107:26:[m[K [01;31m[Kerror: [m[K‘[01m[Kclass openarm_impedance_control::Impedance[m[K’ has no member named ‘[01m[KinitFK[m[K’
[7.638s]   107 |   impedance_controller_->[01;31m[KinitFK[m[K(q);
[7.638s]       |                          [01;31m[K^~~~~~[m[K
[7.653s] [01m[K/openarm_ws/src/openarm_impedance_control/src/openarm_impedance_controller.cpp:108:3:[m[K [01;31m[Kerror: [m[K‘[01m[Kx_ref_pos_[m[K’ was not declared in this scope
[7.653s]   108 |   [01;31m[Kx_ref_pos_[m[K  = impedance_controller_->getPose();
[7.653s]       |   [01;31m[K^~~~~~~~~~[m[K
[7.654s] [01m[K/openarm_ws/src/openarm_impedance_control/src/openarm_impedance_controller.cpp:108:40:[m[K [01;31m[Kerror: [m[K‘[01m[Kclass openarm_impedance_control::Impedance[m[K’ has no member named ‘[01m[KgetPose[m[K’
[7.654s]   108 |   x_ref_pos_  = impedance_controller_->[01;31m[KgetPose[m[K();
[7.654s]       |                                        [01;31m[K^~~~~~~[m[K
[7.670s] [01m[K/openarm_ws/src/openarm_impedance_control/src/openarm_impedance_controller.cpp:109:3:[m[K [01;31m[Kerror: [m[K‘[01m[Kx_ref_quat_[m[K’ was not declared in this scope
[7.671s]   109 |   [01;31m[Kx_ref_quat_[m[K = impedance_controller_->getOrientation();
[7.671s]       |   [01;31m[K^~~~~~~~~~~[m[K
[7.671s] [01m[K/openarm_ws/src/openarm_impedance_control/src/openarm_impedance_controller.cpp:109:40:[m[K [01;31m[Kerror: [m[K‘[01m[Kclass openarm_impedance_control::Impedance[m[K’ has no member named ‘[01m[KgetOrientation[m[K’
[7.671s]   109 |   x_ref_quat_ = impedance_controller_->[01;31m[KgetOrientation[m[K();
[7.672s]       |                                        [01;31m[K^~~~~~~~~~~~~~[m[K
[7.690s] [01m[K/openarm_ws/src/openarm_impedance_control/src/openarm_impedance_controller.cpp:110:3:[m[K [01;31m[Kerror: [m[K‘[01m[Kx_ref_linvel_[m[K’ was not declared in this scope
[7.691s]   110 |   [01;31m[Kx_ref_linvel_[m[K.setZero();
[7.691s]       |   [01;31m[K^~~~~~~~~~~~~[m[K
[7.711s] [01m[K/openarm_ws/src/openarm_impedance_control/src/openarm_impedance_controller.cpp:111:3:[m[K [01;31m[Kerror: [m[K‘[01m[Kx_ref_angvel_[m[K’ was not declared in this scope
[7.712s]   111 |   [01;31m[Kx_ref_angvel_[m[K.setZero();
[7.712s]       |   [01;31m[K^~~~~~~~~~~~~[m[K
[7.746s] [01m[K/openarm_ws/src/openarm_impedance_control/src/openarm_impedance_controller.cpp:[m[K In member function ‘[01m[Kvirtual controller_interface::CallbackReturn openarm_impedance_control::OpenArmImpedanceController::[01;32m[Kon_deactivate[m[K(const rclcpp_lifecycle::State&)[m[K’:
[7.746s] [01m[K/openarm_ws/src/openarm_impedance_control/src/openarm_impedance_controller.cpp:124:38:[m[K [01;31m[Kerror: [m[K‘[01m[KFollowCartesianTrajectoryAction[m[K’ was not declared in this scope; did you mean ‘[01m[KFollowJointTrajectoryAction[m[K’?
[7.746s]   124 |       auto result = std::make_shared<[01;31m[KFollowCartesianTrajectoryAction[m[K::Result>();
[7.747s]       |                                      [01;31m[K^~~~~~~~~~~~~~~~~~~~~~~~~~~~~~~[m[K
[7.747s]       |                                      [32m[KFollowJointTrajectoryAction[m[K
[7.747s] [01m[K/openarm_ws/src/openarm_impedance_control/src/openarm_impedance_controller.cpp:124:26:[m[K [01;31m[Kerror: [m[Kparse error in template argument list
[7.747s]   124 |       auto result = std::[01;31m[Kmake_shared<FollowCartesianTrajectoryAction::Result>[m[K();
[7.747s]       |                          [01;31m[K^~~~~~~~~~~~~~~~~~~~~~~~~~~~~~~~~~~~~~~~~~~~~~~~~~~~[m[K
[7.747s] [01m[K/openarm_ws/src/openarm_impedance_control/src/openarm_impedance_controller.cpp:124:78:[m[K [01;31m[Kerror: [m[Kno matching function for call to ‘[01m[Kmake_shared<<expression error> >()[m[K’
[7.747s]   124 |       auto result = [01;31m[Kstd::make_shared<FollowCartesianTrajectoryAction::Result>()[m[K;
[7.748s]       |                     [01;31m[K~~~~~~~~~~~~~~~~~~~~~~~~~~~~~~~~~~~~~~~~~~~~~~~~~~~~~~~~~^~[m[K
[7.748s] [01m[K/usr/include/c++/13/bits/shared_ptr.h:1005:5:[m[K [01;36m[Knote: [m[Kcandidate: ‘[01m[Ktemplate<class _Tp, class ... _Args> std::shared_ptr<typename std::enable_if<(! std::is_array< <template-parameter-1-1> >::value), _Tp>::type> std::[01;32m[Kmake_shared[m[K(_Args&& ...)[m[K’
[7.748s]  1005 |     [01;36m[Kmake_shared[m[K(_Args&&... __args)
[7.748s]       |     [01;36m[K^~~~~~~~~~~[m[K
[7.748s] [01m[K/usr/include/c++/13/bits/shared_ptr.h:1005:5:[m[K [01;36m[Knote: [m[K  template argument deduction/substitution failed:
[7.748s] [01m[K/openarm_ws/src/openarm_impedance_control/src/openarm_impedance_controller.cpp:124:78:[m[K [01;31m[Kerror: [m[Ktemplate argument 1 is invalid
[7.748s]   124 |       auto result = [01;31m[Kstd::make_shared<FollowCartesianTrajectoryAction::Result>()[m[K;
[7.748s]       |                     [01;31m[K~~~~~~~~~~~~~~~~~~~~~~~~~~~~~~~~~~~~~~~~~~~~~~~~~~~~~~~~~^~[m[K
[7.783s] [01m[K/openarm_ws/src/openarm_impedance_control/src/openarm_impedance_controller.cpp:[m[K In member function ‘[01m[Kvirtual controller_interface::CallbackReturn openarm_impedance_control::OpenArmImpedanceController::[01;32m[Kon_configure[m[K(const rclcpp_lifecycle::State&)[m[K’:
[7.783s] [01m[K/openarm_ws/src/openarm_impedance_control/src/openarm_impedance_controller.cpp:143:49:[m[K [01;31m[Kerror: [m[K‘[01m[KFollowCartesianTrajectoryAction[m[K’ was not declared in this scope; did you mean ‘[01m[KFollowJointTrajectoryAction[m[K’?
[7.783s]   143 |   action_server_ = rclcpp_action::create_server<[01;31m[KFollowCartesianTrajectoryAction[m[K>(
[7.784s]       |                                                 [01;31m[K^~~~~~~~~~~~~~~~~~~~~~~~~~~~~~~[m[K
[7.784s]       |                                                 [32m[KFollowJointTrajectoryAction[m[K
[7.784s] [01m[K/openarm_ws/src/openarm_impedance_control/src/openarm_impedance_controller.cpp:146:18:[m[K [01;31m[Kerror: [m[K‘[01m[KOpenArmCartesianController[m[K’ has not been declared
[7.784s]   146 |       std::bind(&[01;31m[KOpenArmCartesianController[m[K::onGoalRequest,
[7.784s]       |                  [01;31m[K^~~~~~~~~~~~~~~~~~~~~~~~~~[m[K
[7.784s] [01m[K/openarm_ws/src/openarm_impedance_control/src/openarm_impedance_controller.cpp:148:18:[m[K [01;31m[Kerror: [m[K‘[01m[KOpenArmCartesianController[m[K’ has not been declared
[7.784s]   148 |       std::bind(&[01;31m[KOpenArmCartesianController[m[K::onCancelRequest,
[7.785s]       |                  [01;31m[K^~~~~~~~~~~~~~~~~~~~~~~~~~[m[K
[7.785s] [01m[K/openarm_ws/src/openarm_impedance_control/src/openarm_impedance_controller.cpp:150:18:[m[K [01;31m[Kerror: [m[K‘[01m[KOpenArmCartesianController[m[K’ has not been declared
[7.785s]   150 |       std::bind(&[01;31m[KOpenArmCartesianController[m[K::onGoalAccepted,
[7.785s]       |                  [01;31m[K^~~~~~~~~~~~~~~~~~~~~~~~~~[m[K
[7.804s] [01m[K/openarm_ws/src/openarm_impedance_control/src/openarm_impedance_controller.cpp:[m[K In member function ‘[01m[Kvirtual controller_interface::return_type openarm_impedance_control::OpenArmImpedanceController::[01;32m[Kupdate[m[K(const rclcpp::Time&, const rclcpp::Duration&)[m[K’:
[7.804s] [01m[K/openarm_ws/src/openarm_impedance_control/src/openarm_impedance_controller.cpp:200:14:[m[K [01;31m[Kerror: [m[K‘[01m[Kx_ref_pos_[m[K’ was not declared in this scope
[7.805s]   200 |       q, dq, [01;31m[Kx_ref_pos_[m[K, x_ref_quat_, x_ref_linvel_, x_ref_angvel_);
[7.805s]       |              [01;31m[K^~~~~~~~~~[m[K
[7.821s] [01m[K/openarm_ws/src/openarm_impedance_control/src/openarm_impedance_controller.cpp:200:26:[m[K [01;31m[Kerror: [m[K‘[01m[Kx_ref_quat_[m[K’ was not declared in this scope
[7.821s]   200 |       q, dq, x_ref_pos_, [01;31m[Kx_ref_quat_[m[K, x_ref_linvel_, x_ref_angvel_);
[7.821s]       |                          [01;31m[K^~~~~~~~~~~[m[K
[7.841s] [01m[K/openarm_ws/src/openarm_impedance_control/src/openarm_impedance_controller.cpp:200:39:[m[K [01;31m[Kerror: [m[K‘[01m[Kx_ref_linvel_[m[K’ was not declared in this scope
[7.841s]   200 |       q, dq, x_ref_pos_, x_ref_quat_, [01;31m[Kx_ref_linvel_[m[K, x_ref_angvel_);
[7.841s]       |                                       [01;31m[K^~~~~~~~~~~~~[m[K
[7.862s] [01m[K/openarm_ws/src/openarm_impedance_control/src/openarm_impedance_controller.cpp:200:54:[m[K [01;31m[Kerror: [m[K‘[01m[Kx_ref_angvel_[m[K’ was not declared in this scope
[7.862s]   200 |       q, dq, x_ref_pos_, x_ref_quat_, x_ref_linvel_, [01;31m[Kx_ref_angvel_[m[K);
[7.862s]       |                                                      [01;31m[K^~~~~~~~~~~~~[m[K
[7.895s] [01m[K/openarm_ws/src/openarm_impedance_control/src/openarm_impedance_controller.cpp:217:36:[m[K [01;31m[Kerror: [m[K‘[01m[KFollowCartesianTrajectoryAction[m[K’ was not declared in this scope; did you mean ‘[01m[KFollowJointTrajectoryAction[m[K’?
[7.896s]   217 |     auto result = std::make_shared<[01;31m[KFollowCartesianTrajectoryAction[m[K::Result>();
[7.896s]       |                                    [01;31m[K^~~~~~~~~~~~~~~~~~~~~~~~~~~~~~~[m[K
[7.896s]       |                                    [32m[KFollowJointTrajectoryAction[m[K
[7.896s] [01m[K/openarm_ws/src/openarm_impedance_control/src/openarm_impedance_controller.cpp:217:24:[m[K [01;31m[Kerror: [m[Kparse error in template argument list
[7.896s]   217 |     auto result = std::[01;31m[Kmake_shared<FollowCartesianTrajectoryAction::Result>[m[K();
[7.896s]       |                        [01;31m[K^~~~~~~~~~~~~~~~~~~~~~~~~~~~~~~~~~~~~~~~~~~~~~~~~~~~[m[K
[7.897s] [01m[K/openarm_ws/src/openarm_impedance_control/src/openarm_impedance_controller.cpp:217:76:[m[K [01;31m[Kerror: [m[Kno matching function for call to ‘[01m[Kmake_shared<<expression error> >()[m[K’
[7.897s]   217 |     auto result = [01;31m[Kstd::make_shared<FollowCartesianTrajectoryAction::Result>()[m[K;
[7.897s]       |                   [01;31m[K~~~~~~~~~~~~~~~~~~~~~~~~~~~~~~~~~~~~~~~~~~~~~~~~~~~~~~~~~^~[m[K
[7.897s] [01m[K/usr/include/c++/13/bits/shared_ptr.h:1005:5:[m[K [01;36m[Knote: [m[Kcandidate: ‘[01m[Ktemplate<class _Tp, class ... _Args> std::shared_ptr<typename std::enable_if<(! std::is_array< <template-parameter-1-1> >::value), _Tp>::type> std::[01;32m[Kmake_shared[m[K(_Args&& ...)[m[K’
[7.897s]  1005 |     [01;36m[Kmake_shared[m[K(_Args&&... __args)
[7.897s]       |     [01;36m[K^~~~~~~~~~~[m[K
[7.897s] [01m[K/usr/include/c++/13/bits/shared_ptr.h:1005:5:[m[K [01;36m[Knote: [m[K  template argument deduction/substitution failed:
[7.897s] [01m[K/openarm_ws/src/openarm_impedance_control/src/openarm_impedance_controller.cpp:217:76:[m[K [01;31m[Kerror: [m[Ktemplate argument 1 is invalid
[7.898s]   217 |     auto result = [01;31m[Kstd::make_shared<FollowCartesianTrajectoryAction::Result>()[m[K;
[7.898s]       |                   [01;31m[K~~~~~~~~~~~~~~~~~~~~~~~~~~~~~~~~~~~~~~~~~~~~~~~~~~~~~~~~~^~[m[K
[7.898s] [01m[K/openarm_ws/src/openarm_impedance_control/src/openarm_impedance_controller.cpp:218:26:[m[K [01;31m[Kerror: [m[K‘[01m[KFollowCartesianTrajectoryAction[m[K’ is not a class, namespace, or enumeration
[7.898s]   218 |     result->error_code = [01;31m[KFollowCartesianTrajectoryAction[m[K::Result::SUCCESSFUL;
[7.898s]       |                          [01;31m[K^~~~~~~~~~~~~~~~~~~~~~~~~~~~~~~[m[K
[7.927s] [01m[K/openarm_ws/src/openarm_impedance_control/src/openarm_impedance_controller.cpp:234:36:[m[K [01;31m[Kerror: [m[K‘[01m[KFollowCartesianTrajectoryAction[m[K’ was not declared in this scope; did you mean ‘[01m[KFollowJointTrajectoryAction[m[K’?
[7.928s]   234 |     auto result = std::make_shared<[01;31m[KFollowCartesianTrajectoryAction[m[K::Result>();
[7.928s]       |                                    [01;31m[K^~~~~~~~~~~~~~~~~~~~~~~~~~~~~~~[m[K
[7.928s]       |                                    [32m[KFollowJointTrajectoryAction[m[K
[7.928s] [01m[K/openarm_ws/src/openarm_impedance_control/src/openarm_impedance_controller.cpp:234:24:[m[K [01;31m[Kerror: [m[Kparse error in template argument list
[7.928s]   234 |     auto result = std::[01;31m[Kmake_shared<FollowCartesianTrajectoryAction::Result>[m[K();
[7.928s]       |                        [01;31m[K^~~~~~~~~~~~~~~~~~~~~~~~~~~~~~~~~~~~~~~~~~~~~~~~~~~~[m[K
[7.928s] [01m[K/openarm_ws/src/openarm_impedance_control/src/openarm_impedance_controller.cpp:234:76:[m[K [01;31m[Kerror: [m[Kno matching function for call to ‘[01m[Kmake_shared<<expression error> >()[m[K’
[7.929s]   234 |     auto result = [01;31m[Kstd::make_shared<FollowCartesianTrajectoryAction::Result>()[m[K;
[7.929s]       |                   [01;31m[K~~~~~~~~~~~~~~~~~~~~~~~~~~~~~~~~~~~~~~~~~~~~~~~~~~~~~~~~~^~[m[K
[7.929s] [01m[K/usr/include/c++/13/bits/shared_ptr.h:1005:5:[m[K [01;36m[Knote: [m[Kcandidate: ‘[01m[Ktemplate<class _Tp, class ... _Args> std::shared_ptr<typename std::enable_if<(! std::is_array< <template-parameter-1-1> >::value), _Tp>::type> std::[01;32m[Kmake_shared[m[K(_Args&& ...)[m[K’
[7.929s]  1005 |     [01;36m[Kmake_shared[m[K(_Args&&... __args)
[7.929s]       |     [01;36m[K^~~~~~~~~~~[m[K
[7.929s] [01m[K/usr/include/c++/13/bits/shared_ptr.h:1005:5:[m[K [01;36m[Knote: [m[K  template argument deduction/substitution failed:
[7.929s] [01m[K/openarm_ws/src/openarm_impedance_control/src/openarm_impedance_controller.cpp:234:76:[m[K [01;31m[Kerror: [m[Ktemplate argument 1 is invalid
[7.929s]   234 |     auto result = [01;31m[Kstd::make_shared<FollowCartesianTrajectoryAction::Result>()[m[K;
[7.929s]       |                   [01;31m[K~~~~~~~~~~~~~~~~~~~~~~~~~~~~~~~~~~~~~~~~~~~~~~~~~~~~~~~~~^~[m[K
[7.930s] [01m[K/openarm_ws/src/openarm_impedance_control/src/openarm_impedance_controller.cpp:235:26:[m[K [01;31m[Kerror: [m[K‘[01m[KFollowCartesianTrajectoryAction[m[K’ is not a class, namespace, or enumeration
[7.930s]   235 |     result->error_code = [01;31m[KFollowCartesianTrajectoryAction[m[K::Result::SUCCESSFUL;
[7.930s]       |                          [01;31m[K^~~~~~~~~~~~~~~~~~~~~~~~~~~~~~~[m[K
[7.943s] [01m[K/openarm_ws/src/openarm_impedance_control/src/openarm_impedance_controller.cpp:[m[K At global scope:
[7.944s] [01m[K/openarm_ws/src/openarm_impedance_control/src/openarm_impedance_controller.cpp:261:11:[m[K [01;31m[Kerror: [m[K‘[01m[KCartesianTrajectory[m[K’ does not name a type
[7.944s]   261 |     const [01;31m[KCartesianTrajectory[m[K& traj, const rclcpp::Time& time) {
[7.944s]       |           [01;31m[K^~~~~~~~~~~~~~~~~~~[m[K
[7.945s] [01m[K/openarm_ws/src/openarm_impedance_control/src/openarm_impedance_controller.cpp:260:6:[m[K [01;31m[Kerror: [m[Kno declaration matches ‘[01m[Kvoid openarm_impedance_control::OpenArmImpedanceController::[01;32m[KinterpolateTrajectory[m[K(const int&, const rclcpp::Time&)[m[K’
[7.945s]   260 | void [01;31m[KOpenArmImpedanceController[m[K::interpolateTrajectory(
[7.946s]       |      [01;31m[K^~~~~~~~~~~~~~~~~~~~~~~~~~[m[K
[7.946s] [01m[K/openarm_ws/src/openarm_impedance_control/include/openarm_impedance_control/openarm_impedance_controller.hpp:74:8:[m[K [01;36m[Knote: [m[Kcandidate is: ‘[01m[Kvoid openarm_impedance_control::OpenArmImpedanceController::[01;32m[KinterpolateTrajectory[m[K(const JointTrajectory&, const rclcpp::Time&)[m[K’
[7.946s]    74 |   void [01;36m[KinterpolateTrajectory[m[K(
[7.947s]       |        [01;36m[K^~~~~~~~~~~~~~~~~~~~~[m[K
[7.947s] [01m[K/openarm_ws/src/openarm_impedance_control/include/openarm_impedance_control/openarm_impedance_controller.hpp:22:7:[m[K [01;36m[Knote: [m[K‘[01m[Kclass openarm_impedance_control::OpenArmImpedanceController[m[K’ defined here
[7.947s]    22 | class [01;36m[KOpenArmImpedanceController[m[K : public controller_interface::ControllerInterface {
[7.948s]       |       [01;36m[K^~~~~~~~~~~~~~~~~~~~~~~~~~[m[K
[7.948s] [01m[K/openarm_ws/src/openarm_impedance_control/src/openarm_impedance_controller.cpp:[m[K In member function ‘[01m[Kvoid openarm_impedance_control::OpenArmImpedanceController::[01;32m[KupdateFeedback[m[K()[m[K’:
[7.949s] [01m[K/openarm_ws/src/openarm_impedance_control/src/openarm_impedance_controller.cpp:320:26:[m[K [01;31m[Kerror: [m[K‘[01m[Kusing control_msgs::action::FollowJointTrajectory_Feedback_<std::allocator<void> >::_desired_type = struct trajectory_msgs::msg::JointTrajectoryPoint_<std::allocator<void> >[m[K’ {aka ‘[01m[Kstruct trajectory_msgs::msg::JointTrajectoryPoint_<std::allocator<void> >[m[K’} has no member named ‘[01m[Kpose[m[K’
[7.949s]   320 |   feedback_msg_->desired.[01;31m[Kpose[m[K.position.x    = x_ref_pos_.x();
[7.949s]       |                          [01;31m[K^~~~[m[K
[7.962s] [01m[K/openarm_ws/src/openarm_impedance_control/src/openarm_impedance_controller.cpp:320:47:[m[K [01;31m[Kerror: [m[K‘[01m[Kx_ref_pos_[m[K’ was not declared in this scope
[7.962s]   320 |   feedback_msg_->desired.pose.position.x    = [01;31m[Kx_ref_pos_[m[K.x();
[7.963s]       |                                               [01;31m[K^~~~~~~~~~[m[K
[7.963s] [01m[K/openarm_ws/src/openarm_impedance_control/src/openarm_impedance_controller.cpp:321:26:[m[K [01;31m[Kerror: [m[K‘[01m[Kusing control_msgs::action::FollowJointTrajectory_Feedback_<std::allocator<void> >::_desired_type = struct trajectory_msgs::msg::JointTrajectoryPoint_<std::allocator<void> >[m[K’ {aka ‘[01m[Kstruct trajectory_msgs::msg::JointTrajectoryPoint_<std::allocator<void> >[m[K’} has no member named ‘[01m[Kpose[m[K’
[7.964s]   321 |   feedback_msg_->desired.[01;31m[Kpose[m[K.position.y    = x_ref_pos_.y();
[7.964s]       |                          [01;31m[K^~~~[m[K
[7.964s] [01m[K/openarm_ws/src/openarm_impedance_control/src/openarm_impedance_controller.cpp:322:26:[m[K [01;31m[Kerror: [m[K‘[01m[Kusing control_msgs::action::FollowJointTrajectory_Feedback_<std::allocator<void> >::_desired_type = struct trajectory_msgs::msg::JointTrajectoryPoint_<std::allocator<void> >[m[K’ {aka ‘[01m[Kstruct trajectory_msgs::msg::JointTrajectoryPoint_<std::allocator<void> >[m[K’} has no member named ‘[01m[Kpose[m[K’
[7.965s]   322 |   feedback_msg_->desired.[01;31m[Kpose[m[K.position.z    = x_ref_pos_.z();
[7.965s]       |                          [01;31m[K^~~~[m[K
[7.966s] [01m[K/openarm_ws/src/openarm_impedance_control/src/openarm_impedance_controller.cpp:323:26:[m[K [01;31m[Kerror: [m[K‘[01m[Kusing control_msgs::action::FollowJointTrajectory_Feedback_<std::allocator<void> >::_desired_type = struct trajectory_msgs::msg::JointTrajectoryPoint_<std::allocator<void> >[m[K’ {aka ‘[01m[Kstruct trajectory_msgs::msg::JointTrajectoryPoint_<std::allocator<void> >[m[K’} has no member named ‘[01m[Kpose[m[K’
[7.966s]   323 |   feedback_msg_->desired.[01;31m[Kpose[m[K.orientation.w = x_ref_quat_.w();
[7.967s]       |                          [01;31m[K^~~~[m[K
[7.980s] [01m[K/openarm_ws/src/openarm_impedance_control/src/openarm_impedance_controller.cpp:323:47:[m[K [01;31m[Kerror: [m[K‘[01m[Kx_ref_quat_[m[K’ was not declared in this scope
[7.980s]   323 |   feedback_msg_->desired.pose.orientation.w = [01;31m[Kx_ref_quat_[m[K.w();
[7.981s]       |                                               [01;31m[K^~~~~~~~~~~[m[K
[7.981s] [01m[K/openarm_ws/src/openarm_impedance_control/src/openarm_impedance_controller.cpp:324:26:[m[K [01;31m[Kerror: [m[K‘[01m[Kusing control_msgs::action::FollowJointTrajectory_Feedback_<std::allocator<void> >::_desired_type = struct trajectory_msgs::msg::JointTrajectoryPoint_<std::allocator<void> >[m[K’ {aka ‘[01m[Kstruct trajectory_msgs::msg::JointTrajectoryPoint_<std::allocator<void> >[m[K’} has no member named ‘[01m[Kpose[m[K’
[7.981s]   324 |   feedback_msg_->desired.[01;31m[Kpose[m[K.orientation.x = x_ref_quat_.x();
[7.982s]       |                          [01;31m[K^~~~[m[K
[7.982s] [01m[K/openarm_ws/src/openarm_impedance_control/src/openarm_impedance_controller.cpp:325:26:[m[K [01;31m[Kerror: [m[K‘[01m[Kusing control_msgs::action::FollowJointTrajectory_Feedback_<std::allocator<void> >::_desired_type = struct trajectory_msgs::msg::JointTrajectoryPoint_<std::allocator<void> >[m[K’ {aka ‘[01m[Kstruct trajectory_msgs::msg::JointTrajectoryPoint_<std::allocator<void> >[m[K’} has no member named ‘[01m[Kpose[m[K’
[7.982s]   325 |   feedback_msg_->desired.[01;31m[Kpose[m[K.orientation.y = x_ref_quat_.y();
[7.983s]       |                          [01;31m[K^~~~[m[K
[7.983s] [01m[K/openarm_ws/src/openarm_impedance_control/src/openarm_impedance_controller.cpp:326:26:[m[K [01;31m[Kerror: [m[K‘[01m[Kusing control_msgs::action::FollowJointTrajectory_Feedback_<std::allocator<void> >::_desired_type = struct trajectory_msgs::msg::JointTrajectoryPoint_<std::allocator<void> >[m[K’ {aka ‘[01m[Kstruct trajectory_msgs::msg::JointTrajectoryPoint_<std::allocator<void> >[m[K’} has no member named ‘[01m[Kpose[m[K’
[7.984s]   326 |   feedback_msg_->desired.[01;31m[Kpose[m[K.orientation.z = x_ref_quat_.z();
[7.984s]       |                          [01;31m[K^~~~[m[K
[7.984s] [01m[K/openarm_ws/src/openarm_impedance_control/src/openarm_impedance_controller.cpp:327:26:[m[K [01;31m[Kerror: [m[K‘[01m[Kusing control_msgs::action::FollowJointTrajectory_Feedback_<std::allocator<void> >::_desired_type = struct trajectory_msgs::msg::JointTrajectoryPoint_<std::allocator<void> >[m[K’ {aka ‘[01m[Kstruct trajectory_msgs::msg::JointTrajectoryPoint_<std::allocator<void> >[m[K’} has no member named ‘[01m[Ktwist[m[K’
[7.985s]   327 |   feedback_msg_->desired.[01;31m[Ktwist[m[K.linear.x     = x_ref_linvel_.x();
[7.985s]       |                          [01;31m[K^~~~~[m[K
[8.000s] [01m[K/openarm_ws/src/openarm_impedance_control/src/openarm_impedance_controller.cpp:327:47:[m[K [01;31m[Kerror: [m[K‘[01m[Kx_ref_linvel_[m[K’ was not declared in this scope
[8.000s]   327 |   feedback_msg_->desired.twist.linear.x     = [01;31m[Kx_ref_linvel_[m[K.x();
[8.001s]       |                                               [01;31m[K^~~~~~~~~~~~~[m[K
[8.001s] [01m[K/openarm_ws/src/openarm_impedance_control/src/openarm_impedance_controller.cpp:328:26:[m[K [01;31m[Kerror: [m[K‘[01m[Kusing control_msgs::action::FollowJointTrajectory_Feedback_<std::allocator<void> >::_desired_type = struct trajectory_msgs::msg::JointTrajectoryPoint_<std::allocator<void> >[m[K’ {aka ‘[01m[Kstruct trajectory_msgs::msg::JointTrajectoryPoint_<std::allocator<void> >[m[K’} has no member named ‘[01m[Ktwist[m[K’
[8.001s]   328 |   feedback_msg_->desired.[01;31m[Ktwist[m[K.linear.y     = x_ref_linvel_.y();
[8.001s]       |                          [01;31m[K^~~~~[m[K
[8.001s] [01m[K/openarm_ws/src/openarm_impedance_control/src/openarm_impedance_controller.cpp:329:26:[m[K [01;31m[Kerror: [m[K‘[01m[Kusing control_msgs::action::FollowJointTrajectory_Feedback_<std::allocator<void> >::_desired_type = struct trajectory_msgs::msg::JointTrajectoryPoint_<std::allocator<void> >[m[K’ {aka ‘[01m[Kstruct trajectory_msgs::msg::JointTrajectoryPoint_<std::allocator<void> >[m[K’} has no member named ‘[01m[Ktwist[m[K’
[8.001s]   329 |   feedback_msg_->desired.[01;31m[Ktwist[m[K.linear.z     = x_ref_linvel_.z();
[8.001s]       |                          [01;31m[K^~~~~[m[K
[8.002s] [01m[K/openarm_ws/src/openarm_impedance_control/src/openarm_impedance_controller.cpp:330:26:[m[K [01;31m[Kerror: [m[K‘[01m[Kusing control_msgs::action::FollowJointTrajectory_Feedback_<std::allocator<void> >::_desired_type = struct trajectory_msgs::msg::JointTrajectoryPoint_<std::allocator<void> >[m[K’ {aka ‘[01m[Kstruct trajectory_msgs::msg::JointTrajectoryPoint_<std::allocator<void> >[m[K’} has no member named ‘[01m[Ktwist[m[K’
[8.002s]   330 |   feedback_msg_->desired.[01;31m[Ktwist[m[K.angular.x    = x_ref_angvel_.x();
[8.002s]       |                          [01;31m[K^~~~~[m[K
[8.021s] [01m[K/openarm_ws/src/openarm_impedance_control/src/openarm_impedance_controller.cpp:330:47:[m[K [01;31m[Kerror: [m[K‘[01m[Kx_ref_angvel_[m[K’ was not declared in this scope
[8.021s]   330 |   feedback_msg_->desired.twist.angular.x    = [01;31m[Kx_ref_angvel_[m[K.x();
[8.021s]       |                                               [01;31m[K^~~~~~~~~~~~~[m[K
[8.022s] [01m[K/openarm_ws/src/openarm_impedance_control/src/openarm_impedance_controller.cpp:331:26:[m[K [01;31m[Kerror: [m[K‘[01m[Kusing control_msgs::action::FollowJointTrajectory_Feedback_<std::allocator<void> >::_desired_type = struct trajectory_msgs::msg::JointTrajectoryPoint_<std::allocator<void> >[m[K’ {aka ‘[01m[Kstruct trajectory_msgs::msg::JointTrajectoryPoint_<std::allocator<void> >[m[K’} has no member named ‘[01m[Ktwist[m[K’
[8.022s]   331 |   feedback_msg_->desired.[01;31m[Ktwist[m[K.angular.y    = x_ref_angvel_.y();
[8.023s]       |                          [01;31m[K^~~~~[m[K
[8.023s] [01m[K/openarm_ws/src/openarm_impedance_control/src/openarm_impedance_controller.cpp:332:26:[m[K [01;31m[Kerror: [m[K‘[01m[Kusing control_msgs::action::FollowJointTrajectory_Feedback_<std::allocator<void> >::_desired_type = struct trajectory_msgs::msg::JointTrajectoryPoint_<std::allocator<void> >[m[K’ {aka ‘[01m[Kstruct trajectory_msgs::msg::JointTrajectoryPoint_<std::allocator<void> >[m[K’} has no member named ‘[01m[Ktwist[m[K’
[8.023s]   332 |   feedback_msg_->desired.[01;31m[Ktwist[m[K.angular.z    = x_ref_angvel_.z();
[8.024s]       |                          [01;31m[K^~~~~[m[K
[8.024s] [01m[K/openarm_ws/src/openarm_impedance_control/src/openarm_impedance_controller.cpp:335:65:[m[K [01;31m[Kerror: [m[K‘[01m[Kclass openarm_impedance_control::Impedance[m[K’ has no member named ‘[01m[KgetPose[m[K’
[8.025s]   335 |   const Eigen::Vector3d    actual_pos  = impedance_controller_->[01;31m[KgetPose[m[K();
[8.025s]       |                                                                 [01;31m[K^~~~~~~[m[K
[8.025s] [01m[K/openarm_ws/src/openarm_impedance_control/src/openarm_impedance_controller.cpp:336:65:[m[K [01;31m[Kerror: [m[K‘[01m[Kclass openarm_impedance_control::Impedance[m[K’ has no member named ‘[01m[KgetOrientation[m[K’
[8.026s]   336 |   const Eigen::Quaterniond actual_quat = impedance_controller_->[01;31m[KgetOrientation[m[K();
[8.026s]       |                                                                 [01;31m[K^~~~~~~~~~~~~~[m[K
[8.026s] [01m[K/openarm_ws/src/openarm_impedance_control/src/openarm_impedance_controller.cpp:337:25:[m[K [01;31m[Kerror: [m[K‘[01m[Kusing control_msgs::action::FollowJointTrajectory_Feedback_<std::allocator<void> >::_actual_type = struct trajectory_msgs::msg::JointTrajectoryPoint_<std::allocator<void> >[m[K’ {aka ‘[01m[Kstruct trajectory_msgs::msg::JointTrajectoryPoint_<std::allocator<void> >[m[K’} has no member named ‘[01m[Kpose[m[K’
[8.027s]   337 |   feedback_msg_->actual.[01;31m[Kpose[m[K.position.x    = actual_pos.x();
[8.027s]       |                         [01;31m[K^~~~[m[K
[8.027s] [01m[K/openarm_ws/src/openarm_impedance_control/src/openarm_impedance_controller.cpp:338:25:[m[K [01;31m[Kerror: [m[K‘[01m[Kusing control_msgs::action::FollowJointTrajectory_Feedback_<std::allocator<void> >::_actual_type = struct trajectory_msgs::msg::JointTrajectoryPoint_<std::allocator<void> >[m[K’ {aka ‘[01m[Kstruct trajectory_msgs::msg::JointTrajectoryPoint_<std::allocator<void> >[m[K’} has no member named ‘[01m[Kpose[m[K’
[8.028s]   338 |   feedback_msg_->actual.[01;31m[Kpose[m[K.position.y    = actual_pos.y();
[8.028s]       |                         [01;31m[K^~~~[m[K
[8.028s] [01m[K/openarm_ws/src/openarm_impedance_control/src/openarm_impedance_controller.cpp:339:25:[m[K [01;31m[Kerror: [m[K‘[01m[Kusing control_msgs::action::FollowJointTrajectory_Feedback_<std::allocator<void> >::_actual_type = struct trajectory_msgs::msg::JointTrajectoryPoint_<std::allocator<void> >[m[K’ {aka ‘[01m[Kstruct trajectory_msgs::msg::JointTrajectoryPoint_<std::allocator<void> >[m[K’} has no member named ‘[01m[Kpose[m[K’
[8.029s]   339 |   feedback_msg_->actual.[01;31m[Kpose[m[K.position.z    = actual_pos.z();
[8.029s]       |                         [01;31m[K^~~~[m[K
[8.030s] [01m[K/openarm_ws/src/openarm_impedance_control/src/openarm_impedance_controller.cpp:340:25:[m[K [01;31m[Kerror: [m[K‘[01m[Kusing control_msgs::action::FollowJointTrajectory_Feedback_<std::allocator<void> >::_actual_type = struct trajectory_msgs::msg::JointTrajectoryPoint_<std::allocator<void> >[m[K’ {aka ‘[01m[Kstruct trajectory_msgs::msg::JointTrajectoryPoint_<std::allocator<void> >[m[K’} has no member named ‘[01m[Kpose[m[K’
[8.030s]   340 |   feedback_msg_->actual.[01;31m[Kpose[m[K.orientation.w = actual_quat.w();
[8.030s]       |                         [01;31m[K^~~~[m[K
[8.030s] [01m[K/openarm_ws/src/openarm_impedance_control/src/openarm_impedance_controller.cpp:341:25:[m[K [01;31m[Kerror: [m[K‘[01m[Kusing control_msgs::action::FollowJointTrajectory_Feedback_<std::allocator<void> >::_actual_type = struct trajectory_msgs::msg::JointTrajectoryPoint_<std::allocator<void> >[m[K’ {aka ‘[01m[Kstruct trajectory_msgs::msg::JointTrajectoryPoint_<std::allocator<void> >[m[K’} has no member named ‘[01m[Kpose[m[K’
[8.031s]   341 |   feedback_msg_->actual.[01;31m[Kpose[m[K.orientation.x = actual_quat.x();
[8.031s]       |                         [01;31m[K^~~~[m[K
[8.031s] [01m[K/openarm_ws/src/openarm_impedance_control/src/openarm_impedance_controller.cpp:342:25:[m[K [01;31m[Kerror: [m[K‘[01m[Kusing control_msgs::action::FollowJointTrajectory_Feedback_<std::allocator<void> >::_actual_type = struct trajectory_msgs::msg::JointTrajectoryPoint_<std::allocator<void> >[m[K’ {aka ‘[01m[Kstruct trajectory_msgs::msg::JointTrajectoryPoint_<std::allocator<void> >[m[K’} has no member named ‘[01m[Kpose[m[K’
[8.032s]   342 |   feedback_msg_->actual.[01;31m[Kpose[m[K.orientation.y = actual_quat.y();
[8.032s]       |                         [01;31m[K^~~~[m[K
[8.032s] [01m[K/openarm_ws/src/openarm_impedance_control/src/openarm_impedance_controller.cpp:343:25:[m[K [01;31m[Kerror: [m[K‘[01m[Kusing control_msgs::action::FollowJointTrajectory_Feedback_<std::allocator<void> >::_actual_type = struct trajectory_msgs::msg::JointTrajectoryPoint_<std::allocator<void> >[m[K’ {aka ‘[01m[Kstruct trajectory_msgs::msg::JointTrajectoryPoint_<std::allocator<void> >[m[K’} has no member named ‘[01m[Kpose[m[K’
[8.033s]   343 |   feedback_msg_->actual.[01;31m[Kpose[m[K.orientation.z = actual_quat.z();
[8.033s]       |                         [01;31m[K^~~~[m[K
[8.033s] [01m[K/openarm_ws/src/openarm_impedance_control/src/openarm_impedance_controller.cpp:347:24:[m[K [01;31m[Kerror: [m[K‘[01m[Kusing control_msgs::action::FollowJointTrajectory_Feedback_<std::allocator<void> >::_error_type = struct trajectory_msgs::msg::JointTrajectoryPoint_<std::allocator<void> >[m[K’ {aka ‘[01m[Kstruct trajectory_msgs::msg::JointTrajectoryPoint_<std::allocator<void> >[m[K’} has no member named ‘[01m[Kpose[m[K’
[8.034s]   347 |   feedback_msg_->error.[01;31m[Kpose[m[K.position.x = pos_err.x();
[8.034s]       |                        [01;31m[K^~~~[m[K
[8.034s] [01m[K/openarm_ws/src/openarm_impedance_control/src/openarm_impedance_controller.cpp:348:24:[m[K [01;31m[Kerror: [m[K‘[01m[Kusing control_msgs::action::FollowJointTrajectory_Feedback_<std::allocator<void> >::_error_type = struct trajectory_msgs::msg::JointTrajectoryPoint_<std::allocator<void> >[m[K’ {aka ‘[01m[Kstruct trajectory_msgs::msg::JointTrajectoryPoint_<std::allocator<void> >[m[K’} has no member named ‘[01m[Kpose[m[K’
[8.035s]   348 |   feedback_msg_->error.[01;31m[Kpose[m[K.position.y = pos_err.y();
[8.035s]       |                        [01;31m[K^~~~[m[K
[8.035s] [01m[K/openarm_ws/src/openarm_impedance_control/src/openarm_impedance_controller.cpp:349:24:[m[K [01;31m[Kerror: [m[K‘[01m[Kusing control_msgs::action::FollowJointTrajectory_Feedback_<std::allocator<void> >::_error_type = struct trajectory_msgs::msg::JointTrajectoryPoint_<std::allocator<void> >[m[K’ {aka ‘[01m[Kstruct trajectory_msgs::msg::JointTrajectoryPoint_<std::allocator<void> >[m[K’} has no member named ‘[01m[Kpose[m[K’
[8.035s]   349 |   feedback_msg_->error.[01;31m[Kpose[m[K.position.z = pos_err.z();
[8.036s]       |                        [01;31m[K^~~~[m[K
[8.036s] [01m[K/openarm_ws/src/openarm_impedance_control/src/openarm_impedance_controller.cpp:355:24:[m[K [01;31m[Kerror: [m[K‘[01m[Kusing control_msgs::action::FollowJointTrajectory_Feedback_<std::allocator<void> >::_error_type = struct trajectory_msgs::msg::JointTrajectoryPoint_<std::allocator<void> >[m[K’ {aka ‘[01m[Kstruct trajectory_msgs::msg::JointTrajectoryPoint_<std::allocator<void> >[m[K’} has no member named ‘[01m[Kpose[m[K’
[8.036s]   355 |   feedback_msg_->error.[01;31m[Kpose[m[K.orientation.x = rot_err.x();
[8.037s]       |                        [01;31m[K^~~~[m[K
[8.037s] [01m[K/openarm_ws/src/openarm_impedance_control/src/openarm_impedance_controller.cpp:356:24:[m[K [01;31m[Kerror: [m[K‘[01m[Kusing control_msgs::action::FollowJointTrajectory_Feedback_<std::allocator<void> >::_error_type = struct trajectory_msgs::msg::JointTrajectoryPoint_<std::allocator<void> >[m[K’ {aka ‘[01m[Kstruct trajectory_msgs::msg::JointTrajectoryPoint_<std::allocator<void> >[m[K’} has no member named ‘[01m[Kpose[m[K’
[8.037s]   356 |   feedback_msg_->error.[01;31m[Kpose[m[K.orientation.y = rot_err.y();
[8.038s]       |                        [01;31m[K^~~~[m[K
[8.038s] [01m[K/openarm_ws/src/openarm_impedance_control/src/openarm_impedance_controller.cpp:357:24:[m[K [01;31m[Kerror: [m[K‘[01m[Kusing control_msgs::action::FollowJointTrajectory_Feedback_<std::allocator<void> >::_error_type = struct trajectory_msgs::msg::JointTrajectoryPoint_<std::allocator<void> >[m[K’ {aka ‘[01m[Kstruct trajectory_msgs::msg::JointTrajectoryPoint_<std::allocator<void> >[m[K’} has no member named ‘[01m[Kpose[m[K’
[8.038s]   357 |   feedback_msg_->error.[01;31m[Kpose[m[K.orientation.z = rot_err.z();
[8.038s]       |                        [01;31m[K^~~~[m[K
[8.038s] [01m[K/openarm_ws/src/openarm_impedance_control/src/openarm_impedance_controller.cpp:358:24:[m[K [01;31m[Kerror: [m[K‘[01m[Kusing control_msgs::action::FollowJointTrajectory_Feedback_<std::allocator<void> >::_error_type = struct trajectory_msgs::msg::JointTrajectoryPoint_<std::allocator<void> >[m[K’ {aka ‘[01m[Kstruct trajectory_msgs::msg::JointTrajectoryPoint_<std::allocator<void> >[m[K’} has no member named ‘[01m[Kpose[m[K’
[8.038s]   358 |   feedback_msg_->error.[01;31m[Kpose[m[K.orientation.w = 0.0;
[8.038s]       |                        [01;31m[K^~~~[m[K
[8.038s] [01m[K/openarm_ws/src/openarm_impedance_control/src/openarm_impedance_controller.cpp:[m[K At global scope:
[8.039s] [01m[K/openarm_ws/src/openarm_impedance_control/src/openarm_impedance_controller.cpp:365:58:[m[K [01;31m[Kerror: [m[KISO C++ forbids declaration of ‘[01m[Ktype name[m[K’ with no type [[01;31m[K]8;;https://gcc.gnu.org/onlinedocs/gcc/Warning-Options.html#index-fpermissive-fpermissive]8;;[m[K]
[8.039s]   365 |     std::shared_ptr<const FollowCartesianTrajectoryAction[01;31m[K::[m[KGoal> goal) {
[8.040s]       |                                                          [01;31m[K^~[m[K
[8.040s] [01m[K/openarm_ws/src/openarm_impedance_control/src/openarm_impedance_controller.cpp:365:64:[m[K [01;31m[Kerror: [m[Ktemplate argument 1 is invalid
[8.040s]   365 |     std::shared_ptr<const FollowCartesianTrajectoryAction::Goal[01;31m[K>[m[K goal) {
[8.040s]       |                                                                [01;31m[K^[m[K
[8.041s] [01m[K/openarm_ws/src/openarm_impedance_control/src/openarm_impedance_controller.cpp:365:58:[m[K [01;31m[Kerror: [m[KISO C++ forbids declaration of ‘[01m[Ktype name[m[K’ with no type [[01;31m[K]8;;https://gcc.gnu.org/onlinedocs/gcc/Warning-Options.html#index-fpermissive-fpermissive]8;;[m[K]
[8.041s]   365 |     std::shared_ptr<const FollowCartesianTrajectoryAction[01;31m[K::[m[KGoal> goal) {
[8.041s]       |                                                          [01;31m[K^~[m[K
[8.042s] [01m[K/openarm_ws/src/openarm_impedance_control/src/openarm_impedance_controller.cpp:365:64:[m[K [01;31m[Kerror: [m[Ktemplate argument 1 is invalid
[8.042s]   365 |     std::shared_ptr<const FollowCartesianTrajectoryAction::Goal[01;31m[K>[m[K goal) {
[8.042s]       |                                                                [01;31m[K^[m[K
[8.042s] [01m[K/openarm_ws/src/openarm_impedance_control/src/openarm_impedance_controller.cpp:365:58:[m[K [01;31m[Kerror: [m[KISO C++ forbids declaration of ‘[01m[Ktype name[m[K’ with no type [[01;31m[K]8;;https://gcc.gnu.org/onlinedocs/gcc/Warning-Options.html#index-fpermissive-fpermissive]8;;[m[K]
[8.043s]   365 |     std::shared_ptr<const FollowCartesianTrajectoryAction[01;31m[K::[m[KGoal> goal) {
[8.043s]       |                                                          [01;31m[K^~[m[K
[8.043s] [01m[K/openarm_ws/src/openarm_impedance_control/src/openarm_impedance_controller.cpp:365:64:[m[K [01;31m[Kerror: [m[Ktemplate argument 1 is invalid
[8.043s]   365 |     std::shared_ptr<const FollowCartesianTrajectoryAction::Goal[01;31m[K>[m[K goal) {
[8.044s]       |                                                                [01;31m[K^[m[K
[8.044s] [01m[K/openarm_ws/src/openarm_impedance_control/src/openarm_impedance_controller.cpp:365:5:[m[K [01;31m[Kerror: [m[Kinvalid template-id
[8.044s]   365 |     [01;31m[Kstd[m[K::shared_ptr<const FollowCartesianTrajectoryAction::Goal> goal) {
[8.044s]       |     [01;31m[K^~~[m[K
[8.045s] [01m[K/openarm_ws/src/openarm_impedance_control/src/openarm_impedance_controller.cpp:365:58:[m[K [01;31m[Kerror: [m[KISO C++ forbids declaration of ‘[01m[Ktype name[m[K’ with no type [[01;31m[K]8;;https://gcc.gnu.org/onlinedocs/gcc/Warning-Options.html#index-fpermissive-fpermissive]8;;[m[K]
[8.045s]   365 |     std::shared_ptr<const FollowCartesianTrajectoryAction[01;31m[K::[m[KGoal> goal) {
[8.045s]       |                                                          [01;31m[K^~[m[K
[8.045s] [01m[K/openarm_ws/src/openarm_impedance_control/src/openarm_impedance_controller.cpp:365:21:[m[K [01;31m[Kerror: [m[Kexpected primary-expression before ‘[01m[Kconst[m[K’
[8.046s]   365 |     std::shared_ptr<[01;31m[Kconst[m[K FollowCartesianTrajectoryAction::Goal> goal) {
[8.046s]       |                     [01;31m[K^~~~~[m[K
[8.046s] [01m[K/openarm_ws/src/openarm_impedance_control/src/openarm_impedance_controller.cpp:365:21:[m[K [01;31m[Kerror: [m[Kexpected ‘[01m[K>[m[K’ before ‘[01m[Kconst[m[K’
[8.046s] [01m[K/openarm_ws/src/openarm_impedance_control/src/openarm_impedance_controller.cpp:365:5:[m[K [01;31m[Kerror: [m[Kmissing template argument list after ‘[01m[Kstd::shared_ptr[m[K’; template placeholder not permitted in parameter
[8.046s]   365 |     [01;31m[Kstd[m[K::shared_ptr<const FollowCartesianTrajectoryAction::Goal> goal) {
[8.047s]       |     [01;31m[K^~~[m[K
[8.047s]       |        [32m[K<>[m[K
[8.047s] In file included from [01m[K/usr/include/c++/13/bits/shared_ptr.h:53[m[K:
[8.047s] [01m[K/usr/include/c++/13/bits/shared_ptr_base.h:395:11:[m[K [01;36m[Knote: [m[K‘[01m[Ktemplate<class _Tp> class std::shared_ptr[m[K’ declared here
[8.047s]   395 |     class [01;36m[Kshared_ptr[m[K;
[8.047s]       |           [01;36m[K^~~~~~~~~~[m[K
[8.048s] [01m[K/openarm_ws/src/openarm_impedance_control/src/openarm_impedance_controller.cpp:363:29:[m[K [01;31m[Kerror: [m[Kno declaration matches ‘[01m[Krclcpp_action::GoalResponse openarm_impedance_control::OpenArmImpedanceController::[01;32m[KonGoalRequest[m[K(...)[m[K’
[8.048s]   363 | rclcpp_action::GoalResponse [01;31m[KOpenArmImpedanceController[m[K::onGoalRequest(
[8.048s]       |                             [01;31m[K^~~~~~~~~~~~~~~~~~~~~~~~~~[m[K
[8.048s] [01m[K/openarm_ws/src/openarm_impedance_control/include/openarm_impedance_control/openarm_impedance_controller.hpp:81:31:[m[K [01;36m[Knote: [m[Kcandidate is: ‘[01m[Krclcpp_action::GoalResponse openarm_impedance_control::OpenArmImpedanceController::[01;32m[KonGoalRequest[m[K(const rclcpp_action::GoalUUID&, std::shared_ptr<const control_msgs::action::FollowJointTrajectory_Goal_<std::allocator<void> > >)[m[K’
[8.048s]    81 |   rclcpp_action::GoalResponse [01;36m[KonGoalRequest[m[K(
[8.048s]       |                               [01;36m[K^~~~~~~~~~~~~[m[K
[8.048s] [01m[K/openarm_ws/src/openarm_impedance_control/include/openarm_impedance_control/openarm_impedance_controller.hpp:22:7:[m[K [01;36m[Knote: [m[K‘[01m[Kclass openarm_impedance_control::OpenArmImpedanceController[m[K’ defined here
[8.048s]    22 | class [01;36m[KOpenArmImpedanceController[m[K : public controller_interface::ControllerInterface {
[8.048s]       |       [01;36m[K^~~~~~~~~~~~~~~~~~~~~~~~~~[m[K
[8.054s] [01m[K/openarm_ws/src/openarm_impedance_control/src/openarm_impedance_controller.cpp:[m[K In member function ‘[01m[Kvoid openarm_impedance_control::OpenArmImpedanceController::[01;32m[KonGoalAccepted[m[K(std::shared_ptr<rclcpp_action::ServerGoalHandle<control_msgs::action::FollowJointTrajectory> >)[m[K’:
[8.055s] [01m[K/openarm_ws/src/openarm_impedance_control/src/openarm_impedance_controller.cpp:382:36:[m[K [01;31m[Kerror: [m[K‘[01m[KFollowCartesianTrajectoryAction[m[K’ was not declared in this scope; did you mean ‘[01m[KFollowJointTrajectoryAction[m[K’?
[8.055s]   382 |     auto result = std::make_shared<[01;31m[KFollowCartesianTrajectoryAction[m[K::Result>();
[8.055s]       |                                    [01;31m[K^~~~~~~~~~~~~~~~~~~~~~~~~~~~~~~[m[K
[8.056s]       |                                    [32m[KFollowJointTrajectoryAction[m[K
[8.056s] [01m[K/openarm_ws/src/openarm_impedance_control/src/openarm_impedance_controller.cpp:382:24:[m[K [01;31m[Kerror: [m[Kparse error in template argument list
[8.056s]   382 |     auto result = std::[01;31m[Kmake_shared<FollowCartesianTrajectoryAction::Result>[m[K();
[8.057s]       |                        [01;31m[K^~~~~~~~~~~~~~~~~~~~~~~~~~~~~~~~~~~~~~~~~~~~~~~~~~~~[m[K
[8.057s] [01m[K/openarm_ws/src/openarm_impedance_control/src/openarm_impedance_controller.cpp:382:76:[m[K [01;31m[Kerror: [m[Kno matching function for call to ‘[01m[Kmake_shared<<expression error> >()[m[K’
[8.057s]   382 |     auto result = [01;31m[Kstd::make_shared<FollowCartesianTrajectoryAction::Result>()[m[K;
[8.057s]       |                   [01;31m[K~~~~~~~~~~~~~~~~~~~~~~~~~~~~~~~~~~~~~~~~~~~~~~~~~~~~~~~~~^~[m[K
[8.058s] [01m[K/usr/include/c++/13/bits/shared_ptr.h:1005:5:[m[K [01;36m[Knote: [m[Kcandidate: ‘[01m[Ktemplate<class _Tp, class ... _Args> std::shared_ptr<typename std::enable_if<(! std::is_array< <template-parameter-1-1> >::value), _Tp>::type> std::[01;32m[Kmake_shared[m[K(_Args&& ...)[m[K’
[8.058s]  1005 |     [01;36m[Kmake_shared[m[K(_Args&&... __args)
[8.058s]       |     [01;36m[K^~~~~~~~~~~[m[K
[8.059s] [01m[K/usr/include/c++/13/bits/shared_ptr.h:1005:5:[m[K [01;36m[Knote: [m[K  template argument deduction/substitution failed:
[8.059s] [01m[K/openarm_ws/src/openarm_impedance_control/src/openarm_impedance_controller.cpp:382:76:[m[K [01;31m[Kerror: [m[Ktemplate argument 1 is invalid
[8.059s]   382 |     auto result = [01;31m[Kstd::make_shared<FollowCartesianTrajectoryAction::Result>()[m[K;
[8.059s]       |                   [01;31m[K~~~~~~~~~~~~~~~~~~~~~~~~~~~~~~~~~~~~~~~~~~~~~~~~~~~~~~~~~^~[m[K
[8.060s] [01m[K/openarm_ws/src/openarm_impedance_control/src/openarm_impedance_controller.cpp:383:26:[m[K [01;31m[Kerror: [m[K‘[01m[KFollowCartesianTrajectoryAction[m[K’ is not a class, namespace, or enumeration
[8.060s]   383 |     result->error_code = [01;31m[KFollowCartesianTrajectoryAction[m[K::Result::INVALID_GOAL;
[8.060s]       |                          [01;31m[K^~~~~~~~~~~~~~~~~~~~~~~~~~~~~~~[m[K
[8.083s] [01m[K/openarm_ws/src/openarm_impedance_control/src/openarm_impedance_controller.cpp:390:32:[m[K [01;31m[Kerror: [m[K‘[01m[KCartesianTrajectory[m[K’ was not declared in this scope
[8.083s]   390 |   auto traj = std::make_shared<[01;31m[KCartesianTrajectory[m[K>(goal_handle->get_goal()->trajectory);
[8.083s]       |                                [01;31m[K^~~~~~~~~~~~~~~~~~~[m[K
[8.084s] [01m[K/openarm_ws/src/openarm_impedance_control/src/openarm_impedance_controller.cpp:390:52:[m[K [01;31m[Kerror: [m[Kno matching function for call to ‘[01m[Kmake_shared<<expression error> >(const control_msgs::action::FollowJointTrajectory_Goal_<std::allocator<void> >::_trajectory_type&)[m[K’
[8.084s]   390 |   auto traj = [01;31m[Kstd::make_shared<CartesianTrajectory>(goal_handle->get_goal()->trajectory)[m[K;
[8.084s]       |               [01;31m[K~~~~~~~~~~~~~~~~~~~~~~~~~~~~~~~~~~~~~^~~~~~~~~~~~~~~~~~~~~~~~~~~~~~~~~~~~~[m[K
[8.084s] [01m[K/usr/include/c++/13/bits/shared_ptr.h:1005:5:[m[K [01;36m[Knote: [m[Kcandidate: ‘[01m[Ktemplate<class _Tp, class ... _Args> std::shared_ptr<typename std::enable_if<(! std::is_array< <template-parameter-1-1> >::value), _Tp>::type> std::[01;32m[Kmake_shared[m[K(_Args&& ...)[m[K’
[8.084s]  1005 |     [01;36m[Kmake_shared[m[K(_Args&&... __args)
[8.084s]       |     [01;36m[K^~~~~~~~~~~[m[K
[8.084s] [01m[K/usr/include/c++/13/bits/shared_ptr.h:1005:5:[m[K [01;36m[Knote: [m[K  template argument deduction/substitution failed:
[8.084s] [01m[K/openarm_ws/src/openarm_impedance_control/src/openarm_impedance_controller.cpp:390:52:[m[K [01;31m[Kerror: [m[Ktemplate argument 1 is invalid
[8.085s]   390 |   auto traj = [01;31m[Kstd::make_shared<CartesianTrajectory>(goal_handle->get_goal()->trajectory)[m[K;
[8.085s]       |               [01;31m[K~~~~~~~~~~~~~~~~~~~~~~~~~~~~~~~~~~~~~^~~~~~~~~~~~~~~~~~~~~~~~~~~~~~~~~~~~~[m[K
[8.085s] [01m[K/openarm_ws/src/openarm_impedance_control/src/openarm_impedance_controller.cpp:391:3:[m[K [01;31m[Kerror: [m[K‘[01m[Kcartesian_control_msgs[m[K’ has not been declared
[8.085s]   391 |   [01;31m[Kcartesian_control_msgs[m[K::msg::CartesianTrajectoryPoint start_pt;
[8.085s]       |   [01;31m[K^~~~~~~~~~~~~~~~~~~~~~[m[K
[8.096s] [01m[K/openarm_ws/src/openarm_impedance_control/src/openarm_impedance_controller.cpp:393:3:[m[K [01;31m[Kerror: [m[K‘[01m[Kstart_pt[m[K’ was not declared in this scope
[8.097s]   393 |   [01;31m[Kstart_pt[m[K.pose.position.x    = x_ref_pos_.x();
[8.097s]       |   [01;31m[K^~~~~~~~[m[K
[8.113s] [01m[K/openarm_ws/src/openarm_impedance_control/src/openarm_impedance_controller.cpp:393:33:[m[K [01;31m[Kerror: [m[K‘[01m[Kx_ref_pos_[m[K’ was not declared in this scope
[8.114s]   393 |   start_pt.pose.position.x    = [01;31m[Kx_ref_pos_[m[K.x();
[8.115s]       |                                 [01;31m[K^~~~~~~~~~[m[K
[8.130s] [01m[K/openarm_ws/src/openarm_impedance_control/src/openarm_impedance_controller.cpp:396:33:[m[K [01;31m[Kerror: [m[K‘[01m[Kx_ref_quat_[m[K’ was not declared in this scope
[8.131s]   396 |   start_pt.pose.orientation.w = [01;31m[Kx_ref_quat_[m[K.w();
[8.131s]       |                                 [01;31m[K^~~~~~~~~~~[m[K
[8.142s] In file included from [01m[K/opt/ros/jazzy/include/class_loader/class_loader/class_loader.hpp:56[m[K,
[8.143s]                  from [01m[K/opt/ros/jazzy/include/pluginlib/pluginlib/class_list_macros.hpp:40[m[K,
[8.143s]                  from [01m[K/openarm_ws/src/openarm_impedance_control/src/openarm_impedance_controller.cpp:3[m[K:
[8.143s] [01m[K/openarm_ws/src/openarm_impedance_control/src/openarm_impedance_controller.cpp:[m[K At global scope:
[8.144s] [01m[K/openarm_ws/src/openarm_impedance_control/src/openarm_impedance_controller.cpp:426:3:[m[K [01;31m[Kerror: [m[K‘[01m[Kopenarm_impedance[m[K’ does not name a type; did you mean ‘[01m[Kopenarm_impedance_EXPORTS[m[K’?
[8.144s]   426 |   [01;31m[Kopenarm_impedance[m[K::OpenArmImpedanceController,
[8.144s]       |   [01;31m[K^~~~~~~~~~~~~~~~~[m[K
[8.159s] [01m[K/openarm_ws/src/openarm_impedance_control/src/openarm_impedance_controller.cpp:[m[K In constructor ‘[01m[K{anonymous}::ProxyExec0::[01;32m[KProxyExec0[m[K()[m[K’:
[8.160s] [01m[K/openarm_ws/src/openarm_impedance_control/src/openarm_impedance_controller.cpp:425:1:[m[K [01;31m[Kerror: [m[K‘[01m[K_derived[m[K’ was not declared in this scope
[8.160s]   425 | [01;31m[KPLUGINLIB_EXPORT_CLASS[m[K(
[8.160s]       | [01;31m[K^~~~~~~~~~~~~~~~~~~~~~[m[K
[8.161s] [01m[K/openarm_ws/src/openarm_impedance_control/src/openarm_impedance_controller.cpp:425:1:[m[K [01;31m[Kerror: [m[Kno matching function for call to ‘[01m[KregisterPlugin<<expression error>, {anonymous}::ProxyExec0::_base>(const char [46], const char [42])[m[K’
[8.161s]   425 | [01;31m[KPLUGINLIB_EXPORT_CLASS[m[K(
[8.161s]       | [01;31m[K^~~~~~~~~~~~~~~~~~~~~~[m[K
[8.162s] In file included from [01m[K/opt/ros/jazzy/include/class_loader/class_loader/class_loader.hpp:55[m[K:
[8.162s] [01m[K/opt/ros/jazzy/include/class_loader/class_loader/class_loader_core.hpp:241:1:[m[K [01;36m[Knote: [m[Kcandidate: ‘[01m[Ktemplate<class Derived, class Base> class_loader::impl::UniquePtr<class_loader::impl::AbstractMetaObjectBase> class_loader::impl::[01;32m[KregisterPlugin[m[K(const std::string&, const std::string&)[m[K’
[8.162s]   241 | [01;36m[KregisterPlugin[m[K(const std::string & class_name, const std::string & base_class_name)
[8.162s]       | [01;36m[K^~~~~~~~~~~~~~[m[K
[8.163s] [01m[K/opt/ros/jazzy/include/class_loader/class_loader/class_loader_core.hpp:241:1:[m[K [01;36m[Knote: [m[K  template argument deduction/substitution failed:
[8.163s] [01m[K/openarm_ws/src/openarm_impedance_control/src/openarm_impedance_controller.cpp:425:1:[m[K [01;31m[Kerror: [m[Ktemplate argument 1 is invalid
[8.163s]   425 | [01;31m[KPLUGINLIB_EXPORT_CLASS[m[K(
[8.163s]       | [01;31m[K^~~~~~~~~~~~~~~~~~~~~~[m[K
[11.546s] gmake[2]: *** [CMakeFiles/openarm_impedance.dir/build.make:90: CMakeFiles/openarm_impedance.dir/src/openarm_impedance_controller.cpp.o] Error 1
[11.547s] gmake[1]: *** [CMakeFiles/Makefile2:137: CMakeFiles/openarm_impedance.dir/all] Error 2
[11.547s] gmake: *** [Makefile:146: all] Error 2
[11.551s] Invoked command in '/openarm_ws/src/build/openarm_impedance' returned '2': AMENT_PREFIX_PATH=/openarm_ws/src/install/rosbag_recorder:/openarm_ws/src/install/openarm_hardware:${AMENT_PREFIX_PATH} CMAKE_PREFIX_PATH=/openarm_ws/src/install/openarm_hardware:/opt/ros/jazzy/opt/sdformat_vendor:/opt/ros/jazzy/opt/gz_math_vendor:/opt/ros/jazzy/opt/gz_utils_vendor:/opt/ros/jazzy/opt/gz_tools_vendor:/opt/ros/jazzy/opt/gz_cmake_vendor:/opt/ros/jazzy LD_LIBRARY_PATH=/openarm_ws/src/install/openarm_hardware/lib:${LD_LIBRARY_PATH} PYTHONPATH=/openarm_ws/src/install/rosbag_recorder/lib/python3.12/site-packages:${PYTHONPATH} /usr/bin/cmake --build /openarm_ws/src/build/openarm_impedance -- -j14 -l14
