[0.081s] DEBUG:colcon:Command line arguments: ['/usr/bin/colcon', 'build', '--packages-select', 'openarm_impedance']
[0.081s] DEBUG:colcon:Parsed command line arguments: Namespace(log_base=None, log_level=None, verb_name='build', build_base='build', install_base='install', merge_install=False, symlink_install=False, test_result_base=None, continue_on_error=False, executor='parallel', parallel_workers=14, event_handlers=None, ignore_user_meta=False, metas=['./colcon.meta'], base_paths=['.'], packages_ignore=None, packages_ignore_regex=None, paths=None, packages_up_to=None, packages_up_to_regex=None, packages_above=None, packages_above_and_dependencies=None, packages_above_depth=None, packages_select_by_dep=None, packages_skip_by_dep=None, packages_skip_up_to=None, packages_select_build_failed=False, packages_skip_build_finished=False, packages_select_test_failures=False, packages_skip_test_passed=False, packages_select=['openarm_impedance'], packages_skip=None, packages_select_regex=None, packages_skip_regex=None, packages_start=None, packages_end=None, cmake_args=None, cmake_target=None, cmake_target_skip_unavailable=False, cmake_clean_cache=False, cmake_clean_first=False, cmake_force_configure=False, ament_cmake_args=None, catkin_cmake_args=None, catkin_skip_building_tests=False, mixin_files=None, mixin=None, verb_parser=<colcon_mixin.mixin.mixin_argument.MixinArgumentDecorator object at 0xffff88efe030>, verb_extension=<colcon_core.verb.build.BuildVerb object at 0xffff8909dd00>, main=<bound method BuildVerb.main of <colcon_core.verb.build.BuildVerb object at 0xffff8909dd00>>, mixin_verb=('build',))
[0.111s] Level 1:colcon.colcon_core.package_discovery:discover_packages(colcon_meta) check parameters
[0.112s] INFO:colcon.colcon_metadata.package_discovery.colcon_meta:Using configuration from '/root/.colcon/metadata/default/Gazebo.meta'
[0.112s] INFO:colcon.colcon_metadata.package_discovery.colcon_meta:Using configuration from '/root/.colcon/metadata/default/fastdds.meta'
[0.112s] INFO:colcon.colcon_metadata.package_discovery.colcon_meta:Using configuration from '/root/.colcon/metadata/default/fastrtps.meta'
[0.112s] Level 1:colcon.colcon_core.package_discovery:discover_packages(recursive) check parameters
[0.112s] Level 1:colcon.colcon_core.package_discovery:discover_packages(ignore) check parameters
[0.112s] Level 1:colcon.colcon_core.package_discovery:discover_packages(path) check parameters
[0.113s] Level 1:colcon.colcon_core.package_discovery:discover_packages(colcon_meta) discover
[0.113s] Level 1:colcon.colcon_core.package_discovery:discover_packages(recursive) discover
[0.113s] INFO:colcon.colcon_core.package_discovery:Crawling recursively for packages in '/openarm_ws/src'
[0.113s] Level 1:colcon.colcon_core.package_identification:_identify(.) by extensions ['ignore', 'ignore_ament_install']
[0.113s] Level 1:colcon.colcon_core.package_identification:_identify(.) by extension 'ignore'
[0.113s] Level 1:colcon.colcon_core.package_identification:_identify(.) by extension 'ignore_ament_install'
[0.113s] Level 1:colcon.colcon_core.package_identification:_identify(.) by extensions ['colcon_pkg']
[0.113s] Level 1:colcon.colcon_core.package_identification:_identify(.) by extension 'colcon_pkg'
[0.113s] Level 1:colcon.colcon_core.package_identification:_identify(.) by extensions ['colcon_meta']
[0.113s] Level 1:colcon.colcon_core.package_identification:_identify(.) by extension 'colcon_meta'
[0.113s] Level 1:colcon.colcon_core.package_identification:_identify(.) by extensions ['ros']
[0.113s] Level 1:colcon.colcon_core.package_identification:_identify(.) by extension 'ros'
[0.133s] Level 1:colcon.colcon_core.package_identification:_identify(.) by extensions ['cmake', 'python']
[0.133s] Level 1:colcon.colcon_core.package_identification:_identify(.) by extension 'cmake'
[0.133s] Level 1:colcon.colcon_core.package_identification:_identify(.) by extension 'python'
[0.133s] Level 1:colcon.colcon_core.package_identification:_identify(.) by extensions ['python_setup_py']
[0.133s] Level 1:colcon.colcon_core.package_identification:_identify(.) by extension 'python_setup_py'
[0.133s] Level 1:colcon.colcon_core.package_identification:_identify(build) by extensions ['ignore', 'ignore_ament_install']
[0.133s] Level 1:colcon.colcon_core.package_identification:_identify(build) by extension 'ignore'
[0.133s] Level 1:colcon.colcon_core.package_identification:_identify(build) ignored
[0.133s] Level 1:colcon.colcon_core.package_identification:_identify(cartesian_control_msgs) by extensions ['ignore', 'ignore_ament_install']
[0.133s] Level 1:colcon.colcon_core.package_identification:_identify(cartesian_control_msgs) by extension 'ignore'
[0.133s] Level 1:colcon.colcon_core.package_identification:_identify(cartesian_control_msgs) by extension 'ignore_ament_install'
[0.133s] Level 1:colcon.colcon_core.package_identification:_identify(cartesian_control_msgs) by extensions ['colcon_pkg']
[0.133s] Level 1:colcon.colcon_core.package_identification:_identify(cartesian_control_msgs) by extension 'colcon_pkg'
[0.134s] Level 1:colcon.colcon_core.package_identification:_identify(cartesian_control_msgs) by extensions ['colcon_meta']
[0.134s] Level 1:colcon.colcon_core.package_identification:_identify(cartesian_control_msgs) by extension 'colcon_meta'
[0.134s] Level 1:colcon.colcon_core.package_identification:_identify(cartesian_control_msgs) by extensions ['ros']
[0.134s] Level 1:colcon.colcon_core.package_identification:_identify(cartesian_control_msgs) by extension 'ros'
[0.136s] DEBUG:colcon.colcon_core.package_identification:Package 'cartesian_control_msgs' with type 'ros.ament_cmake' and name 'cartesian_control_msgs'
[0.136s] Level 1:colcon.colcon_core.package_identification:_identify(install) by extensions ['ignore', 'ignore_ament_install']
[0.136s] Level 1:colcon.colcon_core.package_identification:_identify(install) by extension 'ignore'
[0.136s] Level 1:colcon.colcon_core.package_identification:_identify(install) ignored
[0.136s] Level 1:colcon.colcon_core.package_identification:_identify(log) by extensions ['ignore', 'ignore_ament_install']
[0.137s] Level 1:colcon.colcon_core.package_identification:_identify(log) by extension 'ignore'
[0.137s] Level 1:colcon.colcon_core.package_identification:_identify(log) ignored
[0.137s] Level 1:colcon.colcon_core.package_identification:_identify(openarm_cartesian_control) by extensions ['ignore', 'ignore_ament_install']
[0.137s] Level 1:colcon.colcon_core.package_identification:_identify(openarm_cartesian_control) by extension 'ignore'
[0.137s] Level 1:colcon.colcon_core.package_identification:_identify(openarm_cartesian_control) by extension 'ignore_ament_install'
[0.137s] Level 1:colcon.colcon_core.package_identification:_identify(openarm_cartesian_control) by extensions ['colcon_pkg']
[0.137s] Level 1:colcon.colcon_core.package_identification:_identify(openarm_cartesian_control) by extension 'colcon_pkg'
[0.137s] Level 1:colcon.colcon_core.package_identification:_identify(openarm_cartesian_control) by extensions ['colcon_meta']
[0.137s] Level 1:colcon.colcon_core.package_identification:_identify(openarm_cartesian_control) by extension 'colcon_meta'
[0.137s] Level 1:colcon.colcon_core.package_identification:_identify(openarm_cartesian_control) by extensions ['ros']
[0.137s] Level 1:colcon.colcon_core.package_identification:_identify(openarm_cartesian_control) by extension 'ros'
[0.138s] DEBUG:colcon.colcon_core.package_identification:Package 'openarm_cartesian_control' with type 'ros.ament_cmake' and name 'openarm_cartesian_control'
[0.138s] Level 1:colcon.colcon_core.package_identification:_identify(openarm_description) by extensions ['ignore', 'ignore_ament_install']
[0.138s] Level 1:colcon.colcon_core.package_identification:_identify(openarm_description) by extension 'ignore'
[0.138s] Level 1:colcon.colcon_core.package_identification:_identify(openarm_description) by extension 'ignore_ament_install'
[0.138s] Level 1:colcon.colcon_core.package_identification:_identify(openarm_description) by extensions ['colcon_pkg']
[0.138s] Level 1:colcon.colcon_core.package_identification:_identify(openarm_description) by extension 'colcon_pkg'
[0.138s] Level 1:colcon.colcon_core.package_identification:_identify(openarm_description) by extensions ['colcon_meta']
[0.138s] Level 1:colcon.colcon_core.package_identification:_identify(openarm_description) by extension 'colcon_meta'
[0.138s] Level 1:colcon.colcon_core.package_identification:_identify(openarm_description) by extensions ['ros']
[0.138s] Level 1:colcon.colcon_core.package_identification:_identify(openarm_description) by extension 'ros'
[0.138s] DEBUG:colcon.colcon_core.package_identification:Package 'openarm_description' with type 'ros.ament_cmake' and name 'openarm_description'
[0.139s] Level 1:colcon.colcon_core.package_identification:_identify(openarm_impedance) by extensions ['ignore', 'ignore_ament_install']
[0.139s] Level 1:colcon.colcon_core.package_identification:_identify(openarm_impedance) by extension 'ignore'
[0.139s] Level 1:colcon.colcon_core.package_identification:_identify(openarm_impedance) by extension 'ignore_ament_install'
[0.139s] Level 1:colcon.colcon_core.package_identification:_identify(openarm_impedance) by extensions ['colcon_pkg']
[0.139s] Level 1:colcon.colcon_core.package_identification:_identify(openarm_impedance) by extension 'colcon_pkg'
[0.139s] Level 1:colcon.colcon_core.package_identification:_identify(openarm_impedance) by extensions ['colcon_meta']
[0.139s] Level 1:colcon.colcon_core.package_identification:_identify(openarm_impedance) by extension 'colcon_meta'
[0.139s] Level 1:colcon.colcon_core.package_identification:_identify(openarm_impedance) by extensions ['ros']
[0.139s] Level 1:colcon.colcon_core.package_identification:_identify(openarm_impedance) by extension 'ros'
[0.139s] DEBUG:colcon.colcon_core.package_identification:Package 'openarm_impedance' with type 'ros.ament_cmake' and name 'openarm_impedance'
[0.140s] Level 1:colcon.colcon_core.package_identification:_identify(openarm_ros2) by extensions ['ignore', 'ignore_ament_install']
[0.140s] Level 1:colcon.colcon_core.package_identification:_identify(openarm_ros2) by extension 'ignore'
[0.140s] Level 1:colcon.colcon_core.package_identification:_identify(openarm_ros2) by extension 'ignore_ament_install'
[0.140s] Level 1:colcon.colcon_core.package_identification:_identify(openarm_ros2) by extensions ['colcon_pkg']
[0.140s] Level 1:colcon.colcon_core.package_identification:_identify(openarm_ros2) by extension 'colcon_pkg'
[0.140s] Level 1:colcon.colcon_core.package_identification:_identify(openarm_ros2) by extensions ['colcon_meta']
[0.140s] Level 1:colcon.colcon_core.package_identification:_identify(openarm_ros2) by extension 'colcon_meta'
[0.140s] Level 1:colcon.colcon_core.package_identification:_identify(openarm_ros2) by extensions ['ros']
[0.140s] Level 1:colcon.colcon_core.package_identification:_identify(openarm_ros2) by extension 'ros'
[0.140s] Level 1:colcon.colcon_core.package_identification:_identify(openarm_ros2) by extensions ['cmake', 'python']
[0.140s] Level 1:colcon.colcon_core.package_identification:_identify(openarm_ros2) by extension 'cmake'
[0.140s] Level 1:colcon.colcon_core.package_identification:_identify(openarm_ros2) by extension 'python'
[0.140s] Level 1:colcon.colcon_core.package_identification:_identify(openarm_ros2) by extensions ['python_setup_py']
[0.140s] Level 1:colcon.colcon_core.package_identification:_identify(openarm_ros2) by extension 'python_setup_py'
[0.140s] Level 1:colcon.colcon_core.package_identification:_identify(openarm_ros2/dev) by extensions ['ignore', 'ignore_ament_install']
[0.140s] Level 1:colcon.colcon_core.package_identification:_identify(openarm_ros2/dev) by extension 'ignore'
[0.140s] Level 1:colcon.colcon_core.package_identification:_identify(openarm_ros2/dev) by extension 'ignore_ament_install'
[0.140s] Level 1:colcon.colcon_core.package_identification:_identify(openarm_ros2/dev) by extensions ['colcon_pkg']
[0.140s] Level 1:colcon.colcon_core.package_identification:_identify(openarm_ros2/dev) by extension 'colcon_pkg'
[0.140s] Level 1:colcon.colcon_core.package_identification:_identify(openarm_ros2/dev) by extensions ['colcon_meta']
[0.140s] Level 1:colcon.colcon_core.package_identification:_identify(openarm_ros2/dev) by extension 'colcon_meta'
[0.140s] Level 1:colcon.colcon_core.package_identification:_identify(openarm_ros2/dev) by extensions ['ros']
[0.140s] Level 1:colcon.colcon_core.package_identification:_identify(openarm_ros2/dev) by extension 'ros'
[0.140s] Level 1:colcon.colcon_core.package_identification:_identify(openarm_ros2/dev) by extensions ['cmake', 'python']
[0.140s] Level 1:colcon.colcon_core.package_identification:_identify(openarm_ros2/dev) by extension 'cmake'
[0.140s] Level 1:colcon.colcon_core.package_identification:_identify(openarm_ros2/dev) by extension 'python'
[0.140s] Level 1:colcon.colcon_core.package_identification:_identify(openarm_ros2/dev) by extensions ['python_setup_py']
[0.140s] Level 1:colcon.colcon_core.package_identification:_identify(openarm_ros2/dev) by extension 'python_setup_py'
[0.140s] Level 1:colcon.colcon_core.package_identification:_identify(openarm_ros2/openarm) by extensions ['ignore', 'ignore_ament_install']
[0.140s] Level 1:colcon.colcon_core.package_identification:_identify(openarm_ros2/openarm) by extension 'ignore'
[0.140s] Level 1:colcon.colcon_core.package_identification:_identify(openarm_ros2/openarm) by extension 'ignore_ament_install'
[0.140s] Level 1:colcon.colcon_core.package_identification:_identify(openarm_ros2/openarm) by extensions ['colcon_pkg']
[0.140s] Level 1:colcon.colcon_core.package_identification:_identify(openarm_ros2/openarm) by extension 'colcon_pkg'
[0.140s] Level 1:colcon.colcon_core.package_identification:_identify(openarm_ros2/openarm) by extensions ['colcon_meta']
[0.140s] Level 1:colcon.colcon_core.package_identification:_identify(openarm_ros2/openarm) by extension 'colcon_meta'
[0.140s] Level 1:colcon.colcon_core.package_identification:_identify(openarm_ros2/openarm) by extensions ['ros']
[0.140s] Level 1:colcon.colcon_core.package_identification:_identify(openarm_ros2/openarm) by extension 'ros'
[0.141s] DEBUG:colcon.colcon_core.package_identification:Package 'openarm_ros2/openarm' with type 'ros.ament_cmake' and name 'openarm'
[0.141s] Level 1:colcon.colcon_core.package_identification:_identify(openarm_ros2/openarm_bimanual_moveit_config) by extensions ['ignore', 'ignore_ament_install']
[0.141s] Level 1:colcon.colcon_core.package_identification:_identify(openarm_ros2/openarm_bimanual_moveit_config) by extension 'ignore'
[0.141s] Level 1:colcon.colcon_core.package_identification:_identify(openarm_ros2/openarm_bimanual_moveit_config) by extension 'ignore_ament_install'
[0.141s] Level 1:colcon.colcon_core.package_identification:_identify(openarm_ros2/openarm_bimanual_moveit_config) by extensions ['colcon_pkg']
[0.141s] Level 1:colcon.colcon_core.package_identification:_identify(openarm_ros2/openarm_bimanual_moveit_config) by extension 'colcon_pkg'
[0.141s] Level 1:colcon.colcon_core.package_identification:_identify(openarm_ros2/openarm_bimanual_moveit_config) by extensions ['colcon_meta']
[0.141s] Level 1:colcon.colcon_core.package_identification:_identify(openarm_ros2/openarm_bimanual_moveit_config) by extension 'colcon_meta'
[0.141s] Level 1:colcon.colcon_core.package_identification:_identify(openarm_ros2/openarm_bimanual_moveit_config) by extensions ['ros']
[0.141s] Level 1:colcon.colcon_core.package_identification:_identify(openarm_ros2/openarm_bimanual_moveit_config) by extension 'ros'
[0.141s] DEBUG:colcon.colcon_core.package_identification:Package 'openarm_ros2/openarm_bimanual_moveit_config' with type 'ros.ament_cmake' and name 'openarm_bimanual_moveit_config'
[0.141s] Level 1:colcon.colcon_core.package_identification:_identify(openarm_ros2/openarm_bringup) by extensions ['ignore', 'ignore_ament_install']
[0.141s] Level 1:colcon.colcon_core.package_identification:_identify(openarm_ros2/openarm_bringup) by extension 'ignore'
[0.141s] Level 1:colcon.colcon_core.package_identification:_identify(openarm_ros2/openarm_bringup) by extension 'ignore_ament_install'
[0.141s] Level 1:colcon.colcon_core.package_identification:_identify(openarm_ros2/openarm_bringup) by extensions ['colcon_pkg']
[0.141s] Level 1:colcon.colcon_core.package_identification:_identify(openarm_ros2/openarm_bringup) by extension 'colcon_pkg'
[0.142s] Level 1:colcon.colcon_core.package_identification:_identify(openarm_ros2/openarm_bringup) by extensions ['colcon_meta']
[0.142s] Level 1:colcon.colcon_core.package_identification:_identify(openarm_ros2/openarm_bringup) by extension 'colcon_meta'
[0.142s] Level 1:colcon.colcon_core.package_identification:_identify(openarm_ros2/openarm_bringup) by extensions ['ros']
[0.142s] Level 1:colcon.colcon_core.package_identification:_identify(openarm_ros2/openarm_bringup) by extension 'ros'
[0.142s] DEBUG:colcon.colcon_core.package_identification:Package 'openarm_ros2/openarm_bringup' with type 'ros.ament_cmake' and name 'openarm_bringup'
[0.142s] Level 1:colcon.colcon_core.package_identification:_identify(openarm_ros2/openarm_hardware) by extensions ['ignore', 'ignore_ament_install']
[0.142s] Level 1:colcon.colcon_core.package_identification:_identify(openarm_ros2/openarm_hardware) by extension 'ignore'
[0.142s] Level 1:colcon.colcon_core.package_identification:_identify(openarm_ros2/openarm_hardware) by extension 'ignore_ament_install'
[0.142s] Level 1:colcon.colcon_core.package_identification:_identify(openarm_ros2/openarm_hardware) by extensions ['colcon_pkg']
[0.142s] Level 1:colcon.colcon_core.package_identification:_identify(openarm_ros2/openarm_hardware) by extension 'colcon_pkg'
[0.142s] Level 1:colcon.colcon_core.package_identification:_identify(openarm_ros2/openarm_hardware) by extensions ['colcon_meta']
[0.142s] Level 1:colcon.colcon_core.package_identification:_identify(openarm_ros2/openarm_hardware) by extension 'colcon_meta'
[0.142s] Level 1:colcon.colcon_core.package_identification:_identify(openarm_ros2/openarm_hardware) by extensions ['ros']
[0.142s] Level 1:colcon.colcon_core.package_identification:_identify(openarm_ros2/openarm_hardware) by extension 'ros'
[0.143s] DEBUG:colcon.colcon_core.package_identification:Package 'openarm_ros2/openarm_hardware' with type 'ros.ament_cmake' and name 'openarm_hardware'
[0.143s] Level 1:colcon.colcon_core.package_identification:_identify(rosbag_recorder) by extensions ['ignore', 'ignore_ament_install']
[0.143s] Level 1:colcon.colcon_core.package_identification:_identify(rosbag_recorder) by extension 'ignore'
[0.143s] Level 1:colcon.colcon_core.package_identification:_identify(rosbag_recorder) by extension 'ignore_ament_install'
[0.143s] Level 1:colcon.colcon_core.package_identification:_identify(rosbag_recorder) by extensions ['colcon_pkg']
[0.143s] Level 1:colcon.colcon_core.package_identification:_identify(rosbag_recorder) by extension 'colcon_pkg'
[0.143s] Level 1:colcon.colcon_core.package_identification:_identify(rosbag_recorder) by extensions ['colcon_meta']
[0.143s] Level 1:colcon.colcon_core.package_identification:_identify(rosbag_recorder) by extension 'colcon_meta'
[0.143s] Level 1:colcon.colcon_core.package_identification:_identify(rosbag_recorder) by extensions ['ros']
[0.143s] Level 1:colcon.colcon_core.package_identification:_identify(rosbag_recorder) by extension 'ros'
[0.143s] DEBUG:colcon.colcon_core.package_identification:Package 'rosbag_recorder' with type 'ros.ament_python' and name 'rosbag_recorder'
[0.143s] Level 1:colcon.colcon_core.package_identification:_identify(scripts) by extensions ['ignore', 'ignore_ament_install']
[0.143s] Level 1:colcon.colcon_core.package_identification:_identify(scripts) by extension 'ignore'
[0.143s] Level 1:colcon.colcon_core.package_identification:_identify(scripts) by extension 'ignore_ament_install'
[0.143s] Level 1:colcon.colcon_core.package_identification:_identify(scripts) by extensions ['colcon_pkg']
[0.143s] Level 1:colcon.colcon_core.package_identification:_identify(scripts) by extension 'colcon_pkg'
[0.143s] Level 1:colcon.colcon_core.package_identification:_identify(scripts) by extensions ['colcon_meta']
[0.143s] Level 1:colcon.colcon_core.package_identification:_identify(scripts) by extension 'colcon_meta'
[0.143s] Level 1:colcon.colcon_core.package_identification:_identify(scripts) by extensions ['ros']
[0.143s] Level 1:colcon.colcon_core.package_identification:_identify(scripts) by extension 'ros'
[0.143s] Level 1:colcon.colcon_core.package_identification:_identify(scripts) by extensions ['cmake', 'python']
[0.143s] Level 1:colcon.colcon_core.package_identification:_identify(scripts) by extension 'cmake'
[0.143s] Level 1:colcon.colcon_core.package_identification:_identify(scripts) by extension 'python'
[0.143s] Level 1:colcon.colcon_core.package_identification:_identify(scripts) by extensions ['python_setup_py']
[0.143s] Level 1:colcon.colcon_core.package_identification:_identify(scripts) by extension 'python_setup_py'
[0.144s] Level 1:colcon.colcon_core.package_identification:_identify(tests) by extensions ['ignore', 'ignore_ament_install']
[0.144s] Level 1:colcon.colcon_core.package_identification:_identify(tests) by extension 'ignore'
[0.144s] Level 1:colcon.colcon_core.package_identification:_identify(tests) by extension 'ignore_ament_install'
[0.144s] Level 1:colcon.colcon_core.package_identification:_identify(tests) by extensions ['colcon_pkg']
[0.144s] Level 1:colcon.colcon_core.package_identification:_identify(tests) by extension 'colcon_pkg'
[0.144s] Level 1:colcon.colcon_core.package_identification:_identify(tests) by extensions ['colcon_meta']
[0.144s] Level 1:colcon.colcon_core.package_identification:_identify(tests) by extension 'colcon_meta'
[0.144s] Level 1:colcon.colcon_core.package_identification:_identify(tests) by extensions ['ros']
[0.144s] Level 1:colcon.colcon_core.package_identification:_identify(tests) by extension 'ros'
[0.144s] Level 1:colcon.colcon_core.package_identification:_identify(tests) by extensions ['cmake', 'python']
[0.144s] Level 1:colcon.colcon_core.package_identification:_identify(tests) by extension 'cmake'
[0.144s] Level 1:colcon.colcon_core.package_identification:_identify(tests) by extension 'python'
[0.144s] Level 1:colcon.colcon_core.package_identification:_identify(tests) by extensions ['python_setup_py']
[0.144s] Level 1:colcon.colcon_core.package_identification:_identify(tests) by extension 'python_setup_py'
[0.144s] Level 1:colcon.colcon_core.package_identification:_identify(tests/action_wrappers) by extensions ['ignore', 'ignore_ament_install']
[0.144s] Level 1:colcon.colcon_core.package_identification:_identify(tests/action_wrappers) by extension 'ignore'
[0.144s] Level 1:colcon.colcon_core.package_identification:_identify(tests/action_wrappers) by extension 'ignore_ament_install'
[0.144s] Level 1:colcon.colcon_core.package_identification:_identify(tests/action_wrappers) by extensions ['colcon_pkg']
[0.144s] Level 1:colcon.colcon_core.package_identification:_identify(tests/action_wrappers) by extension 'colcon_pkg'
[0.144s] Level 1:colcon.colcon_core.package_identification:_identify(tests/action_wrappers) by extensions ['colcon_meta']
[0.144s] Level 1:colcon.colcon_core.package_identification:_identify(tests/action_wrappers) by extension 'colcon_meta'
[0.144s] Level 1:colcon.colcon_core.package_identification:_identify(tests/action_wrappers) by extensions ['ros']
[0.144s] Level 1:colcon.colcon_core.package_identification:_identify(tests/action_wrappers) by extension 'ros'
[0.144s] Level 1:colcon.colcon_core.package_identification:_identify(tests/action_wrappers) by extensions ['cmake', 'python']
[0.144s] Level 1:colcon.colcon_core.package_identification:_identify(tests/action_wrappers) by extension 'cmake'
[0.144s] Level 1:colcon.colcon_core.package_identification:_identify(tests/action_wrappers) by extension 'python'
[0.144s] Level 1:colcon.colcon_core.package_identification:_identify(tests/action_wrappers) by extensions ['python_setup_py']
[0.144s] Level 1:colcon.colcon_core.package_identification:_identify(tests/action_wrappers) by extension 'python_setup_py'
[0.144s] Level 1:colcon.colcon_core.package_discovery:discover_packages(recursive) using defaults
[0.144s] Level 1:colcon.colcon_core.package_discovery:discover_packages(ignore) discover
[0.144s] Level 1:colcon.colcon_core.package_discovery:discover_packages(ignore) using defaults
[0.144s] Level 1:colcon.colcon_core.package_discovery:discover_packages(path) discover
[0.144s] Level 1:colcon.colcon_core.package_discovery:discover_packages(path) using defaults
[0.159s] INFO:colcon.colcon_core.package_selection:Skipping not selected package 'cartesian_control_msgs' in 'cartesian_control_msgs'
[0.159s] INFO:colcon.colcon_core.package_selection:Skipping not selected package 'openarm_description' in 'openarm_description'
[0.159s] INFO:colcon.colcon_core.package_selection:Skipping not selected package 'openarm_hardware' in 'openarm_ros2/openarm_hardware'
[0.159s] INFO:colcon.colcon_core.package_selection:Skipping not selected package 'rosbag_recorder' in 'rosbag_recorder'
[0.159s] INFO:colcon.colcon_core.package_selection:Skipping not selected package 'openarm_bimanual_moveit_config' in 'openarm_ros2/openarm_bimanual_moveit_config'
[0.159s] INFO:colcon.colcon_core.package_selection:Skipping not selected package 'openarm_cartesian_control' in 'openarm_cartesian_control'
[0.159s] INFO:colcon.colcon_core.package_selection:Skipping not selected package 'openarm_bringup' in 'openarm_ros2/openarm_bringup'
[0.159s] INFO:colcon.colcon_core.package_selection:Skipping not selected package 'openarm' in 'openarm_ros2/openarm'
[0.159s] Level 5:colcon.colcon_core.verb:set package 'openarm_impedance' build argument 'cmake_args' from command line to 'None'
[0.159s] Level 5:colcon.colcon_core.verb:set package 'openarm_impedance' build argument 'cmake_target' from command line to 'None'
[0.159s] Level 5:colcon.colcon_core.verb:set package 'openarm_impedance' build argument 'cmake_target_skip_unavailable' from command line to 'False'
[0.159s] Level 5:colcon.colcon_core.verb:set package 'openarm_impedance' build argument 'cmake_clean_cache' from command line to 'False'
[0.159s] Level 5:colcon.colcon_core.verb:set package 'openarm_impedance' build argument 'cmake_clean_first' from command line to 'False'
[0.159s] Level 5:colcon.colcon_core.verb:set package 'openarm_impedance' build argument 'cmake_force_configure' from command line to 'False'
[0.159s] Level 5:colcon.colcon_core.verb:set package 'openarm_impedance' build argument 'ament_cmake_args' from command line to 'None'
[0.159s] Level 5:colcon.colcon_core.verb:set package 'openarm_impedance' build argument 'catkin_cmake_args' from command line to 'None'
[0.159s] Level 5:colcon.colcon_core.verb:set package 'openarm_impedance' build argument 'catkin_skip_building_tests' from command line to 'False'
[0.159s] DEBUG:colcon.colcon_core.verb:Building package 'openarm_impedance' with the following arguments: {'ament_cmake_args': None, 'build_base': '/openarm_ws/src/build/openarm_impedance', 'catkin_cmake_args': None, 'catkin_skip_building_tests': False, 'cmake_args': None, 'cmake_clean_cache': False, 'cmake_clean_first': False, 'cmake_force_configure': False, 'cmake_target': None, 'cmake_target_skip_unavailable': False, 'install_base': '/openarm_ws/src/install/openarm_impedance', 'merge_install': False, 'path': '/openarm_ws/src/openarm_impedance', 'symlink_install': False, 'test_result_base': None}
[0.159s] INFO:colcon.colcon_core.executor:Executing jobs using 'parallel' executor
[0.161s] DEBUG:colcon.colcon_parallel_executor.executor.parallel:run_until_complete
[0.161s] INFO:colcon.colcon_ros.task.ament_cmake.build:Building ROS package in '/openarm_ws/src/openarm_impedance' with build type 'ament_cmake'
[0.161s] INFO:colcon.colcon_cmake.task.cmake.build:Building CMake package in '/openarm_ws/src/openarm_impedance'
[0.163s] INFO:colcon.colcon_core.plugin_system:Skipping extension 'colcon_core.shell.bat': Not used on non-Windows systems
[0.163s] INFO:colcon.colcon_core.shell:Skip shell extension 'powershell' for command environment: Not usable outside of PowerShell
[0.163s] DEBUG:colcon.colcon_core.shell:Skip shell extension 'dsv' for command environment
[0.165s] ERROR:colcon.colcon_cmake.task.cmake.build:Failed to find the following files:
- /openarm_ws/src/install/openarm_hardware/share/openarm_hardware/package.sh
- /openarm_ws/src/install/rosbag_recorder/share/rosbag_recorder/package.sh
Check that the following packages have been built:
- openarm_hardware
- rosbag_recorder
[0.166s] Level 1:colcon.colcon_core.environment:create_environment_scripts_only(openarm_impedance)
[0.167s] Level 1:colcon.colcon_core.environment:checking '/openarm_ws/src/install/openarm_impedance' for CMake module files
[0.168s] Level 1:colcon.colcon_core.environment:checking '/openarm_ws/src/install/openarm_impedance' for CMake config files
[0.168s] Level 1:colcon.colcon_core.environment:checking '/openarm_ws/src/install/openarm_impedance/bin'
[0.168s] Level 1:colcon.colcon_core.environment:checking '/openarm_ws/src/install/openarm_impedance/lib/pkgconfig/openarm_impedance.pc'
[0.169s] Level 1:colcon.colcon_core.environment:checking '/openarm_ws/src/install/openarm_impedance/lib/python3.12/site-packages'
[0.169s] Level 1:colcon.colcon_core.environment:checking '/openarm_ws/src/install/openarm_impedance/bin'
[0.170s] INFO:colcon.colcon_core.shell:Creating package script '/openarm_ws/src/install/openarm_impedance/share/openarm_impedance/package.ps1'
[0.171s] INFO:colcon.colcon_core.shell:Creating package descriptor '/openarm_ws/src/install/openarm_impedance/share/openarm_impedance/package.dsv'
[0.171s] INFO:colcon.colcon_core.shell:Creating package script '/openarm_ws/src/install/openarm_impedance/share/openarm_impedance/package.sh'
[0.171s] INFO:colcon.colcon_core.shell:Creating package script '/openarm_ws/src/install/openarm_impedance/share/openarm_impedance/package.bash'
[0.172s] INFO:colcon.colcon_core.shell:Creating package script '/openarm_ws/src/install/openarm_impedance/share/openarm_impedance/package.zsh'
[0.172s] Level 1:colcon.colcon_core.environment:create_file_with_runtime_dependencies(/openarm_ws/src/install/openarm_impedance/share/colcon-core/packages/openarm_impedance)
[0.183s] DEBUG:colcon.colcon_parallel_executor.executor.parallel:closing loop
[0.183s] DEBUG:colcon.colcon_parallel_executor.executor.parallel:loop closed
[0.183s] DEBUG:colcon.colcon_parallel_executor.executor.parallel:run_until_complete finished with '1'
[0.183s] DEBUG:colcon.colcon_core.event_reactor:joining thread
[0.191s] INFO:colcon.colcon_core.plugin_system:Skipping extension 'colcon_notification.desktop_notification.notify_send': Could not find 'notify-send'
[0.192s] INFO:colcon.colcon_core.plugin_system:Skipping extension 'colcon_notification.desktop_notification.terminal_notifier': Not used on non-Darwin systems
[0.192s] INFO:colcon.colcon_core.plugin_system:Skipping extension 'colcon_notification.desktop_notification.win32': Not used on non-Windows systems
[0.192s] INFO:colcon.colcon_notification.desktop_notification:Sending desktop notification using 'notify2'
[0.196s] DEBUG:colcon.colcon_notification.desktop_notification.notify2:Failed to initialize notify2: org.freedesktop.DBus.Error.Spawn.ExecFailed: /usr/bin/dbus-launch terminated abnormally without any error message
[0.196s] DEBUG:colcon.colcon_core.event_reactor:joined thread
[0.197s] INFO:colcon.colcon_core.shell:Creating prefix script '/openarm_ws/src/install/local_setup.ps1'
[0.198s] INFO:colcon.colcon_core.shell:Creating prefix util module '/openarm_ws/src/install/_local_setup_util_ps1.py'
[0.199s] INFO:colcon.colcon_core.shell:Creating prefix chain script '/openarm_ws/src/install/setup.ps1'
[0.200s] INFO:colcon.colcon_core.shell:Creating prefix script '/openarm_ws/src/install/local_setup.sh'
[0.201s] INFO:colcon.colcon_core.shell:Creating prefix util module '/openarm_ws/src/install/_local_setup_util_sh.py'
[0.201s] INFO:colcon.colcon_core.shell:Creating prefix chain script '/openarm_ws/src/install/setup.sh'
[0.202s] INFO:colcon.colcon_core.shell:Creating prefix script '/openarm_ws/src/install/local_setup.bash'
[0.202s] INFO:colcon.colcon_core.shell:Creating prefix chain script '/openarm_ws/src/install/setup.bash'
[0.202s] INFO:colcon.colcon_core.shell:Creating prefix script '/openarm_ws/src/install/local_setup.zsh'
[0.203s] INFO:colcon.colcon_core.shell:Creating prefix chain script '/openarm_ws/src/install/setup.zsh'
