[0.017s] Invoking command in '/openarm_ws/src/build/openarm_impedance': AMENT_PREFIX_PATH=/openarm_ws/src/install/rosbag_recorder:/openarm_ws/src/install/openarm_hardware:${AMENT_PREFIX_PATH} CMAKE_PREFIX_PATH=/openarm_ws/src/install/openarm_hardware:/opt/ros/jazzy/opt/sdformat_vendor:/opt/ros/jazzy/opt/gz_math_vendor:/opt/ros/jazzy/opt/gz_utils_vendor:/opt/ros/jazzy/opt/gz_tools_vendor:/opt/ros/jazzy/opt/gz_cmake_vendor:/opt/ros/jazzy LD_LIBRARY_PATH=/openarm_ws/src/install/openarm_hardware/lib:${LD_LIBRARY_PATH} PYTHONPATH=/openarm_ws/src/install/rosbag_recorder/lib/python3.12/site-packages:${PYTHONPATH} /usr/bin/cmake --build /openarm_ws/src/build/openarm_impedance -- -j14 -l14
[0.150s] [ 33%] [32mBuilding CXX object CMakeFiles/openarm_impedance.dir/src/openarm_impedance_controller.cpp.o[0m
[7.363s] [01m[K/openarm_ws/src/openarm_impedance_control/src/openarm_impedance_controller.cpp:[m[K In member function ‘[01m[Kvirtual controller_interface::return_type openarm_impedance_control::OpenArmImpedanceController::[01;32m[Kupdate[m[K(const rclcpp::Time&, const rclcpp::Duration&)[m[K’:
[7.364s] [01m[K/openarm_ws/src/openarm_impedance_control/src/openarm_impedance_controller.cpp:204:17:[m[K [01;31m[Kerror: [m[Kno matching function for call to ‘[01m[Kopenarm_impedance_control::OpenArmImpedanceController::updateFeedback(Eigen::VectorXd&, Eigen::VectorXd&)[m[K’
[7.364s]   204 |   [01;31m[KupdateFeedback(q, dq)[m[K;
[7.364s]       |   [01;31m[K~~~~~~~~~~~~~~^~~~~~~[m[K
[7.364s] In file included from [01m[K/openarm_ws/src/openarm_impedance_control/src/openarm_impedance_controller.cpp:1[m[K:
[7.364s] [01m[K/openarm_ws/src/openarm_impedance_control/include/openarm_impedance_control/openarm_impedance_controller.hpp:76:8:[m[K [01;36m[Knote: [m[Kcandidate: ‘[01m[Kvoid openarm_impedance_control::OpenArmImpedanceController::[01;32m[KupdateFeedback[m[K()[m[K’
[7.364s]    76 |   void [01;36m[KupdateFeedback[m[K();
[7.364s]       |        [01;36m[K^~~~~~~~~~~~~~[m[K
[7.365s] [01m[K/openarm_ws/src/openarm_impedance_control/include/openarm_impedance_control/openarm_impedance_controller.hpp:76:8:[m[K [01;36m[Knote: [m[K  candidate expects 0 arguments, 2 provided
[7.382s] [01m[K/openarm_ws/src/openarm_impedance_control/src/openarm_impedance_controller.cpp:[m[K At global scope:
[7.382s] [01m[K/openarm_ws/src/openarm_impedance_control/src/openarm_impedance_controller.cpp:248:6:[m[K [01;31m[Kerror: [m[Kno declaration matches ‘[01m[Kvoid openarm_impedance_control::OpenArmImpedanceController::[01;32m[KupdateFeedback[m[K(const Eigen::VectorXd&, const Eigen::VectorXd&)[m[K’
[7.382s]   248 | void [01;31m[KOpenArmImpedanceController[m[K::updateFeedback(
[7.382s]       |      [01;31m[K^~~~~~~~~~~~~~~~~~~~~~~~~~[m[K
[7.383s] [01m[K/openarm_ws/src/openarm_impedance_control/include/openarm_impedance_control/openarm_impedance_controller.hpp:76:8:[m[K [01;36m[Knote: [m[Kcandidate is: ‘[01m[Kvoid openarm_impedance_control::OpenArmImpedanceController::[01;32m[KupdateFeedback[m[K()[m[K’
[7.383s]    76 |   void [01;36m[KupdateFeedback[m[K();
[7.383s]       |        [01;36m[K^~~~~~~~~~~~~~[m[K
[7.383s] [01m[K/openarm_ws/src/openarm_impedance_control/include/openarm_impedance_control/openarm_impedance_controller.hpp:22:7:[m[K [01;36m[Knote: [m[K‘[01m[Kclass openarm_impedance_control::OpenArmImpedanceController[m[K’ defined here
[7.383s]    22 | class [01;36m[KOpenArmImpedanceController[m[K : public controller_interface::ControllerInterface {
[7.383s]       |       [01;36m[K^~~~~~~~~~~~~~~~~~~~~~~~~~[m[K
[10.474s] gmake[2]: *** [CMakeFiles/openarm_impedance.dir/build.make:90: CMakeFiles/openarm_impedance.dir/src/openarm_impedance_controller.cpp.o] Error 1
[10.474s] gmake[1]: *** [CMakeFiles/Makefile2:137: CMakeFiles/openarm_impedance.dir/all] Error 2
[10.475s] gmake: *** [Makefile:146: all] Error 2
[10.479s] Invoked command in '/openarm_ws/src/build/openarm_impedance' returned '2': AMENT_PREFIX_PATH=/openarm_ws/src/install/rosbag_recorder:/openarm_ws/src/install/openarm_hardware:${AMENT_PREFIX_PATH} CMAKE_PREFIX_PATH=/openarm_ws/src/install/openarm_hardware:/opt/ros/jazzy/opt/sdformat_vendor:/opt/ros/jazzy/opt/gz_math_vendor:/opt/ros/jazzy/opt/gz_utils_vendor:/opt/ros/jazzy/opt/gz_tools_vendor:/opt/ros/jazzy/opt/gz_cmake_vendor:/opt/ros/jazzy LD_LIBRARY_PATH=/openarm_ws/src/install/openarm_hardware/lib:${LD_LIBRARY_PATH} PYTHONPATH=/openarm_ws/src/install/rosbag_recorder/lib/python3.12/site-packages:${PYTHONPATH} /usr/bin/cmake --build /openarm_ws/src/build/openarm_impedance -- -j14 -l14
