[0.018s] Invoking command in '/openarm_ws/src/build/openarm_cartesian_control': AMENT_PREFIX_PATH=/openarm_ws/src/install/rosbag_recorder:/openarm_ws/src/install/openarm_hardware:/openarm_ws/src/install/cartesian_control_msgs:${AMENT_PREFIX_PATH} CMAKE_PREFIX_PATH=/openarm_ws/src/install/openarm_hardware:/openarm_ws/src/install/cartesian_control_msgs:/opt/ros/jazzy/opt/sdformat_vendor:/opt/ros/jazzy/opt/gz_math_vendor:/opt/ros/jazzy/opt/gz_utils_vendor:/opt/ros/jazzy/opt/gz_tools_vendor:/opt/ros/jazzy/opt/gz_cmake_vendor:/opt/ros/jazzy LD_LIBRARY_PATH=/openarm_ws/src/install/openarm_hardware/lib:/openarm_ws/src/install/cartesian_control_msgs/lib:${LD_LIBRARY_PATH} PYTHONPATH=/openarm_ws/src/install/rosbag_recorder/lib/python3.12/site-packages:/openarm_ws/src/install/cartesian_control_msgs/lib/python3.12/site-packages:${PYTHONPATH} /usr/bin/cmake --build /openarm_ws/src/build/openarm_cartesian_control -- -j14 -l14
[0.115s] [100%] Built target openarm_cartesian_control
[0.130s] Invoked command in '/openarm_ws/src/build/openarm_cartesian_control' returned '0': AMENT_PREFIX_PATH=/openarm_ws/src/install/rosbag_recorder:/openarm_ws/src/install/openarm_hardware:/openarm_ws/src/install/cartesian_control_msgs:${AMENT_PREFIX_PATH} CMAKE_PREFIX_PATH=/openarm_ws/src/install/openarm_hardware:/openarm_ws/src/install/cartesian_control_msgs:/opt/ros/jazzy/opt/sdformat_vendor:/opt/ros/jazzy/opt/gz_math_vendor:/opt/ros/jazzy/opt/gz_utils_vendor:/opt/ros/jazzy/opt/gz_tools_vendor:/opt/ros/jazzy/opt/gz_cmake_vendor:/opt/ros/jazzy LD_LIBRARY_PATH=/openarm_ws/src/install/openarm_hardware/lib:/openarm_ws/src/install/cartesian_control_msgs/lib:${LD_LIBRARY_PATH} PYTHONPATH=/openarm_ws/src/install/rosbag_recorder/lib/python3.12/site-packages:/openarm_ws/src/install/cartesian_control_msgs/lib/python3.12/site-packages:${PYTHONPATH} /usr/bin/cmake --build /openarm_ws/src/build/openarm_cartesian_control -- -j14 -l14
[0.131s] Invoking command in '/openarm_ws/src/build/openarm_cartesian_control': AMENT_PREFIX_PATH=/openarm_ws/src/install/rosbag_recorder:/openarm_ws/src/install/openarm_hardware:/openarm_ws/src/install/cartesian_control_msgs:${AMENT_PREFIX_PATH} CMAKE_PREFIX_PATH=/openarm_ws/src/install/openarm_hardware:/openarm_ws/src/install/cartesian_control_msgs:/opt/ros/jazzy/opt/sdformat_vendor:/opt/ros/jazzy/opt/gz_math_vendor:/opt/ros/jazzy/opt/gz_utils_vendor:/opt/ros/jazzy/opt/gz_tools_vendor:/opt/ros/jazzy/opt/gz_cmake_vendor:/opt/ros/jazzy LD_LIBRARY_PATH=/openarm_ws/src/install/openarm_hardware/lib:/openarm_ws/src/install/cartesian_control_msgs/lib:${LD_LIBRARY_PATH} PYTHONPATH=/openarm_ws/src/install/rosbag_recorder/lib/python3.12/site-packages:/openarm_ws/src/install/cartesian_control_msgs/lib/python3.12/site-packages:${PYTHONPATH} /usr/bin/cmake --install /openarm_ws/src/build/openarm_cartesian_control
[0.140s] -- Install configuration: ""
[0.141s] -- Up-to-date: /openarm_ws/src/install/openarm_cartesian_control/share/openarm_cartesian_control/openarm_cartesian_control_plugins.xml
[0.141s] -- Up-to-date: /openarm_ws/src/install/openarm_cartesian_control/lib/libopenarm_cartesian_control.so
[0.142s] -- Up-to-date: /openarm_ws/src/install/openarm_cartesian_control/include
[0.142s] -- Up-to-date: /openarm_ws/src/install/openarm_cartesian_control/include/openarm_cartesian_control
[0.142s] -- Up-to-date: /openarm_ws/src/install/openarm_cartesian_control/include/openarm_cartesian_control/openarm_cartesian_controller.hpp
[0.142s] -- Up-to-date: /openarm_ws/src/install/openarm_cartesian_control/include/openarm_cartesian_control/cartesian_impedance.hpp
[0.142s] -- Up-to-date: /openarm_ws/src/install/openarm_cartesian_control/include/openarm_ros2
[0.142s] -- Up-to-date: /openarm_ws/src/install/openarm_cartesian_control/include/openarm_ros2/openarm_hardware
[0.142s] -- Up-to-date: /openarm_ws/src/install/openarm_cartesian_control/include/openarm_ros2/openarm_hardware/src
[0.142s] -- Up-to-date: /openarm_ws/src/install/openarm_cartesian_control/share/openarm_cartesian_control/launch
[0.143s] -- Up-to-date: /openarm_ws/src/install/openarm_cartesian_control/share/openarm_cartesian_control/launch/openarm_cartesian_control.launch.py
[0.143s] -- Up-to-date: /openarm_ws/src/install/openarm_cartesian_control/share/openarm_cartesian_control/config
[0.143s] -- Up-to-date: /openarm_ws/src/install/openarm_cartesian_control/share/openarm_cartesian_control/config/openarm_cartesian_controllers.yaml
[0.143s] -- Up-to-date: /openarm_ws/src/install/openarm_cartesian_control/share/ament_index/resource_index/package_run_dependencies/openarm_cartesian_control
[0.143s] -- Up-to-date: /openarm_ws/src/install/openarm_cartesian_control/share/ament_index/resource_index/parent_prefix_path/openarm_cartesian_control
[0.143s] -- Up-to-date: /openarm_ws/src/install/openarm_cartesian_control/share/openarm_cartesian_control/environment/ament_prefix_path.sh
[0.143s] -- Up-to-date: /openarm_ws/src/install/openarm_cartesian_control/share/openarm_cartesian_control/environment/ament_prefix_path.dsv
[0.143s] -- Up-to-date: /openarm_ws/src/install/openarm_cartesian_control/share/openarm_cartesian_control/environment/path.sh
[0.143s] -- Up-to-date: /openarm_ws/src/install/openarm_cartesian_control/share/openarm_cartesian_control/environment/path.dsv
[0.143s] -- Up-to-date: /openarm_ws/src/install/openarm_cartesian_control/share/openarm_cartesian_control/local_setup.bash
[0.143s] -- Up-to-date: /openarm_ws/src/install/openarm_cartesian_control/share/openarm_cartesian_control/local_setup.sh
[0.143s] -- Up-to-date: /openarm_ws/src/install/openarm_cartesian_control/share/openarm_cartesian_control/local_setup.zsh
[0.143s] -- Up-to-date: /openarm_ws/src/install/openarm_cartesian_control/share/openarm_cartesian_control/local_setup.dsv
[0.143s] -- Installing: /openarm_ws/src/install/openarm_cartesian_control/share/openarm_cartesian_control/package.dsv
[0.144s] -- Up-to-date: /openarm_ws/src/install/openarm_cartesian_control/share/ament_index/resource_index/packages/openarm_cartesian_control
[0.144s] -- Up-to-date: /openarm_ws/src/install/openarm_cartesian_control/share/ament_index/resource_index/controller_interface__pluginlib__plugin/openarm_cartesian_control
[0.144s] -- Up-to-date: /openarm_ws/src/install/openarm_cartesian_control/share/openarm_cartesian_control/cmake/openarm_cartesian_controlConfig.cmake
[0.144s] -- Up-to-date: /openarm_ws/src/install/openarm_cartesian_control/share/openarm_cartesian_control/cmake/openarm_cartesian_controlConfig-version.cmake
[0.144s] -- Up-to-date: /openarm_ws/src/install/openarm_cartesian_control/share/openarm_cartesian_control/package.xml
[0.145s] Invoked command in '/openarm_ws/src/build/openarm_cartesian_control' returned '0': AMENT_PREFIX_PATH=/openarm_ws/src/install/rosbag_recorder:/openarm_ws/src/install/openarm_hardware:/openarm_ws/src/install/cartesian_control_msgs:${AMENT_PREFIX_PATH} CMAKE_PREFIX_PATH=/openarm_ws/src/install/openarm_hardware:/openarm_ws/src/install/cartesian_control_msgs:/opt/ros/jazzy/opt/sdformat_vendor:/opt/ros/jazzy/opt/gz_math_vendor:/opt/ros/jazzy/opt/gz_utils_vendor:/opt/ros/jazzy/opt/gz_tools_vendor:/opt/ros/jazzy/opt/gz_cmake_vendor:/opt/ros/jazzy LD_LIBRARY_PATH=/openarm_ws/src/install/openarm_hardware/lib:/openarm_ws/src/install/cartesian_control_msgs/lib:${LD_LIBRARY_PATH} PYTHONPATH=/openarm_ws/src/install/rosbag_recorder/lib/python3.12/site-packages:/openarm_ws/src/install/cartesian_control_msgs/lib/python3.12/site-packages:${PYTHONPATH} /usr/bin/cmake --install /openarm_ws/src/build/openarm_cartesian_control
