[0.218s] Invoking command in '/openarm_ws/src/build/cartesian_control_msgs': CMAKE_PREFIX_PATH=${CMAKE_PREFIX_PATH}:/opt/ros/jazzy /usr/bin/cmake --build /openarm_ws/src/build/cartesian_control_msgs -- -j14 -l14
[0.297s] [  1%] Built target cartesian_control_msgs__rosidl_generator_type_description
[0.297s] [  2%] Built target cartesian_control_msgs__rs
[0.298s] [  2%] Built target ament_cmake_python_copy_cartesian_control_msgs
[0.302s] [  4%] Built target cartesian_control_msgs__cpp
[0.319s] [ 26%] Built target cartesian_control_msgs__rosidl_generator_c
[0.373s] [ 36%] Built target cartesian_control_msgs__rosidl_typesupport_c
[0.374s] [ 45%] Built target cartesian_control_msgs__rosidl_typesupport_introspection_c
[0.376s] [ 64%] Built target cartesian_control_msgs__rosidl_typesupport_cpp
[0.376s] [ 64%] Built target cartesian_control_msgs__rosidl_typesupport_fastrtps_c
[0.377s] [ 73%] Built target cartesian_control_msgs__rosidl_typesupport_fastrtps_cpp
[0.377s] [ 82%] Built target cartesian_control_msgs__rosidl_typesupport_introspection_cpp
[0.388s] [ 82%] Built target cartesian_control_msgs
[0.409s] [ 84%] Built target cartesian_control_msgs__py
[0.445s] [ 92%] Built target cartesian_control_msgs__rosidl_generator_py
[0.470s] running egg_info
[0.477s] [ 94%] Built target cartesian_control_msgs_s__rosidl_typesupport_introspection_c
[0.480s] [ 97%] Built target cartesian_control_msgs_s__rosidl_typesupport_fastrtps_c
[0.481s] [100%] Built target cartesian_control_msgs_s__rosidl_typesupport_c
[0.482s] writing cartesian_control_msgs.egg-info/PKG-INFO
[0.482s] writing dependency_links to cartesian_control_msgs.egg-info/dependency_links.txt
[0.482s] writing top-level names to cartesian_control_msgs.egg-info/top_level.txt
[0.514s] reading manifest file 'cartesian_control_msgs.egg-info/SOURCES.txt'
[0.515s] writing manifest file 'cartesian_control_msgs.egg-info/SOURCES.txt'
[0.564s] [100%] Built target ament_cmake_python_build_cartesian_control_msgs_egg
[0.580s] Invoked command in '/openarm_ws/src/build/cartesian_control_msgs' returned '0': CMAKE_PREFIX_PATH=${CMAKE_PREFIX_PATH}:/opt/ros/jazzy /usr/bin/cmake --build /openarm_ws/src/build/cartesian_control_msgs -- -j14 -l14
[0.582s] Invoking command in '/openarm_ws/src/build/cartesian_control_msgs': CMAKE_PREFIX_PATH=${CMAKE_PREFIX_PATH}:/opt/ros/jazzy /usr/bin/cmake --install /openarm_ws/src/build/cartesian_control_msgs
[0.592s] -- Install configuration: ""
[0.592s] -- Up-to-date: /openarm_ws/src/install/cartesian_control_msgs/share/ament_index/resource_index/rosidl_interfaces/cartesian_control_msgs
[0.592s] -- Up-to-date: /openarm_ws/src/install/cartesian_control_msgs/share/cartesian_control_msgs/action/FollowCartesianTrajectory.json
[0.592s] -- Up-to-date: /openarm_ws/src/install/cartesian_control_msgs/share/cartesian_control_msgs/msg/CartesianPosture.json
[0.593s] -- Up-to-date: /openarm_ws/src/install/cartesian_control_msgs/share/cartesian_control_msgs/msg/CartesianTolerance.json
[0.593s] -- Up-to-date: /openarm_ws/src/install/cartesian_control_msgs/share/cartesian_control_msgs/msg/CartesianTrajectory.json
[0.593s] -- Up-to-date: /openarm_ws/src/install/cartesian_control_msgs/share/cartesian_control_msgs/msg/CartesianTrajectoryPoint.json
[0.593s] -- Up-to-date: /openarm_ws/src/install/cartesian_control_msgs/include/cartesian_control_msgs/cartesian_control_msgs
[0.593s] -- Up-to-date: /openarm_ws/src/install/cartesian_control_msgs/include/cartesian_control_msgs/cartesian_control_msgs/action
[0.593s] -- Up-to-date: /openarm_ws/src/install/cartesian_control_msgs/include/cartesian_control_msgs/cartesian_control_msgs/action/follow_cartesian_trajectory.h
[0.594s] -- Up-to-date: /openarm_ws/src/install/cartesian_control_msgs/include/cartesian_control_msgs/cartesian_control_msgs/action/detail
[0.594s] -- Up-to-date: /openarm_ws/src/install/cartesian_control_msgs/include/cartesian_control_msgs/cartesian_control_msgs/action/detail/follow_cartesian_trajectory__functions.c
[0.594s] -- Up-to-date: /openarm_ws/src/install/cartesian_control_msgs/include/cartesian_control_msgs/cartesian_control_msgs/action/detail/follow_cartesian_trajectory__description.c
[0.594s] -- Up-to-date: /openarm_ws/src/install/cartesian_control_msgs/include/cartesian_control_msgs/cartesian_control_msgs/action/detail/follow_cartesian_trajectory__type_support.h
[0.594s] -- Up-to-date: /openarm_ws/src/install/cartesian_control_msgs/include/cartesian_control_msgs/cartesian_control_msgs/action/detail/follow_cartesian_trajectory__type_support.c
[0.594s] -- Up-to-date: /openarm_ws/src/install/cartesian_control_msgs/include/cartesian_control_msgs/cartesian_control_msgs/action/detail/follow_cartesian_trajectory__struct.h
[0.595s] -- Up-to-date: /openarm_ws/src/install/cartesian_control_msgs/include/cartesian_control_msgs/cartesian_control_msgs/action/detail/follow_cartesian_trajectory__functions.h
[0.595s] -- Up-to-date: /openarm_ws/src/install/cartesian_control_msgs/include/cartesian_control_msgs/cartesian_control_msgs/msg
[0.595s] -- Up-to-date: /openarm_ws/src/install/cartesian_control_msgs/include/cartesian_control_msgs/cartesian_control_msgs/msg/rosidl_generator_c__visibility_control.h
[0.595s] -- Up-to-date: /openarm_ws/src/install/cartesian_control_msgs/include/cartesian_control_msgs/cartesian_control_msgs/msg/cartesian_posture.h
[0.595s] -- Up-to-date: /openarm_ws/src/install/cartesian_control_msgs/include/cartesian_control_msgs/cartesian_control_msgs/msg/cartesian_trajectory.h
[0.596s] -- Up-to-date: /openarm_ws/src/install/cartesian_control_msgs/include/cartesian_control_msgs/cartesian_control_msgs/msg/cartesian_trajectory_point.h
[0.596s] -- Up-to-date: /openarm_ws/src/install/cartesian_control_msgs/include/cartesian_control_msgs/cartesian_control_msgs/msg/cartesian_tolerance.h
[0.596s] -- Up-to-date: /openarm_ws/src/install/cartesian_control_msgs/include/cartesian_control_msgs/cartesian_control_msgs/msg/detail
[0.596s] -- Up-to-date: /openarm_ws/src/install/cartesian_control_msgs/include/cartesian_control_msgs/cartesian_control_msgs/msg/detail/cartesian_posture__functions.h
[0.596s] -- Up-to-date: /openarm_ws/src/install/cartesian_control_msgs/include/cartesian_control_msgs/cartesian_control_msgs/msg/detail/cartesian_trajectory__description.c
[0.597s] -- Up-to-date: /openarm_ws/src/install/cartesian_control_msgs/include/cartesian_control_msgs/cartesian_control_msgs/msg/detail/cartesian_trajectory_point__struct.h
[0.597s] -- Up-to-date: /openarm_ws/src/install/cartesian_control_msgs/include/cartesian_control_msgs/cartesian_control_msgs/msg/detail/cartesian_tolerance__functions.c
[0.597s] -- Up-to-date: /openarm_ws/src/install/cartesian_control_msgs/include/cartesian_control_msgs/cartesian_control_msgs/msg/detail/cartesian_trajectory__functions.c
[0.597s] -- Up-to-date: /openarm_ws/src/install/cartesian_control_msgs/include/cartesian_control_msgs/cartesian_control_msgs/msg/detail/cartesian_trajectory__type_support.h
[0.597s] -- Up-to-date: /openarm_ws/src/install/cartesian_control_msgs/include/cartesian_control_msgs/cartesian_control_msgs/msg/detail/cartesian_trajectory_point__functions.c
[0.597s] -- Up-to-date: /openarm_ws/src/install/cartesian_control_msgs/include/cartesian_control_msgs/cartesian_control_msgs/msg/detail/cartesian_posture__functions.c
[0.598s] -- Up-to-date: /openarm_ws/src/install/cartesian_control_msgs/include/cartesian_control_msgs/cartesian_control_msgs/msg/detail/cartesian_tolerance__type_support.c
[0.598s] -- Up-to-date: /openarm_ws/src/install/cartesian_control_msgs/include/cartesian_control_msgs/cartesian_control_msgs/msg/detail/cartesian_trajectory_point__type_support.h
[0.598s] -- Up-to-date: /openarm_ws/src/install/cartesian_control_msgs/include/cartesian_control_msgs/cartesian_control_msgs/msg/detail/cartesian_tolerance__description.c
[0.598s] -- Up-to-date: /openarm_ws/src/install/cartesian_control_msgs/include/cartesian_control_msgs/cartesian_control_msgs/msg/detail/cartesian_posture__struct.h
[0.598s] -- Up-to-date: /openarm_ws/src/install/cartesian_control_msgs/include/cartesian_control_msgs/cartesian_control_msgs/msg/detail/cartesian_trajectory_point__type_support.c
[0.598s] -- Up-to-date: /openarm_ws/src/install/cartesian_control_msgs/include/cartesian_control_msgs/cartesian_control_msgs/msg/detail/cartesian_trajectory_point__description.c
[0.599s] -- Up-to-date: /openarm_ws/src/install/cartesian_control_msgs/include/cartesian_control_msgs/cartesian_control_msgs/msg/detail/cartesian_posture__description.c
[0.599s] -- Up-to-date: /openarm_ws/src/install/cartesian_control_msgs/include/cartesian_control_msgs/cartesian_control_msgs/msg/detail/cartesian_tolerance__functions.h
[0.599s] -- Up-to-date: /openarm_ws/src/install/cartesian_control_msgs/include/cartesian_control_msgs/cartesian_control_msgs/msg/detail/cartesian_trajectory__struct.h
[0.599s] -- Up-to-date: /openarm_ws/src/install/cartesian_control_msgs/include/cartesian_control_msgs/cartesian_control_msgs/msg/detail/cartesian_trajectory__functions.h
[0.599s] -- Up-to-date: /openarm_ws/src/install/cartesian_control_msgs/include/cartesian_control_msgs/cartesian_control_msgs/msg/detail/cartesian_posture__type_support.h
[0.599s] -- Up-to-date: /openarm_ws/src/install/cartesian_control_msgs/include/cartesian_control_msgs/cartesian_control_msgs/msg/detail/cartesian_trajectory__type_support.c
[0.600s] -- Up-to-date: /openarm_ws/src/install/cartesian_control_msgs/include/cartesian_control_msgs/cartesian_control_msgs/msg/detail/cartesian_posture__type_support.c
[0.600s] -- Up-to-date: /openarm_ws/src/install/cartesian_control_msgs/include/cartesian_control_msgs/cartesian_control_msgs/msg/detail/cartesian_tolerance__type_support.h
[0.600s] -- Up-to-date: /openarm_ws/src/install/cartesian_control_msgs/include/cartesian_control_msgs/cartesian_control_msgs/msg/detail/cartesian_trajectory_point__functions.h
[0.600s] -- Up-to-date: /openarm_ws/src/install/cartesian_control_msgs/include/cartesian_control_msgs/cartesian_control_msgs/msg/detail/cartesian_tolerance__struct.h
[0.600s] -- Up-to-date: /openarm_ws/src/install/cartesian_control_msgs/share/cartesian_control_msgs/environment/library_path.sh
[0.600s] -- Up-to-date: /openarm_ws/src/install/cartesian_control_msgs/share/cartesian_control_msgs/environment/library_path.dsv
[0.600s] -- Up-to-date: /openarm_ws/src/install/cartesian_control_msgs/lib/libcartesian_control_msgs__rosidl_generator_c.so
[0.600s] -- Up-to-date: /openarm_ws/src/install/cartesian_control_msgs/include/cartesian_control_msgs/cartesian_control_msgs
[0.601s] -- Up-to-date: /openarm_ws/src/install/cartesian_control_msgs/include/cartesian_control_msgs/cartesian_control_msgs/action
[0.601s] -- Up-to-date: /openarm_ws/src/install/cartesian_control_msgs/include/cartesian_control_msgs/cartesian_control_msgs/action/detail
[0.601s] -- Up-to-date: /openarm_ws/src/install/cartesian_control_msgs/include/cartesian_control_msgs/cartesian_control_msgs/action/detail/follow_cartesian_trajectory__rosidl_typesupport_fastrtps_c.h
[0.601s] -- Up-to-date: /openarm_ws/src/install/cartesian_control_msgs/include/cartesian_control_msgs/cartesian_control_msgs/msg
[0.601s] -- Up-to-date: /openarm_ws/src/install/cartesian_control_msgs/include/cartesian_control_msgs/cartesian_control_msgs/msg/detail
[0.601s] -- Up-to-date: /openarm_ws/src/install/cartesian_control_msgs/include/cartesian_control_msgs/cartesian_control_msgs/msg/detail/cartesian_trajectory_point__rosidl_typesupport_fastrtps_c.h
[0.601s] -- Up-to-date: /openarm_ws/src/install/cartesian_control_msgs/include/cartesian_control_msgs/cartesian_control_msgs/msg/detail/cartesian_posture__rosidl_typesupport_fastrtps_c.h
[0.602s] -- Up-to-date: /openarm_ws/src/install/cartesian_control_msgs/include/cartesian_control_msgs/cartesian_control_msgs/msg/detail/cartesian_trajectory__rosidl_typesupport_fastrtps_c.h
[0.602s] -- Up-to-date: /openarm_ws/src/install/cartesian_control_msgs/include/cartesian_control_msgs/cartesian_control_msgs/msg/detail/cartesian_tolerance__rosidl_typesupport_fastrtps_c.h
[0.602s] -- Up-to-date: /openarm_ws/src/install/cartesian_control_msgs/include/cartesian_control_msgs/cartesian_control_msgs/msg/rosidl_typesupport_fastrtps_c__visibility_control.h
[0.602s] -- Up-to-date: /openarm_ws/src/install/cartesian_control_msgs/lib/libcartesian_control_msgs__rosidl_typesupport_fastrtps_c.so
[0.602s] -- Up-to-date: /openarm_ws/src/install/cartesian_control_msgs/include/cartesian_control_msgs/cartesian_control_msgs
[0.602s] -- Up-to-date: /openarm_ws/src/install/cartesian_control_msgs/include/cartesian_control_msgs/cartesian_control_msgs/action
[0.602s] -- Up-to-date: /openarm_ws/src/install/cartesian_control_msgs/include/cartesian_control_msgs/cartesian_control_msgs/action/follow_cartesian_trajectory.hpp
[0.603s] -- Up-to-date: /openarm_ws/src/install/cartesian_control_msgs/include/cartesian_control_msgs/cartesian_control_msgs/action/detail
[0.603s] -- Up-to-date: /openarm_ws/src/install/cartesian_control_msgs/include/cartesian_control_msgs/cartesian_control_msgs/action/detail/follow_cartesian_trajectory__builder.hpp
[0.603s] -- Up-to-date: /openarm_ws/src/install/cartesian_control_msgs/include/cartesian_control_msgs/cartesian_control_msgs/action/detail/follow_cartesian_trajectory__traits.hpp
[0.603s] -- Up-to-date: /openarm_ws/src/install/cartesian_control_msgs/include/cartesian_control_msgs/cartesian_control_msgs/action/detail/follow_cartesian_trajectory__type_support.hpp
[0.603s] -- Up-to-date: /openarm_ws/src/install/cartesian_control_msgs/include/cartesian_control_msgs/cartesian_control_msgs/action/detail/follow_cartesian_trajectory__struct.hpp
[0.603s] -- Up-to-date: /openarm_ws/src/install/cartesian_control_msgs/include/cartesian_control_msgs/cartesian_control_msgs/msg
[0.603s] -- Up-to-date: /openarm_ws/src/install/cartesian_control_msgs/include/cartesian_control_msgs/cartesian_control_msgs/msg/cartesian_trajectory_point.hpp
[0.603s] -- Up-to-date: /openarm_ws/src/install/cartesian_control_msgs/include/cartesian_control_msgs/cartesian_control_msgs/msg/cartesian_trajectory.hpp
[0.604s] -- Up-to-date: /openarm_ws/src/install/cartesian_control_msgs/include/cartesian_control_msgs/cartesian_control_msgs/msg/rosidl_generator_cpp__visibility_control.hpp
[0.604s] -- Up-to-date: /openarm_ws/src/install/cartesian_control_msgs/include/cartesian_control_msgs/cartesian_control_msgs/msg/detail
[0.604s] -- Up-to-date: /openarm_ws/src/install/cartesian_control_msgs/include/cartesian_control_msgs/cartesian_control_msgs/msg/detail/cartesian_posture__struct.hpp
[0.604s] -- Up-to-date: /openarm_ws/src/install/cartesian_control_msgs/include/cartesian_control_msgs/cartesian_control_msgs/msg/detail/cartesian_tolerance__traits.hpp
[0.604s] -- Up-to-date: /openarm_ws/src/install/cartesian_control_msgs/include/cartesian_control_msgs/cartesian_control_msgs/msg/detail/cartesian_tolerance__struct.hpp
[0.604s] -- Up-to-date: /openarm_ws/src/install/cartesian_control_msgs/include/cartesian_control_msgs/cartesian_control_msgs/msg/detail/cartesian_trajectory_point__struct.hpp
[0.604s] -- Up-to-date: /openarm_ws/src/install/cartesian_control_msgs/include/cartesian_control_msgs/cartesian_control_msgs/msg/detail/cartesian_tolerance__type_support.hpp
[0.604s] -- Up-to-date: /openarm_ws/src/install/cartesian_control_msgs/include/cartesian_control_msgs/cartesian_control_msgs/msg/detail/cartesian_trajectory__type_support.hpp
[0.605s] -- Up-to-date: /openarm_ws/src/install/cartesian_control_msgs/include/cartesian_control_msgs/cartesian_control_msgs/msg/detail/cartesian_trajectory__builder.hpp
[0.605s] -- Up-to-date: /openarm_ws/src/install/cartesian_control_msgs/include/cartesian_control_msgs/cartesian_control_msgs/msg/detail/cartesian_trajectory_point__builder.hpp
[0.605s] -- Up-to-date: /openarm_ws/src/install/cartesian_control_msgs/include/cartesian_control_msgs/cartesian_control_msgs/msg/detail/cartesian_trajectory__traits.hpp
[0.605s] -- Up-to-date: /openarm_ws/src/install/cartesian_control_msgs/include/cartesian_control_msgs/cartesian_control_msgs/msg/detail/cartesian_trajectory_point__type_support.hpp
[0.605s] -- Up-to-date: /openarm_ws/src/install/cartesian_control_msgs/include/cartesian_control_msgs/cartesian_control_msgs/msg/detail/cartesian_trajectory_point__traits.hpp
[0.605s] -- Up-to-date: /openarm_ws/src/install/cartesian_control_msgs/include/cartesian_control_msgs/cartesian_control_msgs/msg/detail/cartesian_posture__builder.hpp
[0.605s] -- Up-to-date: /openarm_ws/src/install/cartesian_control_msgs/include/cartesian_control_msgs/cartesian_control_msgs/msg/detail/cartesian_trajectory__struct.hpp
[0.605s] -- Up-to-date: /openarm_ws/src/install/cartesian_control_msgs/include/cartesian_control_msgs/cartesian_control_msgs/msg/detail/cartesian_tolerance__builder.hpp
[0.606s] -- Up-to-date: /openarm_ws/src/install/cartesian_control_msgs/include/cartesian_control_msgs/cartesian_control_msgs/msg/detail/cartesian_posture__type_support.hpp
[0.606s] -- Up-to-date: /openarm_ws/src/install/cartesian_control_msgs/include/cartesian_control_msgs/cartesian_control_msgs/msg/detail/cartesian_posture__traits.hpp
[0.606s] -- Up-to-date: /openarm_ws/src/install/cartesian_control_msgs/include/cartesian_control_msgs/cartesian_control_msgs/msg/cartesian_posture.hpp
[0.606s] -- Up-to-date: /openarm_ws/src/install/cartesian_control_msgs/include/cartesian_control_msgs/cartesian_control_msgs/msg/cartesian_tolerance.hpp
[0.606s] -- Up-to-date: /openarm_ws/src/install/cartesian_control_msgs/include/cartesian_control_msgs/cartesian_control_msgs
[0.606s] -- Up-to-date: /openarm_ws/src/install/cartesian_control_msgs/include/cartesian_control_msgs/cartesian_control_msgs/action
[0.606s] -- Up-to-date: /openarm_ws/src/install/cartesian_control_msgs/include/cartesian_control_msgs/cartesian_control_msgs/action/detail
[0.606s] -- Up-to-date: /openarm_ws/src/install/cartesian_control_msgs/include/cartesian_control_msgs/cartesian_control_msgs/action/detail/dds_fastrtps
[0.607s] -- Up-to-date: /openarm_ws/src/install/cartesian_control_msgs/include/cartesian_control_msgs/cartesian_control_msgs/action/detail/follow_cartesian_trajectory__rosidl_typesupport_fastrtps_cpp.hpp
[0.607s] -- Up-to-date: /openarm_ws/src/install/cartesian_control_msgs/include/cartesian_control_msgs/cartesian_control_msgs/msg
[0.607s] -- Up-to-date: /openarm_ws/src/install/cartesian_control_msgs/include/cartesian_control_msgs/cartesian_control_msgs/msg/detail
[0.607s] -- Up-to-date: /openarm_ws/src/install/cartesian_control_msgs/include/cartesian_control_msgs/cartesian_control_msgs/msg/detail/cartesian_tolerance__rosidl_typesupport_fastrtps_cpp.hpp
[0.607s] -- Up-to-date: /openarm_ws/src/install/cartesian_control_msgs/include/cartesian_control_msgs/cartesian_control_msgs/msg/detail/cartesian_trajectory_point__rosidl_typesupport_fastrtps_cpp.hpp
[0.607s] -- Up-to-date: /openarm_ws/src/install/cartesian_control_msgs/include/cartesian_control_msgs/cartesian_control_msgs/msg/detail/cartesian_posture__rosidl_typesupport_fastrtps_cpp.hpp
[0.607s] -- Up-to-date: /openarm_ws/src/install/cartesian_control_msgs/include/cartesian_control_msgs/cartesian_control_msgs/msg/detail/cartesian_trajectory__rosidl_typesupport_fastrtps_cpp.hpp
[0.608s] -- Up-to-date: /openarm_ws/src/install/cartesian_control_msgs/include/cartesian_control_msgs/cartesian_control_msgs/msg/detail/dds_fastrtps
[0.608s] -- Up-to-date: /openarm_ws/src/install/cartesian_control_msgs/include/cartesian_control_msgs/cartesian_control_msgs/msg/rosidl_typesupport_fastrtps_cpp__visibility_control.h
[0.608s] -- Up-to-date: /openarm_ws/src/install/cartesian_control_msgs/lib/libcartesian_control_msgs__rosidl_typesupport_fastrtps_cpp.so
[0.608s] -- Up-to-date: /openarm_ws/src/install/cartesian_control_msgs/include/cartesian_control_msgs/cartesian_control_msgs
[0.608s] -- Up-to-date: /openarm_ws/src/install/cartesian_control_msgs/include/cartesian_control_msgs/cartesian_control_msgs/action
[0.608s] -- Up-to-date: /openarm_ws/src/install/cartesian_control_msgs/include/cartesian_control_msgs/cartesian_control_msgs/action/detail
[0.608s] -- Up-to-date: /openarm_ws/src/install/cartesian_control_msgs/include/cartesian_control_msgs/cartesian_control_msgs/action/detail/follow_cartesian_trajectory__type_support.c
[0.608s] -- Up-to-date: /openarm_ws/src/install/cartesian_control_msgs/include/cartesian_control_msgs/cartesian_control_msgs/action/detail/follow_cartesian_trajectory__rosidl_typesupport_introspection_c.h
[0.609s] -- Up-to-date: /openarm_ws/src/install/cartesian_control_msgs/include/cartesian_control_msgs/cartesian_control_msgs/msg
[0.609s] -- Up-to-date: /openarm_ws/src/install/cartesian_control_msgs/include/cartesian_control_msgs/cartesian_control_msgs/msg/detail
[0.609s] -- Up-to-date: /openarm_ws/src/install/cartesian_control_msgs/include/cartesian_control_msgs/cartesian_control_msgs/msg/detail/cartesian_tolerance__rosidl_typesupport_introspection_c.h
[0.609s] -- Up-to-date: /openarm_ws/src/install/cartesian_control_msgs/include/cartesian_control_msgs/cartesian_control_msgs/msg/detail/cartesian_tolerance__type_support.c
[0.609s] -- Up-to-date: /openarm_ws/src/install/cartesian_control_msgs/include/cartesian_control_msgs/cartesian_control_msgs/msg/detail/cartesian_trajectory_point__type_support.c
[0.609s] -- Up-to-date: /openarm_ws/src/install/cartesian_control_msgs/include/cartesian_control_msgs/cartesian_control_msgs/msg/detail/cartesian_posture__rosidl_typesupport_introspection_c.h
[0.609s] -- Up-to-date: /openarm_ws/src/install/cartesian_control_msgs/include/cartesian_control_msgs/cartesian_control_msgs/msg/detail/cartesian_trajectory_point__rosidl_typesupport_introspection_c.h
[0.610s] -- Up-to-date: /openarm_ws/src/install/cartesian_control_msgs/include/cartesian_control_msgs/cartesian_control_msgs/msg/detail/cartesian_trajectory__type_support.c
[0.610s] -- Up-to-date: /openarm_ws/src/install/cartesian_control_msgs/include/cartesian_control_msgs/cartesian_control_msgs/msg/detail/cartesian_posture__type_support.c
[0.610s] -- Up-to-date: /openarm_ws/src/install/cartesian_control_msgs/include/cartesian_control_msgs/cartesian_control_msgs/msg/detail/cartesian_trajectory__rosidl_typesupport_introspection_c.h
[0.610s] -- Up-to-date: /openarm_ws/src/install/cartesian_control_msgs/include/cartesian_control_msgs/cartesian_control_msgs/msg/rosidl_typesupport_introspection_c__visibility_control.h
[0.610s] -- Up-to-date: /openarm_ws/src/install/cartesian_control_msgs/lib/libcartesian_control_msgs__rosidl_typesupport_introspection_c.so
[0.610s] -- Up-to-date: /openarm_ws/src/install/cartesian_control_msgs/lib/libcartesian_control_msgs__rosidl_typesupport_c.so
[0.610s] -- Up-to-date: /openarm_ws/src/install/cartesian_control_msgs/include/cartesian_control_msgs/cartesian_control_msgs
[0.611s] -- Up-to-date: /openarm_ws/src/install/cartesian_control_msgs/include/cartesian_control_msgs/cartesian_control_msgs/action
[0.611s] -- Up-to-date: /openarm_ws/src/install/cartesian_control_msgs/include/cartesian_control_msgs/cartesian_control_msgs/action/detail
[0.611s] -- Up-to-date: /openarm_ws/src/install/cartesian_control_msgs/include/cartesian_control_msgs/cartesian_control_msgs/action/detail/follow_cartesian_trajectory__type_support.cpp
[0.611s] -- Up-to-date: /openarm_ws/src/install/cartesian_control_msgs/include/cartesian_control_msgs/cartesian_control_msgs/action/detail/follow_cartesian_trajectory__rosidl_typesupport_introspection_cpp.hpp
[0.611s] -- Up-to-date: /openarm_ws/src/install/cartesian_control_msgs/include/cartesian_control_msgs/cartesian_control_msgs/msg
[0.611s] -- Up-to-date: /openarm_ws/src/install/cartesian_control_msgs/include/cartesian_control_msgs/cartesian_control_msgs/msg/detail
[0.611s] -- Up-to-date: /openarm_ws/src/install/cartesian_control_msgs/include/cartesian_control_msgs/cartesian_control_msgs/msg/detail/cartesian_trajectory__rosidl_typesupport_introspection_cpp.hpp
[0.612s] -- Up-to-date: /openarm_ws/src/install/cartesian_control_msgs/include/cartesian_control_msgs/cartesian_control_msgs/msg/detail/cartesian_posture__rosidl_typesupport_introspection_cpp.hpp
[0.612s] -- Up-to-date: /openarm_ws/src/install/cartesian_control_msgs/include/cartesian_control_msgs/cartesian_control_msgs/msg/detail/cartesian_tolerance__rosidl_typesupport_introspection_cpp.hpp
[0.612s] -- Up-to-date: /openarm_ws/src/install/cartesian_control_msgs/include/cartesian_control_msgs/cartesian_control_msgs/msg/detail/cartesian_trajectory__type_support.cpp
[0.612s] -- Up-to-date: /openarm_ws/src/install/cartesian_control_msgs/include/cartesian_control_msgs/cartesian_control_msgs/msg/detail/cartesian_tolerance__type_support.cpp
[0.612s] -- Up-to-date: /openarm_ws/src/install/cartesian_control_msgs/include/cartesian_control_msgs/cartesian_control_msgs/msg/detail/cartesian_posture__type_support.cpp
[0.612s] -- Up-to-date: /openarm_ws/src/install/cartesian_control_msgs/include/cartesian_control_msgs/cartesian_control_msgs/msg/detail/cartesian_trajectory_point__type_support.cpp
[0.612s] -- Up-to-date: /openarm_ws/src/install/cartesian_control_msgs/include/cartesian_control_msgs/cartesian_control_msgs/msg/detail/cartesian_trajectory_point__rosidl_typesupport_introspection_cpp.hpp
[0.612s] -- Up-to-date: /openarm_ws/src/install/cartesian_control_msgs/lib/libcartesian_control_msgs__rosidl_typesupport_introspection_cpp.so
[0.613s] -- Up-to-date: /openarm_ws/src/install/cartesian_control_msgs/lib/libcartesian_control_msgs__rosidl_typesupport_cpp.so
[0.613s] -- Up-to-date: /openarm_ws/src/install/cartesian_control_msgs/share/cartesian_control_msgs/environment/pythonpath.sh
[0.613s] -- Up-to-date: /openarm_ws/src/install/cartesian_control_msgs/share/cartesian_control_msgs/environment/pythonpath.dsv
[0.613s] -- Up-to-date: /openarm_ws/src/install/cartesian_control_msgs/lib/python3.12/site-packages/cartesian_control_msgs-0.1.0-py3.12.egg-info
[0.613s] -- Installing: /openarm_ws/src/install/cartesian_control_msgs/lib/python3.12/site-packages/cartesian_control_msgs-0.1.0-py3.12.egg-info/top_level.txt
[0.613s] -- Installing: /openarm_ws/src/install/cartesian_control_msgs/lib/python3.12/site-packages/cartesian_control_msgs-0.1.0-py3.12.egg-info/dependency_links.txt
[0.613s] -- Installing: /openarm_ws/src/install/cartesian_control_msgs/lib/python3.12/site-packages/cartesian_control_msgs-0.1.0-py3.12.egg-info/PKG-INFO
[0.614s] -- Installing: /openarm_ws/src/install/cartesian_control_msgs/lib/python3.12/site-packages/cartesian_control_msgs-0.1.0-py3.12.egg-info/SOURCES.txt
[0.614s] -- Up-to-date: /openarm_ws/src/install/cartesian_control_msgs/lib/python3.12/site-packages/cartesian_control_msgs
[0.614s] -- Up-to-date: /openarm_ws/src/install/cartesian_control_msgs/lib/python3.12/site-packages/cartesian_control_msgs/cartesian_control_msgs_s__rosidl_typesupport_c.so
[0.614s] -- Up-to-date: /openarm_ws/src/install/cartesian_control_msgs/lib/python3.12/site-packages/cartesian_control_msgs/_cartesian_control_msgs_s.ep.rosidl_typesupport_introspection_c.c
[0.615s] -- Up-to-date: /openarm_ws/src/install/cartesian_control_msgs/lib/python3.12/site-packages/cartesian_control_msgs/__init__.py
[0.616s] -- Up-to-date: /openarm_ws/src/install/cartesian_control_msgs/lib/python3.12/site-packages/cartesian_control_msgs/action
[0.616s] -- Up-to-date: /openarm_ws/src/install/cartesian_control_msgs/lib/python3.12/site-packages/cartesian_control_msgs/action/__init__.py
[0.616s] -- Up-to-date: /openarm_ws/src/install/cartesian_control_msgs/lib/python3.12/site-packages/cartesian_control_msgs/action/_follow_cartesian_trajectory_s.c
[0.617s] -- Up-to-date: /openarm_ws/src/install/cartesian_control_msgs/lib/python3.12/site-packages/cartesian_control_msgs/action/_follow_cartesian_trajectory.py
[0.617s] -- Up-to-date: /openarm_ws/src/install/cartesian_control_msgs/lib/python3.12/site-packages/cartesian_control_msgs/msg
[0.617s] -- Up-to-date: /openarm_ws/src/install/cartesian_control_msgs/lib/python3.12/site-packages/cartesian_control_msgs/msg/_cartesian_tolerance_s.c
[0.617s] -- Up-to-date: /openarm_ws/src/install/cartesian_control_msgs/lib/python3.12/site-packages/cartesian_control_msgs/msg/_cartesian_trajectory_point_s.c
[0.617s] -- Up-to-date: /openarm_ws/src/install/cartesian_control_msgs/lib/python3.12/site-packages/cartesian_control_msgs/msg/_cartesian_trajectory_point.py
[0.617s] -- Up-to-date: /openarm_ws/src/install/cartesian_control_msgs/lib/python3.12/site-packages/cartesian_control_msgs/msg/_cartesian_trajectory.py
[0.617s] -- Up-to-date: /openarm_ws/src/install/cartesian_control_msgs/lib/python3.12/site-packages/cartesian_control_msgs/msg/__init__.py
[0.617s] -- Up-to-date: /openarm_ws/src/install/cartesian_control_msgs/lib/python3.12/site-packages/cartesian_control_msgs/msg/_cartesian_posture.py
[0.618s] -- Up-to-date: /openarm_ws/src/install/cartesian_control_msgs/lib/python3.12/site-packages/cartesian_control_msgs/msg/_cartesian_trajectory_s.c
[0.618s] -- Up-to-date: /openarm_ws/src/install/cartesian_control_msgs/lib/python3.12/site-packages/cartesian_control_msgs/msg/_cartesian_tolerance.py
[0.618s] -- Up-to-date: /openarm_ws/src/install/cartesian_control_msgs/lib/python3.12/site-packages/cartesian_control_msgs/msg/_cartesian_posture_s.c
[0.618s] -- Up-to-date: /openarm_ws/src/install/cartesian_control_msgs/lib/python3.12/site-packages/cartesian_control_msgs/cartesian_control_msgs_s__rosidl_typesupport_introspection_c.so
[0.618s] -- Up-to-date: /openarm_ws/src/install/cartesian_control_msgs/lib/python3.12/site-packages/cartesian_control_msgs/cartesian_control_msgs_s__rosidl_typesupport_fastrtps_c.so
[0.618s] -- Up-to-date: /openarm_ws/src/install/cartesian_control_msgs/lib/python3.12/site-packages/cartesian_control_msgs/_cartesian_control_msgs_s.ep.rosidl_typesupport_fastrtps_c.c
[0.618s] -- Up-to-date: /openarm_ws/src/install/cartesian_control_msgs/lib/python3.12/site-packages/cartesian_control_msgs/_cartesian_control_msgs_s.ep.rosidl_typesupport_c.c
[0.639s] Listing '/openarm_ws/src/install/cartesian_control_msgs/lib/python3.12/site-packages/cartesian_control_msgs'...
[0.639s] Listing '/openarm_ws/src/install/cartesian_control_msgs/lib/python3.12/site-packages/cartesian_control_msgs/action'...
[0.639s] Listing '/openarm_ws/src/install/cartesian_control_msgs/lib/python3.12/site-packages/cartesian_control_msgs/msg'...
[0.648s] -- Up-to-date: /openarm_ws/src/install/cartesian_control_msgs/lib/python3.12/site-packages/cartesian_control_msgs/cartesian_control_msgs_s__rosidl_typesupport_fastrtps_c.so
[0.648s] -- Up-to-date: /openarm_ws/src/install/cartesian_control_msgs/lib/python3.12/site-packages/cartesian_control_msgs/cartesian_control_msgs_s__rosidl_typesupport_introspection_c.so
[0.648s] -- Up-to-date: /openarm_ws/src/install/cartesian_control_msgs/lib/python3.12/site-packages/cartesian_control_msgs/cartesian_control_msgs_s__rosidl_typesupport_c.so
[0.649s] -- Up-to-date: /openarm_ws/src/install/cartesian_control_msgs/lib/libcartesian_control_msgs__rosidl_generator_py.so
[0.649s] -- Up-to-date: /openarm_ws/src/install/cartesian_control_msgs/share/ament_index/resource_index/rust_packages/cartesian_control_msgs
[0.649s] -- Up-to-date: /openarm_ws/src/install/cartesian_control_msgs/share/cartesian_control_msgs/rust
[0.649s] -- Up-to-date: /openarm_ws/src/install/cartesian_control_msgs/share/cartesian_control_msgs/rust/src
[0.650s] -- Up-to-date: /openarm_ws/src/install/cartesian_control_msgs/share/cartesian_control_msgs/rust/src/action.rs
[0.650s] -- Up-to-date: /openarm_ws/src/install/cartesian_control_msgs/share/cartesian_control_msgs/rust/src/lib.rs
[0.650s] -- Up-to-date: /openarm_ws/src/install/cartesian_control_msgs/share/cartesian_control_msgs/rust/src/action
[0.650s] -- Up-to-date: /openarm_ws/src/install/cartesian_control_msgs/share/cartesian_control_msgs/rust/src/action/rmw.rs
[0.650s] -- Up-to-date: /openarm_ws/src/install/cartesian_control_msgs/share/cartesian_control_msgs/rust/src/msg.rs
[0.651s] -- Up-to-date: /openarm_ws/src/install/cartesian_control_msgs/share/cartesian_control_msgs/rust/src/msg
[0.651s] -- Up-to-date: /openarm_ws/src/install/cartesian_control_msgs/share/cartesian_control_msgs/rust/src/msg/rmw.rs
[0.651s] -- Up-to-date: /openarm_ws/src/install/cartesian_control_msgs/share/cartesian_control_msgs/rust/Cargo.toml
[0.651s] -- Up-to-date: /openarm_ws/src/install/cartesian_control_msgs/share/cartesian_control_msgs/rust/build.rs
[0.651s] -- Up-to-date: /openarm_ws/src/install/cartesian_control_msgs/share/cartesian_control_msgs/action/FollowCartesianTrajectory.idl
[0.652s] -- Up-to-date: /openarm_ws/src/install/cartesian_control_msgs/share/cartesian_control_msgs/msg/CartesianPosture.idl
[0.652s] -- Up-to-date: /openarm_ws/src/install/cartesian_control_msgs/share/cartesian_control_msgs/msg/CartesianTolerance.idl
[0.652s] -- Up-to-date: /openarm_ws/src/install/cartesian_control_msgs/share/cartesian_control_msgs/msg/CartesianTrajectory.idl
[0.652s] -- Up-to-date: /openarm_ws/src/install/cartesian_control_msgs/share/cartesian_control_msgs/msg/CartesianTrajectoryPoint.idl
[0.652s] -- Up-to-date: /openarm_ws/src/install/cartesian_control_msgs/share/cartesian_control_msgs/action/FollowCartesianTrajectory.action
[0.652s] -- Up-to-date: /openarm_ws/src/install/cartesian_control_msgs/share/cartesian_control_msgs/msg/CartesianPosture.msg
[0.652s] -- Up-to-date: /openarm_ws/src/install/cartesian_control_msgs/share/cartesian_control_msgs/msg/CartesianTolerance.msg
[0.653s] -- Up-to-date: /openarm_ws/src/install/cartesian_control_msgs/share/cartesian_control_msgs/msg/CartesianTrajectory.msg
[0.653s] -- Up-to-date: /openarm_ws/src/install/cartesian_control_msgs/share/cartesian_control_msgs/msg/CartesianTrajectoryPoint.msg
[0.653s] -- Up-to-date: /openarm_ws/src/install/cartesian_control_msgs/share/ament_index/resource_index/package_run_dependencies/cartesian_control_msgs
[0.653s] -- Up-to-date: /openarm_ws/src/install/cartesian_control_msgs/share/ament_index/resource_index/parent_prefix_path/cartesian_control_msgs
[0.653s] -- Up-to-date: /openarm_ws/src/install/cartesian_control_msgs/share/cartesian_control_msgs/environment/ament_prefix_path.sh
[0.653s] -- Up-to-date: /openarm_ws/src/install/cartesian_control_msgs/share/cartesian_control_msgs/environment/ament_prefix_path.dsv
[0.653s] -- Up-to-date: /openarm_ws/src/install/cartesian_control_msgs/share/cartesian_control_msgs/environment/path.sh
[0.653s] -- Up-to-date: /openarm_ws/src/install/cartesian_control_msgs/share/cartesian_control_msgs/environment/path.dsv
[0.654s] -- Up-to-date: /openarm_ws/src/install/cartesian_control_msgs/share/cartesian_control_msgs/local_setup.bash
[0.654s] -- Up-to-date: /openarm_ws/src/install/cartesian_control_msgs/share/cartesian_control_msgs/local_setup.sh
[0.654s] -- Up-to-date: /openarm_ws/src/install/cartesian_control_msgs/share/cartesian_control_msgs/local_setup.zsh
[0.654s] -- Up-to-date: /openarm_ws/src/install/cartesian_control_msgs/share/cartesian_control_msgs/local_setup.dsv
[0.654s] -- Installing: /openarm_ws/src/install/cartesian_control_msgs/share/cartesian_control_msgs/package.dsv
[0.654s] -- Up-to-date: /openarm_ws/src/install/cartesian_control_msgs/share/ament_index/resource_index/packages/cartesian_control_msgs
[0.654s] -- Up-to-date: /openarm_ws/src/install/cartesian_control_msgs/share/cartesian_control_msgs/cmake/export_cartesian_control_msgs__rosidl_generator_cExport.cmake
[0.655s] -- Up-to-date: /openarm_ws/src/install/cartesian_control_msgs/share/cartesian_control_msgs/cmake/export_cartesian_control_msgs__rosidl_generator_cExport-noconfig.cmake
[0.655s] -- Up-to-date: /openarm_ws/src/install/cartesian_control_msgs/share/cartesian_control_msgs/cmake/export_cartesian_control_msgs__rosidl_typesupport_fastrtps_cExport.cmake
[0.655s] -- Up-to-date: /openarm_ws/src/install/cartesian_control_msgs/share/cartesian_control_msgs/cmake/export_cartesian_control_msgs__rosidl_typesupport_fastrtps_cExport-noconfig.cmake
[0.656s] -- Up-to-date: /openarm_ws/src/install/cartesian_control_msgs/share/cartesian_control_msgs/cmake/export_cartesian_control_msgs__rosidl_generator_cppExport.cmake
[0.656s] -- Up-to-date: /openarm_ws/src/install/cartesian_control_msgs/share/cartesian_control_msgs/cmake/export_cartesian_control_msgs__rosidl_typesupport_fastrtps_cppExport.cmake
[0.657s] -- Up-to-date: /openarm_ws/src/install/cartesian_control_msgs/share/cartesian_control_msgs/cmake/export_cartesian_control_msgs__rosidl_typesupport_fastrtps_cppExport-noconfig.cmake
[0.658s] -- Up-to-date: /openarm_ws/src/install/cartesian_control_msgs/share/cartesian_control_msgs/cmake/cartesian_control_msgs__rosidl_typesupport_introspection_cExport.cmake
[0.658s] -- Up-to-date: /openarm_ws/src/install/cartesian_control_msgs/share/cartesian_control_msgs/cmake/cartesian_control_msgs__rosidl_typesupport_introspection_cExport-noconfig.cmake
[0.658s] -- Up-to-date: /openarm_ws/src/install/cartesian_control_msgs/share/cartesian_control_msgs/cmake/cartesian_control_msgs__rosidl_typesupport_cExport.cmake
[0.658s] -- Up-to-date: /openarm_ws/src/install/cartesian_control_msgs/share/cartesian_control_msgs/cmake/cartesian_control_msgs__rosidl_typesupport_cExport-noconfig.cmake
[0.658s] -- Up-to-date: /openarm_ws/src/install/cartesian_control_msgs/share/cartesian_control_msgs/cmake/cartesian_control_msgs__rosidl_typesupport_introspection_cppExport.cmake
[0.659s] -- Up-to-date: /openarm_ws/src/install/cartesian_control_msgs/share/cartesian_control_msgs/cmake/cartesian_control_msgs__rosidl_typesupport_introspection_cppExport-noconfig.cmake
[0.659s] -- Up-to-date: /openarm_ws/src/install/cartesian_control_msgs/share/cartesian_control_msgs/cmake/cartesian_control_msgs__rosidl_typesupport_cppExport.cmake
[0.659s] -- Up-to-date: /openarm_ws/src/install/cartesian_control_msgs/share/cartesian_control_msgs/cmake/cartesian_control_msgs__rosidl_typesupport_cppExport-noconfig.cmake
[0.659s] -- Up-to-date: /openarm_ws/src/install/cartesian_control_msgs/share/cartesian_control_msgs/cmake/export_cartesian_control_msgs__rosidl_generator_pyExport.cmake
[0.659s] -- Up-to-date: /openarm_ws/src/install/cartesian_control_msgs/share/cartesian_control_msgs/cmake/export_cartesian_control_msgs__rosidl_generator_pyExport-noconfig.cmake
[0.659s] -- Up-to-date: /openarm_ws/src/install/cartesian_control_msgs/share/cartesian_control_msgs/cmake/rosidl_cmake-extras.cmake
[0.660s] -- Up-to-date: /openarm_ws/src/install/cartesian_control_msgs/share/cartesian_control_msgs/cmake/ament_cmake_export_dependencies-extras.cmake
[0.661s] -- Up-to-date: /openarm_ws/src/install/cartesian_control_msgs/share/cartesian_control_msgs/cmake/ament_cmake_export_include_directories-extras.cmake
[0.661s] -- Up-to-date: /openarm_ws/src/install/cartesian_control_msgs/share/cartesian_control_msgs/cmake/ament_cmake_export_libraries-extras.cmake
[0.661s] -- Up-to-date: /openarm_ws/src/install/cartesian_control_msgs/share/cartesian_control_msgs/cmake/ament_cmake_export_targets-extras.cmake
[0.662s] -- Up-to-date: /openarm_ws/src/install/cartesian_control_msgs/share/cartesian_control_msgs/cmake/rosidl_cmake_export_typesupport_targets-extras.cmake
[0.662s] -- Up-to-date: /openarm_ws/src/install/cartesian_control_msgs/share/cartesian_control_msgs/cmake/rosidl_cmake_export_typesupport_libraries-extras.cmake
[0.662s] -- Up-to-date: /openarm_ws/src/install/cartesian_control_msgs/share/cartesian_control_msgs/cmake/cartesian_control_msgsConfig.cmake
[0.663s] -- Up-to-date: /openarm_ws/src/install/cartesian_control_msgs/share/cartesian_control_msgs/cmake/cartesian_control_msgsConfig-version.cmake
[0.663s] -- Up-to-date: /openarm_ws/src/install/cartesian_control_msgs/share/cartesian_control_msgs/package.xml
[0.663s] Invoked command in '/openarm_ws/src/build/cartesian_control_msgs' returned '0': CMAKE_PREFIX_PATH=${CMAKE_PREFIX_PATH}:/opt/ros/jazzy /usr/bin/cmake --install /openarm_ws/src/build/cartesian_control_msgs
