running egg_info
creating ../build/rosbag_recorder/rosbag_recorder.egg-info
writing ../build/rosbag_recorder/rosbag_recorder.egg-info/PKG-INFO
writing dependency_links to ../build/rosbag_recorder/rosbag_recorder.egg-info/dependency_links.txt
writing entry points to ../build/rosbag_recorder/rosbag_recorder.egg-info/entry_points.txt
writing requirements to ../build/rosbag_recorder/rosbag_recorder.egg-info/requires.txt
writing top-level names to ../build/rosbag_recorder/rosbag_recorder.egg-info/top_level.txt
writing manifest file '../build/rosbag_recorder/rosbag_recorder.egg-info/SOURCES.txt'
reading manifest file '../build/rosbag_recorder/rosbag_recorder.egg-info/SOURCES.txt'
writing manifest file '../build/rosbag_recorder/rosbag_recorder.egg-info/SOURCES.txt'
running build
running build_py
creating /openarm_ws/src/build/rosbag_recorder/build
creating /openarm_ws/src/build/rosbag_recorder/build/lib
creating /openarm_ws/src/build/rosbag_recorder/build/lib/rosbag_recorder
copying rosbag_recorder/__init__.py -> /openarm_ws/src/build/rosbag_recorder/build/lib/rosbag_recorder
copying rosbag_recorder/recorder_node.py -> /openarm_ws/src/build/rosbag_recorder/build/lib/rosbag_recorder
running install
running install_lib
creating /openarm_ws/src/install/rosbag_recorder/lib/python3.12/site-packages/rosbag_recorder
copying /openarm_ws/src/build/rosbag_recorder/build/lib/rosbag_recorder/__init__.py -> /openarm_ws/src/install/rosbag_recorder/lib/python3.12/site-packages/rosbag_recorder
copying /openarm_ws/src/build/rosbag_recorder/build/lib/rosbag_recorder/recorder_node.py -> /openarm_ws/src/install/rosbag_recorder/lib/python3.12/site-packages/rosbag_recorder
byte-compiling /openarm_ws/src/install/rosbag_recorder/lib/python3.12/site-packages/rosbag_recorder/__init__.py to __init__.cpython-312.pyc
byte-compiling /openarm_ws/src/install/rosbag_recorder/lib/python3.12/site-packages/rosbag_recorder/recorder_node.py to recorder_node.cpython-312.pyc
running install_data
creating /openarm_ws/src/install/rosbag_recorder/share/ament_index
creating /openarm_ws/src/install/rosbag_recorder/share/ament_index/resource_index
creating /openarm_ws/src/install/rosbag_recorder/share/ament_index/resource_index/packages
copying resource/rosbag_recorder -> /openarm_ws/src/install/rosbag_recorder/share/ament_index/resource_index/packages
copying package.xml -> /openarm_ws/src/install/rosbag_recorder/share/rosbag_recorder
running install_egg_info
Copying ../build/rosbag_recorder/rosbag_recorder.egg-info to /openarm_ws/src/install/rosbag_recorder/lib/python3.12/site-packages/rosbag_recorder-0.0.1-py3.12.egg-info
running install_scripts
Installing recorder_node script to /openarm_ws/src/install/rosbag_recorder/lib/rosbag_recorder
writing list of installed files to '/openarm_ws/src/build/rosbag_recorder/install.log'
