[0.659s] Invoking command in '/openarm_ws/src/rosbag_recorder': PYTHONPATH=/openarm_ws/src/build/rosbag_recorder/prefix_override:/usr/lib/python3/dist-packages/colcon_core/task/python/colcon_distutils_commands:/openarm_ws/src/install/rosbag_recorder/lib/python3.12/site-packages:${PYTHONPATH} /usr/bin/python3 -W ignore:setup.py install is deprecated -W ignore:easy_install command is deprecated setup.py egg_info --egg-base ../build/rosbag_recorder build --build-base /openarm_ws/src/build/rosbag_recorder/build install --record /openarm_ws/src/build/rosbag_recorder/install.log --single-version-externally-managed install_data
[0.848s] running egg_info
[0.849s] creating ../build/rosbag_recorder/rosbag_recorder.egg-info
[0.859s] writing ../build/rosbag_recorder/rosbag_recorder.egg-info/PKG-INFO
[0.860s] writing dependency_links to ../build/rosbag_recorder/rosbag_recorder.egg-info/dependency_links.txt
[0.861s] writing entry points to ../build/rosbag_recorder/rosbag_recorder.egg-info/entry_points.txt
[0.861s] writing requirements to ../build/rosbag_recorder/rosbag_recorder.egg-info/requires.txt
[0.861s] writing top-level names to ../build/rosbag_recorder/rosbag_recorder.egg-info/top_level.txt
[0.862s] writing manifest file '../build/rosbag_recorder/rosbag_recorder.egg-info/SOURCES.txt'
[0.882s] reading manifest file '../build/rosbag_recorder/rosbag_recorder.egg-info/SOURCES.txt'
[0.884s] writing manifest file '../build/rosbag_recorder/rosbag_recorder.egg-info/SOURCES.txt'
[0.884s] running build
[0.884s] running build_py
[0.885s] creating /openarm_ws/src/build/rosbag_recorder/build
[0.885s] creating /openarm_ws/src/build/rosbag_recorder/build/lib
[0.886s] creating /openarm_ws/src/build/rosbag_recorder/build/lib/rosbag_recorder
[0.886s] copying rosbag_recorder/__init__.py -> /openarm_ws/src/build/rosbag_recorder/build/lib/rosbag_recorder
[0.886s] copying rosbag_recorder/recorder_node.py -> /openarm_ws/src/build/rosbag_recorder/build/lib/rosbag_recorder
[0.887s] running install
[0.889s] running install_lib
[0.900s] creating /openarm_ws/src/install/rosbag_recorder/lib/python3.12/site-packages/rosbag_recorder
[0.900s] copying /openarm_ws/src/build/rosbag_recorder/build/lib/rosbag_recorder/__init__.py -> /openarm_ws/src/install/rosbag_recorder/lib/python3.12/site-packages/rosbag_recorder
[0.901s] copying /openarm_ws/src/build/rosbag_recorder/build/lib/rosbag_recorder/recorder_node.py -> /openarm_ws/src/install/rosbag_recorder/lib/python3.12/site-packages/rosbag_recorder
[0.901s] byte-compiling /openarm_ws/src/install/rosbag_recorder/lib/python3.12/site-packages/rosbag_recorder/__init__.py to __init__.cpython-312.pyc
[0.902s] byte-compiling /openarm_ws/src/install/rosbag_recorder/lib/python3.12/site-packages/rosbag_recorder/recorder_node.py to recorder_node.cpython-312.pyc
[0.903s] running install_data
[0.906s] creating /openarm_ws/src/install/rosbag_recorder/share/ament_index
[0.907s] creating /openarm_ws/src/install/rosbag_recorder/share/ament_index/resource_index
[0.907s] creating /openarm_ws/src/install/rosbag_recorder/share/ament_index/resource_index/packages
[0.908s] copying resource/rosbag_recorder -> /openarm_ws/src/install/rosbag_recorder/share/ament_index/resource_index/packages
[0.908s] copying package.xml -> /openarm_ws/src/install/rosbag_recorder/share/rosbag_recorder
[0.908s] running install_egg_info
[0.915s] Copying ../build/rosbag_recorder/rosbag_recorder.egg-info to /openarm_ws/src/install/rosbag_recorder/lib/python3.12/site-packages/rosbag_recorder-0.0.1-py3.12.egg-info
[0.916s] running install_scripts
[1.005s] Installing recorder_node script to /openarm_ws/src/install/rosbag_recorder/lib/rosbag_recorder
[1.006s] writing list of installed files to '/openarm_ws/src/build/rosbag_recorder/install.log'
[1.063s] Invoked command in '/openarm_ws/src/rosbag_recorder' returned '0': PYTHONPATH=/openarm_ws/src/build/rosbag_recorder/prefix_override:/usr/lib/python3/dist-packages/colcon_core/task/python/colcon_distutils_commands:/openarm_ws/src/install/rosbag_recorder/lib/python3.12/site-packages:${PYTHONPATH} /usr/bin/python3 -W ignore:setup.py install is deprecated -W ignore:easy_install command is deprecated setup.py egg_info --egg-base ../build/rosbag_recorder build --build-base /openarm_ws/src/build/rosbag_recorder/build install --record /openarm_ws/src/build/rosbag_recorder/install.log --single-version-externally-managed install_data
