[0.008s] Invoking command in '/openarm_ws/src/build/openarm_bimanual_moveit_config': AMENT_PREFIX_PATH=/openarm_ws/src/install/openarm_description:${AMENT_PREFIX_PATH} CMAKE_PREFIX_PATH=/openarm_ws/src/install/openarm_description:/opt/ros/jazzy/opt/sdformat_vendor:/opt/ros/jazzy/opt/gz_math_vendor:/opt/ros/jazzy/opt/gz_utils_vendor:/opt/ros/jazzy/opt/gz_tools_vendor:/opt/ros/jazzy/opt/gz_cmake_vendor:/opt/ros/jazzy /usr/bin/cmake /openarm_ws/src/openarm_ros2/openarm_bimanual_moveit_config -DCMAKE_INSTALL_PREFIX=/openarm_ws/src/install/openarm_bimanual_moveit_config
[0.077s] -- The C compiler identification is GNU 13.3.0
[0.147s] -- The CXX compiler identification is GNU 13.3.0
[0.165s] -- Detecting C compiler ABI info
[0.266s] -- Detecting C compiler ABI info - done
[0.274s] -- Check for working C compiler: /usr/bin/cc - skipped
[0.275s] -- Detecting C compile features
[0.275s] -- Detecting C compile features - done
[0.285s] -- Detecting CXX compiler ABI info
[0.407s] -- Detecting CXX compiler ABI info - done
[0.418s] -- Check for working CXX compiler: /usr/bin/c++ - skipped
[0.418s] -- Detecting CXX compile features
[0.418s] -- Detecting CXX compile features - done
[0.422s] -- Found ament_cmake: 2.5.6 (/opt/ros/jazzy/share/ament_cmake/cmake)
[0.603s] -- Found Python3: /usr/bin/python3 (found version "3.12.3") found components: Interpreter 
[0.874s] -- Configuring done (0.9s)
[0.879s] -- Generating done (0.0s)
[0.883s] -- Build files have been written to: /openarm_ws/src/build/openarm_bimanual_moveit_config
[0.894s] Invoked command in '/openarm_ws/src/build/openarm_bimanual_moveit_config' returned '0': AMENT_PREFIX_PATH=/openarm_ws/src/install/openarm_description:${AMENT_PREFIX_PATH} CMAKE_PREFIX_PATH=/openarm_ws/src/install/openarm_description:/opt/ros/jazzy/opt/sdformat_vendor:/opt/ros/jazzy/opt/gz_math_vendor:/opt/ros/jazzy/opt/gz_utils_vendor:/opt/ros/jazzy/opt/gz_tools_vendor:/opt/ros/jazzy/opt/gz_cmake_vendor:/opt/ros/jazzy /usr/bin/cmake /openarm_ws/src/openarm_ros2/openarm_bimanual_moveit_config -DCMAKE_INSTALL_PREFIX=/openarm_ws/src/install/openarm_bimanual_moveit_config
[0.897s] Invoking command in '/openarm_ws/src/build/openarm_bimanual_moveit_config': AMENT_PREFIX_PATH=/openarm_ws/src/install/openarm_description:${AMENT_PREFIX_PATH} CMAKE_PREFIX_PATH=/openarm_ws/src/install/openarm_description:/opt/ros/jazzy/opt/sdformat_vendor:/opt/ros/jazzy/opt/gz_math_vendor:/opt/ros/jazzy/opt/gz_utils_vendor:/opt/ros/jazzy/opt/gz_tools_vendor:/opt/ros/jazzy/opt/gz_cmake_vendor:/opt/ros/jazzy /usr/bin/cmake --build /openarm_ws/src/build/openarm_bimanual_moveit_config -- -j14 -l14
[0.944s] Invoked command in '/openarm_ws/src/build/openarm_bimanual_moveit_config' returned '0': AMENT_PREFIX_PATH=/openarm_ws/src/install/openarm_description:${AMENT_PREFIX_PATH} CMAKE_PREFIX_PATH=/openarm_ws/src/install/openarm_description:/opt/ros/jazzy/opt/sdformat_vendor:/opt/ros/jazzy/opt/gz_math_vendor:/opt/ros/jazzy/opt/gz_utils_vendor:/opt/ros/jazzy/opt/gz_tools_vendor:/opt/ros/jazzy/opt/gz_cmake_vendor:/opt/ros/jazzy /usr/bin/cmake --build /openarm_ws/src/build/openarm_bimanual_moveit_config -- -j14 -l14
[0.945s] Invoking command in '/openarm_ws/src/build/openarm_bimanual_moveit_config': AMENT_PREFIX_PATH=/openarm_ws/src/install/openarm_description:${AMENT_PREFIX_PATH} CMAKE_PREFIX_PATH=/openarm_ws/src/install/openarm_description:/opt/ros/jazzy/opt/sdformat_vendor:/opt/ros/jazzy/opt/gz_math_vendor:/opt/ros/jazzy/opt/gz_utils_vendor:/opt/ros/jazzy/opt/gz_tools_vendor:/opt/ros/jazzy/opt/gz_cmake_vendor:/opt/ros/jazzy /usr/bin/cmake --install /openarm_ws/src/build/openarm_bimanual_moveit_config
[0.953s] -- Install configuration: ""
[0.955s] -- Installing: /openarm_ws/src/install/openarm_bimanual_moveit_config/share/ament_index/resource_index/package_run_dependencies/openarm_bimanual_moveit_config
[0.955s] -- Installing: /openarm_ws/src/install/openarm_bimanual_moveit_config/share/ament_index/resource_index/parent_prefix_path/openarm_bimanual_moveit_config
[0.955s] -- Installing: /openarm_ws/src/install/openarm_bimanual_moveit_config/share/openarm_bimanual_moveit_config/environment/ament_prefix_path.sh
[0.955s] -- Installing: /openarm_ws/src/install/openarm_bimanual_moveit_config/share/openarm_bimanual_moveit_config/environment/ament_prefix_path.dsv
[0.955s] -- Installing: /openarm_ws/src/install/openarm_bimanual_moveit_config/share/openarm_bimanual_moveit_config/environment/path.sh
[0.955s] -- Installing: /openarm_ws/src/install/openarm_bimanual_moveit_config/share/openarm_bimanual_moveit_config/environment/path.dsv
[0.955s] -- Installing: /openarm_ws/src/install/openarm_bimanual_moveit_config/share/openarm_bimanual_moveit_config/local_setup.bash
[0.955s] -- Installing: /openarm_ws/src/install/openarm_bimanual_moveit_config/share/openarm_bimanual_moveit_config/local_setup.sh
[0.955s] -- Installing: /openarm_ws/src/install/openarm_bimanual_moveit_config/share/openarm_bimanual_moveit_config/local_setup.zsh
[0.956s] -- Installing: /openarm_ws/src/install/openarm_bimanual_moveit_config/share/openarm_bimanual_moveit_config/local_setup.dsv
[0.956s] -- Installing: /openarm_ws/src/install/openarm_bimanual_moveit_config/share/openarm_bimanual_moveit_config/package.dsv
[0.956s] -- Installing: /openarm_ws/src/install/openarm_bimanual_moveit_config/share/ament_index/resource_index/packages/openarm_bimanual_moveit_config
[0.956s] -- Installing: /openarm_ws/src/install/openarm_bimanual_moveit_config/share/openarm_bimanual_moveit_config/cmake/openarm_bimanual_moveit_configConfig.cmake
[0.956s] -- Installing: /openarm_ws/src/install/openarm_bimanual_moveit_config/share/openarm_bimanual_moveit_config/cmake/openarm_bimanual_moveit_configConfig-version.cmake
[0.956s] -- Installing: /openarm_ws/src/install/openarm_bimanual_moveit_config/share/openarm_bimanual_moveit_config/package.xml
[0.956s] -- Installing: /openarm_ws/src/install/openarm_bimanual_moveit_config/share/openarm_bimanual_moveit_config/launch
[0.956s] -- Installing: /openarm_ws/src/install/openarm_bimanual_moveit_config/share/openarm_bimanual_moveit_config/launch/spawn_controllers.launch.py
[0.956s] -- Installing: /openarm_ws/src/install/openarm_bimanual_moveit_config/share/openarm_bimanual_moveit_config/launch/demo.launch.py
[0.956s] -- Installing: /openarm_ws/src/install/openarm_bimanual_moveit_config/share/openarm_bimanual_moveit_config/launch/moveit_rviz.launch.py
[0.956s] -- Installing: /openarm_ws/src/install/openarm_bimanual_moveit_config/share/openarm_bimanual_moveit_config/launch/move_group.launch.py
[0.956s] -- Installing: /openarm_ws/src/install/openarm_bimanual_moveit_config/share/openarm_bimanual_moveit_config/launch/setup_assistant.launch.py
[0.956s] -- Installing: /openarm_ws/src/install/openarm_bimanual_moveit_config/share/openarm_bimanual_moveit_config/launch/static_virtual_joint_tfs.launch.py
[0.956s] -- Installing: /openarm_ws/src/install/openarm_bimanual_moveit_config/share/openarm_bimanual_moveit_config/config
[0.957s] -- Installing: /openarm_ws/src/install/openarm_bimanual_moveit_config/share/openarm_bimanual_moveit_config/config/openarm_v1.0
[0.957s] -- Installing: /openarm_ws/src/install/openarm_bimanual_moveit_config/share/openarm_bimanual_moveit_config/config/openarm_v1.0/kinematics.yaml
[0.957s] -- Installing: /openarm_ws/src/install/openarm_bimanual_moveit_config/share/openarm_bimanual_moveit_config/config/openarm_v1.0/openarm_bimanual.srdf
[0.957s] -- Installing: /openarm_ws/src/install/openarm_bimanual_moveit_config/share/openarm_bimanual_moveit_config/config/openarm_v1.0/openarm_bimanual.urdf.xacro
[0.957s] -- Installing: /openarm_ws/src/install/openarm_bimanual_moveit_config/share/openarm_bimanual_moveit_config/config/openarm_v1.0/pilz_cartesian_limits.yaml
[0.957s] -- Installing: /openarm_ws/src/install/openarm_bimanual_moveit_config/share/openarm_bimanual_moveit_config/config/openarm_v1.0/ros2_controllers.yaml
[0.957s] -- Installing: /openarm_ws/src/install/openarm_bimanual_moveit_config/share/openarm_bimanual_moveit_config/config/openarm_v1.0/joint_limits.yaml
[0.957s] -- Installing: /openarm_ws/src/install/openarm_bimanual_moveit_config/share/openarm_bimanual_moveit_config/config/openarm_v1.0/moveit.rviz
[0.957s] -- Installing: /openarm_ws/src/install/openarm_bimanual_moveit_config/share/openarm_bimanual_moveit_config/config/openarm_v1.0/sensors_3d.yaml
[0.957s] -- Installing: /openarm_ws/src/install/openarm_bimanual_moveit_config/share/openarm_bimanual_moveit_config/config/openarm_v1.0/moveit_controllers.yaml
[0.957s] -- Installing: /openarm_ws/src/install/openarm_bimanual_moveit_config/share/openarm_bimanual_moveit_config/config/openarm_v2.0
[0.957s] -- Installing: /openarm_ws/src/install/openarm_bimanual_moveit_config/share/openarm_bimanual_moveit_config/config/openarm_v2.0/kinematics.yaml
[0.957s] -- Installing: /openarm_ws/src/install/openarm_bimanual_moveit_config/share/openarm_bimanual_moveit_config/config/openarm_v2.0/openarm_bimanual.srdf
[0.957s] -- Installing: /openarm_ws/src/install/openarm_bimanual_moveit_config/share/openarm_bimanual_moveit_config/config/openarm_v2.0/openarm_bimanual.urdf.xacro
[0.958s] -- Installing: /openarm_ws/src/install/openarm_bimanual_moveit_config/share/openarm_bimanual_moveit_config/config/openarm_v2.0/pilz_cartesian_limits.yaml
[0.958s] -- Installing: /openarm_ws/src/install/openarm_bimanual_moveit_config/share/openarm_bimanual_moveit_config/config/openarm_v2.0/ros2_controllers.yaml
[0.958s] -- Installing: /openarm_ws/src/install/openarm_bimanual_moveit_config/share/openarm_bimanual_moveit_config/config/openarm_v2.0/joint_limits.yaml
[0.958s] -- Installing: /openarm_ws/src/install/openarm_bimanual_moveit_config/share/openarm_bimanual_moveit_config/config/openarm_v2.0/moveit.rviz
[0.958s] -- Installing: /openarm_ws/src/install/openarm_bimanual_moveit_config/share/openarm_bimanual_moveit_config/config/openarm_v2.0/sensors_3d.yaml
[0.958s] -- Installing: /openarm_ws/src/install/openarm_bimanual_moveit_config/share/openarm_bimanual_moveit_config/config/openarm_v2.0/moveit_controllers.yaml
[0.958s] -- Installing: /openarm_ws/src/install/openarm_bimanual_moveit_config/share/openarm_bimanual_moveit_config/.setup_assistant
[0.961s] Invoked command in '/openarm_ws/src/build/openarm_bimanual_moveit_config' returned '0': AMENT_PREFIX_PATH=/openarm_ws/src/install/openarm_description:${AMENT_PREFIX_PATH} CMAKE_PREFIX_PATH=/openarm_ws/src/install/openarm_description:/opt/ros/jazzy/opt/sdformat_vendor:/opt/ros/jazzy/opt/gz_math_vendor:/opt/ros/jazzy/opt/gz_utils_vendor:/opt/ros/jazzy/opt/gz_tools_vendor:/opt/ros/jazzy/opt/gz_cmake_vendor:/opt/ros/jazzy /usr/bin/cmake --install /openarm_ws/src/build/openarm_bimanual_moveit_config
