[  1%] Built target cartesian_control_msgs__rosidl_generator_type_description
[  2%] Built target cartesian_control_msgs__rs
[  2%] Built target ament_cmake_python_copy_cartesian_control_msgs
[  4%] Built target cartesian_control_msgs__cpp
[ 26%] Built target cartesian_control_msgs__rosidl_generator_c
[ 36%] Built target cartesian_control_msgs__rosidl_typesupport_introspection_c
[ 64%] Built target cartesian_control_msgs__rosidl_typesupport_introspection_cpp
[ 68%] Built target cartesian_control_msgs__rosidl_typesupport_cpp
[ 70%] Built target cartesian_control_msgs__rosidl_typesupport_fastrtps_cpp
[ 73%] Built target cartesian_control_msgs__rosidl_typesupport_c
[ 82%] Built target cartesian_control_msgs__rosidl_typesupport_fastrtps_c
[ 82%] Built target cartesian_control_msgs
[ 84%] Built target cartesian_control_msgs__py
[ 92%] Built target cartesian_control_msgs__rosidl_generator_py
[ 94%] Built target cartesian_control_msgs_s__rosidl_typesupport_fastrtps_c
[ 97%] Built target cartesian_control_msgs_s__rosidl_typesupport_c
[100%] Built target cartesian_control_msgs_s__rosidl_typesupport_introspection_c
running egg_info
writing cartesian_control_msgs.egg-info/PKG-INFO
writing dependency_links to cartesian_control_msgs.egg-info/dependency_links.txt
writing top-level names to cartesian_control_msgs.egg-info/top_level.txt
reading manifest file 'cartesian_control_msgs.egg-info/SOURCES.txt'
writing manifest file 'cartesian_control_msgs.egg-info/SOURCES.txt'
[100%] Built target ament_cmake_python_build_cartesian_control_msgs_egg
-- Install configuration: ""
-- Up-to-date: /openarm_ws/src/install/cartesian_control_msgs/share/ament_index/resource_index/rosidl_interfaces/cartesian_control_msgs
-- Up-to-date: /openarm_ws/src/install/cartesian_control_msgs/share/cartesian_control_msgs/action/FollowCartesianTrajectory.json
-- Up-to-date: /openarm_ws/src/install/cartesian_control_msgs/share/cartesian_control_msgs/msg/CartesianPosture.json
-- Up-to-date: /openarm_ws/src/install/cartesian_control_msgs/share/cartesian_control_msgs/msg/CartesianTolerance.json
-- Up-to-date: /openarm_ws/src/install/cartesian_control_msgs/share/cartesian_control_msgs/msg/CartesianTrajectory.json
-- Up-to-date: /openarm_ws/src/install/cartesian_control_msgs/share/cartesian_control_msgs/msg/CartesianTrajectoryPoint.json
-- Up-to-date: /openarm_ws/src/install/cartesian_control_msgs/include/cartesian_control_msgs/cartesian_control_msgs
-- Up-to-date: /openarm_ws/src/install/cartesian_control_msgs/include/cartesian_control_msgs/cartesian_control_msgs/action
-- Up-to-date: /openarm_ws/src/install/cartesian_control_msgs/include/cartesian_control_msgs/cartesian_control_msgs/action/follow_cartesian_trajectory.h
-- Up-to-date: /openarm_ws/src/install/cartesian_control_msgs/include/cartesian_control_msgs/cartesian_control_msgs/action/detail
-- Up-to-date: /openarm_ws/src/install/cartesian_control_msgs/include/cartesian_control_msgs/cartesian_control_msgs/action/detail/follow_cartesian_trajectory__functions.c
-- Up-to-date: /openarm_ws/src/install/cartesian_control_msgs/include/cartesian_control_msgs/cartesian_control_msgs/action/detail/follow_cartesian_trajectory__description.c
-- Up-to-date: /openarm_ws/src/install/cartesian_control_msgs/include/cartesian_control_msgs/cartesian_control_msgs/action/detail/follow_cartesian_trajectory__type_support.h
-- Up-to-date: /openarm_ws/src/install/cartesian_control_msgs/include/cartesian_control_msgs/cartesian_control_msgs/action/detail/follow_cartesian_trajectory__type_support.c
-- Up-to-date: /openarm_ws/src/install/cartesian_control_msgs/include/cartesian_control_msgs/cartesian_control_msgs/action/detail/follow_cartesian_trajectory__struct.h
-- Up-to-date: /openarm_ws/src/install/cartesian_control_msgs/include/cartesian_control_msgs/cartesian_control_msgs/action/detail/follow_cartesian_trajectory__functions.h
-- Up-to-date: /openarm_ws/src/install/cartesian_control_msgs/include/cartesian_control_msgs/cartesian_control_msgs/msg
-- Up-to-date: /openarm_ws/src/install/cartesian_control_msgs/include/cartesian_control_msgs/cartesian_control_msgs/msg/rosidl_generator_c__visibility_control.h
-- Up-to-date: /openarm_ws/src/install/cartesian_control_msgs/include/cartesian_control_msgs/cartesian_control_msgs/msg/cartesian_posture.h
-- Up-to-date: /openarm_ws/src/install/cartesian_control_msgs/include/cartesian_control_msgs/cartesian_control_msgs/msg/cartesian_trajectory.h
-- Up-to-date: /openarm_ws/src/install/cartesian_control_msgs/include/cartesian_control_msgs/cartesian_control_msgs/msg/cartesian_trajectory_point.h
-- Up-to-date: /openarm_ws/src/install/cartesian_control_msgs/include/cartesian_control_msgs/cartesian_control_msgs/msg/cartesian_tolerance.h
-- Up-to-date: /openarm_ws/src/install/cartesian_control_msgs/include/cartesian_control_msgs/cartesian_control_msgs/msg/detail
-- Up-to-date: /openarm_ws/src/install/cartesian_control_msgs/include/cartesian_control_msgs/cartesian_control_msgs/msg/detail/cartesian_posture__functions.h
-- Up-to-date: /openarm_ws/src/install/cartesian_control_msgs/include/cartesian_control_msgs/cartesian_control_msgs/msg/detail/cartesian_trajectory__description.c
-- Up-to-date: /openarm_ws/src/install/cartesian_control_msgs/include/cartesian_control_msgs/cartesian_control_msgs/msg/detail/cartesian_trajectory_point__struct.h
-- Up-to-date: /openarm_ws/src/install/cartesian_control_msgs/include/cartesian_control_msgs/cartesian_control_msgs/msg/detail/cartesian_tolerance__functions.c
-- Up-to-date: /openarm_ws/src/install/cartesian_control_msgs/include/cartesian_control_msgs/cartesian_control_msgs/msg/detail/cartesian_trajectory__functions.c
-- Up-to-date: /openarm_ws/src/install/cartesian_control_msgs/include/cartesian_control_msgs/cartesian_control_msgs/msg/detail/cartesian_trajectory__type_support.h
-- Up-to-date: /openarm_ws/src/install/cartesian_control_msgs/include/cartesian_control_msgs/cartesian_control_msgs/msg/detail/cartesian_trajectory_point__functions.c
-- Up-to-date: /openarm_ws/src/install/cartesian_control_msgs/include/cartesian_control_msgs/cartesian_control_msgs/msg/detail/cartesian_posture__functions.c
-- Up-to-date: /openarm_ws/src/install/cartesian_control_msgs/include/cartesian_control_msgs/cartesian_control_msgs/msg/detail/cartesian_tolerance__type_support.c
-- Up-to-date: /openarm_ws/src/install/cartesian_control_msgs/include/cartesian_control_msgs/cartesian_control_msgs/msg/detail/cartesian_trajectory_point__type_support.h
-- Up-to-date: /openarm_ws/src/install/cartesian_control_msgs/include/cartesian_control_msgs/cartesian_control_msgs/msg/detail/cartesian_tolerance__description.c
-- Up-to-date: /openarm_ws/src/install/cartesian_control_msgs/include/cartesian_control_msgs/cartesian_control_msgs/msg/detail/cartesian_posture__struct.h
-- Up-to-date: /openarm_ws/src/install/cartesian_control_msgs/include/cartesian_control_msgs/cartesian_control_msgs/msg/detail/cartesian_trajectory_point__type_support.c
-- Up-to-date: /openarm_ws/src/install/cartesian_control_msgs/include/cartesian_control_msgs/cartesian_control_msgs/msg/detail/cartesian_trajectory_point__description.c
-- Up-to-date: /openarm_ws/src/install/cartesian_control_msgs/include/cartesian_control_msgs/cartesian_control_msgs/msg/detail/cartesian_posture__description.c
-- Up-to-date: /openarm_ws/src/install/cartesian_control_msgs/include/cartesian_control_msgs/cartesian_control_msgs/msg/detail/cartesian_tolerance__functions.h
-- Up-to-date: /openarm_ws/src/install/cartesian_control_msgs/include/cartesian_control_msgs/cartesian_control_msgs/msg/detail/cartesian_trajectory__struct.h
-- Up-to-date: /openarm_ws/src/install/cartesian_control_msgs/include/cartesian_control_msgs/cartesian_control_msgs/msg/detail/cartesian_trajectory__functions.h
-- Up-to-date: /openarm_ws/src/install/cartesian_control_msgs/include/cartesian_control_msgs/cartesian_control_msgs/msg/detail/cartesian_posture__type_support.h
-- Up-to-date: /openarm_ws/src/install/cartesian_control_msgs/include/cartesian_control_msgs/cartesian_control_msgs/msg/detail/cartesian_trajectory__type_support.c
-- Up-to-date: /openarm_ws/src/install/cartesian_control_msgs/include/cartesian_control_msgs/cartesian_control_msgs/msg/detail/cartesian_posture__type_support.c
-- Up-to-date: /openarm_ws/src/install/cartesian_control_msgs/include/cartesian_control_msgs/cartesian_control_msgs/msg/detail/cartesian_tolerance__type_support.h
-- Up-to-date: /openarm_ws/src/install/cartesian_control_msgs/include/cartesian_control_msgs/cartesian_control_msgs/msg/detail/cartesian_trajectory_point__functions.h
-- Up-to-date: /openarm_ws/src/install/cartesian_control_msgs/include/cartesian_control_msgs/cartesian_control_msgs/msg/detail/cartesian_tolerance__struct.h
-- Up-to-date: /openarm_ws/src/install/cartesian_control_msgs/share/cartesian_control_msgs/environment/library_path.sh
-- Up-to-date: /openarm_ws/src/install/cartesian_control_msgs/share/cartesian_control_msgs/environment/library_path.dsv
-- Up-to-date: /openarm_ws/src/install/cartesian_control_msgs/lib/libcartesian_control_msgs__rosidl_generator_c.so
-- Up-to-date: /openarm_ws/src/install/cartesian_control_msgs/include/cartesian_control_msgs/cartesian_control_msgs
-- Up-to-date: /openarm_ws/src/install/cartesian_control_msgs/include/cartesian_control_msgs/cartesian_control_msgs/action
-- Up-to-date: /openarm_ws/src/install/cartesian_control_msgs/include/cartesian_control_msgs/cartesian_control_msgs/action/detail
-- Up-to-date: /openarm_ws/src/install/cartesian_control_msgs/include/cartesian_control_msgs/cartesian_control_msgs/action/detail/follow_cartesian_trajectory__rosidl_typesupport_fastrtps_c.h
-- Up-to-date: /openarm_ws/src/install/cartesian_control_msgs/include/cartesian_control_msgs/cartesian_control_msgs/msg
-- Up-to-date: /openarm_ws/src/install/cartesian_control_msgs/include/cartesian_control_msgs/cartesian_control_msgs/msg/detail
-- Up-to-date: /openarm_ws/src/install/cartesian_control_msgs/include/cartesian_control_msgs/cartesian_control_msgs/msg/detail/cartesian_trajectory_point__rosidl_typesupport_fastrtps_c.h
-- Up-to-date: /openarm_ws/src/install/cartesian_control_msgs/include/cartesian_control_msgs/cartesian_control_msgs/msg/detail/cartesian_posture__rosidl_typesupport_fastrtps_c.h
-- Up-to-date: /openarm_ws/src/install/cartesian_control_msgs/include/cartesian_control_msgs/cartesian_control_msgs/msg/detail/cartesian_trajectory__rosidl_typesupport_fastrtps_c.h
-- Up-to-date: /openarm_ws/src/install/cartesian_control_msgs/include/cartesian_control_msgs/cartesian_control_msgs/msg/detail/cartesian_tolerance__rosidl_typesupport_fastrtps_c.h
-- Up-to-date: /openarm_ws/src/install/cartesian_control_msgs/include/cartesian_control_msgs/cartesian_control_msgs/msg/rosidl_typesupport_fastrtps_c__visibility_control.h
-- Up-to-date: /openarm_ws/src/install/cartesian_control_msgs/lib/libcartesian_control_msgs__rosidl_typesupport_fastrtps_c.so
-- Up-to-date: /openarm_ws/src/install/cartesian_control_msgs/include/cartesian_control_msgs/cartesian_control_msgs
-- Up-to-date: /openarm_ws/src/install/cartesian_control_msgs/include/cartesian_control_msgs/cartesian_control_msgs/action
-- Up-to-date: /openarm_ws/src/install/cartesian_control_msgs/include/cartesian_control_msgs/cartesian_control_msgs/action/follow_cartesian_trajectory.hpp
-- Up-to-date: /openarm_ws/src/install/cartesian_control_msgs/include/cartesian_control_msgs/cartesian_control_msgs/action/detail
-- Up-to-date: /openarm_ws/src/install/cartesian_control_msgs/include/cartesian_control_msgs/cartesian_control_msgs/action/detail/follow_cartesian_trajectory__builder.hpp
-- Up-to-date: /openarm_ws/src/install/cartesian_control_msgs/include/cartesian_control_msgs/cartesian_control_msgs/action/detail/follow_cartesian_trajectory__traits.hpp
-- Up-to-date: /openarm_ws/src/install/cartesian_control_msgs/include/cartesian_control_msgs/cartesian_control_msgs/action/detail/follow_cartesian_trajectory__type_support.hpp
-- Up-to-date: /openarm_ws/src/install/cartesian_control_msgs/include/cartesian_control_msgs/cartesian_control_msgs/action/detail/follow_cartesian_trajectory__struct.hpp
-- Up-to-date: /openarm_ws/src/install/cartesian_control_msgs/include/cartesian_control_msgs/cartesian_control_msgs/msg
-- Up-to-date: /openarm_ws/src/install/cartesian_control_msgs/include/cartesian_control_msgs/cartesian_control_msgs/msg/cartesian_trajectory_point.hpp
-- Up-to-date: /openarm_ws/src/install/cartesian_control_msgs/include/cartesian_control_msgs/cartesian_control_msgs/msg/cartesian_trajectory.hpp
-- Up-to-date: /openarm_ws/src/install/cartesian_control_msgs/include/cartesian_control_msgs/cartesian_control_msgs/msg/rosidl_generator_cpp__visibility_control.hpp
-- Up-to-date: /openarm_ws/src/install/cartesian_control_msgs/include/cartesian_control_msgs/cartesian_control_msgs/msg/detail
-- Up-to-date: /openarm_ws/src/install/cartesian_control_msgs/include/cartesian_control_msgs/cartesian_control_msgs/msg/detail/cartesian_posture__struct.hpp
-- Up-to-date: /openarm_ws/src/install/cartesian_control_msgs/include/cartesian_control_msgs/cartesian_control_msgs/msg/detail/cartesian_tolerance__traits.hpp
-- Up-to-date: /openarm_ws/src/install/cartesian_control_msgs/include/cartesian_control_msgs/cartesian_control_msgs/msg/detail/cartesian_tolerance__struct.hpp
-- Up-to-date: /openarm_ws/src/install/cartesian_control_msgs/include/cartesian_control_msgs/cartesian_control_msgs/msg/detail/cartesian_trajectory_point__struct.hpp
-- Up-to-date: /openarm_ws/src/install/cartesian_control_msgs/include/cartesian_control_msgs/cartesian_control_msgs/msg/detail/cartesian_tolerance__type_support.hpp
-- Up-to-date: /openarm_ws/src/install/cartesian_control_msgs/include/cartesian_control_msgs/cartesian_control_msgs/msg/detail/cartesian_trajectory__type_support.hpp
-- Up-to-date: /openarm_ws/src/install/cartesian_control_msgs/include/cartesian_control_msgs/cartesian_control_msgs/msg/detail/cartesian_trajectory__builder.hpp
-- Up-to-date: /openarm_ws/src/install/cartesian_control_msgs/include/cartesian_control_msgs/cartesian_control_msgs/msg/detail/cartesian_trajectory_point__builder.hpp
-- Up-to-date: /openarm_ws/src/install/cartesian_control_msgs/include/cartesian_control_msgs/cartesian_control_msgs/msg/detail/cartesian_trajectory__traits.hpp
-- Up-to-date: /openarm_ws/src/install/cartesian_control_msgs/include/cartesian_control_msgs/cartesian_control_msgs/msg/detail/cartesian_trajectory_point__type_support.hpp
-- Up-to-date: /openarm_ws/src/install/cartesian_control_msgs/include/cartesian_control_msgs/cartesian_control_msgs/msg/detail/cartesian_trajectory_point__traits.hpp
-- Up-to-date: /openarm_ws/src/install/cartesian_control_msgs/include/cartesian_control_msgs/cartesian_control_msgs/msg/detail/cartesian_posture__builder.hpp
-- Up-to-date: /openarm_ws/src/install/cartesian_control_msgs/include/cartesian_control_msgs/cartesian_control_msgs/msg/detail/cartesian_trajectory__struct.hpp
-- Up-to-date: /openarm_ws/src/install/cartesian_control_msgs/include/cartesian_control_msgs/cartesian_control_msgs/msg/detail/cartesian_tolerance__builder.hpp
-- Up-to-date: /openarm_ws/src/install/cartesian_control_msgs/include/cartesian_control_msgs/cartesian_control_msgs/msg/detail/cartesian_posture__type_support.hpp
-- Up-to-date: /openarm_ws/src/install/cartesian_control_msgs/include/cartesian_control_msgs/cartesian_control_msgs/msg/detail/cartesian_posture__traits.hpp
-- Up-to-date: /openarm_ws/src/install/cartesian_control_msgs/include/cartesian_control_msgs/cartesian_control_msgs/msg/cartesian_posture.hpp
-- Up-to-date: /openarm_ws/src/install/cartesian_control_msgs/include/cartesian_control_msgs/cartesian_control_msgs/msg/cartesian_tolerance.hpp
-- Up-to-date: /openarm_ws/src/install/cartesian_control_msgs/include/cartesian_control_msgs/cartesian_control_msgs
-- Up-to-date: /openarm_ws/src/install/cartesian_control_msgs/include/cartesian_control_msgs/cartesian_control_msgs/action
-- Up-to-date: /openarm_ws/src/install/cartesian_control_msgs/include/cartesian_control_msgs/cartesian_control_msgs/action/detail
-- Up-to-date: /openarm_ws/src/install/cartesian_control_msgs/include/cartesian_control_msgs/cartesian_control_msgs/action/detail/dds_fastrtps
-- Up-to-date: /openarm_ws/src/install/cartesian_control_msgs/include/cartesian_control_msgs/cartesian_control_msgs/action/detail/follow_cartesian_trajectory__rosidl_typesupport_fastrtps_cpp.hpp
-- Up-to-date: /openarm_ws/src/install/cartesian_control_msgs/include/cartesian_control_msgs/cartesian_control_msgs/msg
-- Up-to-date: /openarm_ws/src/install/cartesian_control_msgs/include/cartesian_control_msgs/cartesian_control_msgs/msg/detail
-- Up-to-date: /openarm_ws/src/install/cartesian_control_msgs/include/cartesian_control_msgs/cartesian_control_msgs/msg/detail/cartesian_tolerance__rosidl_typesupport_fastrtps_cpp.hpp
-- Up-to-date: /openarm_ws/src/install/cartesian_control_msgs/include/cartesian_control_msgs/cartesian_control_msgs/msg/detail/cartesian_trajectory_point__rosidl_typesupport_fastrtps_cpp.hpp
-- Up-to-date: /openarm_ws/src/install/cartesian_control_msgs/include/cartesian_control_msgs/cartesian_control_msgs/msg/detail/cartesian_posture__rosidl_typesupport_fastrtps_cpp.hpp
-- Up-to-date: /openarm_ws/src/install/cartesian_control_msgs/include/cartesian_control_msgs/cartesian_control_msgs/msg/detail/cartesian_trajectory__rosidl_typesupport_fastrtps_cpp.hpp
-- Up-to-date: /openarm_ws/src/install/cartesian_control_msgs/include/cartesian_control_msgs/cartesian_control_msgs/msg/detail/dds_fastrtps
-- Up-to-date: /openarm_ws/src/install/cartesian_control_msgs/include/cartesian_control_msgs/cartesian_control_msgs/msg/rosidl_typesupport_fastrtps_cpp__visibility_control.h
-- Up-to-date: /openarm_ws/src/install/cartesian_control_msgs/lib/libcartesian_control_msgs__rosidl_typesupport_fastrtps_cpp.so
-- Up-to-date: /openarm_ws/src/install/cartesian_control_msgs/include/cartesian_control_msgs/cartesian_control_msgs
-- Up-to-date: /openarm_ws/src/install/cartesian_control_msgs/include/cartesian_control_msgs/cartesian_control_msgs/action
-- Up-to-date: /openarm_ws/src/install/cartesian_control_msgs/include/cartesian_control_msgs/cartesian_control_msgs/action/detail
-- Up-to-date: /openarm_ws/src/install/cartesian_control_msgs/include/cartesian_control_msgs/cartesian_control_msgs/action/detail/follow_cartesian_trajectory__type_support.c
-- Up-to-date: /openarm_ws/src/install/cartesian_control_msgs/include/cartesian_control_msgs/cartesian_control_msgs/action/detail/follow_cartesian_trajectory__rosidl_typesupport_introspection_c.h
-- Up-to-date: /openarm_ws/src/install/cartesian_control_msgs/include/cartesian_control_msgs/cartesian_control_msgs/msg
-- Up-to-date: /openarm_ws/src/install/cartesian_control_msgs/include/cartesian_control_msgs/cartesian_control_msgs/msg/detail
-- Up-to-date: /openarm_ws/src/install/cartesian_control_msgs/include/cartesian_control_msgs/cartesian_control_msgs/msg/detail/cartesian_tolerance__rosidl_typesupport_introspection_c.h
-- Up-to-date: /openarm_ws/src/install/cartesian_control_msgs/include/cartesian_control_msgs/cartesian_control_msgs/msg/detail/cartesian_tolerance__type_support.c
-- Up-to-date: /openarm_ws/src/install/cartesian_control_msgs/include/cartesian_control_msgs/cartesian_control_msgs/msg/detail/cartesian_trajectory_point__type_support.c
-- Up-to-date: /openarm_ws/src/install/cartesian_control_msgs/include/cartesian_control_msgs/cartesian_control_msgs/msg/detail/cartesian_posture__rosidl_typesupport_introspection_c.h
-- Up-to-date: /openarm_ws/src/install/cartesian_control_msgs/include/cartesian_control_msgs/cartesian_control_msgs/msg/detail/cartesian_trajectory_point__rosidl_typesupport_introspection_c.h
-- Up-to-date: /openarm_ws/src/install/cartesian_control_msgs/include/cartesian_control_msgs/cartesian_control_msgs/msg/detail/cartesian_trajectory__type_support.c
-- Up-to-date: /openarm_ws/src/install/cartesian_control_msgs/include/cartesian_control_msgs/cartesian_control_msgs/msg/detail/cartesian_posture__type_support.c
-- Up-to-date: /openarm_ws/src/install/cartesian_control_msgs/include/cartesian_control_msgs/cartesian_control_msgs/msg/detail/cartesian_trajectory__rosidl_typesupport_introspection_c.h
-- Up-to-date: /openarm_ws/src/install/cartesian_control_msgs/include/cartesian_control_msgs/cartesian_control_msgs/msg/rosidl_typesupport_introspection_c__visibility_control.h
-- Up-to-date: /openarm_ws/src/install/cartesian_control_msgs/lib/libcartesian_control_msgs__rosidl_typesupport_introspection_c.so
-- Up-to-date: /openarm_ws/src/install/cartesian_control_msgs/lib/libcartesian_control_msgs__rosidl_typesupport_c.so
-- Up-to-date: /openarm_ws/src/install/cartesian_control_msgs/include/cartesian_control_msgs/cartesian_control_msgs
-- Up-to-date: /openarm_ws/src/install/cartesian_control_msgs/include/cartesian_control_msgs/cartesian_control_msgs/action
-- Up-to-date: /openarm_ws/src/install/cartesian_control_msgs/include/cartesian_control_msgs/cartesian_control_msgs/action/detail
-- Up-to-date: /openarm_ws/src/install/cartesian_control_msgs/include/cartesian_control_msgs/cartesian_control_msgs/action/detail/follow_cartesian_trajectory__type_support.cpp
-- Up-to-date: /openarm_ws/src/install/cartesian_control_msgs/include/cartesian_control_msgs/cartesian_control_msgs/action/detail/follow_cartesian_trajectory__rosidl_typesupport_introspection_cpp.hpp
-- Up-to-date: /openarm_ws/src/install/cartesian_control_msgs/include/cartesian_control_msgs/cartesian_control_msgs/msg
-- Up-to-date: /openarm_ws/src/install/cartesian_control_msgs/include/cartesian_control_msgs/cartesian_control_msgs/msg/detail
-- Up-to-date: /openarm_ws/src/install/cartesian_control_msgs/include/cartesian_control_msgs/cartesian_control_msgs/msg/detail/cartesian_trajectory__rosidl_typesupport_introspection_cpp.hpp
-- Up-to-date: /openarm_ws/src/install/cartesian_control_msgs/include/cartesian_control_msgs/cartesian_control_msgs/msg/detail/cartesian_posture__rosidl_typesupport_introspection_cpp.hpp
-- Up-to-date: /openarm_ws/src/install/cartesian_control_msgs/include/cartesian_control_msgs/cartesian_control_msgs/msg/detail/cartesian_tolerance__rosidl_typesupport_introspection_cpp.hpp
-- Up-to-date: /openarm_ws/src/install/cartesian_control_msgs/include/cartesian_control_msgs/cartesian_control_msgs/msg/detail/cartesian_trajectory__type_support.cpp
-- Up-to-date: /openarm_ws/src/install/cartesian_control_msgs/include/cartesian_control_msgs/cartesian_control_msgs/msg/detail/cartesian_tolerance__type_support.cpp
-- Up-to-date: /openarm_ws/src/install/cartesian_control_msgs/include/cartesian_control_msgs/cartesian_control_msgs/msg/detail/cartesian_posture__type_support.cpp
-- Up-to-date: /openarm_ws/src/install/cartesian_control_msgs/include/cartesian_control_msgs/cartesian_control_msgs/msg/detail/cartesian_trajectory_point__type_support.cpp
-- Up-to-date: /openarm_ws/src/install/cartesian_control_msgs/include/cartesian_control_msgs/cartesian_control_msgs/msg/detail/cartesian_trajectory_point__rosidl_typesupport_introspection_cpp.hpp
-- Up-to-date: /openarm_ws/src/install/cartesian_control_msgs/lib/libcartesian_control_msgs__rosidl_typesupport_introspection_cpp.so
-- Up-to-date: /openarm_ws/src/install/cartesian_control_msgs/lib/libcartesian_control_msgs__rosidl_typesupport_cpp.so
-- Up-to-date: /openarm_ws/src/install/cartesian_control_msgs/share/cartesian_control_msgs/environment/pythonpath.sh
-- Up-to-date: /openarm_ws/src/install/cartesian_control_msgs/share/cartesian_control_msgs/environment/pythonpath.dsv
-- Up-to-date: /openarm_ws/src/install/cartesian_control_msgs/lib/python3.12/site-packages/cartesian_control_msgs-0.1.0-py3.12.egg-info
-- Installing: /openarm_ws/src/install/cartesian_control_msgs/lib/python3.12/site-packages/cartesian_control_msgs-0.1.0-py3.12.egg-info/top_level.txt
-- Installing: /openarm_ws/src/install/cartesian_control_msgs/lib/python3.12/site-packages/cartesian_control_msgs-0.1.0-py3.12.egg-info/dependency_links.txt
-- Installing: /openarm_ws/src/install/cartesian_control_msgs/lib/python3.12/site-packages/cartesian_control_msgs-0.1.0-py3.12.egg-info/PKG-INFO
-- Installing: /openarm_ws/src/install/cartesian_control_msgs/lib/python3.12/site-packages/cartesian_control_msgs-0.1.0-py3.12.egg-info/SOURCES.txt
-- Up-to-date: /openarm_ws/src/install/cartesian_control_msgs/lib/python3.12/site-packages/cartesian_control_msgs
-- Up-to-date: /openarm_ws/src/install/cartesian_control_msgs/lib/python3.12/site-packages/cartesian_control_msgs/cartesian_control_msgs_s__rosidl_typesupport_c.so
-- Up-to-date: /openarm_ws/src/install/cartesian_control_msgs/lib/python3.12/site-packages/cartesian_control_msgs/_cartesian_control_msgs_s.ep.rosidl_typesupport_introspection_c.c
-- Up-to-date: /openarm_ws/src/install/cartesian_control_msgs/lib/python3.12/site-packages/cartesian_control_msgs/__init__.py
-- Up-to-date: /openarm_ws/src/install/cartesian_control_msgs/lib/python3.12/site-packages/cartesian_control_msgs/action
-- Up-to-date: /openarm_ws/src/install/cartesian_control_msgs/lib/python3.12/site-packages/cartesian_control_msgs/action/__init__.py
-- Up-to-date: /openarm_ws/src/install/cartesian_control_msgs/lib/python3.12/site-packages/cartesian_control_msgs/action/_follow_cartesian_trajectory_s.c
-- Up-to-date: /openarm_ws/src/install/cartesian_control_msgs/lib/python3.12/site-packages/cartesian_control_msgs/action/_follow_cartesian_trajectory.py
-- Up-to-date: /openarm_ws/src/install/cartesian_control_msgs/lib/python3.12/site-packages/cartesian_control_msgs/msg
-- Up-to-date: /openarm_ws/src/install/cartesian_control_msgs/lib/python3.12/site-packages/cartesian_control_msgs/msg/_cartesian_tolerance_s.c
-- Up-to-date: /openarm_ws/src/install/cartesian_control_msgs/lib/python3.12/site-packages/cartesian_control_msgs/msg/_cartesian_trajectory_point_s.c
-- Up-to-date: /openarm_ws/src/install/cartesian_control_msgs/lib/python3.12/site-packages/cartesian_control_msgs/msg/_cartesian_trajectory_point.py
-- Up-to-date: /openarm_ws/src/install/cartesian_control_msgs/lib/python3.12/site-packages/cartesian_control_msgs/msg/_cartesian_trajectory.py
-- Up-to-date: /openarm_ws/src/install/cartesian_control_msgs/lib/python3.12/site-packages/cartesian_control_msgs/msg/__init__.py
-- Up-to-date: /openarm_ws/src/install/cartesian_control_msgs/lib/python3.12/site-packages/cartesian_control_msgs/msg/_cartesian_posture.py
-- Up-to-date: /openarm_ws/src/install/cartesian_control_msgs/lib/python3.12/site-packages/cartesian_control_msgs/msg/_cartesian_trajectory_s.c
-- Up-to-date: /openarm_ws/src/install/cartesian_control_msgs/lib/python3.12/site-packages/cartesian_control_msgs/msg/_cartesian_tolerance.py
-- Up-to-date: /openarm_ws/src/install/cartesian_control_msgs/lib/python3.12/site-packages/cartesian_control_msgs/msg/_cartesian_posture_s.c
-- Up-to-date: /openarm_ws/src/install/cartesian_control_msgs/lib/python3.12/site-packages/cartesian_control_msgs/cartesian_control_msgs_s__rosidl_typesupport_introspection_c.so
-- Up-to-date: /openarm_ws/src/install/cartesian_control_msgs/lib/python3.12/site-packages/cartesian_control_msgs/cartesian_control_msgs_s__rosidl_typesupport_fastrtps_c.so
-- Up-to-date: /openarm_ws/src/install/cartesian_control_msgs/lib/python3.12/site-packages/cartesian_control_msgs/_cartesian_control_msgs_s.ep.rosidl_typesupport_fastrtps_c.c
-- Up-to-date: /openarm_ws/src/install/cartesian_control_msgs/lib/python3.12/site-packages/cartesian_control_msgs/_cartesian_control_msgs_s.ep.rosidl_typesupport_c.c
Listing '/openarm_ws/src/install/cartesian_control_msgs/lib/python3.12/site-packages/cartesian_control_msgs'...
Listing '/openarm_ws/src/install/cartesian_control_msgs/lib/python3.12/site-packages/cartesian_control_msgs/action'...
Listing '/openarm_ws/src/install/cartesian_control_msgs/lib/python3.12/site-packages/cartesian_control_msgs/msg'...
-- Up-to-date: /openarm_ws/src/install/cartesian_control_msgs/lib/python3.12/site-packages/cartesian_control_msgs/cartesian_control_msgs_s__rosidl_typesupport_fastrtps_c.so
-- Up-to-date: /openarm_ws/src/install/cartesian_control_msgs/lib/python3.12/site-packages/cartesian_control_msgs/cartesian_control_msgs_s__rosidl_typesupport_introspection_c.so
-- Up-to-date: /openarm_ws/src/install/cartesian_control_msgs/lib/python3.12/site-packages/cartesian_control_msgs/cartesian_control_msgs_s__rosidl_typesupport_c.so
-- Up-to-date: /openarm_ws/src/install/cartesian_control_msgs/lib/libcartesian_control_msgs__rosidl_generator_py.so
-- Up-to-date: /openarm_ws/src/install/cartesian_control_msgs/share/ament_index/resource_index/rust_packages/cartesian_control_msgs
-- Up-to-date: /openarm_ws/src/install/cartesian_control_msgs/share/cartesian_control_msgs/rust
-- Up-to-date: /openarm_ws/src/install/cartesian_control_msgs/share/cartesian_control_msgs/rust/src
-- Up-to-date: /openarm_ws/src/install/cartesian_control_msgs/share/cartesian_control_msgs/rust/src/action.rs
-- Up-to-date: /openarm_ws/src/install/cartesian_control_msgs/share/cartesian_control_msgs/rust/src/lib.rs
-- Up-to-date: /openarm_ws/src/install/cartesian_control_msgs/share/cartesian_control_msgs/rust/src/action
-- Up-to-date: /openarm_ws/src/install/cartesian_control_msgs/share/cartesian_control_msgs/rust/src/action/rmw.rs
-- Up-to-date: /openarm_ws/src/install/cartesian_control_msgs/share/cartesian_control_msgs/rust/src/msg.rs
-- Up-to-date: /openarm_ws/src/install/cartesian_control_msgs/share/cartesian_control_msgs/rust/src/msg
-- Up-to-date: /openarm_ws/src/install/cartesian_control_msgs/share/cartesian_control_msgs/rust/src/msg/rmw.rs
-- Up-to-date: /openarm_ws/src/install/cartesian_control_msgs/share/cartesian_control_msgs/rust/Cargo.toml
-- Up-to-date: /openarm_ws/src/install/cartesian_control_msgs/share/cartesian_control_msgs/rust/build.rs
-- Up-to-date: /openarm_ws/src/install/cartesian_control_msgs/share/cartesian_control_msgs/action/FollowCartesianTrajectory.idl
-- Up-to-date: /openarm_ws/src/install/cartesian_control_msgs/share/cartesian_control_msgs/msg/CartesianPosture.idl
-- Up-to-date: /openarm_ws/src/install/cartesian_control_msgs/share/cartesian_control_msgs/msg/CartesianTolerance.idl
-- Up-to-date: /openarm_ws/src/install/cartesian_control_msgs/share/cartesian_control_msgs/msg/CartesianTrajectory.idl
-- Up-to-date: /openarm_ws/src/install/cartesian_control_msgs/share/cartesian_control_msgs/msg/CartesianTrajectoryPoint.idl
-- Up-to-date: /openarm_ws/src/install/cartesian_control_msgs/share/cartesian_control_msgs/action/FollowCartesianTrajectory.action
-- Up-to-date: /openarm_ws/src/install/cartesian_control_msgs/share/cartesian_control_msgs/msg/CartesianPosture.msg
-- Up-to-date: /openarm_ws/src/install/cartesian_control_msgs/share/cartesian_control_msgs/msg/CartesianTolerance.msg
-- Up-to-date: /openarm_ws/src/install/cartesian_control_msgs/share/cartesian_control_msgs/msg/CartesianTrajectory.msg
-- Up-to-date: /openarm_ws/src/install/cartesian_control_msgs/share/cartesian_control_msgs/msg/CartesianTrajectoryPoint.msg
-- Up-to-date: /openarm_ws/src/install/cartesian_control_msgs/share/ament_index/resource_index/package_run_dependencies/cartesian_control_msgs
-- Up-to-date: /openarm_ws/src/install/cartesian_control_msgs/share/ament_index/resource_index/parent_prefix_path/cartesian_control_msgs
-- Up-to-date: /openarm_ws/src/install/cartesian_control_msgs/share/cartesian_control_msgs/environment/ament_prefix_path.sh
-- Up-to-date: /openarm_ws/src/install/cartesian_control_msgs/share/cartesian_control_msgs/environment/ament_prefix_path.dsv
-- Up-to-date: /openarm_ws/src/install/cartesian_control_msgs/share/cartesian_control_msgs/environment/path.sh
-- Up-to-date: /openarm_ws/src/install/cartesian_control_msgs/share/cartesian_control_msgs/environment/path.dsv
-- Up-to-date: /openarm_ws/src/install/cartesian_control_msgs/share/cartesian_control_msgs/local_setup.bash
-- Up-to-date: /openarm_ws/src/install/cartesian_control_msgs/share/cartesian_control_msgs/local_setup.sh
-- Up-to-date: /openarm_ws/src/install/cartesian_control_msgs/share/cartesian_control_msgs/local_setup.zsh
-- Up-to-date: /openarm_ws/src/install/cartesian_control_msgs/share/cartesian_control_msgs/local_setup.dsv
-- Installing: /openarm_ws/src/install/cartesian_control_msgs/share/cartesian_control_msgs/package.dsv
-- Up-to-date: /openarm_ws/src/install/cartesian_control_msgs/share/ament_index/resource_index/packages/cartesian_control_msgs
-- Up-to-date: /openarm_ws/src/install/cartesian_control_msgs/share/cartesian_control_msgs/cmake/export_cartesian_control_msgs__rosidl_generator_cExport.cmake
-- Up-to-date: /openarm_ws/src/install/cartesian_control_msgs/share/cartesian_control_msgs/cmake/export_cartesian_control_msgs__rosidl_generator_cExport-noconfig.cmake
-- Up-to-date: /openarm_ws/src/install/cartesian_control_msgs/share/cartesian_control_msgs/cmake/export_cartesian_control_msgs__rosidl_typesupport_fastrtps_cExport.cmake
-- Up-to-date: /openarm_ws/src/install/cartesian_control_msgs/share/cartesian_control_msgs/cmake/export_cartesian_control_msgs__rosidl_typesupport_fastrtps_cExport-noconfig.cmake
-- Up-to-date: /openarm_ws/src/install/cartesian_control_msgs/share/cartesian_control_msgs/cmake/export_cartesian_control_msgs__rosidl_generator_cppExport.cmake
-- Up-to-date: /openarm_ws/src/install/cartesian_control_msgs/share/cartesian_control_msgs/cmake/export_cartesian_control_msgs__rosidl_typesupport_fastrtps_cppExport.cmake
-- Up-to-date: /openarm_ws/src/install/cartesian_control_msgs/share/cartesian_control_msgs/cmake/export_cartesian_control_msgs__rosidl_typesupport_fastrtps_cppExport-noconfig.cmake
-- Up-to-date: /openarm_ws/src/install/cartesian_control_msgs/share/cartesian_control_msgs/cmake/cartesian_control_msgs__rosidl_typesupport_introspection_cExport.cmake
-- Up-to-date: /openarm_ws/src/install/cartesian_control_msgs/share/cartesian_control_msgs/cmake/cartesian_control_msgs__rosidl_typesupport_introspection_cExport-noconfig.cmake
-- Up-to-date: /openarm_ws/src/install/cartesian_control_msgs/share/cartesian_control_msgs/cmake/cartesian_control_msgs__rosidl_typesupport_cExport.cmake
-- Up-to-date: /openarm_ws/src/install/cartesian_control_msgs/share/cartesian_control_msgs/cmake/cartesian_control_msgs__rosidl_typesupport_cExport-noconfig.cmake
-- Up-to-date: /openarm_ws/src/install/cartesian_control_msgs/share/cartesian_control_msgs/cmake/cartesian_control_msgs__rosidl_typesupport_introspection_cppExport.cmake
-- Up-to-date: /openarm_ws/src/install/cartesian_control_msgs/share/cartesian_control_msgs/cmake/cartesian_control_msgs__rosidl_typesupport_introspection_cppExport-noconfig.cmake
-- Up-to-date: /openarm_ws/src/install/cartesian_control_msgs/share/cartesian_control_msgs/cmake/cartesian_control_msgs__rosidl_typesupport_cppExport.cmake
-- Up-to-date: /openarm_ws/src/install/cartesian_control_msgs/share/cartesian_control_msgs/cmake/cartesian_control_msgs__rosidl_typesupport_cppExport-noconfig.cmake
-- Up-to-date: /openarm_ws/src/install/cartesian_control_msgs/share/cartesian_control_msgs/cmake/export_cartesian_control_msgs__rosidl_generator_pyExport.cmake
-- Up-to-date: /openarm_ws/src/install/cartesian_control_msgs/share/cartesian_control_msgs/cmake/export_cartesian_control_msgs__rosidl_generator_pyExport-noconfig.cmake
-- Up-to-date: /openarm_ws/src/install/cartesian_control_msgs/share/cartesian_control_msgs/cmake/rosidl_cmake-extras.cmake
-- Up-to-date: /openarm_ws/src/install/cartesian_control_msgs/share/cartesian_control_msgs/cmake/ament_cmake_export_dependencies-extras.cmake
-- Up-to-date: /openarm_ws/src/install/cartesian_control_msgs/share/cartesian_control_msgs/cmake/ament_cmake_export_include_directories-extras.cmake
-- Up-to-date: /openarm_ws/src/install/cartesian_control_msgs/share/cartesian_control_msgs/cmake/ament_cmake_export_libraries-extras.cmake
-- Up-to-date: /openarm_ws/src/install/cartesian_control_msgs/share/cartesian_control_msgs/cmake/ament_cmake_export_targets-extras.cmake
-- Up-to-date: /openarm_ws/src/install/cartesian_control_msgs/share/cartesian_control_msgs/cmake/rosidl_cmake_export_typesupport_targets-extras.cmake
-- Up-to-date: /openarm_ws/src/install/cartesian_control_msgs/share/cartesian_control_msgs/cmake/rosidl_cmake_export_typesupport_libraries-extras.cmake
-- Up-to-date: /openarm_ws/src/install/cartesian_control_msgs/share/cartesian_control_msgs/cmake/cartesian_control_msgsConfig.cmake
-- Up-to-date: /openarm_ws/src/install/cartesian_control_msgs/share/cartesian_control_msgs/cmake/cartesian_control_msgsConfig-version.cmake
-- Up-to-date: /openarm_ws/src/install/cartesian_control_msgs/share/cartesian_control_msgs/package.xml
