[0.015s] Invoking command in '/openarm_ws/src/build/openarm_hardware': CMAKE_PREFIX_PATH=${CMAKE_PREFIX_PATH}:/opt/ros/jazzy /usr/bin/cmake --build /openarm_ws/src/build/openarm_hardware -- -j14 -l14
[0.200s] [100%] Built target openarm_hardware
[0.215s] Invoked command in '/openarm_ws/src/build/openarm_hardware' returned '0': CMAKE_PREFIX_PATH=${CMAKE_PREFIX_PATH}:/opt/ros/jazzy /usr/bin/cmake --build /openarm_ws/src/build/openarm_hardware -- -j14 -l14
[0.216s] Invoking command in '/openarm_ws/src/build/openarm_hardware': CMAKE_PREFIX_PATH=${CMAKE_PREFIX_PATH}:/opt/ros/jazzy /usr/bin/cmake --install /openarm_ws/src/build/openarm_hardware
[0.235s] -- Install configuration: ""
[0.235s] -- Up-to-date: /openarm_ws/src/install/openarm_hardware/share/openarm_hardware/openarm_hardware.xml
[0.236s] -- Up-to-date: /openarm_ws/src/install/openarm_hardware/lib/libopenarm_hardware.so
[0.236s] -- Up-to-date: /openarm_ws/src/install/openarm_hardware/include
[0.236s] -- Up-to-date: /openarm_ws/src/install/openarm_hardware/include/openarm_hardware
[0.236s] -- Up-to-date: /openarm_ws/src/install/openarm_hardware/include/openarm_hardware/openarm_simple_hardware.hpp
[0.236s] -- Up-to-date: /openarm_ws/src/install/openarm_hardware/include/openarm_hardware/visibility_control.h
[0.236s] -- Up-to-date: /openarm_ws/src/install/openarm_hardware/share/openarm_hardware/environment/library_path.sh
[0.236s] -- Up-to-date: /openarm_ws/src/install/openarm_hardware/share/openarm_hardware/environment/library_path.dsv
[0.236s] -- Up-to-date: /openarm_ws/src/install/openarm_hardware/share/ament_index/resource_index/package_run_dependencies/openarm_hardware
[0.236s] -- Up-to-date: /openarm_ws/src/install/openarm_hardware/share/ament_index/resource_index/parent_prefix_path/openarm_hardware
[0.279s] -- Up-to-date: /openarm_ws/src/install/openarm_hardware/share/openarm_hardware/environment/ament_prefix_path.sh
[0.280s] -- Up-to-date: /openarm_ws/src/install/openarm_hardware/share/openarm_hardware/environment/ament_prefix_path.dsv
[0.280s] -- Up-to-date: /openarm_ws/src/install/openarm_hardware/share/openarm_hardware/environment/path.sh
[0.280s] -- Up-to-date: /openarm_ws/src/install/openarm_hardware/share/openarm_hardware/environment/path.dsv
[0.281s] -- Up-to-date: /openarm_ws/src/install/openarm_hardware/share/openarm_hardware/local_setup.bash
[0.281s] -- Up-to-date: /openarm_ws/src/install/openarm_hardware/share/openarm_hardware/local_setup.sh
[0.281s] -- Up-to-date: /openarm_ws/src/install/openarm_hardware/share/openarm_hardware/local_setup.zsh
[0.282s] -- Up-to-date: /openarm_ws/src/install/openarm_hardware/share/openarm_hardware/local_setup.dsv
[0.282s] -- Installing: /openarm_ws/src/install/openarm_hardware/share/openarm_hardware/package.dsv
[0.282s] -- Up-to-date: /openarm_ws/src/install/openarm_hardware/share/ament_index/resource_index/packages/openarm_hardware
[0.282s] -- Up-to-date: /openarm_ws/src/install/openarm_hardware/share/ament_index/resource_index/hardware_interface__pluginlib__plugin/openarm_hardware
[0.283s] -- Up-to-date: /openarm_ws/src/install/openarm_hardware/share/openarm_hardware/cmake/ament_cmake_export_include_directories-extras.cmake
[0.283s] -- Up-to-date: /openarm_ws/src/install/openarm_hardware/share/openarm_hardware/cmake/ament_cmake_export_libraries-extras.cmake
[0.283s] -- Up-to-date: /openarm_ws/src/install/openarm_hardware/share/openarm_hardware/cmake/ament_cmake_export_dependencies-extras.cmake
[0.283s] -- Up-to-date: /openarm_ws/src/install/openarm_hardware/share/openarm_hardware/cmake/openarm_hardwareConfig.cmake
[0.284s] -- Up-to-date: /openarm_ws/src/install/openarm_hardware/share/openarm_hardware/cmake/openarm_hardwareConfig-version.cmake
[0.284s] -- Up-to-date: /openarm_ws/src/install/openarm_hardware/share/openarm_hardware/package.xml
[0.318s] Invoked command in '/openarm_ws/src/build/openarm_hardware' returned '0': CMAKE_PREFIX_PATH=${CMAKE_PREFIX_PATH}:/opt/ros/jazzy /usr/bin/cmake --install /openarm_ws/src/build/openarm_hardware
