[0.011s] Invoking command in '/openarm_ws/src/build/openarm_bringup': AMENT_PREFIX_PATH=/openarm_ws/src/install/openarm_bimanual_moveit_config:/openarm_ws/src/install/openarm_description:${AMENT_PREFIX_PATH} CMAKE_PREFIX_PATH=/openarm_ws/src/install/openarm_bimanual_moveit_config:/openarm_ws/src/install/openarm_description:/opt/ros/jazzy/opt/sdformat_vendor:/opt/ros/jazzy/opt/gz_math_vendor:/opt/ros/jazzy/opt/gz_utils_vendor:/opt/ros/jazzy/opt/gz_tools_vendor:/opt/ros/jazzy/opt/gz_cmake_vendor:/opt/ros/jazzy /usr/bin/cmake --build /openarm_ws/src/build/openarm_bringup -- -j14 -l14
[0.053s] Invoked command in '/openarm_ws/src/build/openarm_bringup' returned '0': AMENT_PREFIX_PATH=/openarm_ws/src/install/openarm_bimanual_moveit_config:/openarm_ws/src/install/openarm_description:${AMENT_PREFIX_PATH} CMAKE_PREFIX_PATH=/openarm_ws/src/install/openarm_bimanual_moveit_config:/openarm_ws/src/install/openarm_description:/opt/ros/jazzy/opt/sdformat_vendor:/opt/ros/jazzy/opt/gz_math_vendor:/opt/ros/jazzy/opt/gz_utils_vendor:/opt/ros/jazzy/opt/gz_tools_vendor:/opt/ros/jazzy/opt/gz_cmake_vendor:/opt/ros/jazzy /usr/bin/cmake --build /openarm_ws/src/build/openarm_bringup -- -j14 -l14
[0.055s] Invoking command in '/openarm_ws/src/build/openarm_bringup': AMENT_PREFIX_PATH=/openarm_ws/src/install/openarm_bimanual_moveit_config:/openarm_ws/src/install/openarm_description:${AMENT_PREFIX_PATH} CMAKE_PREFIX_PATH=/openarm_ws/src/install/openarm_bimanual_moveit_config:/openarm_ws/src/install/openarm_description:/opt/ros/jazzy/opt/sdformat_vendor:/opt/ros/jazzy/opt/gz_math_vendor:/opt/ros/jazzy/opt/gz_utils_vendor:/opt/ros/jazzy/opt/gz_tools_vendor:/opt/ros/jazzy/opt/gz_cmake_vendor:/opt/ros/jazzy /usr/bin/cmake --install /openarm_ws/src/build/openarm_bringup
[0.069s] -- Install configuration: ""
[0.069s] -- Up-to-date: /openarm_ws/src/install/openarm_bringup/share/openarm_bringup/launch
[0.069s] -- Up-to-date: /openarm_ws/src/install/openarm_bringup/share/openarm_bringup/launch/openarm.bimanual.launch.py
[0.069s] -- Up-to-date: /openarm_ws/src/install/openarm_bringup/share/openarm_bringup/config
[0.069s] -- Up-to-date: /openarm_ws/src/install/openarm_bringup/share/openarm_bringup/config/controllers
[0.070s] -- Up-to-date: /openarm_ws/src/install/openarm_bringup/share/openarm_bringup/config/controllers/openarm_bimanual_controllers.yaml
[0.070s] -- Up-to-date: /openarm_ws/src/install/openarm_bringup/share/openarm_bringup/config/controllers/openarm_bimanual_moveit_controllers.yaml
[0.070s] -- Up-to-date: /openarm_ws/src/install/openarm_bringup/share/ament_index/resource_index/package_run_dependencies/openarm_bringup
[0.070s] -- Up-to-date: /openarm_ws/src/install/openarm_bringup/share/ament_index/resource_index/parent_prefix_path/openarm_bringup
[0.070s] -- Up-to-date: /openarm_ws/src/install/openarm_bringup/share/openarm_bringup/environment/ament_prefix_path.sh
[0.071s] -- Up-to-date: /openarm_ws/src/install/openarm_bringup/share/openarm_bringup/environment/ament_prefix_path.dsv
[0.071s] -- Up-to-date: /openarm_ws/src/install/openarm_bringup/share/openarm_bringup/environment/path.sh
[0.072s] -- Up-to-date: /openarm_ws/src/install/openarm_bringup/share/openarm_bringup/environment/path.dsv
[0.072s] -- Up-to-date: /openarm_ws/src/install/openarm_bringup/share/openarm_bringup/local_setup.bash
[0.073s] -- Up-to-date: /openarm_ws/src/install/openarm_bringup/share/openarm_bringup/local_setup.sh
[0.073s] -- Up-to-date: /openarm_ws/src/install/openarm_bringup/share/openarm_bringup/local_setup.zsh
[0.074s] -- Up-to-date: /openarm_ws/src/install/openarm_bringup/share/openarm_bringup/local_setup.dsv
[0.075s] -- Installing: /openarm_ws/src/install/openarm_bringup/share/openarm_bringup/package.dsv
[0.075s] -- Up-to-date: /openarm_ws/src/install/openarm_bringup/share/ament_index/resource_index/packages/openarm_bringup
[0.075s] -- Up-to-date: /openarm_ws/src/install/openarm_bringup/share/openarm_bringup/cmake/openarm_bringupConfig.cmake
[0.076s] -- Up-to-date: /openarm_ws/src/install/openarm_bringup/share/openarm_bringup/cmake/openarm_bringupConfig-version.cmake
[0.076s] -- Up-to-date: /openarm_ws/src/install/openarm_bringup/share/openarm_bringup/package.xml
[0.076s] Invoked command in '/openarm_ws/src/build/openarm_bringup' returned '0': AMENT_PREFIX_PATH=/openarm_ws/src/install/openarm_bimanual_moveit_config:/openarm_ws/src/install/openarm_description:${AMENT_PREFIX_PATH} CMAKE_PREFIX_PATH=/openarm_ws/src/install/openarm_bimanual_moveit_config:/openarm_ws/src/install/openarm_description:/opt/ros/jazzy/opt/sdformat_vendor:/opt/ros/jazzy/opt/gz_math_vendor:/opt/ros/jazzy/opt/gz_utils_vendor:/opt/ros/jazzy/opt/gz_tools_vendor:/opt/ros/jazzy/opt/gz_cmake_vendor:/opt/ros/jazzy /usr/bin/cmake --install /openarm_ws/src/build/openarm_bringup
