[100%] Built target openarm_cartesian_control
-- Install configuration: ""
-- Up-to-date: /openarm_ws/src/install/openarm_cartesian_control/share/openarm_cartesian_control/openarm_cartesian_control_plugins.xml
-- Up-to-date: /openarm_ws/src/install/openarm_cartesian_control/lib/libopenarm_cartesian_control.so
-- Up-to-date: /openarm_ws/src/install/openarm_cartesian_control/include
-- Up-to-date: /openarm_ws/src/install/openarm_cartesian_control/include/openarm_cartesian_control
-- Up-to-date: /openarm_ws/src/install/openarm_cartesian_control/include/openarm_cartesian_control/openarm_cartesian_controller.hpp
-- Up-to-date: /openarm_ws/src/install/openarm_cartesian_control/include/openarm_cartesian_control/cartesian_impedance.hpp
-- Up-to-date: /openarm_ws/src/install/openarm_cartesian_control/include/openarm_ros2
-- Up-to-date: /openarm_ws/src/install/openarm_cartesian_control/include/openarm_ros2/openarm_hardware
-- Up-to-date: /openarm_ws/src/install/openarm_cartesian_control/include/openarm_ros2/openarm_hardware/src
-- Up-to-date: /openarm_ws/src/install/openarm_cartesian_control/share/openarm_cartesian_control/launch
-- Up-to-date: /openarm_ws/src/install/openarm_cartesian_control/share/openarm_cartesian_control/launch/openarm_cartesian_control.launch.py
-- Up-to-date: /openarm_ws/src/install/openarm_cartesian_control/share/openarm_cartesian_control/config
-- Up-to-date: /openarm_ws/src/install/openarm_cartesian_control/share/openarm_cartesian_control/config/openarm_cartesian_controllers.yaml
-- Up-to-date: /openarm_ws/src/install/openarm_cartesian_control/share/ament_index/resource_index/package_run_dependencies/openarm_cartesian_control
-- Up-to-date: /openarm_ws/src/install/openarm_cartesian_control/share/ament_index/resource_index/parent_prefix_path/openarm_cartesian_control
-- Up-to-date: /openarm_ws/src/install/openarm_cartesian_control/share/openarm_cartesian_control/environment/ament_prefix_path.sh
-- Up-to-date: /openarm_ws/src/install/openarm_cartesian_control/share/openarm_cartesian_control/environment/ament_prefix_path.dsv
-- Up-to-date: /openarm_ws/src/install/openarm_cartesian_control/share/openarm_cartesian_control/environment/path.sh
-- Up-to-date: /openarm_ws/src/install/openarm_cartesian_control/share/openarm_cartesian_control/environment/path.dsv
-- Up-to-date: /openarm_ws/src/install/openarm_cartesian_control/share/openarm_cartesian_control/local_setup.bash
-- Up-to-date: /openarm_ws/src/install/openarm_cartesian_control/share/openarm_cartesian_control/local_setup.sh
-- Up-to-date: /openarm_ws/src/install/openarm_cartesian_control/share/openarm_cartesian_control/local_setup.zsh
-- Up-to-date: /openarm_ws/src/install/openarm_cartesian_control/share/openarm_cartesian_control/local_setup.dsv
-- Installing: /openarm_ws/src/install/openarm_cartesian_control/share/openarm_cartesian_control/package.dsv
-- Up-to-date: /openarm_ws/src/install/openarm_cartesian_control/share/ament_index/resource_index/packages/openarm_cartesian_control
-- Up-to-date: /openarm_ws/src/install/openarm_cartesian_control/share/ament_index/resource_index/controller_interface__pluginlib__plugin/openarm_cartesian_control
-- Up-to-date: /openarm_ws/src/install/openarm_cartesian_control/share/openarm_cartesian_control/cmake/openarm_cartesian_controlConfig.cmake
-- Up-to-date: /openarm_ws/src/install/openarm_cartesian_control/share/openarm_cartesian_control/cmake/openarm_cartesian_controlConfig-version.cmake
-- Up-to-date: /openarm_ws/src/install/openarm_cartesian_control/share/openarm_cartesian_control/package.xml
