[100%] Built target openarm_cartesian_control
-- Install configuration: ""
-- Installing: /openarm_ws/src/install/openarm_cartesian_control/share/openarm_cartesian_control/openarm_cartesian_control_plugins.xml
-- Installing: /openarm_ws/src/install/openarm_cartesian_control/lib/libopenarm_cartesian_control.so
-- Set non-toolchain portion of runtime path of "/openarm_ws/src/install/openarm_cartesian_control/lib/libopenarm_cartesian_control.so" to ""
-- Installing: /openarm_ws/src/install/openarm_cartesian_control/include
-- Installing: /openarm_ws/src/install/openarm_cartesian_control/include/openarm_cartesian_control
-- Installing: /openarm_ws/src/install/openarm_cartesian_control/include/openarm_cartesian_control/openarm_cartesian_controller.hpp
-- Installing: /openarm_ws/src/install/openarm_cartesian_control/include/openarm_cartesian_control/cartesian_impedance.hpp
-- Installing: /openarm_ws/src/install/openarm_cartesian_control/include/openarm_ros2
-- Installing: /openarm_ws/src/install/openarm_cartesian_control/include/openarm_ros2/openarm_hardware
-- Installing: /openarm_ws/src/install/openarm_cartesian_control/include/openarm_ros2/openarm_hardware/src
-- Installing: /openarm_ws/src/install/openarm_cartesian_control/share/openarm_cartesian_control/launch
-- Installing: /openarm_ws/src/install/openarm_cartesian_control/share/openarm_cartesian_control/launch/openarm_cartesian_control.launch.py
-- Installing: /openarm_ws/src/install/openarm_cartesian_control/share/openarm_cartesian_control/config
-- Installing: /openarm_ws/src/install/openarm_cartesian_control/share/openarm_cartesian_control/config/openarm_cartesian_controllers.yaml
-- Installing: /openarm_ws/src/install/openarm_cartesian_control/share/ament_index/resource_index/package_run_dependencies/openarm_cartesian_control
-- Installing: /openarm_ws/src/install/openarm_cartesian_control/share/ament_index/resource_index/parent_prefix_path/openarm_cartesian_control
-- Installing: /openarm_ws/src/install/openarm_cartesian_control/share/openarm_cartesian_control/environment/ament_prefix_path.sh
-- Installing: /openarm_ws/src/install/openarm_cartesian_control/share/openarm_cartesian_control/environment/ament_prefix_path.dsv
-- Installing: /openarm_ws/src/install/openarm_cartesian_control/share/openarm_cartesian_control/environment/path.sh
-- Installing: /openarm_ws/src/install/openarm_cartesian_control/share/openarm_cartesian_control/environment/path.dsv
-- Installing: /openarm_ws/src/install/openarm_cartesian_control/share/openarm_cartesian_control/local_setup.bash
-- Installing: /openarm_ws/src/install/openarm_cartesian_control/share/openarm_cartesian_control/local_setup.sh
-- Installing: /openarm_ws/src/install/openarm_cartesian_control/share/openarm_cartesian_control/local_setup.zsh
-- Installing: /openarm_ws/src/install/openarm_cartesian_control/share/openarm_cartesian_control/local_setup.dsv
-- Installing: /openarm_ws/src/install/openarm_cartesian_control/share/openarm_cartesian_control/package.dsv
-- Installing: /openarm_ws/src/install/openarm_cartesian_control/share/ament_index/resource_index/packages/openarm_cartesian_control
-- Installing: /openarm_ws/src/install/openarm_cartesian_control/share/ament_index/resource_index/controller_interface__pluginlib__plugin/openarm_cartesian_control
-- Installing: /openarm_ws/src/install/openarm_cartesian_control/share/openarm_cartesian_control/cmake/openarm_cartesian_controlConfig.cmake
-- Installing: /openarm_ws/src/install/openarm_cartesian_control/share/openarm_cartesian_control/cmake/openarm_cartesian_controlConfig-version.cmake
-- Installing: /openarm_ws/src/install/openarm_cartesian_control/share/openarm_cartesian_control/package.xml
