[0.015s] Invoking command in '/openarm_ws/src/build/openarm': AMENT_PREFIX_PATH=/openarm_ws/src/install/openarm_bringup:/openarm_ws/src/install/openarm_bimanual_moveit_config:/openarm_ws/src/install/openarm_hardware:/openarm_ws/src/install/openarm_description:${AMENT_PREFIX_PATH} CMAKE_PREFIX_PATH=/openarm_ws/src/install/openarm_bringup:/openarm_ws/src/install/openarm_bimanual_moveit_config:/openarm_ws/src/install/openarm_hardware:/openarm_ws/src/install/openarm_description:/opt/ros/jazzy/opt/sdformat_vendor:/opt/ros/jazzy/opt/gz_math_vendor:/opt/ros/jazzy/opt/gz_utils_vendor:/opt/ros/jazzy/opt/gz_tools_vendor:/opt/ros/jazzy/opt/gz_cmake_vendor:/opt/ros/jazzy LD_LIBRARY_PATH=/openarm_ws/src/install/openarm_hardware/lib:${LD_LIBRARY_PATH} /usr/bin/cmake --build /openarm_ws/src/build/openarm -- -j14 -l14
[0.066s] Invoked command in '/openarm_ws/src/build/openarm' returned '0': AMENT_PREFIX_PATH=/openarm_ws/src/install/openarm_bringup:/openarm_ws/src/install/openarm_bimanual_moveit_config:/openarm_ws/src/install/openarm_hardware:/openarm_ws/src/install/openarm_description:${AMENT_PREFIX_PATH} CMAKE_PREFIX_PATH=/openarm_ws/src/install/openarm_bringup:/openarm_ws/src/install/openarm_bimanual_moveit_config:/openarm_ws/src/install/openarm_hardware:/openarm_ws/src/install/openarm_description:/opt/ros/jazzy/opt/sdformat_vendor:/opt/ros/jazzy/opt/gz_math_vendor:/opt/ros/jazzy/opt/gz_utils_vendor:/opt/ros/jazzy/opt/gz_tools_vendor:/opt/ros/jazzy/opt/gz_cmake_vendor:/opt/ros/jazzy LD_LIBRARY_PATH=/openarm_ws/src/install/openarm_hardware/lib:${LD_LIBRARY_PATH} /usr/bin/cmake --build /openarm_ws/src/build/openarm -- -j14 -l14
[0.067s] Invoking command in '/openarm_ws/src/build/openarm': AMENT_PREFIX_PATH=/openarm_ws/src/install/openarm_bringup:/openarm_ws/src/install/openarm_bimanual_moveit_config:/openarm_ws/src/install/openarm_hardware:/openarm_ws/src/install/openarm_description:${AMENT_PREFIX_PATH} CMAKE_PREFIX_PATH=/openarm_ws/src/install/openarm_bringup:/openarm_ws/src/install/openarm_bimanual_moveit_config:/openarm_ws/src/install/openarm_hardware:/openarm_ws/src/install/openarm_description:/opt/ros/jazzy/opt/sdformat_vendor:/opt/ros/jazzy/opt/gz_math_vendor:/opt/ros/jazzy/opt/gz_utils_vendor:/opt/ros/jazzy/opt/gz_tools_vendor:/opt/ros/jazzy/opt/gz_cmake_vendor:/opt/ros/jazzy LD_LIBRARY_PATH=/openarm_ws/src/install/openarm_hardware/lib:${LD_LIBRARY_PATH} /usr/bin/cmake --install /openarm_ws/src/build/openarm
[0.091s] -- Install configuration: ""
[0.091s] -- Up-to-date: /openarm_ws/src/install/openarm/share/ament_index/resource_index/package_run_dependencies/openarm
[0.091s] -- Up-to-date: /openarm_ws/src/install/openarm/share/ament_index/resource_index/parent_prefix_path/openarm
[0.092s] -- Up-to-date: /openarm_ws/src/install/openarm/share/openarm/environment/ament_prefix_path.sh
[0.092s] -- Up-to-date: /openarm_ws/src/install/openarm/share/openarm/environment/ament_prefix_path.dsv
[0.092s] -- Up-to-date: /openarm_ws/src/install/openarm/share/openarm/environment/path.sh
[0.092s] -- Up-to-date: /openarm_ws/src/install/openarm/share/openarm/environment/path.dsv
[0.093s] -- Up-to-date: /openarm_ws/src/install/openarm/share/openarm/local_setup.bash
[0.093s] -- Up-to-date: /openarm_ws/src/install/openarm/share/openarm/local_setup.sh
[0.093s] -- Up-to-date: /openarm_ws/src/install/openarm/share/openarm/local_setup.zsh
[0.093s] -- Up-to-date: /openarm_ws/src/install/openarm/share/openarm/local_setup.dsv
[0.094s] -- Installing: /openarm_ws/src/install/openarm/share/openarm/package.dsv
[0.094s] -- Up-to-date: /openarm_ws/src/install/openarm/share/ament_index/resource_index/packages/openarm
[0.094s] -- Up-to-date: /openarm_ws/src/install/openarm/share/openarm/cmake/openarmConfig.cmake
[0.094s] -- Up-to-date: /openarm_ws/src/install/openarm/share/openarm/cmake/openarmConfig-version.cmake
[0.095s] -- Up-to-date: /openarm_ws/src/install/openarm/share/openarm/package.xml
[0.099s] Invoked command in '/openarm_ws/src/build/openarm' returned '0': AMENT_PREFIX_PATH=/openarm_ws/src/install/openarm_bringup:/openarm_ws/src/install/openarm_bimanual_moveit_config:/openarm_ws/src/install/openarm_hardware:/openarm_ws/src/install/openarm_description:${AMENT_PREFIX_PATH} CMAKE_PREFIX_PATH=/openarm_ws/src/install/openarm_bringup:/openarm_ws/src/install/openarm_bimanual_moveit_config:/openarm_ws/src/install/openarm_hardware:/openarm_ws/src/install/openarm_description:/opt/ros/jazzy/opt/sdformat_vendor:/opt/ros/jazzy/opt/gz_math_vendor:/opt/ros/jazzy/opt/gz_utils_vendor:/opt/ros/jazzy/opt/gz_tools_vendor:/opt/ros/jazzy/opt/gz_cmake_vendor:/opt/ros/jazzy LD_LIBRARY_PATH=/openarm_ws/src/install/openarm_hardware/lib:${LD_LIBRARY_PATH} /usr/bin/cmake --install /openarm_ws/src/build/openarm
