[0.017s] Invoking command in '/openarm_ws/src/build/openarm_impedance': AMENT_PREFIX_PATH=/openarm_ws/src/install/rosbag_recorder:/openarm_ws/src/install/openarm_hardware:${AMENT_PREFIX_PATH} CMAKE_PREFIX_PATH=/openarm_ws/src/install/openarm_hardware:/opt/ros/jazzy/opt/sdformat_vendor:/opt/ros/jazzy/opt/gz_math_vendor:/opt/ros/jazzy/opt/gz_utils_vendor:/opt/ros/jazzy/opt/gz_tools_vendor:/opt/ros/jazzy/opt/gz_cmake_vendor:/opt/ros/jazzy LD_LIBRARY_PATH=/openarm_ws/src/install/openarm_hardware/lib:${LD_LIBRARY_PATH} PYTHONPATH=/openarm_ws/src/install/rosbag_recorder/lib/python3.12/site-packages:${PYTHONPATH} /usr/bin/cmake --build /openarm_ws/src/build/openarm_impedance -- -j14 -l14
[0.154s] [ 33%] [32mBuilding CXX object CMakeFiles/openarm_impedance.dir/src/openarm_impedance_controller.cpp.o[0m
[7.486s] [01m[K/openarm_ws/src/openarm_impedance_control/src/openarm_impedance_controller.cpp:[m[K In member function ‘[01m[Kvirtual controller_interface::CallbackReturn openarm_impedance_control::OpenArmImpedanceController::[01;32m[Kon_init[m[K()[m[K’:
[7.486s] [01m[K/openarm_ws/src/openarm_impedance_control/src/openarm_impedance_controller.cpp:44:34:[m[K [01;31m[Kerror: [m[Kno matching function for call to ‘[01m[Kstd::optional<openarm_impedance_control::Impedance>::emplace(const std::string&, std::vector<std::__cxx11::basic_string<char>, std::allocator<std::__cxx11::basic_string<char> > >&, const std::string&, const std::vector<double, std::allocator<double> >&, const std::vector<double, std::allocator<double> >&, const std::vector<double, std::allocator<double> >&, const std::vector<double, std::allocator<double> >&)[m[K’
[7.486s]    44 |     [01;31m[Kimpedance_controller_.emplace([m[K
[7.487s]       |     [01;31m[K~~~~~~~~~~~~~~~~~~~~~~~~~~~~~^[m[K
[7.487s]    45 | [01;31m[K      urdf_string,[m[K
[7.487s]       |       [01;31m[K~~~~~~~~~~~~[m[K                
[7.488s]    46 | [01;31m[K      joint_names_,[m[K
[7.488s]       |       [01;31m[K~~~~~~~~~~~~~[m[K               
[7.488s]    47 | [01;31m[K      get_node()->get_parameter("ee_frame_name").as_string(),[m[K
[7.488s]       |       [01;31m[K~~~~~~~~~~~~~~~~~~~~~~~~~~~~~~~~~~~~~~~~~~~~~~~~~~~~~~~[m[K
[7.489s]    48 | [01;31m[K      cartesian_position_lower_limits,[m[K
[7.489s]       |       [01;31m[K~~~~~~~~~~~~~~~~~~~~~~~~~~~~~~~~[m[K
[7.489s]    49 | [01;31m[K      cartesian_position_upper_limits,[m[K
[7.489s]       |       [01;31m[K~~~~~~~~~~~~~~~~~~~~~~~~~~~~~~~~[m[K
[7.489s]    50 | [01;31m[K      cartesian_torque_limits,[m[K
[7.489s]       |       [01;31m[K~~~~~~~~~~~~~~~~~~~~~~~~[m[K    
[7.489s]    51 | [01;31m[K      joint_torque_limits)[m[K;
[7.489s]       |       [01;31m[K~~~~~~~~~~~~~~~~~~~~[m[K        
[7.490s] In file included from [01m[K/openarm_ws/src/openarm_impedance_control/include/openarm_impedance_control/openarm_impedance_controller.hpp:4[m[K,
[7.490s]                  from [01m[K/openarm_ws/src/openarm_impedance_control/src/openarm_impedance_controller.cpp:1[m[K:
[7.490s] [01m[K/usr/include/c++/13/optional:916:9:[m[K [01;36m[Knote: [m[Kcandidate: ‘[01m[Ktemplate<class ... _Args> std::enable_if_t<is_constructible_v<_Tp, _Args ...>, _Tp&> std::optional<_Tp>::[01;32m[Kemplace[m[K(_Args&& ...) [35m[K[with _Args = {_Args ...}; _Tp = openarm_impedance_control::Impedance][m[K[m[K’
[7.490s]   916 |         [01;36m[Kemplace[m[K(_Args&&... __args)
[7.490s]       |         [01;36m[K^~~~~~~[m[K
[7.490s] [01m[K/usr/include/c++/13/optional:916:9:[m[K [01;36m[Knote: [m[K  template argument deduction/substitution failed:
[7.490s] In file included from [01m[K/usr/include/c++/13/bits/stl_pair.h:60[m[K,
[7.492s]                  from [01m[K/usr/include/c++/13/tuple:38[m[K,
[7.493s]                  from [01m[K/usr/include/c++/13/mutex:40[m[K,
[7.493s]                  from [01m[K/openarm_ws/src/openarm_impedance_control/include/openarm_impedance_control/openarm_impedance_controller.hpp:3[m[K:
[7.493s] /usr/include/c++/13/type_traits: In substitution of ‘[01m[Ktemplate<bool _Cond, class _Tp> using std::enable_if_t = typename std::enable_if::type [35m[K[with bool _Cond = false; _Tp = openarm_impedance_control::Impedance&][m[K[m[K’:
[7.494s] [01m[K/usr/include/c++/13/optional:916:2:[m[K   required by substitution of ‘[01m[Ktemplate<class ... _Args> std::enable_if_t<is_constructible_v<openarm_impedance_control::Impedance, _Args ...>, openarm_impedance_control::Impedance&> std::optional<openarm_impedance_control::Impedance>::[01;32m[Kemplace[m[K(_Args&& ...) [35m[K[with _Args = {const std::__cxx11::basic_string<char, std::char_traits<char>, std::allocator<char> >&, std::vector<std::__cxx11::basic_string<char, std::char_traits<char>, std::allocator<char> >, std::allocator<std::__cxx11::basic_string<char, std::char_traits<char>, std::allocator<char> > > >&, const std::__cxx11::basic_string<char, std::char_traits<char>, std::allocator<char> >&, const std::vector<double, std::allocator<double> >&, const std::vector<double, std::allocator<double> >&, const std::vector<double, std::allocator<double> >&, const std::vector<double, std::allocator<double> >&}][m[K[m[K’
[7.494s] [01m[K/openarm_ws/src/openarm_impedance_control/src/openarm_impedance_controller.cpp:44:34:[m[K   required from here
[7.494s] [01m[K/usr/include/c++/13/type_traits:2610:11:[m[K [01;31m[Kerror: [m[Kno type named ‘[01m[Ktype[m[K’ in ‘[01m[Kstruct std::enable_if<false, openarm_impedance_control::Impedance&>[m[K’
[7.495s]  2610 |     using [01;31m[Kenable_if_t[m[K = typename enable_if<_Cond, _Tp>::type;
[7.495s]       |           [01;31m[K^~~~~~~~~~~[m[K
[7.495s] [01m[K/usr/include/c++/13/optional:928:9:[m[K [01;36m[Knote: [m[Kcandidate: ‘[01m[Ktemplate<class _Up, class ... _Args> std::enable_if_t<is_constructible_v<_Tp, std::initializer_list<_Up>&, _Args ...>, _Tp&> std::optional<_Tp>::[01;32m[Kemplace[m[K(std::initializer_list<_Up>, _Args&& ...) [35m[K[with _Args = _Up; _Tp = openarm_impedance_control::Impedance][m[K[m[K’
[7.495s]   928 |         [01;36m[Kemplace[m[K(initializer_list<_Up> __il, _Args&&... __args)
[7.496s]       |         [01;36m[K^~~~~~~[m[K
[7.496s] [01m[K/usr/include/c++/13/optional:928:9:[m[K [01;36m[Knote: [m[K  template argument deduction/substitution failed:
[7.496s] [01m[K/openarm_ws/src/openarm_impedance_control/src/openarm_impedance_controller.cpp:44:34:[m[K [01;36m[Knote: [m[K  ‘[01m[Kstd::__cxx11::basic_string<char>[m[K’ is not derived from ‘[01m[Kstd::initializer_list<_Tp>[m[K’
[7.496s]    44 |     [01;36m[Kimpedance_controller_.emplace([m[K
[7.497s]       |     [01;36m[K~~~~~~~~~~~~~~~~~~~~~~~~~~~~~^[m[K
[7.497s]    45 | [01;36m[K      urdf_string,[m[K
[7.497s]       |       [01;36m[K~~~~~~~~~~~~[m[K                
[7.498s]    46 | [01;36m[K      joint_names_,[m[K
[7.498s]       |       [01;36m[K~~~~~~~~~~~~~[m[K               
[7.498s]    47 | [01;36m[K      get_node()->get_parameter("ee_frame_name").as_string(),[m[K
[7.499s]       |       [01;36m[K~~~~~~~~~~~~~~~~~~~~~~~~~~~~~~~~~~~~~~~~~~~~~~~~~~~~~~~[m[K
[7.499s]    48 | [01;36m[K      cartesian_position_lower_limits,[m[K
[7.499s]       |       [01;36m[K~~~~~~~~~~~~~~~~~~~~~~~~~~~~~~~~[m[K
[7.500s]    49 | [01;36m[K      cartesian_position_upper_limits,[m[K
[7.500s]       |       [01;36m[K~~~~~~~~~~~~~~~~~~~~~~~~~~~~~~~~[m[K
[7.500s]    50 | [01;36m[K      cartesian_torque_limits,[m[K
[7.501s]       |       [01;36m[K~~~~~~~~~~~~~~~~~~~~~~~~[m[K    
[7.501s]    51 | [01;36m[K      joint_torque_limits)[m[K;
[7.501s]       |       [01;36m[K~~~~~~~~~~~~~~~~~~~~[m[K        
[7.525s] [01m[K/openarm_ws/src/openarm_impedance_control/src/openarm_impedance_controller.cpp:71:49:[m[K [01;31m[Kerror: [m[K‘[01m[KFollowCartesianTrajectoryAction[m[K’ was not declared in this scope; did you mean ‘[01m[KFollowJointTrajectoryAction[m[K’?
[7.526s]    71 |   action_server_ = rclcpp_action::create_server<[01;31m[KFollowCartesianTrajectoryAction[m[K>(
[7.526s]       |                                                 [01;31m[K^~~~~~~~~~~~~~~~~~~~~~~~~~~~~~~[m[K
[7.526s]       |                                                 [32m[KFollowJointTrajectoryAction[m[K
[7.532s] [01m[K/openarm_ws/src/openarm_impedance_control/src/openarm_impedance_controller.cpp:71:81:[m[K [01;31m[Kerror: [m[Kno matching function for call to ‘[01m[Kcreate_server<<expression error> >(std::shared_ptr<rclcpp_lifecycle::LifecycleNode>, const char [28], std::_Bind_helper<false, rclcpp_action::GoalResponse (openarm_impedance_control::OpenArmImpedanceController::*)(const std::array<unsigned char, 16>&, std::shared_ptr<const control_msgs::action::FollowJointTrajectory_Goal_<std::allocator<void> > >), openarm_impedance_control::OpenArmImpedanceController*, const std::_Placeholder<1>&, const std::_Placeholder<2>&>::type, std::_Bind_helper<false, rclcpp_action::CancelResponse (openarm_impedance_control::OpenArmImpedanceController::*)(std::shared_ptr<rclcpp_action::ServerGoalHandle<control_msgs::action::FollowJointTrajectory> >), openarm_impedance_control::OpenArmImpedanceController*, const std::_Placeholder<1>&>::type, std::_Bind_helper<false, void (openarm_impedance_control::OpenArmImpedanceController::*)(std::shared_ptr<rclcpp_action::ServerGoalHandle<control_msgs::action::FollowJointTrajectory> >), openarm_impedance_control::OpenArmImpedanceController*, const std::_Placeholder<1>&>::type)[m[K’
[7.532s]    71 |   action_server_ = [01;31m[Krclcpp_action::create_server<FollowCartesianTrajectoryAction>([m[K
[7.533s]       |                    [01;31m[K~~~~~~~~~~~~~~~~~~~~~~~~~~~~~~~~~~~~~~~~~~~~~~~~~~~~~~~~~~~~~^[m[K
[7.533s]    72 | [01;31m[K      get_node(),[m[K
[7.533s]       |       [01;31m[K~~~~~~~~~~~[m[K                                                                
[7.533s]    73 | [01;31m[K      "follow_cartesian_trajectory",[m[K
[7.533s]       |       [01;31m[K~~~~~~~~~~~~~~~~~~~~~~~~~~~~~~[m[K                                             
[7.533s]    74 | [01;31m[K      std::bind(&OpenArmImpedanceController::onGoalRequest,[m[K
[7.533s]       |       [01;31m[K~~~~~~~~~~~~~~~~~~~~~~~~~~~~~~~~~~~~~~~~~~~~~~~~~~~~~[m[K                      
[7.533s]    75 | [01;31m[K                this, std::placeholders::_1, std::placeholders::_2),[m[K
[7.534s]       |                 [01;31m[K~~~~~~~~~~~~~~~~~~~~~~~~~~~~~~~~~~~~~~~~~~~~~~~~~~~~[m[K             
[7.534s]    76 | [01;31m[K      std::bind(&OpenArmImpedanceController::onCancelRequest,[m[K
[7.534s]       |       [01;31m[K~~~~~~~~~~~~~~~~~~~~~~~~~~~~~~~~~~~~~~~~~~~~~~~~~~~~~~~[m[K                    
[7.534s]    77 | [01;31m[K                this, std::placeholders::_1),[m[K
[7.534s]       |                 [01;31m[K~~~~~~~~~~~~~~~~~~~~~~~~~~~~~[m[K                                    
[7.534s]    78 | [01;31m[K      std::bind(&OpenArmImpedanceController::onGoalAccepted,[m[K
[7.534s]       |       [01;31m[K~~~~~~~~~~~~~~~~~~~~~~~~~~~~~~~~~~~~~~~~~~~~~~~~~~~~~~[m[K                     
[7.534s]    79 | [01;31m[K                this, std::placeholders::_1))[m[K;
[7.535s]       |                 [01;31m[K~~~~~~~~~~~~~~~~~~~~~~~~~~~~~[m[K                                    
[7.535s] In file included from [01m[K/opt/ros/jazzy/include/rclcpp_action/rclcpp_action/rclcpp_action.hpp:39[m[K,
[7.535s]                  from [01m[K/openarm_ws/src/openarm_impedance_control/include/openarm_impedance_control/openarm_impedance_controller.hpp:9[m[K:
[7.535s] [01m[K/opt/ros/jazzy/include/rclcpp_action/rclcpp_action/create_server.hpp:58:1:[m[K [01;36m[Knote: [m[Kcandidate: ‘[01m[Ktemplate<class ActionT> typename rclcpp_action::Server<ActionT>::SharedPtr rclcpp_action::[01;32m[Kcreate_server[m[K(rclcpp::node_interfaces::NodeBaseInterface::SharedPtr, rclcpp::node_interfaces::NodeClockInterface::SharedPtr, rclcpp::node_interfaces::NodeLoggingInterface::SharedPtr, rclcpp::node_interfaces::NodeWaitablesInterface::SharedPtr, const std::string&, typename Server<ActionT>::GoalCallback, typename Server<ActionT>::CancelCallback, typename Server<ActionT>::AcceptedCallback, const rcl_action_server_options_t&, rclcpp::CallbackGroup::SharedPtr)[m[K’
[7.535s]    58 | [01;36m[Kcreate_server[m[K(
[7.535s]       | [01;36m[K^~~~~~~~~~~~~[m[K
[7.535s] [01m[K/opt/ros/jazzy/include/rclcpp_action/rclcpp_action/create_server.hpp:58:1:[m[K [01;36m[Knote: [m[K  candidate expects 8 arguments, 5 provided
[7.535s] [01m[K/opt/ros/jazzy/include/rclcpp_action/rclcpp_action/create_server.hpp:132:1:[m[K [01;36m[Knote: [m[Kcandidate: ‘[01m[Ktemplate<class ActionT, class NodeT> typename rclcpp_action::Server<ActionT>::SharedPtr rclcpp_action::[01;32m[Kcreate_server[m[K(NodeT, const std::string&, typename Server<ActionT>::GoalCallback, typename Server<ActionT>::CancelCallback, typename Server<ActionT>::AcceptedCallback, const rcl_action_server_options_t&, rclcpp::CallbackGroup::SharedPtr)[m[K’
[7.536s]   132 | [01;36m[Kcreate_server[m[K(
[7.536s]       | [01;36m[K^~~~~~~~~~~~~[m[K
[7.536s] [01m[K/opt/ros/jazzy/include/rclcpp_action/rclcpp_action/create_server.hpp:132:1:[m[K [01;36m[Knote: [m[K  template argument deduction/substitution failed:
[7.536s] [01m[K/openarm_ws/src/openarm_impedance_control/src/openarm_impedance_controller.cpp:71:81:[m[K [01;31m[Kerror: [m[Ktemplate argument 1 is invalid
[7.536s]    71 |   action_server_ = [01;31m[Krclcpp_action::create_server<FollowCartesianTrajectoryAction>([m[K
[7.536s]       |                    [01;31m[K~~~~~~~~~~~~~~~~~~~~~~~~~~~~~~~~~~~~~~~~~~~~~~~~~~~~~~~~~~~~~^[m[K
[7.536s]    72 | [01;31m[K      get_node(),[m[K
[7.536s]       |       [01;31m[K~~~~~~~~~~~[m[K                                                                
[7.537s]    73 | [01;31m[K      "follow_cartesian_trajectory",[m[K
[7.537s]       |       [01;31m[K~~~~~~~~~~~~~~~~~~~~~~~~~~~~~~[m[K                                             
[7.537s]    74 | [01;31m[K      std::bind(&OpenArmImpedanceController::onGoalRequest,[m[K
[7.537s]       |       [01;31m[K~~~~~~~~~~~~~~~~~~~~~~~~~~~~~~~~~~~~~~~~~~~~~~~~~~~~~[m[K                      
[7.537s]    75 | [01;31m[K                this, std::placeholders::_1, std::placeholders::_2),[m[K
[7.537s]       |                 [01;31m[K~~~~~~~~~~~~~~~~~~~~~~~~~~~~~~~~~~~~~~~~~~~~~~~~~~~~[m[K             
[7.537s]    76 | [01;31m[K      std::bind(&OpenArmImpedanceController::onCancelRequest,[m[K
[7.537s]       |       [01;31m[K~~~~~~~~~~~~~~~~~~~~~~~~~~~~~~~~~~~~~~~~~~~~~~~~~~~~~~~[m[K                    
[7.537s]    77 | [01;31m[K                this, std::placeholders::_1),[m[K
[7.538s]       |                 [01;31m[K~~~~~~~~~~~~~~~~~~~~~~~~~~~~~[m[K                                    
[7.538s]    78 | [01;31m[K      std::bind(&OpenArmImpedanceController::onGoalAccepted,[m[K
[7.538s]       |       [01;31m[K~~~~~~~~~~~~~~~~~~~~~~~~~~~~~~~~~~~~~~~~~~~~~~~~~~~~~~[m[K                     
[7.538s]    79 | [01;31m[K                this, std::placeholders::_1))[m[K;
[7.538s]       |                 [01;31m[K~~~~~~~~~~~~~~~~~~~~~~~~~~~~~[m[K                                    
[7.570s] [01m[K/openarm_ws/src/openarm_impedance_control/src/openarm_impedance_controller.cpp:[m[K In member function ‘[01m[Kvirtual controller_interface::CallbackReturn openarm_impedance_control::OpenArmImpedanceController::[01;32m[Kon_activate[m[K(const rclcpp_lifecycle::State&)[m[K’:
[7.570s] [01m[K/openarm_ws/src/openarm_impedance_control/src/openarm_impedance_controller.cpp:93:36:[m[K [01;31m[Kerror: [m[K‘[01m[KFollowCartesianTrajectoryAction[m[K’ was not declared in this scope; did you mean ‘[01m[KFollowJointTrajectoryAction[m[K’?
[7.570s]    93 |   feedback_msg_ = std::make_shared<[01;31m[KFollowCartesianTrajectoryAction[m[K::Feedback>();
[7.571s]       |                                    [01;31m[K^~~~~~~~~~~~~~~~~~~~~~~~~~~~~~~[m[K
[7.571s]       |                                    [32m[KFollowJointTrajectoryAction[m[K
[7.571s] [01m[K/openarm_ws/src/openarm_impedance_control/src/openarm_impedance_controller.cpp:93:24:[m[K [01;31m[Kerror: [m[Kparse error in template argument list
[7.571s]    93 |   feedback_msg_ = std::[01;31m[Kmake_shared<FollowCartesianTrajectoryAction::Feedback>[m[K();
[7.572s]       |                        [01;31m[K^~~~~~~~~~~~~~~~~~~~~~~~~~~~~~~~~~~~~~~~~~~~~~~~~~~~~~[m[K
[7.572s] [01m[K/openarm_ws/src/openarm_impedance_control/src/openarm_impedance_controller.cpp:93:78:[m[K [01;31m[Kerror: [m[Kno matching function for call to ‘[01m[Kmake_shared<<expression error> >()[m[K’
[7.572s]    93 |   feedback_msg_ = [01;31m[Kstd::make_shared<FollowCartesianTrajectoryAction::Feedback>()[m[K;
[7.572s]       |                   [01;31m[K~~~~~~~~~~~~~~~~~~~~~~~~~~~~~~~~~~~~~~~~~~~~~~~~~~~~~~~~~~~^~[m[K
[7.572s] In file included from [01m[K/usr/include/c++/13/memory:80[m[K,
[7.572s]                  from [01m[K/opt/ros/jazzy/include/rclcpp/rclcpp/rclcpp.hpp:169[m[K,
[7.572s]                  from [01m[K/openarm_ws/src/openarm_impedance_control/include/openarm_impedance_control/openarm_impedance_controller.hpp:7[m[K:
[7.572s] [01m[K/usr/include/c++/13/bits/shared_ptr.h:1005:5:[m[K [01;36m[Knote: [m[Kcandidate: ‘[01m[Ktemplate<class _Tp, class ... _Args> std::shared_ptr<typename std::enable_if<(! std::is_array< <template-parameter-1-1> >::value), _Tp>::type> std::[01;32m[Kmake_shared[m[K(_Args&& ...)[m[K’
[7.573s]  1005 |     [01;36m[Kmake_shared[m[K(_Args&&... __args)
[7.573s]       |     [01;36m[K^~~~~~~~~~~[m[K
[7.573s] [01m[K/usr/include/c++/13/bits/shared_ptr.h:1005:5:[m[K [01;36m[Knote: [m[K  template argument deduction/substitution failed:
[7.573s] [01m[K/openarm_ws/src/openarm_impedance_control/src/openarm_impedance_controller.cpp:93:78:[m[K [01;31m[Kerror: [m[Ktemplate argument 1 is invalid
[7.573s]    93 |   feedback_msg_ = [01;31m[Kstd::make_shared<FollowCartesianTrajectoryAction::Feedback>()[m[K;
[7.573s]       |                   [01;31m[K~~~~~~~~~~~~~~~~~~~~~~~~~~~~~~~~~~~~~~~~~~~~~~~~~~~~~~~~~~~^~[m[K
[7.573s] [01m[K/openarm_ws/src/openarm_impedance_control/src/openarm_impedance_controller.cpp:106:26:[m[K [01;31m[Kerror: [m[K‘[01m[Kclass openarm_impedance_control::Impedance[m[K’ has no member named ‘[01m[KinitFK[m[K’
[7.573s]   106 |   impedance_controller_->[01;31m[KinitFK[m[K(q);
[7.573s]       |                          [01;31m[K^~~~~~[m[K
[7.589s] [01m[K/openarm_ws/src/openarm_impedance_control/src/openarm_impedance_controller.cpp:107:3:[m[K [01;31m[Kerror: [m[K‘[01m[Kx_ref_pos_[m[K’ was not declared in this scope
[7.589s]   107 |   [01;31m[Kx_ref_pos_[m[K  = impedance_controller_->getPose();
[7.589s]       |   [01;31m[K^~~~~~~~~~[m[K
[7.589s] [01m[K/openarm_ws/src/openarm_impedance_control/src/openarm_impedance_controller.cpp:107:40:[m[K [01;31m[Kerror: [m[K‘[01m[Kclass openarm_impedance_control::Impedance[m[K’ has no member named ‘[01m[KgetPose[m[K’
[7.590s]   107 |   x_ref_pos_  = impedance_controller_->[01;31m[KgetPose[m[K();
[7.590s]       |                                        [01;31m[K^~~~~~~[m[K
[7.607s] [01m[K/openarm_ws/src/openarm_impedance_control/src/openarm_impedance_controller.cpp:108:3:[m[K [01;31m[Kerror: [m[K‘[01m[Kx_ref_quat_[m[K’ was not declared in this scope
[7.607s]   108 |   [01;31m[Kx_ref_quat_[m[K = impedance_controller_->getOrientation();
[7.607s]       |   [01;31m[K^~~~~~~~~~~[m[K
[7.607s] [01m[K/openarm_ws/src/openarm_impedance_control/src/openarm_impedance_controller.cpp:108:40:[m[K [01;31m[Kerror: [m[K‘[01m[Kclass openarm_impedance_control::Impedance[m[K’ has no member named ‘[01m[KgetOrientation[m[K’
[7.607s]   108 |   x_ref_quat_ = impedance_controller_->[01;31m[KgetOrientation[m[K();
[7.608s]       |                                        [01;31m[K^~~~~~~~~~~~~~[m[K
[7.628s] [01m[K/openarm_ws/src/openarm_impedance_control/src/openarm_impedance_controller.cpp:109:3:[m[K [01;31m[Kerror: [m[K‘[01m[Kx_ref_linvel_[m[K’ was not declared in this scope
[7.628s]   109 |   [01;31m[Kx_ref_linvel_[m[K.setZero();
[7.628s]       |   [01;31m[K^~~~~~~~~~~~~[m[K
[7.653s] [01m[K/openarm_ws/src/openarm_impedance_control/src/openarm_impedance_controller.cpp:110:3:[m[K [01;31m[Kerror: [m[K‘[01m[Kx_ref_angvel_[m[K’ was not declared in this scope
[7.653s]   110 |   [01;31m[Kx_ref_angvel_[m[K.setZero();
[7.653s]       |   [01;31m[K^~~~~~~~~~~~~[m[K
[7.685s] [01m[K/openarm_ws/src/openarm_impedance_control/src/openarm_impedance_controller.cpp:[m[K In member function ‘[01m[Kvirtual controller_interface::CallbackReturn openarm_impedance_control::OpenArmImpedanceController::[01;32m[Kon_deactivate[m[K(const rclcpp_lifecycle::State&)[m[K’:
[7.685s] [01m[K/openarm_ws/src/openarm_impedance_control/src/openarm_impedance_controller.cpp:123:38:[m[K [01;31m[Kerror: [m[K‘[01m[KFollowCartesianTrajectoryAction[m[K’ was not declared in this scope; did you mean ‘[01m[KFollowJointTrajectoryAction[m[K’?
[7.685s]   123 |       auto result = std::make_shared<[01;31m[KFollowCartesianTrajectoryAction[m[K::Result>();
[7.686s]       |                                      [01;31m[K^~~~~~~~~~~~~~~~~~~~~~~~~~~~~~~[m[K
[7.686s]       |                                      [32m[KFollowJointTrajectoryAction[m[K
[7.686s] [01m[K/openarm_ws/src/openarm_impedance_control/src/openarm_impedance_controller.cpp:123:26:[m[K [01;31m[Kerror: [m[Kparse error in template argument list
[7.686s]   123 |       auto result = std::[01;31m[Kmake_shared<FollowCartesianTrajectoryAction::Result>[m[K();
[7.686s]       |                          [01;31m[K^~~~~~~~~~~~~~~~~~~~~~~~~~~~~~~~~~~~~~~~~~~~~~~~~~~~[m[K
[7.686s] [01m[K/openarm_ws/src/openarm_impedance_control/src/openarm_impedance_controller.cpp:123:78:[m[K [01;31m[Kerror: [m[Kno matching function for call to ‘[01m[Kmake_shared<<expression error> >()[m[K’
[7.686s]   123 |       auto result = [01;31m[Kstd::make_shared<FollowCartesianTrajectoryAction::Result>()[m[K;
[7.686s]       |                     [01;31m[K~~~~~~~~~~~~~~~~~~~~~~~~~~~~~~~~~~~~~~~~~~~~~~~~~~~~~~~~~^~[m[K
[7.687s] [01m[K/usr/include/c++/13/bits/shared_ptr.h:1005:5:[m[K [01;36m[Knote: [m[Kcandidate: ‘[01m[Ktemplate<class _Tp, class ... _Args> std::shared_ptr<typename std::enable_if<(! std::is_array< <template-parameter-1-1> >::value), _Tp>::type> std::[01;32m[Kmake_shared[m[K(_Args&& ...)[m[K’
[7.687s]  1005 |     [01;36m[Kmake_shared[m[K(_Args&&... __args)
[7.687s]       |     [01;36m[K^~~~~~~~~~~[m[K
[7.687s] [01m[K/usr/include/c++/13/bits/shared_ptr.h:1005:5:[m[K [01;36m[Knote: [m[K  template argument deduction/substitution failed:
[7.687s] [01m[K/openarm_ws/src/openarm_impedance_control/src/openarm_impedance_controller.cpp:123:78:[m[K [01;31m[Kerror: [m[Ktemplate argument 1 is invalid
[7.687s]   123 |       auto result = [01;31m[Kstd::make_shared<FollowCartesianTrajectoryAction::Result>()[m[K;
[7.687s]       |                     [01;31m[K~~~~~~~~~~~~~~~~~~~~~~~~~~~~~~~~~~~~~~~~~~~~~~~~~~~~~~~~~^~[m[K
[7.716s] [01m[K/openarm_ws/src/openarm_impedance_control/src/openarm_impedance_controller.cpp:[m[K In member function ‘[01m[Kvirtual controller_interface::CallbackReturn openarm_impedance_control::OpenArmImpedanceController::[01;32m[Kon_configure[m[K(const rclcpp_lifecycle::State&)[m[K’:
[7.716s] [01m[K/openarm_ws/src/openarm_impedance_control/src/openarm_impedance_controller.cpp:142:49:[m[K [01;31m[Kerror: [m[K‘[01m[KFollowCartesianTrajectoryAction[m[K’ was not declared in this scope; did you mean ‘[01m[KFollowJointTrajectoryAction[m[K’?
[7.717s]   142 |   action_server_ = rclcpp_action::create_server<[01;31m[KFollowCartesianTrajectoryAction[m[K>(
[7.717s]       |                                                 [01;31m[K^~~~~~~~~~~~~~~~~~~~~~~~~~~~~~~[m[K
[7.717s]       |                                                 [32m[KFollowJointTrajectoryAction[m[K
[7.717s] [01m[K/openarm_ws/src/openarm_impedance_control/src/openarm_impedance_controller.cpp:145:18:[m[K [01;31m[Kerror: [m[K‘[01m[KOpenArmCartesianController[m[K’ has not been declared
[7.717s]   145 |       std::bind(&[01;31m[KOpenArmCartesianController[m[K::onGoalRequest,
[7.717s]       |                  [01;31m[K^~~~~~~~~~~~~~~~~~~~~~~~~~[m[K
[7.717s] [01m[K/openarm_ws/src/openarm_impedance_control/src/openarm_impedance_controller.cpp:147:18:[m[K [01;31m[Kerror: [m[K‘[01m[KOpenArmCartesianController[m[K’ has not been declared
[7.717s]   147 |       std::bind(&[01;31m[KOpenArmCartesianController[m[K::onCancelRequest,
[7.717s]       |                  [01;31m[K^~~~~~~~~~~~~~~~~~~~~~~~~~[m[K
[7.718s] [01m[K/openarm_ws/src/openarm_impedance_control/src/openarm_impedance_controller.cpp:149:18:[m[K [01;31m[Kerror: [m[K‘[01m[KOpenArmCartesianController[m[K’ has not been declared
[7.718s]   149 |       std::bind(&[01;31m[KOpenArmCartesianController[m[K::onGoalAccepted,
[7.718s]       |                  [01;31m[K^~~~~~~~~~~~~~~~~~~~~~~~~~[m[K
[7.736s] [01m[K/openarm_ws/src/openarm_impedance_control/src/openarm_impedance_controller.cpp:[m[K In member function ‘[01m[Kvirtual controller_interface::return_type openarm_impedance_control::OpenArmImpedanceController::[01;32m[Kupdate[m[K(const rclcpp::Time&, const rclcpp::Duration&)[m[K’:
[7.736s] [01m[K/openarm_ws/src/openarm_impedance_control/src/openarm_impedance_controller.cpp:199:14:[m[K [01;31m[Kerror: [m[K‘[01m[Kx_ref_pos_[m[K’ was not declared in this scope
[7.736s]   199 |       q, dq, [01;31m[Kx_ref_pos_[m[K, x_ref_quat_, x_ref_linvel_, x_ref_angvel_);
[7.736s]       |              [01;31m[K^~~~~~~~~~[m[K
[7.753s] [01m[K/openarm_ws/src/openarm_impedance_control/src/openarm_impedance_controller.cpp:199:26:[m[K [01;31m[Kerror: [m[K‘[01m[Kx_ref_quat_[m[K’ was not declared in this scope
[7.753s]   199 |       q, dq, x_ref_pos_, [01;31m[Kx_ref_quat_[m[K, x_ref_linvel_, x_ref_angvel_);
[7.753s]       |                          [01;31m[K^~~~~~~~~~~[m[K
[7.775s] [01m[K/openarm_ws/src/openarm_impedance_control/src/openarm_impedance_controller.cpp:199:39:[m[K [01;31m[Kerror: [m[K‘[01m[Kx_ref_linvel_[m[K’ was not declared in this scope
[7.775s]   199 |       q, dq, x_ref_pos_, x_ref_quat_, [01;31m[Kx_ref_linvel_[m[K, x_ref_angvel_);
[7.775s]       |                                       [01;31m[K^~~~~~~~~~~~~[m[K
[7.799s] [01m[K/openarm_ws/src/openarm_impedance_control/src/openarm_impedance_controller.cpp:199:54:[m[K [01;31m[Kerror: [m[K‘[01m[Kx_ref_angvel_[m[K’ was not declared in this scope
[7.800s]   199 |       q, dq, x_ref_pos_, x_ref_quat_, x_ref_linvel_, [01;31m[Kx_ref_angvel_[m[K);
[7.800s]       |                                                      [01;31m[K^~~~~~~~~~~~~[m[K
[7.829s] [01m[K/openarm_ws/src/openarm_impedance_control/src/openarm_impedance_controller.cpp:216:36:[m[K [01;31m[Kerror: [m[K‘[01m[KFollowCartesianTrajectoryAction[m[K’ was not declared in this scope; did you mean ‘[01m[KFollowJointTrajectoryAction[m[K’?
[7.829s]   216 |     auto result = std::make_shared<[01;31m[KFollowCartesianTrajectoryAction[m[K::Result>();
[7.829s]       |                                    [01;31m[K^~~~~~~~~~~~~~~~~~~~~~~~~~~~~~~[m[K
[7.829s]       |                                    [32m[KFollowJointTrajectoryAction[m[K
[7.829s] [01m[K/openarm_ws/src/openarm_impedance_control/src/openarm_impedance_controller.cpp:216:24:[m[K [01;31m[Kerror: [m[Kparse error in template argument list
[7.829s]   216 |     auto result = std::[01;31m[Kmake_shared<FollowCartesianTrajectoryAction::Result>[m[K();
[7.829s]       |                        [01;31m[K^~~~~~~~~~~~~~~~~~~~~~~~~~~~~~~~~~~~~~~~~~~~~~~~~~~~[m[K
[7.830s] [01m[K/openarm_ws/src/openarm_impedance_control/src/openarm_impedance_controller.cpp:216:76:[m[K [01;31m[Kerror: [m[Kno matching function for call to ‘[01m[Kmake_shared<<expression error> >()[m[K’
[7.830s]   216 |     auto result = [01;31m[Kstd::make_shared<FollowCartesianTrajectoryAction::Result>()[m[K;
[7.830s]       |                   [01;31m[K~~~~~~~~~~~~~~~~~~~~~~~~~~~~~~~~~~~~~~~~~~~~~~~~~~~~~~~~~^~[m[K
[7.830s] [01m[K/usr/include/c++/13/bits/shared_ptr.h:1005:5:[m[K [01;36m[Knote: [m[Kcandidate: ‘[01m[Ktemplate<class _Tp, class ... _Args> std::shared_ptr<typename std::enable_if<(! std::is_array< <template-parameter-1-1> >::value), _Tp>::type> std::[01;32m[Kmake_shared[m[K(_Args&& ...)[m[K’
[7.830s]  1005 |     [01;36m[Kmake_shared[m[K(_Args&&... __args)
[7.830s]       |     [01;36m[K^~~~~~~~~~~[m[K
[7.830s] [01m[K/usr/include/c++/13/bits/shared_ptr.h:1005:5:[m[K [01;36m[Knote: [m[K  template argument deduction/substitution failed:
[7.830s] [01m[K/openarm_ws/src/openarm_impedance_control/src/openarm_impedance_controller.cpp:216:76:[m[K [01;31m[Kerror: [m[Ktemplate argument 1 is invalid
[7.831s]   216 |     auto result = [01;31m[Kstd::make_shared<FollowCartesianTrajectoryAction::Result>()[m[K;
[7.831s]       |                   [01;31m[K~~~~~~~~~~~~~~~~~~~~~~~~~~~~~~~~~~~~~~~~~~~~~~~~~~~~~~~~~^~[m[K
[7.831s] [01m[K/openarm_ws/src/openarm_impedance_control/src/openarm_impedance_controller.cpp:217:26:[m[K [01;31m[Kerror: [m[K‘[01m[KFollowCartesianTrajectoryAction[m[K’ is not a class, namespace, or enumeration
[7.831s]   217 |     result->error_code = [01;31m[KFollowCartesianTrajectoryAction[m[K::Result::SUCCESSFUL;
[7.831s]       |                          [01;31m[K^~~~~~~~~~~~~~~~~~~~~~~~~~~~~~~[m[K
[7.860s] [01m[K/openarm_ws/src/openarm_impedance_control/src/openarm_impedance_controller.cpp:233:36:[m[K [01;31m[Kerror: [m[K‘[01m[KFollowCartesianTrajectoryAction[m[K’ was not declared in this scope; did you mean ‘[01m[KFollowJointTrajectoryAction[m[K’?
[7.861s]   233 |     auto result = std::make_shared<[01;31m[KFollowCartesianTrajectoryAction[m[K::Result>();
[7.861s]       |                                    [01;31m[K^~~~~~~~~~~~~~~~~~~~~~~~~~~~~~~[m[K
[7.861s]       |                                    [32m[KFollowJointTrajectoryAction[m[K
[7.861s] [01m[K/openarm_ws/src/openarm_impedance_control/src/openarm_impedance_controller.cpp:233:24:[m[K [01;31m[Kerror: [m[Kparse error in template argument list
[7.861s]   233 |     auto result = std::[01;31m[Kmake_shared<FollowCartesianTrajectoryAction::Result>[m[K();
[7.861s]       |                        [01;31m[K^~~~~~~~~~~~~~~~~~~~~~~~~~~~~~~~~~~~~~~~~~~~~~~~~~~~[m[K
[7.861s] [01m[K/openarm_ws/src/openarm_impedance_control/src/openarm_impedance_controller.cpp:233:76:[m[K [01;31m[Kerror: [m[Kno matching function for call to ‘[01m[Kmake_shared<<expression error> >()[m[K’
[7.861s]   233 |     auto result = [01;31m[Kstd::make_shared<FollowCartesianTrajectoryAction::Result>()[m[K;
[7.862s]       |                   [01;31m[K~~~~~~~~~~~~~~~~~~~~~~~~~~~~~~~~~~~~~~~~~~~~~~~~~~~~~~~~~^~[m[K
[7.862s] [01m[K/usr/include/c++/13/bits/shared_ptr.h:1005:5:[m[K [01;36m[Knote: [m[Kcandidate: ‘[01m[Ktemplate<class _Tp, class ... _Args> std::shared_ptr<typename std::enable_if<(! std::is_array< <template-parameter-1-1> >::value), _Tp>::type> std::[01;32m[Kmake_shared[m[K(_Args&& ...)[m[K’
[7.862s]  1005 |     [01;36m[Kmake_shared[m[K(_Args&&... __args)
[7.862s]       |     [01;36m[K^~~~~~~~~~~[m[K
[7.862s] [01m[K/usr/include/c++/13/bits/shared_ptr.h:1005:5:[m[K [01;36m[Knote: [m[K  template argument deduction/substitution failed:
[7.862s] [01m[K/openarm_ws/src/openarm_impedance_control/src/openarm_impedance_controller.cpp:233:76:[m[K [01;31m[Kerror: [m[Ktemplate argument 1 is invalid
[7.862s]   233 |     auto result = [01;31m[Kstd::make_shared<FollowCartesianTrajectoryAction::Result>()[m[K;
[7.862s]       |                   [01;31m[K~~~~~~~~~~~~~~~~~~~~~~~~~~~~~~~~~~~~~~~~~~~~~~~~~~~~~~~~~^~[m[K
[7.863s] [01m[K/openarm_ws/src/openarm_impedance_control/src/openarm_impedance_controller.cpp:234:26:[m[K [01;31m[Kerror: [m[K‘[01m[KFollowCartesianTrajectoryAction[m[K’ is not a class, namespace, or enumeration
[7.863s]   234 |     result->error_code = [01;31m[KFollowCartesianTrajectoryAction[m[K::Result::SUCCESSFUL;
[7.863s]       |                          [01;31m[K^~~~~~~~~~~~~~~~~~~~~~~~~~~~~~~[m[K
[7.876s] [01m[K/openarm_ws/src/openarm_impedance_control/src/openarm_impedance_controller.cpp:[m[K At global scope:
[7.876s] [01m[K/openarm_ws/src/openarm_impedance_control/src/openarm_impedance_controller.cpp:260:11:[m[K [01;31m[Kerror: [m[K‘[01m[KCartesianTrajectory[m[K’ does not name a type
[7.876s]   260 |     const [01;31m[KCartesianTrajectory[m[K& traj, const rclcpp::Time& time) {
[7.876s]       |           [01;31m[K^~~~~~~~~~~~~~~~~~~[m[K
[7.876s] [01m[K/openarm_ws/src/openarm_impedance_control/src/openarm_impedance_controller.cpp:259:6:[m[K [01;31m[Kerror: [m[Kno declaration matches ‘[01m[Kvoid openarm_impedance_control::OpenArmImpedanceController::[01;32m[KinterpolateTrajectory[m[K(const int&, const rclcpp::Time&)[m[K’
[7.876s]   259 | void [01;31m[KOpenArmImpedanceController[m[K::interpolateTrajectory(
[7.876s]       |      [01;31m[K^~~~~~~~~~~~~~~~~~~~~~~~~~[m[K
[7.877s] [01m[K/openarm_ws/src/openarm_impedance_control/include/openarm_impedance_control/openarm_impedance_controller.hpp:74:8:[m[K [01;36m[Knote: [m[Kcandidate is: ‘[01m[Kvoid openarm_impedance_control::OpenArmImpedanceController::[01;32m[KinterpolateTrajectory[m[K(const JointTrajectory&, const rclcpp::Time&)[m[K’
[7.877s]    74 |   void [01;36m[KinterpolateTrajectory[m[K(
[7.877s]       |        [01;36m[K^~~~~~~~~~~~~~~~~~~~~[m[K
[7.877s] [01m[K/openarm_ws/src/openarm_impedance_control/include/openarm_impedance_control/openarm_impedance_controller.hpp:22:7:[m[K [01;36m[Knote: [m[K‘[01m[Kclass openarm_impedance_control::OpenArmImpedanceController[m[K’ defined here
[7.877s]    22 | class [01;36m[KOpenArmImpedanceController[m[K : public controller_interface::ControllerInterface {
[7.877s]       |       [01;36m[K^~~~~~~~~~~~~~~~~~~~~~~~~~[m[K
[7.877s] [01m[K/openarm_ws/src/openarm_impedance_control/src/openarm_impedance_controller.cpp:[m[K In member function ‘[01m[Kvoid openarm_impedance_control::OpenArmImpedanceController::[01;32m[KupdateFeedback[m[K()[m[K’:
[7.877s] [01m[K/openarm_ws/src/openarm_impedance_control/src/openarm_impedance_controller.cpp:319:26:[m[K [01;31m[Kerror: [m[K‘[01m[Kusing control_msgs::action::FollowJointTrajectory_Feedback_<std::allocator<void> >::_desired_type = struct trajectory_msgs::msg::JointTrajectoryPoint_<std::allocator<void> >[m[K’ {aka ‘[01m[Kstruct trajectory_msgs::msg::JointTrajectoryPoint_<std::allocator<void> >[m[K’} has no member named ‘[01m[Kpose[m[K’
[7.878s]   319 |   feedback_msg_->desired.[01;31m[Kpose[m[K.position.x    = x_ref_pos_.x();
[7.878s]       |                          [01;31m[K^~~~[m[K
[7.894s] [01m[K/openarm_ws/src/openarm_impedance_control/src/openarm_impedance_controller.cpp:319:47:[m[K [01;31m[Kerror: [m[K‘[01m[Kx_ref_pos_[m[K’ was not declared in this scope
[7.895s]   319 |   feedback_msg_->desired.pose.position.x    = [01;31m[Kx_ref_pos_[m[K.x();
[7.895s]       |                                               [01;31m[K^~~~~~~~~~[m[K
[7.895s] [01m[K/openarm_ws/src/openarm_impedance_control/src/openarm_impedance_controller.cpp:320:26:[m[K [01;31m[Kerror: [m[K‘[01m[Kusing control_msgs::action::FollowJointTrajectory_Feedback_<std::allocator<void> >::_desired_type = struct trajectory_msgs::msg::JointTrajectoryPoint_<std::allocator<void> >[m[K’ {aka ‘[01m[Kstruct trajectory_msgs::msg::JointTrajectoryPoint_<std::allocator<void> >[m[K’} has no member named ‘[01m[Kpose[m[K’
[7.896s]   320 |   feedback_msg_->desired.[01;31m[Kpose[m[K.position.y    = x_ref_pos_.y();
[7.896s]       |                          [01;31m[K^~~~[m[K
[7.896s] [01m[K/openarm_ws/src/openarm_impedance_control/src/openarm_impedance_controller.cpp:321:26:[m[K [01;31m[Kerror: [m[K‘[01m[Kusing control_msgs::action::FollowJointTrajectory_Feedback_<std::allocator<void> >::_desired_type = struct trajectory_msgs::msg::JointTrajectoryPoint_<std::allocator<void> >[m[K’ {aka ‘[01m[Kstruct trajectory_msgs::msg::JointTrajectoryPoint_<std::allocator<void> >[m[K’} has no member named ‘[01m[Kpose[m[K’
[7.896s]   321 |   feedback_msg_->desired.[01;31m[Kpose[m[K.position.z    = x_ref_pos_.z();
[7.897s]       |                          [01;31m[K^~~~[m[K
[7.897s] [01m[K/openarm_ws/src/openarm_impedance_control/src/openarm_impedance_controller.cpp:322:26:[m[K [01;31m[Kerror: [m[K‘[01m[Kusing control_msgs::action::FollowJointTrajectory_Feedback_<std::allocator<void> >::_desired_type = struct trajectory_msgs::msg::JointTrajectoryPoint_<std::allocator<void> >[m[K’ {aka ‘[01m[Kstruct trajectory_msgs::msg::JointTrajectoryPoint_<std::allocator<void> >[m[K’} has no member named ‘[01m[Kpose[m[K’
[7.898s]   322 |   feedback_msg_->desired.[01;31m[Kpose[m[K.orientation.w = x_ref_quat_.w();
[7.898s]       |                          [01;31m[K^~~~[m[K
[7.911s] [01m[K/openarm_ws/src/openarm_impedance_control/src/openarm_impedance_controller.cpp:322:47:[m[K [01;31m[Kerror: [m[K‘[01m[Kx_ref_quat_[m[K’ was not declared in this scope
[7.912s]   322 |   feedback_msg_->desired.pose.orientation.w = [01;31m[Kx_ref_quat_[m[K.w();
[7.912s]       |                                               [01;31m[K^~~~~~~~~~~[m[K
[7.912s] [01m[K/openarm_ws/src/openarm_impedance_control/src/openarm_impedance_controller.cpp:323:26:[m[K [01;31m[Kerror: [m[K‘[01m[Kusing control_msgs::action::FollowJointTrajectory_Feedback_<std::allocator<void> >::_desired_type = struct trajectory_msgs::msg::JointTrajectoryPoint_<std::allocator<void> >[m[K’ {aka ‘[01m[Kstruct trajectory_msgs::msg::JointTrajectoryPoint_<std::allocator<void> >[m[K’} has no member named ‘[01m[Kpose[m[K’
[7.912s]   323 |   feedback_msg_->desired.[01;31m[Kpose[m[K.orientation.x = x_ref_quat_.x();
[7.912s]       |                          [01;31m[K^~~~[m[K
[7.912s] [01m[K/openarm_ws/src/openarm_impedance_control/src/openarm_impedance_controller.cpp:324:26:[m[K [01;31m[Kerror: [m[K‘[01m[Kusing control_msgs::action::FollowJointTrajectory_Feedback_<std::allocator<void> >::_desired_type = struct trajectory_msgs::msg::JointTrajectoryPoint_<std::allocator<void> >[m[K’ {aka ‘[01m[Kstruct trajectory_msgs::msg::JointTrajectoryPoint_<std::allocator<void> >[m[K’} has no member named ‘[01m[Kpose[m[K’
[7.912s]   324 |   feedback_msg_->desired.[01;31m[Kpose[m[K.orientation.y = x_ref_quat_.y();
[7.912s]       |                          [01;31m[K^~~~[m[K
[7.913s] [01m[K/openarm_ws/src/openarm_impedance_control/src/openarm_impedance_controller.cpp:325:26:[m[K [01;31m[Kerror: [m[K‘[01m[Kusing control_msgs::action::FollowJointTrajectory_Feedback_<std::allocator<void> >::_desired_type = struct trajectory_msgs::msg::JointTrajectoryPoint_<std::allocator<void> >[m[K’ {aka ‘[01m[Kstruct trajectory_msgs::msg::JointTrajectoryPoint_<std::allocator<void> >[m[K’} has no member named ‘[01m[Kpose[m[K’
[7.913s]   325 |   feedback_msg_->desired.[01;31m[Kpose[m[K.orientation.z = x_ref_quat_.z();
[7.913s]       |                          [01;31m[K^~~~[m[K
[7.913s] [01m[K/openarm_ws/src/openarm_impedance_control/src/openarm_impedance_controller.cpp:326:26:[m[K [01;31m[Kerror: [m[K‘[01m[Kusing control_msgs::action::FollowJointTrajectory_Feedback_<std::allocator<void> >::_desired_type = struct trajectory_msgs::msg::JointTrajectoryPoint_<std::allocator<void> >[m[K’ {aka ‘[01m[Kstruct trajectory_msgs::msg::JointTrajectoryPoint_<std::allocator<void> >[m[K’} has no member named ‘[01m[Ktwist[m[K’
[7.913s]   326 |   feedback_msg_->desired.[01;31m[Ktwist[m[K.linear.x     = x_ref_linvel_.x();
[7.913s]       |                          [01;31m[K^~~~~[m[K
[7.932s] [01m[K/openarm_ws/src/openarm_impedance_control/src/openarm_impedance_controller.cpp:326:47:[m[K [01;31m[Kerror: [m[K‘[01m[Kx_ref_linvel_[m[K’ was not declared in this scope
[7.932s]   326 |   feedback_msg_->desired.twist.linear.x     = [01;31m[Kx_ref_linvel_[m[K.x();
[7.932s]       |                                               [01;31m[K^~~~~~~~~~~~~[m[K
[7.932s] [01m[K/openarm_ws/src/openarm_impedance_control/src/openarm_impedance_controller.cpp:327:26:[m[K [01;31m[Kerror: [m[K‘[01m[Kusing control_msgs::action::FollowJointTrajectory_Feedback_<std::allocator<void> >::_desired_type = struct trajectory_msgs::msg::JointTrajectoryPoint_<std::allocator<void> >[m[K’ {aka ‘[01m[Kstruct trajectory_msgs::msg::JointTrajectoryPoint_<std::allocator<void> >[m[K’} has no member named ‘[01m[Ktwist[m[K’
[7.932s]   327 |   feedback_msg_->desired.[01;31m[Ktwist[m[K.linear.y     = x_ref_linvel_.y();
[7.932s]       |                          [01;31m[K^~~~~[m[K
[7.932s] [01m[K/openarm_ws/src/openarm_impedance_control/src/openarm_impedance_controller.cpp:328:26:[m[K [01;31m[Kerror: [m[K‘[01m[Kusing control_msgs::action::FollowJointTrajectory_Feedback_<std::allocator<void> >::_desired_type = struct trajectory_msgs::msg::JointTrajectoryPoint_<std::allocator<void> >[m[K’ {aka ‘[01m[Kstruct trajectory_msgs::msg::JointTrajectoryPoint_<std::allocator<void> >[m[K’} has no member named ‘[01m[Ktwist[m[K’
[7.932s]   328 |   feedback_msg_->desired.[01;31m[Ktwist[m[K.linear.z     = x_ref_linvel_.z();
[7.933s]       |                          [01;31m[K^~~~~[m[K
[7.933s] [01m[K/openarm_ws/src/openarm_impedance_control/src/openarm_impedance_controller.cpp:329:26:[m[K [01;31m[Kerror: [m[K‘[01m[Kusing control_msgs::action::FollowJointTrajectory_Feedback_<std::allocator<void> >::_desired_type = struct trajectory_msgs::msg::JointTrajectoryPoint_<std::allocator<void> >[m[K’ {aka ‘[01m[Kstruct trajectory_msgs::msg::JointTrajectoryPoint_<std::allocator<void> >[m[K’} has no member named ‘[01m[Ktwist[m[K’
[7.933s]   329 |   feedback_msg_->desired.[01;31m[Ktwist[m[K.angular.x    = x_ref_angvel_.x();
[7.933s]       |                          [01;31m[K^~~~~[m[K
[7.952s] [01m[K/openarm_ws/src/openarm_impedance_control/src/openarm_impedance_controller.cpp:329:47:[m[K [01;31m[Kerror: [m[K‘[01m[Kx_ref_angvel_[m[K’ was not declared in this scope
[7.953s]   329 |   feedback_msg_->desired.twist.angular.x    = [01;31m[Kx_ref_angvel_[m[K.x();
[7.953s]       |                                               [01;31m[K^~~~~~~~~~~~~[m[K
[7.954s] [01m[K/openarm_ws/src/openarm_impedance_control/src/openarm_impedance_controller.cpp:330:26:[m[K [01;31m[Kerror: [m[K‘[01m[Kusing control_msgs::action::FollowJointTrajectory_Feedback_<std::allocator<void> >::_desired_type = struct trajectory_msgs::msg::JointTrajectoryPoint_<std::allocator<void> >[m[K’ {aka ‘[01m[Kstruct trajectory_msgs::msg::JointTrajectoryPoint_<std::allocator<void> >[m[K’} has no member named ‘[01m[Ktwist[m[K’
[7.954s]   330 |   feedback_msg_->desired.[01;31m[Ktwist[m[K.angular.y    = x_ref_angvel_.y();
[7.954s]       |                          [01;31m[K^~~~~[m[K
[7.954s] [01m[K/openarm_ws/src/openarm_impedance_control/src/openarm_impedance_controller.cpp:331:26:[m[K [01;31m[Kerror: [m[K‘[01m[Kusing control_msgs::action::FollowJointTrajectory_Feedback_<std::allocator<void> >::_desired_type = struct trajectory_msgs::msg::JointTrajectoryPoint_<std::allocator<void> >[m[K’ {aka ‘[01m[Kstruct trajectory_msgs::msg::JointTrajectoryPoint_<std::allocator<void> >[m[K’} has no member named ‘[01m[Ktwist[m[K’
[7.955s]   331 |   feedback_msg_->desired.[01;31m[Ktwist[m[K.angular.z    = x_ref_angvel_.z();
[7.955s]       |                          [01;31m[K^~~~~[m[K
[7.955s] [01m[K/openarm_ws/src/openarm_impedance_control/src/openarm_impedance_controller.cpp:334:65:[m[K [01;31m[Kerror: [m[K‘[01m[Kclass openarm_impedance_control::Impedance[m[K’ has no member named ‘[01m[KgetPose[m[K’
[7.956s]   334 |   const Eigen::Vector3d    actual_pos  = impedance_controller_->[01;31m[KgetPose[m[K();
[7.956s]       |                                                                 [01;31m[K^~~~~~~[m[K
[7.956s] [01m[K/openarm_ws/src/openarm_impedance_control/src/openarm_impedance_controller.cpp:335:65:[m[K [01;31m[Kerror: [m[K‘[01m[Kclass openarm_impedance_control::Impedance[m[K’ has no member named ‘[01m[KgetOrientation[m[K’
[7.956s]   335 |   const Eigen::Quaterniond actual_quat = impedance_controller_->[01;31m[KgetOrientation[m[K();
[7.957s]       |                                                                 [01;31m[K^~~~~~~~~~~~~~[m[K
[7.957s] [01m[K/openarm_ws/src/openarm_impedance_control/src/openarm_impedance_controller.cpp:336:25:[m[K [01;31m[Kerror: [m[K‘[01m[Kusing control_msgs::action::FollowJointTrajectory_Feedback_<std::allocator<void> >::_actual_type = struct trajectory_msgs::msg::JointTrajectoryPoint_<std::allocator<void> >[m[K’ {aka ‘[01m[Kstruct trajectory_msgs::msg::JointTrajectoryPoint_<std::allocator<void> >[m[K’} has no member named ‘[01m[Kpose[m[K’
[7.957s]   336 |   feedback_msg_->actual.[01;31m[Kpose[m[K.position.x    = actual_pos.x();
[7.957s]       |                         [01;31m[K^~~~[m[K
[7.957s] [01m[K/openarm_ws/src/openarm_impedance_control/src/openarm_impedance_controller.cpp:337:25:[m[K [01;31m[Kerror: [m[K‘[01m[Kusing control_msgs::action::FollowJointTrajectory_Feedback_<std::allocator<void> >::_actual_type = struct trajectory_msgs::msg::JointTrajectoryPoint_<std::allocator<void> >[m[K’ {aka ‘[01m[Kstruct trajectory_msgs::msg::JointTrajectoryPoint_<std::allocator<void> >[m[K’} has no member named ‘[01m[Kpose[m[K’
[7.957s]   337 |   feedback_msg_->actual.[01;31m[Kpose[m[K.position.y    = actual_pos.y();
[7.957s]       |                         [01;31m[K^~~~[m[K
[7.957s] [01m[K/openarm_ws/src/openarm_impedance_control/src/openarm_impedance_controller.cpp:338:25:[m[K [01;31m[Kerror: [m[K‘[01m[Kusing control_msgs::action::FollowJointTrajectory_Feedback_<std::allocator<void> >::_actual_type = struct trajectory_msgs::msg::JointTrajectoryPoint_<std::allocator<void> >[m[K’ {aka ‘[01m[Kstruct trajectory_msgs::msg::JointTrajectoryPoint_<std::allocator<void> >[m[K’} has no member named ‘[01m[Kpose[m[K’
[7.958s]   338 |   feedback_msg_->actual.[01;31m[Kpose[m[K.position.z    = actual_pos.z();
[7.958s]       |                         [01;31m[K^~~~[m[K
[7.958s] [01m[K/openarm_ws/src/openarm_impedance_control/src/openarm_impedance_controller.cpp:339:25:[m[K [01;31m[Kerror: [m[K‘[01m[Kusing control_msgs::action::FollowJointTrajectory_Feedback_<std::allocator<void> >::_actual_type = struct trajectory_msgs::msg::JointTrajectoryPoint_<std::allocator<void> >[m[K’ {aka ‘[01m[Kstruct trajectory_msgs::msg::JointTrajectoryPoint_<std::allocator<void> >[m[K’} has no member named ‘[01m[Kpose[m[K’
[7.960s]   339 |   feedback_msg_->actual.[01;31m[Kpose[m[K.orientation.w = actual_quat.w();
[7.960s]       |                         [01;31m[K^~~~[m[K
[7.961s] [01m[K/openarm_ws/src/openarm_impedance_control/src/openarm_impedance_controller.cpp:340:25:[m[K [01;31m[Kerror: [m[K‘[01m[Kusing control_msgs::action::FollowJointTrajectory_Feedback_<std::allocator<void> >::_actual_type = struct trajectory_msgs::msg::JointTrajectoryPoint_<std::allocator<void> >[m[K’ {aka ‘[01m[Kstruct trajectory_msgs::msg::JointTrajectoryPoint_<std::allocator<void> >[m[K’} has no member named ‘[01m[Kpose[m[K’
[7.961s]   340 |   feedback_msg_->actual.[01;31m[Kpose[m[K.orientation.x = actual_quat.x();
[7.962s]       |                         [01;31m[K^~~~[m[K
[7.962s] [01m[K/openarm_ws/src/openarm_impedance_control/src/openarm_impedance_controller.cpp:341:25:[m[K [01;31m[Kerror: [m[K‘[01m[Kusing control_msgs::action::FollowJointTrajectory_Feedback_<std::allocator<void> >::_actual_type = struct trajectory_msgs::msg::JointTrajectoryPoint_<std::allocator<void> >[m[K’ {aka ‘[01m[Kstruct trajectory_msgs::msg::JointTrajectoryPoint_<std::allocator<void> >[m[K’} has no member named ‘[01m[Kpose[m[K’
[7.962s]   341 |   feedback_msg_->actual.[01;31m[Kpose[m[K.orientation.y = actual_quat.y();
[7.962s]       |                         [01;31m[K^~~~[m[K
[7.963s] [01m[K/openarm_ws/src/openarm_impedance_control/src/openarm_impedance_controller.cpp:342:25:[m[K [01;31m[Kerror: [m[K‘[01m[Kusing control_msgs::action::FollowJointTrajectory_Feedback_<std::allocator<void> >::_actual_type = struct trajectory_msgs::msg::JointTrajectoryPoint_<std::allocator<void> >[m[K’ {aka ‘[01m[Kstruct trajectory_msgs::msg::JointTrajectoryPoint_<std::allocator<void> >[m[K’} has no member named ‘[01m[Kpose[m[K’
[7.963s]   342 |   feedback_msg_->actual.[01;31m[Kpose[m[K.orientation.z = actual_quat.z();
[7.963s]       |                         [01;31m[K^~~~[m[K
[7.963s] [01m[K/openarm_ws/src/openarm_impedance_control/src/openarm_impedance_controller.cpp:346:24:[m[K [01;31m[Kerror: [m[K‘[01m[Kusing control_msgs::action::FollowJointTrajectory_Feedback_<std::allocator<void> >::_error_type = struct trajectory_msgs::msg::JointTrajectoryPoint_<std::allocator<void> >[m[K’ {aka ‘[01m[Kstruct trajectory_msgs::msg::JointTrajectoryPoint_<std::allocator<void> >[m[K’} has no member named ‘[01m[Kpose[m[K’
[7.964s]   346 |   feedback_msg_->error.[01;31m[Kpose[m[K.position.x = pos_err.x();
[7.964s]       |                        [01;31m[K^~~~[m[K
[7.964s] [01m[K/openarm_ws/src/openarm_impedance_control/src/openarm_impedance_controller.cpp:347:24:[m[K [01;31m[Kerror: [m[K‘[01m[Kusing control_msgs::action::FollowJointTrajectory_Feedback_<std::allocator<void> >::_error_type = struct trajectory_msgs::msg::JointTrajectoryPoint_<std::allocator<void> >[m[K’ {aka ‘[01m[Kstruct trajectory_msgs::msg::JointTrajectoryPoint_<std::allocator<void> >[m[K’} has no member named ‘[01m[Kpose[m[K’
[7.965s]   347 |   feedback_msg_->error.[01;31m[Kpose[m[K.position.y = pos_err.y();
[7.965s]       |                        [01;31m[K^~~~[m[K
[7.965s] [01m[K/openarm_ws/src/openarm_impedance_control/src/openarm_impedance_controller.cpp:348:24:[m[K [01;31m[Kerror: [m[K‘[01m[Kusing control_msgs::action::FollowJointTrajectory_Feedback_<std::allocator<void> >::_error_type = struct trajectory_msgs::msg::JointTrajectoryPoint_<std::allocator<void> >[m[K’ {aka ‘[01m[Kstruct trajectory_msgs::msg::JointTrajectoryPoint_<std::allocator<void> >[m[K’} has no member named ‘[01m[Kpose[m[K’
[7.965s]   348 |   feedback_msg_->error.[01;31m[Kpose[m[K.position.z = pos_err.z();
[7.966s]       |                        [01;31m[K^~~~[m[K
[7.966s] [01m[K/openarm_ws/src/openarm_impedance_control/src/openarm_impedance_controller.cpp:354:24:[m[K [01;31m[Kerror: [m[K‘[01m[Kusing control_msgs::action::FollowJointTrajectory_Feedback_<std::allocator<void> >::_error_type = struct trajectory_msgs::msg::JointTrajectoryPoint_<std::allocator<void> >[m[K’ {aka ‘[01m[Kstruct trajectory_msgs::msg::JointTrajectoryPoint_<std::allocator<void> >[m[K’} has no member named ‘[01m[Kpose[m[K’
[7.966s]   354 |   feedback_msg_->error.[01;31m[Kpose[m[K.orientation.x = rot_err.x();
[7.967s]       |                        [01;31m[K^~~~[m[K
[7.967s] [01m[K/openarm_ws/src/openarm_impedance_control/src/openarm_impedance_controller.cpp:355:24:[m[K [01;31m[Kerror: [m[K‘[01m[Kusing control_msgs::action::FollowJointTrajectory_Feedback_<std::allocator<void> >::_error_type = struct trajectory_msgs::msg::JointTrajectoryPoint_<std::allocator<void> >[m[K’ {aka ‘[01m[Kstruct trajectory_msgs::msg::JointTrajectoryPoint_<std::allocator<void> >[m[K’} has no member named ‘[01m[Kpose[m[K’
[7.967s]   355 |   feedback_msg_->error.[01;31m[Kpose[m[K.orientation.y = rot_err.y();
[7.967s]       |                        [01;31m[K^~~~[m[K
[7.967s] [01m[K/openarm_ws/src/openarm_impedance_control/src/openarm_impedance_controller.cpp:356:24:[m[K [01;31m[Kerror: [m[K‘[01m[Kusing control_msgs::action::FollowJointTrajectory_Feedback_<std::allocator<void> >::_error_type = struct trajectory_msgs::msg::JointTrajectoryPoint_<std::allocator<void> >[m[K’ {aka ‘[01m[Kstruct trajectory_msgs::msg::JointTrajectoryPoint_<std::allocator<void> >[m[K’} has no member named ‘[01m[Kpose[m[K’
[7.967s]   356 |   feedback_msg_->error.[01;31m[Kpose[m[K.orientation.z = rot_err.z();
[7.967s]       |                        [01;31m[K^~~~[m[K
[7.967s] [01m[K/openarm_ws/src/openarm_impedance_control/src/openarm_impedance_controller.cpp:357:24:[m[K [01;31m[Kerror: [m[K‘[01m[Kusing control_msgs::action::FollowJointTrajectory_Feedback_<std::allocator<void> >::_error_type = struct trajectory_msgs::msg::JointTrajectoryPoint_<std::allocator<void> >[m[K’ {aka ‘[01m[Kstruct trajectory_msgs::msg::JointTrajectoryPoint_<std::allocator<void> >[m[K’} has no member named ‘[01m[Kpose[m[K’
[7.967s]   357 |   feedback_msg_->error.[01;31m[Kpose[m[K.orientation.w = 0.0;
[7.968s]       |                        [01;31m[K^~~~[m[K
[7.968s] [01m[K/openarm_ws/src/openarm_impedance_control/src/openarm_impedance_controller.cpp:[m[K At global scope:
[7.969s] [01m[K/openarm_ws/src/openarm_impedance_control/src/openarm_impedance_controller.cpp:364:58:[m[K [01;31m[Kerror: [m[KISO C++ forbids declaration of ‘[01m[Ktype name[m[K’ with no type [[01;31m[K]8;;https://gcc.gnu.org/onlinedocs/gcc/Warning-Options.html#index-fpermissive-fpermissive]8;;[m[K]
[7.969s]   364 |     std::shared_ptr<const FollowCartesianTrajectoryAction[01;31m[K::[m[KGoal> goal) {
[7.969s]       |                                                          [01;31m[K^~[m[K
[7.970s] [01m[K/openarm_ws/src/openarm_impedance_control/src/openarm_impedance_controller.cpp:364:64:[m[K [01;31m[Kerror: [m[Ktemplate argument 1 is invalid
[7.970s]   364 |     std::shared_ptr<const FollowCartesianTrajectoryAction::Goal[01;31m[K>[m[K goal) {
[7.971s]       |                                                                [01;31m[K^[m[K
[7.971s] [01m[K/openarm_ws/src/openarm_impedance_control/src/openarm_impedance_controller.cpp:364:58:[m[K [01;31m[Kerror: [m[KISO C++ forbids declaration of ‘[01m[Ktype name[m[K’ with no type [[01;31m[K]8;;https://gcc.gnu.org/onlinedocs/gcc/Warning-Options.html#index-fpermissive-fpermissive]8;;[m[K]
[7.971s]   364 |     std::shared_ptr<const FollowCartesianTrajectoryAction[01;31m[K::[m[KGoal> goal) {
[7.972s]       |                                                          [01;31m[K^~[m[K
[7.972s] [01m[K/openarm_ws/src/openarm_impedance_control/src/openarm_impedance_controller.cpp:364:64:[m[K [01;31m[Kerror: [m[Ktemplate argument 1 is invalid
[7.972s]   364 |     std::shared_ptr<const FollowCartesianTrajectoryAction::Goal[01;31m[K>[m[K goal) {
[7.972s]       |                                                                [01;31m[K^[m[K
[7.972s] [01m[K/openarm_ws/src/openarm_impedance_control/src/openarm_impedance_controller.cpp:364:58:[m[K [01;31m[Kerror: [m[KISO C++ forbids declaration of ‘[01m[Ktype name[m[K’ with no type [[01;31m[K]8;;https://gcc.gnu.org/onlinedocs/gcc/Warning-Options.html#index-fpermissive-fpermissive]8;;[m[K]
[7.973s]   364 |     std::shared_ptr<const FollowCartesianTrajectoryAction[01;31m[K::[m[KGoal> goal) {
[7.973s]       |                                                          [01;31m[K^~[m[K
[7.973s] [01m[K/openarm_ws/src/openarm_impedance_control/src/openarm_impedance_controller.cpp:364:64:[m[K [01;31m[Kerror: [m[Ktemplate argument 1 is invalid
[7.973s]   364 |     std::shared_ptr<const FollowCartesianTrajectoryAction::Goal[01;31m[K>[m[K goal) {
[7.973s]       |                                                                [01;31m[K^[m[K
[7.974s] [01m[K/openarm_ws/src/openarm_impedance_control/src/openarm_impedance_controller.cpp:364:5:[m[K [01;31m[Kerror: [m[Kinvalid template-id
[7.975s]   364 |     [01;31m[Kstd[m[K::shared_ptr<const FollowCartesianTrajectoryAction::Goal> goal) {
[7.975s]       |     [01;31m[K^~~[m[K
[7.975s] [01m[K/openarm_ws/src/openarm_impedance_control/src/openarm_impedance_controller.cpp:364:58:[m[K [01;31m[Kerror: [m[KISO C++ forbids declaration of ‘[01m[Ktype name[m[K’ with no type [[01;31m[K]8;;https://gcc.gnu.org/onlinedocs/gcc/Warning-Options.html#index-fpermissive-fpermissive]8;;[m[K]
[7.976s]   364 |     std::shared_ptr<const FollowCartesianTrajectoryAction[01;31m[K::[m[KGoal> goal) {
[7.976s]       |                                                          [01;31m[K^~[m[K
[7.976s] [01m[K/openarm_ws/src/openarm_impedance_control/src/openarm_impedance_controller.cpp:364:21:[m[K [01;31m[Kerror: [m[Kexpected primary-expression before ‘[01m[Kconst[m[K’
[7.976s]   364 |     std::shared_ptr<[01;31m[Kconst[m[K FollowCartesianTrajectoryAction::Goal> goal) {
[7.976s]       |                     [01;31m[K^~~~~[m[K
[7.977s] [01m[K/openarm_ws/src/openarm_impedance_control/src/openarm_impedance_controller.cpp:364:21:[m[K [01;31m[Kerror: [m[Kexpected ‘[01m[K>[m[K’ before ‘[01m[Kconst[m[K’
[7.977s] [01m[K/openarm_ws/src/openarm_impedance_control/src/openarm_impedance_controller.cpp:364:5:[m[K [01;31m[Kerror: [m[Kmissing template argument list after ‘[01m[Kstd::shared_ptr[m[K’; template placeholder not permitted in parameter
[7.977s]   364 |     [01;31m[Kstd[m[K::shared_ptr<const FollowCartesianTrajectoryAction::Goal> goal) {
[7.977s]       |     [01;31m[K^~~[m[K
[7.977s]       |        [32m[K<>[m[K
[7.978s] In file included from [01m[K/usr/include/c++/13/bits/shared_ptr.h:53[m[K:
[7.978s] [01m[K/usr/include/c++/13/bits/shared_ptr_base.h:395:11:[m[K [01;36m[Knote: [m[K‘[01m[Ktemplate<class _Tp> class std::shared_ptr[m[K’ declared here
[7.978s]   395 |     class [01;36m[Kshared_ptr[m[K;
[7.978s]       |           [01;36m[K^~~~~~~~~~[m[K
[7.978s] [01m[K/openarm_ws/src/openarm_impedance_control/src/openarm_impedance_controller.cpp:362:29:[m[K [01;31m[Kerror: [m[Kno declaration matches ‘[01m[Krclcpp_action::GoalResponse openarm_impedance_control::OpenArmImpedanceController::[01;32m[KonGoalRequest[m[K(...)[m[K’
[7.978s]   362 | rclcpp_action::GoalResponse [01;31m[KOpenArmImpedanceController[m[K::onGoalRequest(
[7.978s]       |                             [01;31m[K^~~~~~~~~~~~~~~~~~~~~~~~~~[m[K
[7.979s] [01m[K/openarm_ws/src/openarm_impedance_control/include/openarm_impedance_control/openarm_impedance_controller.hpp:81:31:[m[K [01;36m[Knote: [m[Kcandidate is: ‘[01m[Krclcpp_action::GoalResponse openarm_impedance_control::OpenArmImpedanceController::[01;32m[KonGoalRequest[m[K(const rclcpp_action::GoalUUID&, std::shared_ptr<const control_msgs::action::FollowJointTrajectory_Goal_<std::allocator<void> > >)[m[K’
[7.979s]    81 |   rclcpp_action::GoalResponse [01;36m[KonGoalRequest[m[K(
[7.979s]       |                               [01;36m[K^~~~~~~~~~~~~[m[K
[7.979s] [01m[K/openarm_ws/src/openarm_impedance_control/include/openarm_impedance_control/openarm_impedance_controller.hpp:22:7:[m[K [01;36m[Knote: [m[K‘[01m[Kclass openarm_impedance_control::OpenArmImpedanceController[m[K’ defined here
[7.979s]    22 | class [01;36m[KOpenArmImpedanceController[m[K : public controller_interface::ControllerInterface {
[7.979s]       |       [01;36m[K^~~~~~~~~~~~~~~~~~~~~~~~~~[m[K
[7.987s] [01m[K/openarm_ws/src/openarm_impedance_control/src/openarm_impedance_controller.cpp:[m[K In member function ‘[01m[Kvoid openarm_impedance_control::OpenArmImpedanceController::[01;32m[KonGoalAccepted[m[K(std::shared_ptr<rclcpp_action::ServerGoalHandle<control_msgs::action::FollowJointTrajectory> >)[m[K’:
[7.987s] [01m[K/openarm_ws/src/openarm_impedance_control/src/openarm_impedance_controller.cpp:381:36:[m[K [01;31m[Kerror: [m[K‘[01m[KFollowCartesianTrajectoryAction[m[K’ was not declared in this scope; did you mean ‘[01m[KFollowJointTrajectoryAction[m[K’?
[7.987s]   381 |     auto result = std::make_shared<[01;31m[KFollowCartesianTrajectoryAction[m[K::Result>();
[7.987s]       |                                    [01;31m[K^~~~~~~~~~~~~~~~~~~~~~~~~~~~~~~[m[K
[7.987s]       |                                    [32m[KFollowJointTrajectoryAction[m[K
[7.987s] [01m[K/openarm_ws/src/openarm_impedance_control/src/openarm_impedance_controller.cpp:381:24:[m[K [01;31m[Kerror: [m[Kparse error in template argument list
[7.988s]   381 |     auto result = std::[01;31m[Kmake_shared<FollowCartesianTrajectoryAction::Result>[m[K();
[7.989s]       |                        [01;31m[K^~~~~~~~~~~~~~~~~~~~~~~~~~~~~~~~~~~~~~~~~~~~~~~~~~~~[m[K
[7.989s] [01m[K/openarm_ws/src/openarm_impedance_control/src/openarm_impedance_controller.cpp:381:76:[m[K [01;31m[Kerror: [m[Kno matching function for call to ‘[01m[Kmake_shared<<expression error> >()[m[K’
[7.989s]   381 |     auto result = [01;31m[Kstd::make_shared<FollowCartesianTrajectoryAction::Result>()[m[K;
[7.989s]       |                   [01;31m[K~~~~~~~~~~~~~~~~~~~~~~~~~~~~~~~~~~~~~~~~~~~~~~~~~~~~~~~~~^~[m[K
[7.990s] [01m[K/usr/include/c++/13/bits/shared_ptr.h:1005:5:[m[K [01;36m[Knote: [m[Kcandidate: ‘[01m[Ktemplate<class _Tp, class ... _Args> std::shared_ptr<typename std::enable_if<(! std::is_array< <template-parameter-1-1> >::value), _Tp>::type> std::[01;32m[Kmake_shared[m[K(_Args&& ...)[m[K’
[7.990s]  1005 |     [01;36m[Kmake_shared[m[K(_Args&&... __args)
[7.990s]       |     [01;36m[K^~~~~~~~~~~[m[K
[7.990s] [01m[K/usr/include/c++/13/bits/shared_ptr.h:1005:5:[m[K [01;36m[Knote: [m[K  template argument deduction/substitution failed:
[7.991s] [01m[K/openarm_ws/src/openarm_impedance_control/src/openarm_impedance_controller.cpp:381:76:[m[K [01;31m[Kerror: [m[Ktemplate argument 1 is invalid
[7.991s]   381 |     auto result = [01;31m[Kstd::make_shared<FollowCartesianTrajectoryAction::Result>()[m[K;
[7.991s]       |                   [01;31m[K~~~~~~~~~~~~~~~~~~~~~~~~~~~~~~~~~~~~~~~~~~~~~~~~~~~~~~~~~^~[m[K
[7.991s] [01m[K/openarm_ws/src/openarm_impedance_control/src/openarm_impedance_controller.cpp:382:26:[m[K [01;31m[Kerror: [m[K‘[01m[KFollowCartesianTrajectoryAction[m[K’ is not a class, namespace, or enumeration
[7.991s]   382 |     result->error_code = [01;31m[KFollowCartesianTrajectoryAction[m[K::Result::INVALID_GOAL;
[7.991s]       |                          [01;31m[K^~~~~~~~~~~~~~~~~~~~~~~~~~~~~~~[m[K
[8.016s] [01m[K/openarm_ws/src/openarm_impedance_control/src/openarm_impedance_controller.cpp:389:32:[m[K [01;31m[Kerror: [m[K‘[01m[KCartesianTrajectory[m[K’ was not declared in this scope
[8.016s]   389 |   auto traj = std::make_shared<[01;31m[KCartesianTrajectory[m[K>(goal_handle->get_goal()->trajectory);
[8.016s]       |                                [01;31m[K^~~~~~~~~~~~~~~~~~~[m[K
[8.017s] [01m[K/openarm_ws/src/openarm_impedance_control/src/openarm_impedance_controller.cpp:389:52:[m[K [01;31m[Kerror: [m[Kno matching function for call to ‘[01m[Kmake_shared<<expression error> >(const control_msgs::action::FollowJointTrajectory_Goal_<std::allocator<void> >::_trajectory_type&)[m[K’
[8.017s]   389 |   auto traj = [01;31m[Kstd::make_shared<CartesianTrajectory>(goal_handle->get_goal()->trajectory)[m[K;
[8.017s]       |               [01;31m[K~~~~~~~~~~~~~~~~~~~~~~~~~~~~~~~~~~~~~^~~~~~~~~~~~~~~~~~~~~~~~~~~~~~~~~~~~~[m[K
[8.019s] [01m[K/usr/include/c++/13/bits/shared_ptr.h:1005:5:[m[K [01;36m[Knote: [m[Kcandidate: ‘[01m[Ktemplate<class _Tp, class ... _Args> std::shared_ptr<typename std::enable_if<(! std::is_array< <template-parameter-1-1> >::value), _Tp>::type> std::[01;32m[Kmake_shared[m[K(_Args&& ...)[m[K’
[8.020s]  1005 |     [01;36m[Kmake_shared[m[K(_Args&&... __args)
[8.020s]       |     [01;36m[K^~~~~~~~~~~[m[K
[8.021s] [01m[K/usr/include/c++/13/bits/shared_ptr.h:1005:5:[m[K [01;36m[Knote: [m[K  template argument deduction/substitution failed:
[8.021s] [01m[K/openarm_ws/src/openarm_impedance_control/src/openarm_impedance_controller.cpp:389:52:[m[K [01;31m[Kerror: [m[Ktemplate argument 1 is invalid
[8.021s]   389 |   auto traj = [01;31m[Kstd::make_shared<CartesianTrajectory>(goal_handle->get_goal()->trajectory)[m[K;
[8.021s]       |               [01;31m[K~~~~~~~~~~~~~~~~~~~~~~~~~~~~~~~~~~~~~^~~~~~~~~~~~~~~~~~~~~~~~~~~~~~~~~~~~~[m[K
[8.022s] [01m[K/openarm_ws/src/openarm_impedance_control/src/openarm_impedance_controller.cpp:390:3:[m[K [01;31m[Kerror: [m[K‘[01m[Kcartesian_control_msgs[m[K’ has not been declared
[8.022s]   390 |   [01;31m[Kcartesian_control_msgs[m[K::msg::CartesianTrajectoryPoint start_pt;
[8.023s]       |   [01;31m[K^~~~~~~~~~~~~~~~~~~~~~[m[K
[8.030s] [01m[K/openarm_ws/src/openarm_impedance_control/src/openarm_impedance_controller.cpp:392:3:[m[K [01;31m[Kerror: [m[K‘[01m[Kstart_pt[m[K’ was not declared in this scope
[8.030s]   392 |   [01;31m[Kstart_pt[m[K.pose.position.x    = x_ref_pos_.x();
[8.031s]       |   [01;31m[K^~~~~~~~[m[K
[8.047s] [01m[K/openarm_ws/src/openarm_impedance_control/src/openarm_impedance_controller.cpp:392:33:[m[K [01;31m[Kerror: [m[K‘[01m[Kx_ref_pos_[m[K’ was not declared in this scope
[8.047s]   392 |   start_pt.pose.position.x    = [01;31m[Kx_ref_pos_[m[K.x();
[8.047s]       |                                 [01;31m[K^~~~~~~~~~[m[K
[8.065s] [01m[K/openarm_ws/src/openarm_impedance_control/src/openarm_impedance_controller.cpp:395:33:[m[K [01;31m[Kerror: [m[K‘[01m[Kx_ref_quat_[m[K’ was not declared in this scope
[8.065s]   395 |   start_pt.pose.orientation.w = [01;31m[Kx_ref_quat_[m[K.w();
[8.065s]       |                                 [01;31m[K^~~~~~~~~~~[m[K
[8.077s] In file included from [01m[K/opt/ros/jazzy/include/class_loader/class_loader/class_loader.hpp:56[m[K,
[8.077s]                  from [01m[K/opt/ros/jazzy/include/pluginlib/pluginlib/class_list_macros.hpp:40[m[K,
[8.078s]                  from [01m[K/openarm_ws/src/openarm_impedance_control/src/openarm_impedance_controller.cpp:3[m[K:
[8.078s] [01m[K/openarm_ws/src/openarm_impedance_control/src/openarm_impedance_controller.cpp:[m[K At global scope:
[8.078s] [01m[K/openarm_ws/src/openarm_impedance_control/src/openarm_impedance_controller.cpp:425:3:[m[K [01;31m[Kerror: [m[K‘[01m[Kopenarm_impedance[m[K’ does not name a type; did you mean ‘[01m[Kopenarm_impedance_EXPORTS[m[K’?
[8.078s]   425 |   [01;31m[Kopenarm_impedance[m[K::OpenArmImpedanceController,
[8.078s]       |   [01;31m[K^~~~~~~~~~~~~~~~~[m[K
[8.094s] [01m[K/openarm_ws/src/openarm_impedance_control/src/openarm_impedance_controller.cpp:[m[K In constructor ‘[01m[K{anonymous}::ProxyExec0::[01;32m[KProxyExec0[m[K()[m[K’:
[8.094s] [01m[K/openarm_ws/src/openarm_impedance_control/src/openarm_impedance_controller.cpp:424:1:[m[K [01;31m[Kerror: [m[K‘[01m[K_derived[m[K’ was not declared in this scope
[8.095s]   424 | [01;31m[KPLUGINLIB_EXPORT_CLASS[m[K(
[8.095s]       | [01;31m[K^~~~~~~~~~~~~~~~~~~~~~[m[K
[8.096s] [01m[K/openarm_ws/src/openarm_impedance_control/src/openarm_impedance_controller.cpp:424:1:[m[K [01;31m[Kerror: [m[Kno matching function for call to ‘[01m[KregisterPlugin<<expression error>, {anonymous}::ProxyExec0::_base>(const char [46], const char [42])[m[K’
[8.096s]   424 | [01;31m[KPLUGINLIB_EXPORT_CLASS[m[K(
[8.096s]       | [01;31m[K^~~~~~~~~~~~~~~~~~~~~~[m[K
[8.096s] In file included from [01m[K/opt/ros/jazzy/include/class_loader/class_loader/class_loader.hpp:55[m[K:
[8.097s] [01m[K/opt/ros/jazzy/include/class_loader/class_loader/class_loader_core.hpp:241:1:[m[K [01;36m[Knote: [m[Kcandidate: ‘[01m[Ktemplate<class Derived, class Base> class_loader::impl::UniquePtr<class_loader::impl::AbstractMetaObjectBase> class_loader::impl::[01;32m[KregisterPlugin[m[K(const std::string&, const std::string&)[m[K’
[8.097s]   241 | [01;36m[KregisterPlugin[m[K(const std::string & class_name, const std::string & base_class_name)
[8.097s]       | [01;36m[K^~~~~~~~~~~~~~[m[K
[8.098s] [01m[K/opt/ros/jazzy/include/class_loader/class_loader/class_loader_core.hpp:241:1:[m[K [01;36m[Knote: [m[K  template argument deduction/substitution failed:
[8.098s] [01m[K/openarm_ws/src/openarm_impedance_control/src/openarm_impedance_controller.cpp:424:1:[m[K [01;31m[Kerror: [m[Ktemplate argument 1 is invalid
[8.098s]   424 | [01;31m[KPLUGINLIB_EXPORT_CLASS[m[K(
[8.098s]       | [01;31m[K^~~~~~~~~~~~~~~~~~~~~~[m[K
[11.497s] gmake[2]: *** [CMakeFiles/openarm_impedance.dir/build.make:90: CMakeFiles/openarm_impedance.dir/src/openarm_impedance_controller.cpp.o] Error 1
[11.497s] gmake[1]: *** [CMakeFiles/Makefile2:137: CMakeFiles/openarm_impedance.dir/all] Error 2
[11.497s] gmake: *** [Makefile:146: all] Error 2
[11.502s] Invoked command in '/openarm_ws/src/build/openarm_impedance' returned '2': AMENT_PREFIX_PATH=/openarm_ws/src/install/rosbag_recorder:/openarm_ws/src/install/openarm_hardware:${AMENT_PREFIX_PATH} CMAKE_PREFIX_PATH=/openarm_ws/src/install/openarm_hardware:/opt/ros/jazzy/opt/sdformat_vendor:/opt/ros/jazzy/opt/gz_math_vendor:/opt/ros/jazzy/opt/gz_utils_vendor:/opt/ros/jazzy/opt/gz_tools_vendor:/opt/ros/jazzy/opt/gz_cmake_vendor:/opt/ros/jazzy LD_LIBRARY_PATH=/openarm_ws/src/install/openarm_hardware/lib:${LD_LIBRARY_PATH} PYTHONPATH=/openarm_ws/src/install/rosbag_recorder/lib/python3.12/site-packages:${PYTHONPATH} /usr/bin/cmake --build /openarm_ws/src/build/openarm_impedance -- -j14 -l14
