[0.020s] Invoking command in '/openarm_ws/src/build/openarm_description': CMAKE_PREFIX_PATH=${CMAKE_PREFIX_PATH}:/opt/ros/jazzy /usr/bin/cmake --build /openarm_ws/src/build/openarm_description -- -j14 -l14
[0.189s] Invoked command in '/openarm_ws/src/build/openarm_description' returned '0': CMAKE_PREFIX_PATH=${CMAKE_PREFIX_PATH}:/opt/ros/jazzy /usr/bin/cmake --build /openarm_ws/src/build/openarm_description -- -j14 -l14
[0.202s] Invoking command in '/openarm_ws/src/build/openarm_description': CMAKE_PREFIX_PATH=${CMAKE_PREFIX_PATH}:/opt/ros/jazzy /usr/bin/cmake --install /openarm_ws/src/build/openarm_description
[0.215s] -- Install configuration: ""
[0.216s] -- Up-to-date: /openarm_ws/src/install/openarm_description/share/openarm_description/assets
[0.217s] -- Up-to-date: /openarm_ws/src/install/openarm_description/share/openarm_description/assets/robot
[0.218s] -- Up-to-date: /openarm_ws/src/install/openarm_description/share/openarm_description/assets/robot/openarm_v1.0
[0.218s] -- Up-to-date: /openarm_ws/src/install/openarm_description/share/openarm_description/assets/robot/openarm_v1.0/config
[0.219s] -- Up-to-date: /openarm_ws/src/install/openarm_description/share/openarm_description/assets/robot/openarm_v1.0/config/arm
[0.219s] -- Up-to-date: /openarm_ws/src/install/openarm_description/share/openarm_description/assets/robot/openarm_v1.0/config/arm/kinematics.yaml
[0.219s] -- Up-to-date: /openarm_ws/src/install/openarm_description/share/openarm_description/assets/robot/openarm_v1.0/config/arm/kinematics_link.yaml
[0.220s] -- Up-to-date: /openarm_ws/src/install/openarm_description/share/openarm_description/assets/robot/openarm_v1.0/config/arm/inertials.yaml
[0.221s] -- Up-to-date: /openarm_ws/src/install/openarm_description/share/openarm_description/assets/robot/openarm_v1.0/config/arm/control_gains.yaml
[0.221s] -- Up-to-date: /openarm_ws/src/install/openarm_description/share/openarm_description/assets/robot/openarm_v1.0/config/arm/joint_limits.yaml
[0.222s] -- Up-to-date: /openarm_ws/src/install/openarm_description/share/openarm_description/assets/robot/openarm_v1.0/config/arm/kinematics_offset.yaml
[0.222s] -- Up-to-date: /openarm_ws/src/install/openarm_description/share/openarm_description/assets/robot/openarm_v1.0/config/body
[0.223s] -- Up-to-date: /openarm_ws/src/install/openarm_description/share/openarm_description/assets/robot/openarm_v1.0/config/body/kinematics.yaml
[0.224s] -- Up-to-date: /openarm_ws/src/install/openarm_description/share/openarm_description/assets/robot/openarm_v1.0/config/body/kinematics_link.yaml
[0.224s] -- Up-to-date: /openarm_ws/src/install/openarm_description/share/openarm_description/assets/robot/openarm_v1.0/config/body/inertials.yaml
[0.225s] -- Up-to-date: /openarm_ws/src/install/openarm_description/share/openarm_description/assets/robot/openarm_v1.0/mesh
[0.225s] -- Up-to-date: /openarm_ws/src/install/openarm_description/share/openarm_description/assets/robot/openarm_v1.0/mesh/arm
[0.226s] -- Up-to-date: /openarm_ws/src/install/openarm_description/share/openarm_description/assets/robot/openarm_v1.0/mesh/arm/visual
[0.226s] -- Up-to-date: /openarm_ws/src/install/openarm_description/share/openarm_description/assets/robot/openarm_v1.0/mesh/arm/visual/link0.stl
[0.227s] -- Up-to-date: /openarm_ws/src/install/openarm_description/share/openarm_description/assets/robot/openarm_v1.0/mesh/arm/visual/link4.dae
[0.230s] -- Up-to-date: /openarm_ws/src/install/openarm_description/share/openarm_description/assets/robot/openarm_v1.0/mesh/arm/visual/link0.dae
[0.230s] -- Up-to-date: /openarm_ws/src/install/openarm_description/share/openarm_description/assets/robot/openarm_v1.0/mesh/arm/visual/link1.dae
[0.231s] -- Up-to-date: /openarm_ws/src/install/openarm_description/share/openarm_description/assets/robot/openarm_v1.0/mesh/arm/visual/link2.dae
[0.233s] -- Up-to-date: /openarm_ws/src/install/openarm_description/share/openarm_description/assets/robot/openarm_v1.0/mesh/arm/visual/link6.dae
[0.252s] -- Up-to-date: /openarm_ws/src/install/openarm_description/share/openarm_description/assets/robot/openarm_v1.0/mesh/arm/visual/link7.dae
[0.252s] -- Up-to-date: /openarm_ws/src/install/openarm_description/share/openarm_description/assets/robot/openarm_v1.0/mesh/arm/visual/link7.stl
[0.252s] -- Up-to-date: /openarm_ws/src/install/openarm_description/share/openarm_description/assets/robot/openarm_v1.0/mesh/arm/visual/link3.dae
[0.253s] -- Up-to-date: /openarm_ws/src/install/openarm_description/share/openarm_description/assets/robot/openarm_v1.0/mesh/arm/visual/link4.stl
[0.253s] -- Up-to-date: /openarm_ws/src/install/openarm_description/share/openarm_description/assets/robot/openarm_v1.0/mesh/arm/visual/link6.stl
[0.253s] -- Up-to-date: /openarm_ws/src/install/openarm_description/share/openarm_description/assets/robot/openarm_v1.0/mesh/arm/visual/link2.stl
[0.254s] -- Up-to-date: /openarm_ws/src/install/openarm_description/share/openarm_description/assets/robot/openarm_v1.0/mesh/arm/visual/link5.stl
[0.255s] -- Up-to-date: /openarm_ws/src/install/openarm_description/share/openarm_description/assets/robot/openarm_v1.0/mesh/arm/visual/link5.dae
[0.255s] -- Up-to-date: /openarm_ws/src/install/openarm_description/share/openarm_description/assets/robot/openarm_v1.0/mesh/arm/visual/link1.stl
[0.255s] -- Up-to-date: /openarm_ws/src/install/openarm_description/share/openarm_description/assets/robot/openarm_v1.0/mesh/arm/visual/link3.stl
[0.256s] -- Up-to-date: /openarm_ws/src/install/openarm_description/share/openarm_description/assets/robot/openarm_v1.0/mesh/arm/collision
[0.256s] -- Up-to-date: /openarm_ws/src/install/openarm_description/share/openarm_description/assets/robot/openarm_v1.0/mesh/arm/collision/link3_symp.stl
[0.257s] -- Up-to-date: /openarm_ws/src/install/openarm_description/share/openarm_description/assets/robot/openarm_v1.0/mesh/arm/collision/link6_symp.stl
[0.257s] -- Up-to-date: /openarm_ws/src/install/openarm_description/share/openarm_description/assets/robot/openarm_v1.0/mesh/arm/collision/link0_symp.stl
[0.257s] -- Up-to-date: /openarm_ws/src/install/openarm_description/share/openarm_description/assets/robot/openarm_v1.0/mesh/arm/collision/link4_symp.stl
[0.258s] -- Up-to-date: /openarm_ws/src/install/openarm_description/share/openarm_description/assets/robot/openarm_v1.0/mesh/arm/collision/link1_symp.stl
[0.259s] -- Up-to-date: /openarm_ws/src/install/openarm_description/share/openarm_description/assets/robot/openarm_v1.0/mesh/arm/collision/link5_symp.stl
[0.260s] -- Up-to-date: /openarm_ws/src/install/openarm_description/share/openarm_description/assets/robot/openarm_v1.0/mesh/arm/collision/link2_symp.stl
[0.260s] -- Up-to-date: /openarm_ws/src/install/openarm_description/share/openarm_description/assets/robot/openarm_v1.0/mesh/arm/collision/link7_symp.stl
[0.261s] -- Up-to-date: /openarm_ws/src/install/openarm_description/share/openarm_description/assets/robot/openarm_v1.0/mesh/body
[0.261s] -- Up-to-date: /openarm_ws/src/install/openarm_description/share/openarm_description/assets/robot/openarm_v1.0/mesh/body/visual
[0.261s] -- Up-to-date: /openarm_ws/src/install/openarm_description/share/openarm_description/assets/robot/openarm_v1.0/mesh/body/visual/body_link0.stl
[0.262s] -- Up-to-date: /openarm_ws/src/install/openarm_description/share/openarm_description/assets/robot/openarm_v1.0/mesh/body/visual/body_link0.dae
[0.262s] -- Up-to-date: /openarm_ws/src/install/openarm_description/share/openarm_description/assets/robot/openarm_v1.0/mesh/body/collision
[0.263s] -- Up-to-date: /openarm_ws/src/install/openarm_description/share/openarm_description/assets/robot/openarm_v1.0/mesh/body/collision/body_link0_symp.stl
[0.263s] -- Up-to-date: /openarm_ws/src/install/openarm_description/share/openarm_description/assets/robot/openarm_v1.0/urdf
[0.263s] -- Up-to-date: /openarm_ws/src/install/openarm_description/share/openarm_description/assets/robot/openarm_v1.0/urdf/arm
[0.263s] -- Up-to-date: /openarm_ws/src/install/openarm_description/share/openarm_description/assets/robot/openarm_v1.0/urdf/arm/openarm_macro.xacro
[0.264s] -- Up-to-date: /openarm_ws/src/install/openarm_description/share/openarm_description/assets/robot/openarm_v1.0/urdf/arm/openarm_arm.xacro
[0.264s] -- Up-to-date: /openarm_ws/src/install/openarm_description/share/openarm_description/assets/robot/openarm_v1.0/urdf/ee
[0.264s] -- Up-to-date: /openarm_ws/src/install/openarm_description/share/openarm_description/assets/robot/openarm_v1.0/urdf/ee/openarm_ee_macro.xacro
[0.265s] -- Up-to-date: /openarm_ws/src/install/openarm_description/share/openarm_description/assets/robot/openarm_v1.0/urdf/ee/parallel_link
[0.265s] -- Up-to-date: /openarm_ws/src/install/openarm_description/share/openarm_description/assets/robot/openarm_v1.0/urdf/ee/parallel_link/openarm_parallel_gripper.xacro
[0.265s] -- Up-to-date: /openarm_ws/src/install/openarm_description/share/openarm_description/assets/robot/openarm_v1.0/urdf/ee/ee_dispatcher.xacro
[0.265s] -- Up-to-date: /openarm_ws/src/install/openarm_description/share/openarm_description/assets/robot/openarm_v1.0/urdf/ee/pinch_gripper
[0.266s] -- Up-to-date: /openarm_ws/src/install/openarm_description/share/openarm_description/assets/robot/openarm_v1.0/urdf/ee/pinch_gripper/openarm_v20_pinch_gripper.xacro
[0.266s] -- Up-to-date: /openarm_ws/src/install/openarm_description/share/openarm_description/assets/robot/openarm_v1.0/urdf/robot
[0.266s] -- Up-to-date: /openarm_ws/src/install/openarm_description/share/openarm_description/assets/robot/openarm_v1.0/urdf/robot/openarm_robot.xacro
[0.267s] -- Up-to-date: /openarm_ws/src/install/openarm_description/share/openarm_description/assets/robot/openarm_v1.0/urdf/openarm_v10.urdf.xacro
[0.267s] -- Up-to-date: /openarm_ws/src/install/openarm_description/share/openarm_description/assets/robot/openarm_v1.0/urdf/ros2_control
[0.267s] -- Up-to-date: /openarm_ws/src/install/openarm_description/share/openarm_description/assets/robot/openarm_v1.0/urdf/ros2_control/openarm.bimanual.ros2_control.xacro
[0.268s] -- Up-to-date: /openarm_ws/src/install/openarm_description/share/openarm_description/assets/robot/openarm_v1.0/urdf/ros2_control/openarm.ros2_control.xacro
[0.268s] -- Up-to-date: /openarm_ws/src/install/openarm_description/share/openarm_description/assets/robot/openarm_v1.0/urdf/example
[0.268s] -- Up-to-date: /openarm_ws/src/install/openarm_description/share/openarm_description/assets/robot/openarm_v1.0/urdf/example/v1.urdf
[0.269s] -- Up-to-date: /openarm_ws/src/install/openarm_description/share/openarm_description/assets/robot/openarm_v1.0/urdf/body
[0.269s] -- Up-to-date: /openarm_ws/src/install/openarm_description/share/openarm_description/assets/robot/openarm_v1.0/urdf/body/openarm_body.xacro
[0.269s] -- Up-to-date: /openarm_ws/src/install/openarm_description/share/openarm_description/assets/robot/openarm_v1.0/urdf/body/openarm_body_macro.xacro
[0.269s] -- Up-to-date: /openarm_ws/src/install/openarm_description/share/openarm_description/assets/robot/openarm_v2.0
[0.270s] -- Up-to-date: /openarm_ws/src/install/openarm_description/share/openarm_description/assets/robot/openarm_v2.0/config
[0.270s] -- Up-to-date: /openarm_ws/src/install/openarm_description/share/openarm_description/assets/robot/openarm_v2.0/config/arm
[0.270s] -- Up-to-date: /openarm_ws/src/install/openarm_description/share/openarm_description/assets/robot/openarm_v2.0/config/arm/struct
[0.271s] -- Up-to-date: /openarm_ws/src/install/openarm_description/share/openarm_description/assets/robot/openarm_v2.0/config/arm/struct/topology.yaml
[0.271s] -- Up-to-date: /openarm_ws/src/install/openarm_description/share/openarm_description/assets/robot/openarm_v2.0/config/arm/struct/reference_points.yaml
[0.272s] -- Up-to-date: /openarm_ws/src/install/openarm_description/share/openarm_description/assets/robot/openarm_v2.0/config/arm/struct/name_mapping.yaml
[0.272s] -- Up-to-date: /openarm_ws/src/install/openarm_description/share/openarm_description/assets/robot/openarm_v2.0/config/arm/meta.md
[0.273s] -- Up-to-date: /openarm_ws/src/install/openarm_description/share/openarm_description/assets/robot/openarm_v2.0/config/arm/inertials
[0.273s] -- Up-to-date: /openarm_ws/src/install/openarm_description/share/openarm_description/assets/robot/openarm_v2.0/config/arm/inertials/nominal.yaml
[0.273s] -- Up-to-date: /openarm_ws/src/install/openarm_description/share/openarm_description/assets/robot/openarm_v2.0/config/arm/joint
[0.273s] -- Up-to-date: /openarm_ws/src/install/openarm_description/share/openarm_description/assets/robot/openarm_v2.0/config/arm/joint/joint_origins.yaml
[0.273s] -- Up-to-date: /openarm_ws/src/install/openarm_description/share/openarm_description/assets/robot/openarm_v2.0/config/arm/joint/joint_limits.yaml
[0.274s] -- Up-to-date: /openarm_ws/src/install/openarm_description/share/openarm_description/assets/robot/openarm_v2.0/config/arm/joint/joint_axes.yaml
[0.274s] -- Up-to-date: /openarm_ws/src/install/openarm_description/share/openarm_description/assets/robot/openarm_v2.0/config/arm/control
[0.275s] -- Up-to-date: /openarm_ws/src/install/openarm_description/share/openarm_description/assets/robot/openarm_v2.0/config/arm/control/friction.yaml
[0.275s] -- Up-to-date: /openarm_ws/src/install/openarm_description/share/openarm_description/assets/robot/openarm_v2.0/config/arm/link
[0.275s] -- Up-to-date: /openarm_ws/src/install/openarm_description/share/openarm_description/assets/robot/openarm_v2.0/config/arm/link/visuals.yaml
[0.275s] -- Up-to-date: /openarm_ws/src/install/openarm_description/share/openarm_description/assets/robot/openarm_v2.0/config/arm/link/collisions.yaml
[0.275s] -- Up-to-date: /openarm_ws/src/install/openarm_description/share/openarm_description/assets/robot/openarm_v2.0/config/meta.md
[0.276s] -- Up-to-date: /openarm_ws/src/install/openarm_description/share/openarm_description/assets/robot/openarm_v2.0/config/robot_presets
[0.276s] -- Up-to-date: /openarm_ws/src/install/openarm_description/share/openarm_description/assets/robot/openarm_v2.0/config/robot_presets/default_bimanual.yaml
[0.276s] -- Up-to-date: /openarm_ws/src/install/openarm_description/share/openarm_description/assets/robot/openarm_v2.0/config/robot_presets/left_arm_with_pinch_gripper.yaml
[0.277s] -- Up-to-date: /openarm_ws/src/install/openarm_description/share/openarm_description/assets/robot/openarm_v2.0/config/robot_presets/right_arm.yaml
[0.277s] -- Up-to-date: /openarm_ws/src/install/openarm_description/share/openarm_description/assets/robot/openarm_v2.0/config/robot_presets/left_arm.yaml
[0.277s] -- Up-to-date: /openarm_ws/src/install/openarm_description/share/openarm_description/assets/robot/openarm_v2.0/config/robot_presets/right_arm_with_pinch_gripper.yaml
[0.277s] -- Up-to-date: /openarm_ws/src/install/openarm_description/share/openarm_description/assets/robot/openarm_v2.0/config/body
[0.277s] -- Up-to-date: /openarm_ws/src/install/openarm_description/share/openarm_description/assets/robot/openarm_v2.0/config/body/struct
[0.277s] -- Up-to-date: /openarm_ws/src/install/openarm_description/share/openarm_description/assets/robot/openarm_v2.0/config/body/struct/topology.yaml
[0.278s] -- Up-to-date: /openarm_ws/src/install/openarm_description/share/openarm_description/assets/robot/openarm_v2.0/config/body/struct/reference_points.yaml
[0.278s] -- Up-to-date: /openarm_ws/src/install/openarm_description/share/openarm_description/assets/robot/openarm_v2.0/config/body/meta.md
[0.278s] -- Up-to-date: /openarm_ws/src/install/openarm_description/share/openarm_description/assets/robot/openarm_v2.0/config/body/inertials
[0.278s] -- Up-to-date: /openarm_ws/src/install/openarm_description/share/openarm_description/assets/robot/openarm_v2.0/config/body/inertials/nominal.yaml
[0.278s] -- Up-to-date: /openarm_ws/src/install/openarm_description/share/openarm_description/assets/robot/openarm_v2.0/config/body/link
[0.278s] -- Up-to-date: /openarm_ws/src/install/openarm_description/share/openarm_description/assets/robot/openarm_v2.0/config/body/link/visuals.yaml
[0.278s] -- Up-to-date: /openarm_ws/src/install/openarm_description/share/openarm_description/assets/robot/openarm_v2.0/config/body/link/collisions.yaml
[0.278s] -- Up-to-date: /openarm_ws/src/install/openarm_description/share/openarm_description/assets/robot/openarm_v2.0/meshes
[0.278s] -- Up-to-date: /openarm_ws/src/install/openarm_description/share/openarm_description/assets/robot/openarm_v2.0/meshes/arm
[0.279s] -- Up-to-date: /openarm_ws/src/install/openarm_description/share/openarm_description/assets/robot/openarm_v2.0/meshes/arm/meta.md
[0.279s] -- Up-to-date: /openarm_ws/src/install/openarm_description/share/openarm_description/assets/robot/openarm_v2.0/meshes/arm/visual
[0.279s] -- Up-to-date: /openarm_ws/src/install/openarm_description/share/openarm_description/assets/robot/openarm_v2.0/meshes/arm/visual/link4.dae
[0.280s] -- Up-to-date: /openarm_ws/src/install/openarm_description/share/openarm_description/assets/robot/openarm_v2.0/meshes/arm/visual/link1.dae
[0.280s] -- Up-to-date: /openarm_ws/src/install/openarm_description/share/openarm_description/assets/robot/openarm_v2.0/meshes/arm/visual/link2.dae
[0.281s] -- Up-to-date: /openarm_ws/src/install/openarm_description/share/openarm_description/assets/robot/openarm_v2.0/meshes/arm/visual/link6.dae
[0.281s] -- Up-to-date: /openarm_ws/src/install/openarm_description/share/openarm_description/assets/robot/openarm_v2.0/meshes/arm/visual/link3.dae
[0.281s] -- Up-to-date: /openarm_ws/src/install/openarm_description/share/openarm_description/assets/robot/openarm_v2.0/meshes/arm/visual/base_link.dae
[0.282s] -- Up-to-date: /openarm_ws/src/install/openarm_description/share/openarm_description/assets/robot/openarm_v2.0/meshes/arm/visual/link5.dae
[0.282s] -- Up-to-date: /openarm_ws/src/install/openarm_description/share/openarm_description/assets/robot/openarm_v2.0/meshes/arm/collision
[0.282s] -- Up-to-date: /openarm_ws/src/install/openarm_description/share/openarm_description/assets/robot/openarm_v2.0/meshes/arm/collision/link4.stl
[0.282s] -- Up-to-date: /openarm_ws/src/install/openarm_description/share/openarm_description/assets/robot/openarm_v2.0/meshes/arm/collision/link6.stl
[0.282s] -- Up-to-date: /openarm_ws/src/install/openarm_description/share/openarm_description/assets/robot/openarm_v2.0/meshes/arm/collision/link2.stl
[0.282s] -- Up-to-date: /openarm_ws/src/install/openarm_description/share/openarm_description/assets/robot/openarm_v2.0/meshes/arm/collision/link5.stl
[0.282s] -- Up-to-date: /openarm_ws/src/install/openarm_description/share/openarm_description/assets/robot/openarm_v2.0/meshes/arm/collision/base_link.stl
[0.283s] -- Up-to-date: /openarm_ws/src/install/openarm_description/share/openarm_description/assets/robot/openarm_v2.0/meshes/arm/collision/link1.stl
[0.283s] -- Up-to-date: /openarm_ws/src/install/openarm_description/share/openarm_description/assets/robot/openarm_v2.0/meshes/arm/collision/link3.stl
[0.283s] -- Up-to-date: /openarm_ws/src/install/openarm_description/share/openarm_description/assets/robot/openarm_v2.0/meshes/arm/collision/splited
[0.283s] -- Up-to-date: /openarm_ws/src/install/openarm_description/share/openarm_description/assets/robot/openarm_v2.0/meshes/arm/collision/splited/link5
[0.283s] -- Up-to-date: /openarm_ws/src/install/openarm_description/share/openarm_description/assets/robot/openarm_v2.0/meshes/arm/collision/splited/link5/link5_00.stl
[0.283s] -- Up-to-date: /openarm_ws/src/install/openarm_description/share/openarm_description/assets/robot/openarm_v2.0/meshes/arm/collision/splited/link5/link5_01.stl
[0.283s] -- Up-to-date: /openarm_ws/src/install/openarm_description/share/openarm_description/assets/robot/openarm_v2.0/meshes/arm/collision/splited/link5/link5_02.stl
[0.283s] -- Up-to-date: /openarm_ws/src/install/openarm_description/share/openarm_description/assets/robot/openarm_v2.0/meshes/body
[0.284s] -- Up-to-date: /openarm_ws/src/install/openarm_description/share/openarm_description/assets/robot/openarm_v2.0/meshes/body/meta.md
[0.284s] -- Up-to-date: /openarm_ws/src/install/openarm_description/share/openarm_description/assets/robot/openarm_v2.0/meshes/body/visual
[0.284s] -- Up-to-date: /openarm_ws/src/install/openarm_description/share/openarm_description/assets/robot/openarm_v2.0/meshes/body/visual/body_link0.stl
[0.284s] -- Up-to-date: /openarm_ws/src/install/openarm_description/share/openarm_description/assets/robot/openarm_v2.0/meshes/body/visual/body_link0.dae
[0.284s] -- Up-to-date: /openarm_ws/src/install/openarm_description/share/openarm_description/assets/robot/openarm_v2.0/meshes/body/collision
[0.284s] -- Up-to-date: /openarm_ws/src/install/openarm_description/share/openarm_description/assets/robot/openarm_v2.0/meshes/body/collision/body_link0_symp.stl
[0.284s] -- Up-to-date: /openarm_ws/src/install/openarm_description/share/openarm_description/assets/robot/openarm_v2.0/urdf
[0.284s] -- Up-to-date: /openarm_ws/src/install/openarm_description/share/openarm_description/assets/robot/openarm_v2.0/urdf/openarm_v20.urdf.xacro
[0.285s] -- Up-to-date: /openarm_ws/src/install/openarm_description/share/openarm_description/assets/robot/openarm_v2.0/urdf/utils
[0.285s] -- Up-to-date: /openarm_ws/src/install/openarm_description/share/openarm_description/assets/robot/openarm_v2.0/urdf/utils/openarm_v20_ee.xacro
[0.285s] -- Up-to-date: /openarm_ws/src/install/openarm_description/share/openarm_description/assets/robot/openarm_v2.0/urdf/utils/openarm_v20_sensor.xacro
[0.285s] -- Up-to-date: /openarm_ws/src/install/openarm_description/share/openarm_description/assets/robot/openarm_v2.0/urdf/utils/openarm_v20_utils.xacro
[0.285s] -- Up-to-date: /openarm_ws/src/install/openarm_description/share/openarm_description/assets/robot/openarm_v2.0/urdf/utils/openarm_v20_arm.xacro
[0.285s] -- Up-to-date: /openarm_ws/src/install/openarm_description/share/openarm_description/assets/robot/openarm_v2.0/urdf/utils/openarm_v20_robot.xacro
[0.285s] -- Up-to-date: /openarm_ws/src/install/openarm_description/share/openarm_description/assets/robot/openarm_v2.0/urdf/ros2_control
[0.285s] -- Up-to-date: /openarm_ws/src/install/openarm_description/share/openarm_description/assets/robot/openarm_v2.0/urdf/ros2_control/openarm.bimanual.ros2_control.xacro
[0.285s] -- Up-to-date: /openarm_ws/src/install/openarm_description/share/openarm_description/assets/robot/openarm_v2.0/urdf/ros2_control/openarm.ros2_control.xacro
[0.286s] -- Up-to-date: /openarm_ws/src/install/openarm_description/share/openarm_description/assets/robot/openarm_v2.0/urdf/example
[0.286s] -- Up-to-date: /openarm_ws/src/install/openarm_description/share/openarm_description/assets/robot/openarm_v2.0/urdf/example/v2.urdf
[0.286s] -- Up-to-date: /openarm_ws/src/install/openarm_description/share/openarm_description/assets/__init__.py
[0.286s] -- Up-to-date: /openarm_ws/src/install/openarm_description/share/openarm_description/assets/end_effector
[0.286s] -- Up-to-date: /openarm_ws/src/install/openarm_description/share/openarm_description/assets/end_effector/parallel_link
[0.286s] -- Up-to-date: /openarm_ws/src/install/openarm_description/share/openarm_description/assets/end_effector/parallel_link/config
[0.286s] -- Up-to-date: /openarm_ws/src/install/openarm_description/share/openarm_description/assets/end_effector/parallel_link/config/kinematics.yaml
[0.286s] -- Up-to-date: /openarm_ws/src/install/openarm_description/share/openarm_description/assets/end_effector/parallel_link/config/kinematics_link.yaml
[0.287s] -- Up-to-date: /openarm_ws/src/install/openarm_description/share/openarm_description/assets/end_effector/parallel_link/config/inertials.yaml
[0.287s] -- Up-to-date: /openarm_ws/src/install/openarm_description/share/openarm_description/assets/end_effector/parallel_link/config/joint_limits.yaml
[0.287s] -- Up-to-date: /openarm_ws/src/install/openarm_description/share/openarm_description/assets/end_effector/parallel_link/meshes
[0.287s] -- Up-to-date: /openarm_ws/src/install/openarm_description/share/openarm_description/assets/end_effector/parallel_link/meshes/visual
[0.287s] -- Up-to-date: /openarm_ws/src/install/openarm_description/share/openarm_description/assets/end_effector/parallel_link/meshes/visual/hand.dae
[0.287s] -- Up-to-date: /openarm_ws/src/install/openarm_description/share/openarm_description/assets/end_effector/parallel_link/meshes/visual/finger.dae
[0.287s] -- Up-to-date: /openarm_ws/src/install/openarm_description/share/openarm_description/assets/end_effector/parallel_link/meshes/visual/finger.stl
[0.287s] -- Up-to-date: /openarm_ws/src/install/openarm_description/share/openarm_description/assets/end_effector/parallel_link/meshes/collision
[0.288s] -- Up-to-date: /openarm_ws/src/install/openarm_description/share/openarm_description/assets/end_effector/parallel_link/meshes/collision/finger.stl
[0.288s] -- Up-to-date: /openarm_ws/src/install/openarm_description/share/openarm_description/assets/end_effector/parallel_link/meshes/collision/hand.stl
[0.288s] -- Up-to-date: /openarm_ws/src/install/openarm_description/share/openarm_description/assets/end_effector/parallel_link/urdf
[0.288s] -- Up-to-date: /openarm_ws/src/install/openarm_description/share/openarm_description/assets/end_effector/parallel_link/urdf/parallel_link_standalone.urdf.xacro
[0.288s] -- Up-to-date: /openarm_ws/src/install/openarm_description/share/openarm_description/assets/end_effector/pinch_gripper
[0.288s] -- Up-to-date: /openarm_ws/src/install/openarm_description/share/openarm_description/assets/end_effector/pinch_gripper/config
[0.288s] -- Up-to-date: /openarm_ws/src/install/openarm_description/share/openarm_description/assets/end_effector/pinch_gripper/config/struct
[0.288s] -- Up-to-date: /openarm_ws/src/install/openarm_description/share/openarm_description/assets/end_effector/pinch_gripper/config/struct/topology.yaml
[0.289s] -- Up-to-date: /openarm_ws/src/install/openarm_description/share/openarm_description/assets/end_effector/pinch_gripper/config/struct/reference_points.yaml
[0.289s] -- Up-to-date: /openarm_ws/src/install/openarm_description/share/openarm_description/assets/end_effector/pinch_gripper/config/struct/name_mapping.yaml
[0.289s] -- Up-to-date: /openarm_ws/src/install/openarm_description/share/openarm_description/assets/end_effector/pinch_gripper/config/inertials
[0.289s] -- Up-to-date: /openarm_ws/src/install/openarm_description/share/openarm_description/assets/end_effector/pinch_gripper/config/inertials/nominal.yaml
[0.289s] -- Up-to-date: /openarm_ws/src/install/openarm_description/share/openarm_description/assets/end_effector/pinch_gripper/config/joint
[0.289s] -- Up-to-date: /openarm_ws/src/install/openarm_description/share/openarm_description/assets/end_effector/pinch_gripper/config/joint/joint_origins.yaml
[0.289s] -- Up-to-date: /openarm_ws/src/install/openarm_description/share/openarm_description/assets/end_effector/pinch_gripper/config/joint/joint_limits.yaml
[0.290s] -- Up-to-date: /openarm_ws/src/install/openarm_description/share/openarm_description/assets/end_effector/pinch_gripper/config/joint/joint_axes.yaml
[0.290s] -- Up-to-date: /openarm_ws/src/install/openarm_description/share/openarm_description/assets/end_effector/pinch_gripper/config/joint/joint_mimics.yaml
[0.290s] -- Up-to-date: /openarm_ws/src/install/openarm_description/share/openarm_description/assets/end_effector/pinch_gripper/config/old
[0.290s] -- Up-to-date: /openarm_ws/src/install/openarm_description/share/openarm_description/assets/end_effector/pinch_gripper/config/old/kinematics.yaml
[0.290s] -- Up-to-date: /openarm_ws/src/install/openarm_description/share/openarm_description/assets/end_effector/pinch_gripper/config/old/kinematics_link.yaml
[0.290s] -- Up-to-date: /openarm_ws/src/install/openarm_description/share/openarm_description/assets/end_effector/pinch_gripper/config/old/inertials.yaml
[0.290s] -- Up-to-date: /openarm_ws/src/install/openarm_description/share/openarm_description/assets/end_effector/pinch_gripper/config/old/joint_limits.yaml
[0.290s] -- Up-to-date: /openarm_ws/src/install/openarm_description/share/openarm_description/assets/end_effector/pinch_gripper/config/link
[0.291s] -- Up-to-date: /openarm_ws/src/install/openarm_description/share/openarm_description/assets/end_effector/pinch_gripper/config/link/visuals.yaml
[0.291s] -- Up-to-date: /openarm_ws/src/install/openarm_description/share/openarm_description/assets/end_effector/pinch_gripper/config/link/collisions.yaml
[0.291s] -- Up-to-date: /openarm_ws/src/install/openarm_description/share/openarm_description/assets/end_effector/pinch_gripper/meshes
[0.291s] -- Up-to-date: /openarm_ws/src/install/openarm_description/share/openarm_description/assets/end_effector/pinch_gripper/meshes/visual
[0.291s] -- Up-to-date: /openarm_ws/src/install/openarm_description/share/openarm_description/assets/end_effector/pinch_gripper/meshes/visual/finger_inner.dae
[0.291s] -- Up-to-date: /openarm_ws/src/install/openarm_description/share/openarm_description/assets/end_effector/pinch_gripper/meshes/visual/finger_outer.dae
[0.291s] -- Up-to-date: /openarm_ws/src/install/openarm_description/share/openarm_description/assets/end_effector/pinch_gripper/meshes/visual/ee_base_link.dae
[0.291s] -- Up-to-date: /openarm_ws/src/install/openarm_description/share/openarm_description/assets/end_effector/pinch_gripper/meshes/collision
[0.292s] -- Up-to-date: /openarm_ws/src/install/openarm_description/share/openarm_description/assets/end_effector/pinch_gripper/meshes/collision/finger_inner.stl
[0.292s] -- Up-to-date: /openarm_ws/src/install/openarm_description/share/openarm_description/assets/end_effector/pinch_gripper/meshes/collision/splited
[0.292s] -- Up-to-date: /openarm_ws/src/install/openarm_description/share/openarm_description/assets/end_effector/pinch_gripper/meshes/collision/splited/finger_outer
[0.292s] -- Up-to-date: /openarm_ws/src/install/openarm_description/share/openarm_description/assets/end_effector/pinch_gripper/meshes/collision/splited/finger_outer/finger_outer_02.stl
[0.292s] -- Up-to-date: /openarm_ws/src/install/openarm_description/share/openarm_description/assets/end_effector/pinch_gripper/meshes/collision/splited/finger_outer/finger_outer_01.stl
[0.292s] -- Up-to-date: /openarm_ws/src/install/openarm_description/share/openarm_description/assets/end_effector/pinch_gripper/meshes/collision/splited/finger_outer/finger_outer_03.stl
[0.292s] -- Up-to-date: /openarm_ws/src/install/openarm_description/share/openarm_description/assets/end_effector/pinch_gripper/meshes/collision/splited/finger_outer/finger_outer_00.stl
[0.292s] -- Up-to-date: /openarm_ws/src/install/openarm_description/share/openarm_description/assets/end_effector/pinch_gripper/meshes/collision/splited/finger_outter
[0.293s] -- Up-to-date: /openarm_ws/src/install/openarm_description/share/openarm_description/assets/end_effector/pinch_gripper/meshes/collision/splited/finger_outter/finger_outter_02.stl
[0.293s] -- Up-to-date: /openarm_ws/src/install/openarm_description/share/openarm_description/assets/end_effector/pinch_gripper/meshes/collision/splited/finger_outter/finger_outter_01.stl
[0.293s] -- Up-to-date: /openarm_ws/src/install/openarm_description/share/openarm_description/assets/end_effector/pinch_gripper/meshes/collision/splited/finger_outter/finger_outter_00.stl
[0.293s] -- Up-to-date: /openarm_ws/src/install/openarm_description/share/openarm_description/assets/end_effector/pinch_gripper/meshes/collision/splited/finger_inner
[0.293s] -- Up-to-date: /openarm_ws/src/install/openarm_description/share/openarm_description/assets/end_effector/pinch_gripper/meshes/collision/splited/finger_inner/finger_inner_01.stl
[0.293s] -- Up-to-date: /openarm_ws/src/install/openarm_description/share/openarm_description/assets/end_effector/pinch_gripper/meshes/collision/splited/finger_inner/finger_inner_00.stl
[0.293s] -- Up-to-date: /openarm_ws/src/install/openarm_description/share/openarm_description/assets/end_effector/pinch_gripper/meshes/collision/splited/finger_inner/finger_inner_02.stl
[0.293s] -- Up-to-date: /openarm_ws/src/install/openarm_description/share/openarm_description/assets/end_effector/pinch_gripper/meshes/collision/splited/finger_inner/finger_inner_03.stl
[0.293s] -- Up-to-date: /openarm_ws/src/install/openarm_description/share/openarm_description/assets/end_effector/pinch_gripper/meshes/collision/ee_base_link.stl
[0.293s] -- Up-to-date: /openarm_ws/src/install/openarm_description/share/openarm_description/assets/end_effector/pinch_gripper/meshes/collision/finger_outer.stl
[0.293s] -- Up-to-date: /openarm_ws/src/install/openarm_description/share/openarm_description/assets/end_effector/pinch_gripper/urdf
[0.293s] -- Up-to-date: /openarm_ws/src/install/openarm_description/share/openarm_description/assets/end_effector/pinch_gripper/urdf/pinch_gripper_standalone.urdf.xacro
[0.294s] -- Up-to-date: /openarm_ws/src/install/openarm_description/share/openarm_description/assets/sensor
[0.294s] -- Up-to-date: /openarm_ws/src/install/openarm_description/share/openarm_description/assets/sensor/zed
[0.294s] -- Up-to-date: /openarm_ws/src/install/openarm_description/share/openarm_description/assets/sensor/zed/urdf_wrapper
[0.294s] -- Up-to-date: /openarm_ws/src/install/openarm_description/share/openarm_description/assets/sensor/zed/urdf_wrapper/openarm_zed_wrapper.xacro
[0.295s] -- Up-to-date: /openarm_ws/src/install/openarm_description/share/openarm_description/launch
[0.295s] -- Up-to-date: /openarm_ws/src/install/openarm_description/share/openarm_description/launch/display_openarm.launch.py
[0.295s] -- Up-to-date: /openarm_ws/src/install/openarm_description/share/openarm_description/rviz
[0.295s] -- Up-to-date: /openarm_ws/src/install/openarm_description/share/openarm_description/rviz/bimanual.rviz
[0.295s] -- Up-to-date: /openarm_ws/src/install/openarm_description/share/openarm_description/rviz/arm_only.rviz
[0.295s] -- Up-to-date: /openarm_ws/src/install/openarm_description/share/ament_index/resource_index/package_run_dependencies/openarm_description
[0.295s] -- Up-to-date: /openarm_ws/src/install/openarm_description/share/ament_index/resource_index/parent_prefix_path/openarm_description
[0.295s] -- Up-to-date: /openarm_ws/src/install/openarm_description/share/openarm_description/environment/ament_prefix_path.sh
[0.296s] -- Up-to-date: /openarm_ws/src/install/openarm_description/share/openarm_description/environment/ament_prefix_path.dsv
[0.296s] -- Up-to-date: /openarm_ws/src/install/openarm_description/share/openarm_description/environment/path.sh
[0.296s] -- Up-to-date: /openarm_ws/src/install/openarm_description/share/openarm_description/environment/path.dsv
[0.296s] -- Up-to-date: /openarm_ws/src/install/openarm_description/share/openarm_description/local_setup.bash
[0.296s] -- Up-to-date: /openarm_ws/src/install/openarm_description/share/openarm_description/local_setup.sh
[0.296s] -- Up-to-date: /openarm_ws/src/install/openarm_description/share/openarm_description/local_setup.zsh
[0.296s] -- Up-to-date: /openarm_ws/src/install/openarm_description/share/openarm_description/local_setup.dsv
[0.296s] -- Installing: /openarm_ws/src/install/openarm_description/share/openarm_description/package.dsv
[0.297s] -- Up-to-date: /openarm_ws/src/install/openarm_description/share/ament_index/resource_index/packages/openarm_description
[0.297s] -- Up-to-date: /openarm_ws/src/install/openarm_description/share/openarm_description/cmake/openarm_descriptionConfig.cmake
[0.297s] -- Up-to-date: /openarm_ws/src/install/openarm_description/share/openarm_description/cmake/openarm_descriptionConfig-version.cmake
[0.297s] -- Up-to-date: /openarm_ws/src/install/openarm_description/share/openarm_description/package.xml
[0.298s] Invoked command in '/openarm_ws/src/build/openarm_description' returned '0': CMAKE_PREFIX_PATH=${CMAKE_PREFIX_PATH}:/opt/ros/jazzy /usr/bin/cmake --install /openarm_ws/src/build/openarm_description
