-- The C compiler identification is GNU 13.3.0
-- The CXX compiler identification is GNU 13.3.0
-- Detecting C compiler ABI info
-- Detecting C compiler ABI info - done
-- Check for working C compiler: /usr/bin/cc - skipped
-- Detecting C compile features
-- Detecting C compile features - done
-- Detecting CXX compiler ABI info
-- Detecting CXX compiler ABI info - done
-- Check for working CXX compiler: /usr/bin/c++ - skipped
-- Detecting CXX compile features
-- Detecting CXX compile features - done
-- Found ament_cmake: 2.5.6 (/opt/ros/jazzy/share/ament_cmake/cmake)
-- Found Python3: /usr/bin/python3 (found version "3.12.3") found components: Interpreter 
-- Found action_msgs: 2.0.3 (/opt/ros/jazzy/share/action_msgs/cmake)
-- Found rosidl_generator_c: 4.6.7 (/opt/ros/jazzy/share/rosidl_generator_c/cmake)
-- Found rosidl_generator_cpp: 4.6.7 (/opt/ros/jazzy/share/rosidl_generator_cpp/cmake)
-- Using all available rosidl_typesupport_c: rosidl_typesupport_fastrtps_c;rosidl_typesupport_introspection_c
-- Using all available rosidl_typesupport_cpp: rosidl_typesupport_fastrtps_cpp;rosidl_typesupport_introspection_cpp
-- Found geometry_msgs: 5.3.7 (/opt/ros/jazzy/share/geometry_msgs/cmake)
-- Found rosidl_default_generators: 1.6.0 (/opt/ros/jazzy/share/rosidl_default_generators/cmake)
-- Found rosidl_adapter: 4.6.7 (/opt/ros/jazzy/share/rosidl_adapter/cmake)
-- Found ament_cmake_ros: 0.12.0 (/opt/ros/jazzy/share/ament_cmake_ros/cmake)
-- Using all available rosidl_typesupport_c: rosidl_typesupport_fastrtps_c;rosidl_typesupport_introspection_c
-- Using all available rosidl_typesupport_cpp: rosidl_typesupport_fastrtps_cpp;rosidl_typesupport_introspection_cpp
-- Found python_cmake_module: 0.11.1 (/opt/ros/jazzy/share/python_cmake_module/cmake)
-- Found PythonExtra: /usr/bin/python3  
-- Found Python3: /usr/bin/python3 (found version "3.12.3") found components: Interpreter Development NumPy Development.Module Development.Embed 
-- Found Python3: /usr/bin/python3 (found version "3.12.3") found components: Interpreter 
-- Configuring done (4.0s)
-- Generating done (0.0s)
-- Build files have been written to: /openarm_ws/src/build/cartesian_control_msgs
[  1%] [34m[1mGenerating Rust code for ROS interfaces[0m
[  2%] [34m[1mGenerating type hashes for ROS interfaces[0m
[  2%] Built target ament_cmake_python_copy_cartesian_control_msgs
running egg_info
creating cartesian_control_msgs.egg-info
writing cartesian_control_msgs.egg-info/PKG-INFO
writing dependency_links to cartesian_control_msgs.egg-info/dependency_links.txt
writing top-level names to cartesian_control_msgs.egg-info/top_level.txt
writing manifest file 'cartesian_control_msgs.egg-info/SOURCES.txt'
reading manifest file 'cartesian_control_msgs.egg-info/SOURCES.txt'
writing manifest file 'cartesian_control_msgs.egg-info/SOURCES.txt'
[  2%] Built target cartesian_control_msgs__rosidl_generator_type_description
[  2%] Built target cartesian_control_msgs__rs
[  4%] [34m[1mGenerating C code for ROS interfaces[0m
[  4%] Built target ament_cmake_python_build_cartesian_control_msgs_egg
[  5%] [34m[1mGenerating C++ code for ROS interfaces[0m
[  5%] Built target cartesian_control_msgs__cpp
[  6%] [32mBuilding C object CMakeFiles/cartesian_control_msgs__rosidl_generator_c.dir/rosidl_generator_c/cartesian_control_msgs/msg/detail/cartesian_posture__functions.c.o[0m
[  8%] [32mBuilding C object CMakeFiles/cartesian_control_msgs__rosidl_generator_c.dir/rosidl_generator_c/cartesian_control_msgs/action/detail/follow_cartesian_trajectory__functions.c.o[0m
[  9%] [32mBuilding C object CMakeFiles/cartesian_control_msgs__rosidl_generator_c.dir/rosidl_generator_c/cartesian_control_msgs/action/detail/follow_cartesian_trajectory__type_support.c.o[0m
[ 10%] [32mBuilding C object CMakeFiles/cartesian_control_msgs__rosidl_generator_c.dir/rosidl_generator_c/cartesian_control_msgs/msg/detail/cartesian_posture__type_support.c.o[0m
[ 12%] [32mBuilding C object CMakeFiles/cartesian_control_msgs__rosidl_generator_c.dir/rosidl_generator_c/cartesian_control_msgs/msg/detail/cartesian_trajectory__description.c.o[0m
[ 13%] [32mBuilding C object CMakeFiles/cartesian_control_msgs__rosidl_generator_c.dir/rosidl_generator_c/cartesian_control_msgs/msg/detail/cartesian_tolerance__functions.c.o[0m
[ 14%] [32mBuilding C object CMakeFiles/cartesian_control_msgs__rosidl_generator_c.dir/rosidl_generator_c/cartesian_control_msgs/msg/detail/cartesian_trajectory__functions.c.o[0m
[ 16%] [32mBuilding C object CMakeFiles/cartesian_control_msgs__rosidl_generator_c.dir/rosidl_generator_c/cartesian_control_msgs/msg/detail/cartesian_tolerance__description.c.o[0m
[ 17%] [32mBuilding C object CMakeFiles/cartesian_control_msgs__rosidl_generator_c.dir/rosidl_generator_c/cartesian_control_msgs/msg/detail/cartesian_posture__description.c.o[0m
[ 18%] [32mBuilding C object CMakeFiles/cartesian_control_msgs__rosidl_generator_c.dir/rosidl_generator_c/cartesian_control_msgs/action/detail/follow_cartesian_trajectory__description.c.o[0m
[ 20%] [32mBuilding C object CMakeFiles/cartesian_control_msgs__rosidl_generator_c.dir/rosidl_generator_c/cartesian_control_msgs/msg/detail/cartesian_trajectory__type_support.c.o[0m
[ 21%] [32mBuilding C object CMakeFiles/cartesian_control_msgs__rosidl_generator_c.dir/rosidl_generator_c/cartesian_control_msgs/msg/detail/cartesian_tolerance__type_support.c.o[0m
[ 22%] [32mBuilding C object CMakeFiles/cartesian_control_msgs__rosidl_generator_c.dir/rosidl_generator_c/cartesian_control_msgs/msg/detail/cartesian_trajectory_point__functions.c.o[0m
[ 24%] [32mBuilding C object CMakeFiles/cartesian_control_msgs__rosidl_generator_c.dir/rosidl_generator_c/cartesian_control_msgs/msg/detail/cartesian_trajectory_point__description.c.o[0m
[ 25%] [32mBuilding C object CMakeFiles/cartesian_control_msgs__rosidl_generator_c.dir/rosidl_generator_c/cartesian_control_msgs/msg/detail/cartesian_trajectory_point__type_support.c.o[0m
[ 26%] [32m[1mLinking C shared library libcartesian_control_msgs__rosidl_generator_c.so[0m
[ 26%] Built target cartesian_control_msgs__rosidl_generator_c
[ 32%] [34m[1mGenerating C introspection for ROS interfaces[0m
[ 32%] [34m[1mGenerating C type support dispatch for ROS interfaces[0m
[ 32%] [34m[1mGenerating C type support for eProsima Fast-RTPS[0m
[ 32%] [34m[1mGenerating C++ type support for eProsima Fast-RTPS[0m
[ 33%] [34m[1mGenerating C++ type support dispatch for ROS interfaces[0m
[ 34%] [34m[1mGenerating C++ introspection for ROS interfaces[0m
[ 36%] [32mBuilding CXX object CMakeFiles/cartesian_control_msgs__rosidl_typesupport_c.dir/rosidl_typesupport_c/cartesian_control_msgs/action/follow_cartesian_trajectory__type_support.cpp.o[0m
[ 38%] [32mBuilding CXX object CMakeFiles/cartesian_control_msgs__rosidl_typesupport_c.dir/rosidl_typesupport_c/cartesian_control_msgs/msg/cartesian_trajectory_point__type_support.cpp.o[0m
[ 38%] [32mBuilding CXX object CMakeFiles/cartesian_control_msgs__rosidl_typesupport_c.dir/rosidl_typesupport_c/cartesian_control_msgs/msg/cartesian_trajectory__type_support.cpp.o[0m
[ 40%] [32mBuilding CXX object CMakeFiles/cartesian_control_msgs__rosidl_typesupport_c.dir/rosidl_typesupport_c/cartesian_control_msgs/msg/cartesian_tolerance__type_support.cpp.o[0m
[ 41%] [32mBuilding CXX object CMakeFiles/cartesian_control_msgs__rosidl_typesupport_c.dir/rosidl_typesupport_c/cartesian_control_msgs/msg/cartesian_posture__type_support.cpp.o[0m
[ 42%] [32mBuilding CXX object CMakeFiles/cartesian_control_msgs__rosidl_typesupport_cpp.dir/rosidl_typesupport_cpp/cartesian_control_msgs/msg/cartesian_posture__type_support.cpp.o[0m
[ 44%] [32mBuilding CXX object CMakeFiles/cartesian_control_msgs__rosidl_typesupport_cpp.dir/rosidl_typesupport_cpp/cartesian_control_msgs/msg/cartesian_tolerance__type_support.cpp.o[0m
[ 45%] [32mBuilding CXX object CMakeFiles/cartesian_control_msgs__rosidl_typesupport_cpp.dir/rosidl_typesupport_cpp/cartesian_control_msgs/msg/cartesian_trajectory_point__type_support.cpp.o[0m
[ 46%] [32mBuilding CXX object CMakeFiles/cartesian_control_msgs__rosidl_typesupport_cpp.dir/rosidl_typesupport_cpp/cartesian_control_msgs/msg/cartesian_trajectory__type_support.cpp.o[0m
[ 48%] [32mBuilding CXX object CMakeFiles/cartesian_control_msgs__rosidl_typesupport_cpp.dir/rosidl_typesupport_cpp/cartesian_control_msgs/action/follow_cartesian_trajectory__type_support.cpp.o[0m
[ 49%] [32m[1mLinking CXX shared library libcartesian_control_msgs__rosidl_typesupport_c.so[0m
[ 52%] [32mBuilding CXX object CMakeFiles/cartesian_control_msgs__rosidl_typesupport_introspection_cpp.dir/rosidl_typesupport_introspection_cpp/cartesian_control_msgs/action/detail/follow_cartesian_trajectory__type_support.cpp.o[0m
[ 52%] [32mBuilding C object CMakeFiles/cartesian_control_msgs__rosidl_typesupport_introspection_c.dir/rosidl_typesupport_introspection_c/cartesian_control_msgs/msg/detail/cartesian_posture__type_support.c.o[0m
[ 53%] [32mBuilding C object CMakeFiles/cartesian_control_msgs__rosidl_typesupport_introspection_c.dir/rosidl_typesupport_introspection_c/cartesian_control_msgs/action/detail/follow_cartesian_trajectory__type_support.c.o[0m
[ 54%] [32mBuilding CXX object CMakeFiles/cartesian_control_msgs__rosidl_typesupport_introspection_cpp.dir/rosidl_typesupport_introspection_cpp/cartesian_control_msgs/msg/detail/cartesian_posture__type_support.cpp.o[0m
[ 56%] [32mBuilding C object CMakeFiles/cartesian_control_msgs__rosidl_typesupport_introspection_c.dir/rosidl_typesupport_introspection_c/cartesian_control_msgs/msg/detail/cartesian_trajectory__type_support.c.o[0m
[ 57%] [32mBuilding C object CMakeFiles/cartesian_control_msgs__rosidl_typesupport_introspection_c.dir/rosidl_typesupport_introspection_c/cartesian_control_msgs/msg/detail/cartesian_tolerance__type_support.c.o[0m
[ 57%] Built target cartesian_control_msgs__rosidl_typesupport_c
[ 58%] [32mBuilding C object CMakeFiles/cartesian_control_msgs__rosidl_typesupport_introspection_c.dir/rosidl_typesupport_introspection_c/cartesian_control_msgs/msg/detail/cartesian_trajectory_point__type_support.c.o[0m
[ 60%] [32mBuilding CXX object CMakeFiles/cartesian_control_msgs__rosidl_typesupport_introspection_cpp.dir/rosidl_typesupport_introspection_cpp/cartesian_control_msgs/msg/detail/cartesian_tolerance__type_support.cpp.o[0m
[ 61%] [32mBuilding CXX object CMakeFiles/cartesian_control_msgs__rosidl_typesupport_introspection_cpp.dir/rosidl_typesupport_introspection_cpp/cartesian_control_msgs/msg/detail/cartesian_trajectory__type_support.cpp.o[0m
[ 62%] [32m[1mLinking C shared library libcartesian_control_msgs__rosidl_typesupport_introspection_c.so[0m
[ 64%] [32mBuilding CXX object CMakeFiles/cartesian_control_msgs__rosidl_typesupport_fastrtps_cpp.dir/rosidl_typesupport_fastrtps_cpp/cartesian_control_msgs/action/detail/dds_fastrtps/follow_cartesian_trajectory__type_support.cpp.o[0m
[ 65%] [32mBuilding CXX object CMakeFiles/cartesian_control_msgs__rosidl_typesupport_introspection_cpp.dir/rosidl_typesupport_introspection_cpp/cartesian_control_msgs/msg/detail/cartesian_trajectory_point__type_support.cpp.o[0m
[ 66%] [32mBuilding CXX object CMakeFiles/cartesian_control_msgs__rosidl_typesupport_fastrtps_cpp.dir/rosidl_typesupport_fastrtps_cpp/cartesian_control_msgs/msg/detail/dds_fastrtps/cartesian_posture__type_support.cpp.o[0m
[ 68%] [32mBuilding CXX object CMakeFiles/cartesian_control_msgs__rosidl_typesupport_fastrtps_c.dir/rosidl_typesupport_fastrtps_c/cartesian_control_msgs/action/detail/follow_cartesian_trajectory__type_support_c.cpp.o[0m
[ 69%] [32mBuilding CXX object CMakeFiles/cartesian_control_msgs__rosidl_typesupport_fastrtps_c.dir/rosidl_typesupport_fastrtps_c/cartesian_control_msgs/msg/detail/cartesian_posture__type_support_c.cpp.o[0m
[ 70%] [32mBuilding CXX object CMakeFiles/cartesian_control_msgs__rosidl_typesupport_fastrtps_c.dir/rosidl_typesupport_fastrtps_c/cartesian_control_msgs/msg/detail/cartesian_tolerance__type_support_c.cpp.o[0m
[ 70%] Built target cartesian_control_msgs__rosidl_typesupport_introspection_c
[ 72%] [32mBuilding CXX object CMakeFiles/cartesian_control_msgs__rosidl_typesupport_fastrtps_c.dir/rosidl_typesupport_fastrtps_c/cartesian_control_msgs/msg/detail/cartesian_trajectory__type_support_c.cpp.o[0m
[ 73%] [32mBuilding CXX object CMakeFiles/cartesian_control_msgs__rosidl_typesupport_fastrtps_cpp.dir/rosidl_typesupport_fastrtps_cpp/cartesian_control_msgs/msg/detail/dds_fastrtps/cartesian_tolerance__type_support.cpp.o[0m
[ 74%] [32mBuilding CXX object CMakeFiles/cartesian_control_msgs__rosidl_typesupport_fastrtps_cpp.dir/rosidl_typesupport_fastrtps_cpp/cartesian_control_msgs/msg/detail/dds_fastrtps/cartesian_trajectory__type_support.cpp.o[0m
[ 76%] [32mBuilding CXX object CMakeFiles/cartesian_control_msgs__rosidl_typesupport_fastrtps_cpp.dir/rosidl_typesupport_fastrtps_cpp/cartesian_control_msgs/msg/detail/dds_fastrtps/cartesian_trajectory_point__type_support.cpp.o[0m
[ 77%] [32mBuilding CXX object CMakeFiles/cartesian_control_msgs__rosidl_typesupport_fastrtps_c.dir/rosidl_typesupport_fastrtps_c/cartesian_control_msgs/msg/detail/cartesian_trajectory_point__type_support_c.cpp.o[0m
[ 78%] [32m[1mLinking CXX shared library libcartesian_control_msgs__rosidl_typesupport_cpp.so[0m
[ 78%] Built target cartesian_control_msgs__rosidl_typesupport_cpp
[ 80%] [32m[1mLinking CXX shared library libcartesian_control_msgs__rosidl_typesupport_fastrtps_c.so[0m
[ 81%] [32m[1mLinking CXX shared library libcartesian_control_msgs__rosidl_typesupport_introspection_cpp.so[0m
[ 81%] Built target cartesian_control_msgs__rosidl_typesupport_fastrtps_c
[ 81%] Built target cartesian_control_msgs__rosidl_typesupport_introspection_cpp
[ 82%] [32m[1mLinking CXX shared library libcartesian_control_msgs__rosidl_typesupport_fastrtps_cpp.so[0m
[ 82%] Built target cartesian_control_msgs__rosidl_typesupport_fastrtps_cpp
[ 82%] Built target cartesian_control_msgs
[ 84%] [34m[1mGenerating Python code for ROS interfaces[0m
[ 84%] Built target cartesian_control_msgs__py
[ 89%] [32mBuilding C object CMakeFiles/cartesian_control_msgs__rosidl_generator_py.dir/rosidl_generator_py/cartesian_control_msgs/action/_follow_cartesian_trajectory_s.c.o[0m
[ 89%] [32mBuilding C object CMakeFiles/cartesian_control_msgs__rosidl_generator_py.dir/rosidl_generator_py/cartesian_control_msgs/msg/_cartesian_tolerance_s.c.o[0m
[ 89%] [32mBuilding C object CMakeFiles/cartesian_control_msgs__rosidl_generator_py.dir/rosidl_generator_py/cartesian_control_msgs/msg/_cartesian_posture_s.c.o[0m
[ 89%] [32mBuilding C object CMakeFiles/cartesian_control_msgs__rosidl_generator_py.dir/rosidl_generator_py/cartesian_control_msgs/msg/_cartesian_trajectory_point_s.c.o[0m
[ 90%] [32mBuilding C object CMakeFiles/cartesian_control_msgs__rosidl_generator_py.dir/rosidl_generator_py/cartesian_control_msgs/msg/_cartesian_trajectory_s.c.o[0m
[ 92%] [32m[1mLinking C shared library libcartesian_control_msgs__rosidl_generator_py.so[0m
[ 92%] Built target cartesian_control_msgs__rosidl_generator_py
[ 93%] [32mBuilding C object CMakeFiles/cartesian_control_msgs_s__rosidl_typesupport_fastrtps_c.dir/rosidl_generator_py/cartesian_control_msgs/_cartesian_control_msgs_s.ep.rosidl_typesupport_fastrtps_c.c.o[0m
[ 94%] [32mBuilding C object CMakeFiles/cartesian_control_msgs_s__rosidl_typesupport_c.dir/rosidl_generator_py/cartesian_control_msgs/_cartesian_control_msgs_s.ep.rosidl_typesupport_c.c.o[0m
[ 96%] [32mBuilding C object CMakeFiles/cartesian_control_msgs_s__rosidl_typesupport_introspection_c.dir/rosidl_generator_py/cartesian_control_msgs/_cartesian_control_msgs_s.ep.rosidl_typesupport_introspection_c.c.o[0m
[ 97%] [32m[1mLinking C shared module rosidl_generator_py/cartesian_control_msgs/cartesian_control_msgs_s__rosidl_typesupport_c.so[0m
[ 98%] [32m[1mLinking C shared module rosidl_generator_py/cartesian_control_msgs/cartesian_control_msgs_s__rosidl_typesupport_introspection_c.so[0m
[100%] [32m[1mLinking C shared module rosidl_generator_py/cartesian_control_msgs/cartesian_control_msgs_s__rosidl_typesupport_fastrtps_c.so[0m
[100%] Built target cartesian_control_msgs_s__rosidl_typesupport_introspection_c
[100%] Built target cartesian_control_msgs_s__rosidl_typesupport_c
[100%] Built target cartesian_control_msgs_s__rosidl_typesupport_fastrtps_c
-- Install configuration: ""
-- Installing: /openarm_ws/src/install/cartesian_control_msgs/share/ament_index/resource_index/rosidl_interfaces/cartesian_control_msgs
-- Installing: /openarm_ws/src/install/cartesian_control_msgs/share/cartesian_control_msgs/action/FollowCartesianTrajectory.json
-- Installing: /openarm_ws/src/install/cartesian_control_msgs/share/cartesian_control_msgs/msg/CartesianPosture.json
-- Installing: /openarm_ws/src/install/cartesian_control_msgs/share/cartesian_control_msgs/msg/CartesianTolerance.json
-- Installing: /openarm_ws/src/install/cartesian_control_msgs/share/cartesian_control_msgs/msg/CartesianTrajectory.json
-- Installing: /openarm_ws/src/install/cartesian_control_msgs/share/cartesian_control_msgs/msg/CartesianTrajectoryPoint.json
-- Installing: /openarm_ws/src/install/cartesian_control_msgs/include/cartesian_control_msgs/cartesian_control_msgs
-- Installing: /openarm_ws/src/install/cartesian_control_msgs/include/cartesian_control_msgs/cartesian_control_msgs/action
-- Installing: /openarm_ws/src/install/cartesian_control_msgs/include/cartesian_control_msgs/cartesian_control_msgs/action/follow_cartesian_trajectory.h
-- Installing: /openarm_ws/src/install/cartesian_control_msgs/include/cartesian_control_msgs/cartesian_control_msgs/action/detail
-- Installing: /openarm_ws/src/install/cartesian_control_msgs/include/cartesian_control_msgs/cartesian_control_msgs/action/detail/follow_cartesian_trajectory__functions.c
-- Installing: /openarm_ws/src/install/cartesian_control_msgs/include/cartesian_control_msgs/cartesian_control_msgs/action/detail/follow_cartesian_trajectory__description.c
-- Installing: /openarm_ws/src/install/cartesian_control_msgs/include/cartesian_control_msgs/cartesian_control_msgs/action/detail/follow_cartesian_trajectory__type_support.h
-- Installing: /openarm_ws/src/install/cartesian_control_msgs/include/cartesian_control_msgs/cartesian_control_msgs/action/detail/follow_cartesian_trajectory__type_support.c
-- Installing: /openarm_ws/src/install/cartesian_control_msgs/include/cartesian_control_msgs/cartesian_control_msgs/action/detail/follow_cartesian_trajectory__struct.h
-- Installing: /openarm_ws/src/install/cartesian_control_msgs/include/cartesian_control_msgs/cartesian_control_msgs/action/detail/follow_cartesian_trajectory__functions.h
-- Installing: /openarm_ws/src/install/cartesian_control_msgs/include/cartesian_control_msgs/cartesian_control_msgs/msg
-- Installing: /openarm_ws/src/install/cartesian_control_msgs/include/cartesian_control_msgs/cartesian_control_msgs/msg/rosidl_generator_c__visibility_control.h
-- Installing: /openarm_ws/src/install/cartesian_control_msgs/include/cartesian_control_msgs/cartesian_control_msgs/msg/cartesian_posture.h
-- Installing: /openarm_ws/src/install/cartesian_control_msgs/include/cartesian_control_msgs/cartesian_control_msgs/msg/cartesian_trajectory.h
-- Installing: /openarm_ws/src/install/cartesian_control_msgs/include/cartesian_control_msgs/cartesian_control_msgs/msg/cartesian_trajectory_point.h
-- Installing: /openarm_ws/src/install/cartesian_control_msgs/include/cartesian_control_msgs/cartesian_control_msgs/msg/cartesian_tolerance.h
-- Installing: /openarm_ws/src/install/cartesian_control_msgs/include/cartesian_control_msgs/cartesian_control_msgs/msg/detail
-- Installing: /openarm_ws/src/install/cartesian_control_msgs/include/cartesian_control_msgs/cartesian_control_msgs/msg/detail/cartesian_posture__functions.h
-- Installing: /openarm_ws/src/install/cartesian_control_msgs/include/cartesian_control_msgs/cartesian_control_msgs/msg/detail/cartesian_trajectory__description.c
-- Installing: /openarm_ws/src/install/cartesian_control_msgs/include/cartesian_control_msgs/cartesian_control_msgs/msg/detail/cartesian_trajectory_point__struct.h
-- Installing: /openarm_ws/src/install/cartesian_control_msgs/include/cartesian_control_msgs/cartesian_control_msgs/msg/detail/cartesian_tolerance__functions.c
-- Installing: /openarm_ws/src/install/cartesian_control_msgs/include/cartesian_control_msgs/cartesian_control_msgs/msg/detail/cartesian_trajectory__functions.c
-- Installing: /openarm_ws/src/install/cartesian_control_msgs/include/cartesian_control_msgs/cartesian_control_msgs/msg/detail/cartesian_trajectory__type_support.h
-- Installing: /openarm_ws/src/install/cartesian_control_msgs/include/cartesian_control_msgs/cartesian_control_msgs/msg/detail/cartesian_trajectory_point__functions.c
-- Installing: /openarm_ws/src/install/cartesian_control_msgs/include/cartesian_control_msgs/cartesian_control_msgs/msg/detail/cartesian_posture__functions.c
-- Installing: /openarm_ws/src/install/cartesian_control_msgs/include/cartesian_control_msgs/cartesian_control_msgs/msg/detail/cartesian_tolerance__type_support.c
-- Installing: /openarm_ws/src/install/cartesian_control_msgs/include/cartesian_control_msgs/cartesian_control_msgs/msg/detail/cartesian_trajectory_point__type_support.h
-- Installing: /openarm_ws/src/install/cartesian_control_msgs/include/cartesian_control_msgs/cartesian_control_msgs/msg/detail/cartesian_tolerance__description.c
-- Installing: /openarm_ws/src/install/cartesian_control_msgs/include/cartesian_control_msgs/cartesian_control_msgs/msg/detail/cartesian_posture__struct.h
-- Installing: /openarm_ws/src/install/cartesian_control_msgs/include/cartesian_control_msgs/cartesian_control_msgs/msg/detail/cartesian_trajectory_point__type_support.c
-- Installing: /openarm_ws/src/install/cartesian_control_msgs/include/cartesian_control_msgs/cartesian_control_msgs/msg/detail/cartesian_trajectory_point__description.c
-- Installing: /openarm_ws/src/install/cartesian_control_msgs/include/cartesian_control_msgs/cartesian_control_msgs/msg/detail/cartesian_posture__description.c
-- Installing: /openarm_ws/src/install/cartesian_control_msgs/include/cartesian_control_msgs/cartesian_control_msgs/msg/detail/cartesian_tolerance__functions.h
-- Installing: /openarm_ws/src/install/cartesian_control_msgs/include/cartesian_control_msgs/cartesian_control_msgs/msg/detail/cartesian_trajectory__struct.h
-- Installing: /openarm_ws/src/install/cartesian_control_msgs/include/cartesian_control_msgs/cartesian_control_msgs/msg/detail/cartesian_trajectory__functions.h
-- Installing: /openarm_ws/src/install/cartesian_control_msgs/include/cartesian_control_msgs/cartesian_control_msgs/msg/detail/cartesian_posture__type_support.h
-- Installing: /openarm_ws/src/install/cartesian_control_msgs/include/cartesian_control_msgs/cartesian_control_msgs/msg/detail/cartesian_trajectory__type_support.c
-- Installing: /openarm_ws/src/install/cartesian_control_msgs/include/cartesian_control_msgs/cartesian_control_msgs/msg/detail/cartesian_posture__type_support.c
-- Installing: /openarm_ws/src/install/cartesian_control_msgs/include/cartesian_control_msgs/cartesian_control_msgs/msg/detail/cartesian_tolerance__type_support.h
-- Installing: /openarm_ws/src/install/cartesian_control_msgs/include/cartesian_control_msgs/cartesian_control_msgs/msg/detail/cartesian_trajectory_point__functions.h
-- Installing: /openarm_ws/src/install/cartesian_control_msgs/include/cartesian_control_msgs/cartesian_control_msgs/msg/detail/cartesian_tolerance__struct.h
-- Installing: /openarm_ws/src/install/cartesian_control_msgs/share/cartesian_control_msgs/environment/library_path.sh
-- Installing: /openarm_ws/src/install/cartesian_control_msgs/share/cartesian_control_msgs/environment/library_path.dsv
-- Installing: /openarm_ws/src/install/cartesian_control_msgs/lib/libcartesian_control_msgs__rosidl_generator_c.so
-- Set non-toolchain portion of runtime path of "/openarm_ws/src/install/cartesian_control_msgs/lib/libcartesian_control_msgs__rosidl_generator_c.so" to ""
-- Up-to-date: /openarm_ws/src/install/cartesian_control_msgs/include/cartesian_control_msgs/cartesian_control_msgs
-- Up-to-date: /openarm_ws/src/install/cartesian_control_msgs/include/cartesian_control_msgs/cartesian_control_msgs/action
-- Up-to-date: /openarm_ws/src/install/cartesian_control_msgs/include/cartesian_control_msgs/cartesian_control_msgs/action/detail
-- Installing: /openarm_ws/src/install/cartesian_control_msgs/include/cartesian_control_msgs/cartesian_control_msgs/action/detail/follow_cartesian_trajectory__rosidl_typesupport_fastrtps_c.h
-- Up-to-date: /openarm_ws/src/install/cartesian_control_msgs/include/cartesian_control_msgs/cartesian_control_msgs/msg
-- Up-to-date: /openarm_ws/src/install/cartesian_control_msgs/include/cartesian_control_msgs/cartesian_control_msgs/msg/detail
-- Installing: /openarm_ws/src/install/cartesian_control_msgs/include/cartesian_control_msgs/cartesian_control_msgs/msg/detail/cartesian_trajectory_point__rosidl_typesupport_fastrtps_c.h
-- Installing: /openarm_ws/src/install/cartesian_control_msgs/include/cartesian_control_msgs/cartesian_control_msgs/msg/detail/cartesian_posture__rosidl_typesupport_fastrtps_c.h
-- Installing: /openarm_ws/src/install/cartesian_control_msgs/include/cartesian_control_msgs/cartesian_control_msgs/msg/detail/cartesian_trajectory__rosidl_typesupport_fastrtps_c.h
-- Installing: /openarm_ws/src/install/cartesian_control_msgs/include/cartesian_control_msgs/cartesian_control_msgs/msg/detail/cartesian_tolerance__rosidl_typesupport_fastrtps_c.h
-- Installing: /openarm_ws/src/install/cartesian_control_msgs/include/cartesian_control_msgs/cartesian_control_msgs/msg/rosidl_typesupport_fastrtps_c__visibility_control.h
-- Installing: /openarm_ws/src/install/cartesian_control_msgs/lib/libcartesian_control_msgs__rosidl_typesupport_fastrtps_c.so
-- Set non-toolchain portion of runtime path of "/openarm_ws/src/install/cartesian_control_msgs/lib/libcartesian_control_msgs__rosidl_typesupport_fastrtps_c.so" to ""
-- Up-to-date: /openarm_ws/src/install/cartesian_control_msgs/include/cartesian_control_msgs/cartesian_control_msgs
-- Up-to-date: /openarm_ws/src/install/cartesian_control_msgs/include/cartesian_control_msgs/cartesian_control_msgs/action
-- Installing: /openarm_ws/src/install/cartesian_control_msgs/include/cartesian_control_msgs/cartesian_control_msgs/action/follow_cartesian_trajectory.hpp
-- Up-to-date: /openarm_ws/src/install/cartesian_control_msgs/include/cartesian_control_msgs/cartesian_control_msgs/action/detail
-- Installing: /openarm_ws/src/install/cartesian_control_msgs/include/cartesian_control_msgs/cartesian_control_msgs/action/detail/follow_cartesian_trajectory__builder.hpp
-- Installing: /openarm_ws/src/install/cartesian_control_msgs/include/cartesian_control_msgs/cartesian_control_msgs/action/detail/follow_cartesian_trajectory__traits.hpp
-- Installing: /openarm_ws/src/install/cartesian_control_msgs/include/cartesian_control_msgs/cartesian_control_msgs/action/detail/follow_cartesian_trajectory__type_support.hpp
-- Installing: /openarm_ws/src/install/cartesian_control_msgs/include/cartesian_control_msgs/cartesian_control_msgs/action/detail/follow_cartesian_trajectory__struct.hpp
-- Up-to-date: /openarm_ws/src/install/cartesian_control_msgs/include/cartesian_control_msgs/cartesian_control_msgs/msg
-- Installing: /openarm_ws/src/install/cartesian_control_msgs/include/cartesian_control_msgs/cartesian_control_msgs/msg/cartesian_trajectory_point.hpp
-- Installing: /openarm_ws/src/install/cartesian_control_msgs/include/cartesian_control_msgs/cartesian_control_msgs/msg/cartesian_trajectory.hpp
-- Installing: /openarm_ws/src/install/cartesian_control_msgs/include/cartesian_control_msgs/cartesian_control_msgs/msg/rosidl_generator_cpp__visibility_control.hpp
-- Up-to-date: /openarm_ws/src/install/cartesian_control_msgs/include/cartesian_control_msgs/cartesian_control_msgs/msg/detail
-- Installing: /openarm_ws/src/install/cartesian_control_msgs/include/cartesian_control_msgs/cartesian_control_msgs/msg/detail/cartesian_posture__struct.hpp
-- Installing: /openarm_ws/src/install/cartesian_control_msgs/include/cartesian_control_msgs/cartesian_control_msgs/msg/detail/cartesian_tolerance__traits.hpp
-- Installing: /openarm_ws/src/install/cartesian_control_msgs/include/cartesian_control_msgs/cartesian_control_msgs/msg/detail/cartesian_tolerance__struct.hpp
-- Installing: /openarm_ws/src/install/cartesian_control_msgs/include/cartesian_control_msgs/cartesian_control_msgs/msg/detail/cartesian_trajectory_point__struct.hpp
-- Installing: /openarm_ws/src/install/cartesian_control_msgs/include/cartesian_control_msgs/cartesian_control_msgs/msg/detail/cartesian_tolerance__type_support.hpp
-- Installing: /openarm_ws/src/install/cartesian_control_msgs/include/cartesian_control_msgs/cartesian_control_msgs/msg/detail/cartesian_trajectory__type_support.hpp
-- Installing: /openarm_ws/src/install/cartesian_control_msgs/include/cartesian_control_msgs/cartesian_control_msgs/msg/detail/cartesian_trajectory__builder.hpp
-- Installing: /openarm_ws/src/install/cartesian_control_msgs/include/cartesian_control_msgs/cartesian_control_msgs/msg/detail/cartesian_trajectory_point__builder.hpp
-- Installing: /openarm_ws/src/install/cartesian_control_msgs/include/cartesian_control_msgs/cartesian_control_msgs/msg/detail/cartesian_trajectory__traits.hpp
-- Installing: /openarm_ws/src/install/cartesian_control_msgs/include/cartesian_control_msgs/cartesian_control_msgs/msg/detail/cartesian_trajectory_point__type_support.hpp
-- Installing: /openarm_ws/src/install/cartesian_control_msgs/include/cartesian_control_msgs/cartesian_control_msgs/msg/detail/cartesian_trajectory_point__traits.hpp
-- Installing: /openarm_ws/src/install/cartesian_control_msgs/include/cartesian_control_msgs/cartesian_control_msgs/msg/detail/cartesian_posture__builder.hpp
-- Installing: /openarm_ws/src/install/cartesian_control_msgs/include/cartesian_control_msgs/cartesian_control_msgs/msg/detail/cartesian_trajectory__struct.hpp
-- Installing: /openarm_ws/src/install/cartesian_control_msgs/include/cartesian_control_msgs/cartesian_control_msgs/msg/detail/cartesian_tolerance__builder.hpp
-- Installing: /openarm_ws/src/install/cartesian_control_msgs/include/cartesian_control_msgs/cartesian_control_msgs/msg/detail/cartesian_posture__type_support.hpp
-- Installing: /openarm_ws/src/install/cartesian_control_msgs/include/cartesian_control_msgs/cartesian_control_msgs/msg/detail/cartesian_posture__traits.hpp
-- Installing: /openarm_ws/src/install/cartesian_control_msgs/include/cartesian_control_msgs/cartesian_control_msgs/msg/cartesian_posture.hpp
-- Installing: /openarm_ws/src/install/cartesian_control_msgs/include/cartesian_control_msgs/cartesian_control_msgs/msg/cartesian_tolerance.hpp
-- Up-to-date: /openarm_ws/src/install/cartesian_control_msgs/include/cartesian_control_msgs/cartesian_control_msgs
-- Up-to-date: /openarm_ws/src/install/cartesian_control_msgs/include/cartesian_control_msgs/cartesian_control_msgs/action
-- Up-to-date: /openarm_ws/src/install/cartesian_control_msgs/include/cartesian_control_msgs/cartesian_control_msgs/action/detail
-- Installing: /openarm_ws/src/install/cartesian_control_msgs/include/cartesian_control_msgs/cartesian_control_msgs/action/detail/dds_fastrtps
-- Installing: /openarm_ws/src/install/cartesian_control_msgs/include/cartesian_control_msgs/cartesian_control_msgs/action/detail/follow_cartesian_trajectory__rosidl_typesupport_fastrtps_cpp.hpp
-- Up-to-date: /openarm_ws/src/install/cartesian_control_msgs/include/cartesian_control_msgs/cartesian_control_msgs/msg
-- Up-to-date: /openarm_ws/src/install/cartesian_control_msgs/include/cartesian_control_msgs/cartesian_control_msgs/msg/detail
-- Installing: /openarm_ws/src/install/cartesian_control_msgs/include/cartesian_control_msgs/cartesian_control_msgs/msg/detail/cartesian_tolerance__rosidl_typesupport_fastrtps_cpp.hpp
-- Installing: /openarm_ws/src/install/cartesian_control_msgs/include/cartesian_control_msgs/cartesian_control_msgs/msg/detail/cartesian_trajectory_point__rosidl_typesupport_fastrtps_cpp.hpp
-- Installing: /openarm_ws/src/install/cartesian_control_msgs/include/cartesian_control_msgs/cartesian_control_msgs/msg/detail/cartesian_posture__rosidl_typesupport_fastrtps_cpp.hpp
-- Installing: /openarm_ws/src/install/cartesian_control_msgs/include/cartesian_control_msgs/cartesian_control_msgs/msg/detail/cartesian_trajectory__rosidl_typesupport_fastrtps_cpp.hpp
-- Installing: /openarm_ws/src/install/cartesian_control_msgs/include/cartesian_control_msgs/cartesian_control_msgs/msg/detail/dds_fastrtps
-- Installing: /openarm_ws/src/install/cartesian_control_msgs/include/cartesian_control_msgs/cartesian_control_msgs/msg/rosidl_typesupport_fastrtps_cpp__visibility_control.h
-- Installing: /openarm_ws/src/install/cartesian_control_msgs/lib/libcartesian_control_msgs__rosidl_typesupport_fastrtps_cpp.so
-- Set non-toolchain portion of runtime path of "/openarm_ws/src/install/cartesian_control_msgs/lib/libcartesian_control_msgs__rosidl_typesupport_fastrtps_cpp.so" to ""
-- Up-to-date: /openarm_ws/src/install/cartesian_control_msgs/include/cartesian_control_msgs/cartesian_control_msgs
-- Up-to-date: /openarm_ws/src/install/cartesian_control_msgs/include/cartesian_control_msgs/cartesian_control_msgs/action
-- Up-to-date: /openarm_ws/src/install/cartesian_control_msgs/include/cartesian_control_msgs/cartesian_control_msgs/action/detail
-- Installing: /openarm_ws/src/install/cartesian_control_msgs/include/cartesian_control_msgs/cartesian_control_msgs/action/detail/follow_cartesian_trajectory__type_support.c
-- Installing: /openarm_ws/src/install/cartesian_control_msgs/include/cartesian_control_msgs/cartesian_control_msgs/action/detail/follow_cartesian_trajectory__rosidl_typesupport_introspection_c.h
-- Up-to-date: /openarm_ws/src/install/cartesian_control_msgs/include/cartesian_control_msgs/cartesian_control_msgs/msg
-- Up-to-date: /openarm_ws/src/install/cartesian_control_msgs/include/cartesian_control_msgs/cartesian_control_msgs/msg/detail
-- Installing: /openarm_ws/src/install/cartesian_control_msgs/include/cartesian_control_msgs/cartesian_control_msgs/msg/detail/cartesian_tolerance__rosidl_typesupport_introspection_c.h
-- Up-to-date: /openarm_ws/src/install/cartesian_control_msgs/include/cartesian_control_msgs/cartesian_control_msgs/msg/detail/cartesian_tolerance__type_support.c
-- Up-to-date: /openarm_ws/src/install/cartesian_control_msgs/include/cartesian_control_msgs/cartesian_control_msgs/msg/detail/cartesian_trajectory_point__type_support.c
-- Installing: /openarm_ws/src/install/cartesian_control_msgs/include/cartesian_control_msgs/cartesian_control_msgs/msg/detail/cartesian_posture__rosidl_typesupport_introspection_c.h
-- Installing: /openarm_ws/src/install/cartesian_control_msgs/include/cartesian_control_msgs/cartesian_control_msgs/msg/detail/cartesian_trajectory_point__rosidl_typesupport_introspection_c.h
-- Up-to-date: /openarm_ws/src/install/cartesian_control_msgs/include/cartesian_control_msgs/cartesian_control_msgs/msg/detail/cartesian_trajectory__type_support.c
-- Installing: /openarm_ws/src/install/cartesian_control_msgs/include/cartesian_control_msgs/cartesian_control_msgs/msg/detail/cartesian_posture__type_support.c
-- Installing: /openarm_ws/src/install/cartesian_control_msgs/include/cartesian_control_msgs/cartesian_control_msgs/msg/detail/cartesian_trajectory__rosidl_typesupport_introspection_c.h
-- Installing: /openarm_ws/src/install/cartesian_control_msgs/include/cartesian_control_msgs/cartesian_control_msgs/msg/rosidl_typesupport_introspection_c__visibility_control.h
-- Installing: /openarm_ws/src/install/cartesian_control_msgs/lib/libcartesian_control_msgs__rosidl_typesupport_introspection_c.so
-- Set non-toolchain portion of runtime path of "/openarm_ws/src/install/cartesian_control_msgs/lib/libcartesian_control_msgs__rosidl_typesupport_introspection_c.so" to ""
-- Installing: /openarm_ws/src/install/cartesian_control_msgs/lib/libcartesian_control_msgs__rosidl_typesupport_c.so
-- Set non-toolchain portion of runtime path of "/openarm_ws/src/install/cartesian_control_msgs/lib/libcartesian_control_msgs__rosidl_typesupport_c.so" to ""
-- Up-to-date: /openarm_ws/src/install/cartesian_control_msgs/include/cartesian_control_msgs/cartesian_control_msgs
-- Up-to-date: /openarm_ws/src/install/cartesian_control_msgs/include/cartesian_control_msgs/cartesian_control_msgs/action
-- Up-to-date: /openarm_ws/src/install/cartesian_control_msgs/include/cartesian_control_msgs/cartesian_control_msgs/action/detail
-- Installing: /openarm_ws/src/install/cartesian_control_msgs/include/cartesian_control_msgs/cartesian_control_msgs/action/detail/follow_cartesian_trajectory__type_support.cpp
-- Installing: /openarm_ws/src/install/cartesian_control_msgs/include/cartesian_control_msgs/cartesian_control_msgs/action/detail/follow_cartesian_trajectory__rosidl_typesupport_introspection_cpp.hpp
-- Up-to-date: /openarm_ws/src/install/cartesian_control_msgs/include/cartesian_control_msgs/cartesian_control_msgs/msg
-- Up-to-date: /openarm_ws/src/install/cartesian_control_msgs/include/cartesian_control_msgs/cartesian_control_msgs/msg/detail
-- Installing: /openarm_ws/src/install/cartesian_control_msgs/include/cartesian_control_msgs/cartesian_control_msgs/msg/detail/cartesian_trajectory__rosidl_typesupport_introspection_cpp.hpp
-- Installing: /openarm_ws/src/install/cartesian_control_msgs/include/cartesian_control_msgs/cartesian_control_msgs/msg/detail/cartesian_posture__rosidl_typesupport_introspection_cpp.hpp
-- Installing: /openarm_ws/src/install/cartesian_control_msgs/include/cartesian_control_msgs/cartesian_control_msgs/msg/detail/cartesian_tolerance__rosidl_typesupport_introspection_cpp.hpp
-- Installing: /openarm_ws/src/install/cartesian_control_msgs/include/cartesian_control_msgs/cartesian_control_msgs/msg/detail/cartesian_trajectory__type_support.cpp
-- Installing: /openarm_ws/src/install/cartesian_control_msgs/include/cartesian_control_msgs/cartesian_control_msgs/msg/detail/cartesian_tolerance__type_support.cpp
-- Installing: /openarm_ws/src/install/cartesian_control_msgs/include/cartesian_control_msgs/cartesian_control_msgs/msg/detail/cartesian_posture__type_support.cpp
-- Installing: /openarm_ws/src/install/cartesian_control_msgs/include/cartesian_control_msgs/cartesian_control_msgs/msg/detail/cartesian_trajectory_point__type_support.cpp
-- Installing: /openarm_ws/src/install/cartesian_control_msgs/include/cartesian_control_msgs/cartesian_control_msgs/msg/detail/cartesian_trajectory_point__rosidl_typesupport_introspection_cpp.hpp
-- Installing: /openarm_ws/src/install/cartesian_control_msgs/lib/libcartesian_control_msgs__rosidl_typesupport_introspection_cpp.so
-- Set non-toolchain portion of runtime path of "/openarm_ws/src/install/cartesian_control_msgs/lib/libcartesian_control_msgs__rosidl_typesupport_introspection_cpp.so" to ""
-- Installing: /openarm_ws/src/install/cartesian_control_msgs/lib/libcartesian_control_msgs__rosidl_typesupport_cpp.so
-- Set non-toolchain portion of runtime path of "/openarm_ws/src/install/cartesian_control_msgs/lib/libcartesian_control_msgs__rosidl_typesupport_cpp.so" to ""
-- Installing: /openarm_ws/src/install/cartesian_control_msgs/share/cartesian_control_msgs/environment/pythonpath.sh
-- Installing: /openarm_ws/src/install/cartesian_control_msgs/share/cartesian_control_msgs/environment/pythonpath.dsv
-- Installing: /openarm_ws/src/install/cartesian_control_msgs/lib/python3.12/site-packages/cartesian_control_msgs-0.1.0-py3.12.egg-info
-- Installing: /openarm_ws/src/install/cartesian_control_msgs/lib/python3.12/site-packages/cartesian_control_msgs-0.1.0-py3.12.egg-info/top_level.txt
-- Installing: /openarm_ws/src/install/cartesian_control_msgs/lib/python3.12/site-packages/cartesian_control_msgs-0.1.0-py3.12.egg-info/dependency_links.txt
-- Installing: /openarm_ws/src/install/cartesian_control_msgs/lib/python3.12/site-packages/cartesian_control_msgs-0.1.0-py3.12.egg-info/PKG-INFO
-- Installing: /openarm_ws/src/install/cartesian_control_msgs/lib/python3.12/site-packages/cartesian_control_msgs-0.1.0-py3.12.egg-info/SOURCES.txt
-- Installing: /openarm_ws/src/install/cartesian_control_msgs/lib/python3.12/site-packages/cartesian_control_msgs
-- Installing: /openarm_ws/src/install/cartesian_control_msgs/lib/python3.12/site-packages/cartesian_control_msgs/cartesian_control_msgs_s__rosidl_typesupport_c.so
-- Installing: /openarm_ws/src/install/cartesian_control_msgs/lib/python3.12/site-packages/cartesian_control_msgs/_cartesian_control_msgs_s.ep.rosidl_typesupport_introspection_c.c
-- Installing: /openarm_ws/src/install/cartesian_control_msgs/lib/python3.12/site-packages/cartesian_control_msgs/__init__.py
-- Installing: /openarm_ws/src/install/cartesian_control_msgs/lib/python3.12/site-packages/cartesian_control_msgs/action
-- Installing: /openarm_ws/src/install/cartesian_control_msgs/lib/python3.12/site-packages/cartesian_control_msgs/action/__init__.py
-- Installing: /openarm_ws/src/install/cartesian_control_msgs/lib/python3.12/site-packages/cartesian_control_msgs/action/_follow_cartesian_trajectory_s.c
-- Installing: /openarm_ws/src/install/cartesian_control_msgs/lib/python3.12/site-packages/cartesian_control_msgs/action/_follow_cartesian_trajectory.py
-- Installing: /openarm_ws/src/install/cartesian_control_msgs/lib/python3.12/site-packages/cartesian_control_msgs/msg
-- Installing: /openarm_ws/src/install/cartesian_control_msgs/lib/python3.12/site-packages/cartesian_control_msgs/msg/_cartesian_tolerance_s.c
-- Installing: /openarm_ws/src/install/cartesian_control_msgs/lib/python3.12/site-packages/cartesian_control_msgs/msg/_cartesian_trajectory_point_s.c
-- Installing: /openarm_ws/src/install/cartesian_control_msgs/lib/python3.12/site-packages/cartesian_control_msgs/msg/_cartesian_trajectory_point.py
-- Installing: /openarm_ws/src/install/cartesian_control_msgs/lib/python3.12/site-packages/cartesian_control_msgs/msg/_cartesian_trajectory.py
-- Installing: /openarm_ws/src/install/cartesian_control_msgs/lib/python3.12/site-packages/cartesian_control_msgs/msg/__init__.py
-- Installing: /openarm_ws/src/install/cartesian_control_msgs/lib/python3.12/site-packages/cartesian_control_msgs/msg/_cartesian_posture.py
-- Installing: /openarm_ws/src/install/cartesian_control_msgs/lib/python3.12/site-packages/cartesian_control_msgs/msg/_cartesian_trajectory_s.c
-- Installing: /openarm_ws/src/install/cartesian_control_msgs/lib/python3.12/site-packages/cartesian_control_msgs/msg/_cartesian_tolerance.py
-- Installing: /openarm_ws/src/install/cartesian_control_msgs/lib/python3.12/site-packages/cartesian_control_msgs/msg/_cartesian_posture_s.c
-- Installing: /openarm_ws/src/install/cartesian_control_msgs/lib/python3.12/site-packages/cartesian_control_msgs/cartesian_control_msgs_s__rosidl_typesupport_introspection_c.so
-- Installing: /openarm_ws/src/install/cartesian_control_msgs/lib/python3.12/site-packages/cartesian_control_msgs/cartesian_control_msgs_s__rosidl_typesupport_fastrtps_c.so
-- Installing: /openarm_ws/src/install/cartesian_control_msgs/lib/python3.12/site-packages/cartesian_control_msgs/_cartesian_control_msgs_s.ep.rosidl_typesupport_fastrtps_c.c
-- Installing: /openarm_ws/src/install/cartesian_control_msgs/lib/python3.12/site-packages/cartesian_control_msgs/_cartesian_control_msgs_s.ep.rosidl_typesupport_c.c
Listing '/openarm_ws/src/install/cartesian_control_msgs/lib/python3.12/site-packages/cartesian_control_msgs'...
Compiling '/openarm_ws/src/install/cartesian_control_msgs/lib/python3.12/site-packages/cartesian_control_msgs/__init__.py'...
Listing '/openarm_ws/src/install/cartesian_control_msgs/lib/python3.12/site-packages/cartesian_control_msgs/action'...
Compiling '/openarm_ws/src/install/cartesian_control_msgs/lib/python3.12/site-packages/cartesian_control_msgs/action/__init__.py'...
Compiling '/openarm_ws/src/install/cartesian_control_msgs/lib/python3.12/site-packages/cartesian_control_msgs/action/_follow_cartesian_trajectory.py'...
Listing '/openarm_ws/src/install/cartesian_control_msgs/lib/python3.12/site-packages/cartesian_control_msgs/msg'...
Compiling '/openarm_ws/src/install/cartesian_control_msgs/lib/python3.12/site-packages/cartesian_control_msgs/msg/__init__.py'...
Compiling '/openarm_ws/src/install/cartesian_control_msgs/lib/python3.12/site-packages/cartesian_control_msgs/msg/_cartesian_posture.py'...
Compiling '/openarm_ws/src/install/cartesian_control_msgs/lib/python3.12/site-packages/cartesian_control_msgs/msg/_cartesian_tolerance.py'...
Compiling '/openarm_ws/src/install/cartesian_control_msgs/lib/python3.12/site-packages/cartesian_control_msgs/msg/_cartesian_trajectory.py'...
Compiling '/openarm_ws/src/install/cartesian_control_msgs/lib/python3.12/site-packages/cartesian_control_msgs/msg/_cartesian_trajectory_point.py'...
-- Installing: /openarm_ws/src/install/cartesian_control_msgs/lib/python3.12/site-packages/cartesian_control_msgs/cartesian_control_msgs_s__rosidl_typesupport_fastrtps_c.so
-- Set non-toolchain portion of runtime path of "/openarm_ws/src/install/cartesian_control_msgs/lib/python3.12/site-packages/cartesian_control_msgs/cartesian_control_msgs_s__rosidl_typesupport_fastrtps_c.so" to ""
-- Installing: /openarm_ws/src/install/cartesian_control_msgs/lib/python3.12/site-packages/cartesian_control_msgs/cartesian_control_msgs_s__rosidl_typesupport_introspection_c.so
-- Set non-toolchain portion of runtime path of "/openarm_ws/src/install/cartesian_control_msgs/lib/python3.12/site-packages/cartesian_control_msgs/cartesian_control_msgs_s__rosidl_typesupport_introspection_c.so" to ""
-- Installing: /openarm_ws/src/install/cartesian_control_msgs/lib/python3.12/site-packages/cartesian_control_msgs/cartesian_control_msgs_s__rosidl_typesupport_c.so
-- Set non-toolchain portion of runtime path of "/openarm_ws/src/install/cartesian_control_msgs/lib/python3.12/site-packages/cartesian_control_msgs/cartesian_control_msgs_s__rosidl_typesupport_c.so" to ""
-- Installing: /openarm_ws/src/install/cartesian_control_msgs/lib/libcartesian_control_msgs__rosidl_generator_py.so
-- Set non-toolchain portion of runtime path of "/openarm_ws/src/install/cartesian_control_msgs/lib/libcartesian_control_msgs__rosidl_generator_py.so" to ""
-- Installing: /openarm_ws/src/install/cartesian_control_msgs/share/ament_index/resource_index/rust_packages/cartesian_control_msgs
-- Installing: /openarm_ws/src/install/cartesian_control_msgs/share/cartesian_control_msgs/rust
-- Installing: /openarm_ws/src/install/cartesian_control_msgs/share/cartesian_control_msgs/rust/src
-- Installing: /openarm_ws/src/install/cartesian_control_msgs/share/cartesian_control_msgs/rust/src/action.rs
-- Installing: /openarm_ws/src/install/cartesian_control_msgs/share/cartesian_control_msgs/rust/src/lib.rs
-- Installing: /openarm_ws/src/install/cartesian_control_msgs/share/cartesian_control_msgs/rust/src/action
-- Installing: /openarm_ws/src/install/cartesian_control_msgs/share/cartesian_control_msgs/rust/src/action/rmw.rs
-- Installing: /openarm_ws/src/install/cartesian_control_msgs/share/cartesian_control_msgs/rust/src/msg.rs
-- Installing: /openarm_ws/src/install/cartesian_control_msgs/share/cartesian_control_msgs/rust/src/msg
-- Installing: /openarm_ws/src/install/cartesian_control_msgs/share/cartesian_control_msgs/rust/src/msg/rmw.rs
-- Installing: /openarm_ws/src/install/cartesian_control_msgs/share/cartesian_control_msgs/rust/Cargo.toml
-- Installing: /openarm_ws/src/install/cartesian_control_msgs/share/cartesian_control_msgs/rust/build.rs
-- Installing: /openarm_ws/src/install/cartesian_control_msgs/share/cartesian_control_msgs/action/FollowCartesianTrajectory.idl
-- Installing: /openarm_ws/src/install/cartesian_control_msgs/share/cartesian_control_msgs/msg/CartesianPosture.idl
-- Installing: /openarm_ws/src/install/cartesian_control_msgs/share/cartesian_control_msgs/msg/CartesianTolerance.idl
-- Installing: /openarm_ws/src/install/cartesian_control_msgs/share/cartesian_control_msgs/msg/CartesianTrajectory.idl
-- Installing: /openarm_ws/src/install/cartesian_control_msgs/share/cartesian_control_msgs/msg/CartesianTrajectoryPoint.idl
-- Installing: /openarm_ws/src/install/cartesian_control_msgs/share/cartesian_control_msgs/action/FollowCartesianTrajectory.action
-- Installing: /openarm_ws/src/install/cartesian_control_msgs/share/cartesian_control_msgs/msg/CartesianPosture.msg
-- Installing: /openarm_ws/src/install/cartesian_control_msgs/share/cartesian_control_msgs/msg/CartesianTolerance.msg
-- Installing: /openarm_ws/src/install/cartesian_control_msgs/share/cartesian_control_msgs/msg/CartesianTrajectory.msg
-- Installing: /openarm_ws/src/install/cartesian_control_msgs/share/cartesian_control_msgs/msg/CartesianTrajectoryPoint.msg
-- Installing: /openarm_ws/src/install/cartesian_control_msgs/share/ament_index/resource_index/package_run_dependencies/cartesian_control_msgs
-- Installing: /openarm_ws/src/install/cartesian_control_msgs/share/ament_index/resource_index/parent_prefix_path/cartesian_control_msgs
-- Installing: /openarm_ws/src/install/cartesian_control_msgs/share/cartesian_control_msgs/environment/ament_prefix_path.sh
-- Installing: /openarm_ws/src/install/cartesian_control_msgs/share/cartesian_control_msgs/environment/ament_prefix_path.dsv
-- Installing: /openarm_ws/src/install/cartesian_control_msgs/share/cartesian_control_msgs/environment/path.sh
-- Installing: /openarm_ws/src/install/cartesian_control_msgs/share/cartesian_control_msgs/environment/path.dsv
-- Installing: /openarm_ws/src/install/cartesian_control_msgs/share/cartesian_control_msgs/local_setup.bash
-- Installing: /openarm_ws/src/install/cartesian_control_msgs/share/cartesian_control_msgs/local_setup.sh
-- Installing: /openarm_ws/src/install/cartesian_control_msgs/share/cartesian_control_msgs/local_setup.zsh
-- Installing: /openarm_ws/src/install/cartesian_control_msgs/share/cartesian_control_msgs/local_setup.dsv
-- Installing: /openarm_ws/src/install/cartesian_control_msgs/share/cartesian_control_msgs/package.dsv
-- Installing: /openarm_ws/src/install/cartesian_control_msgs/share/ament_index/resource_index/packages/cartesian_control_msgs
-- Installing: /openarm_ws/src/install/cartesian_control_msgs/share/cartesian_control_msgs/cmake/export_cartesian_control_msgs__rosidl_generator_cExport.cmake
-- Installing: /openarm_ws/src/install/cartesian_control_msgs/share/cartesian_control_msgs/cmake/export_cartesian_control_msgs__rosidl_generator_cExport-noconfig.cmake
-- Installing: /openarm_ws/src/install/cartesian_control_msgs/share/cartesian_control_msgs/cmake/export_cartesian_control_msgs__rosidl_typesupport_fastrtps_cExport.cmake
-- Installing: /openarm_ws/src/install/cartesian_control_msgs/share/cartesian_control_msgs/cmake/export_cartesian_control_msgs__rosidl_typesupport_fastrtps_cExport-noconfig.cmake
-- Installing: /openarm_ws/src/install/cartesian_control_msgs/share/cartesian_control_msgs/cmake/export_cartesian_control_msgs__rosidl_generator_cppExport.cmake
-- Installing: /openarm_ws/src/install/cartesian_control_msgs/share/cartesian_control_msgs/cmake/export_cartesian_control_msgs__rosidl_typesupport_fastrtps_cppExport.cmake
-- Installing: /openarm_ws/src/install/cartesian_control_msgs/share/cartesian_control_msgs/cmake/export_cartesian_control_msgs__rosidl_typesupport_fastrtps_cppExport-noconfig.cmake
-- Installing: /openarm_ws/src/install/cartesian_control_msgs/share/cartesian_control_msgs/cmake/cartesian_control_msgs__rosidl_typesupport_introspection_cExport.cmake
-- Installing: /openarm_ws/src/install/cartesian_control_msgs/share/cartesian_control_msgs/cmake/cartesian_control_msgs__rosidl_typesupport_introspection_cExport-noconfig.cmake
-- Installing: /openarm_ws/src/install/cartesian_control_msgs/share/cartesian_control_msgs/cmake/cartesian_control_msgs__rosidl_typesupport_cExport.cmake
-- Installing: /openarm_ws/src/install/cartesian_control_msgs/share/cartesian_control_msgs/cmake/cartesian_control_msgs__rosidl_typesupport_cExport-noconfig.cmake
-- Installing: /openarm_ws/src/install/cartesian_control_msgs/share/cartesian_control_msgs/cmake/cartesian_control_msgs__rosidl_typesupport_introspection_cppExport.cmake
-- Installing: /openarm_ws/src/install/cartesian_control_msgs/share/cartesian_control_msgs/cmake/cartesian_control_msgs__rosidl_typesupport_introspection_cppExport-noconfig.cmake
-- Installing: /openarm_ws/src/install/cartesian_control_msgs/share/cartesian_control_msgs/cmake/cartesian_control_msgs__rosidl_typesupport_cppExport.cmake
-- Installing: /openarm_ws/src/install/cartesian_control_msgs/share/cartesian_control_msgs/cmake/cartesian_control_msgs__rosidl_typesupport_cppExport-noconfig.cmake
-- Installing: /openarm_ws/src/install/cartesian_control_msgs/share/cartesian_control_msgs/cmake/export_cartesian_control_msgs__rosidl_generator_pyExport.cmake
-- Installing: /openarm_ws/src/install/cartesian_control_msgs/share/cartesian_control_msgs/cmake/export_cartesian_control_msgs__rosidl_generator_pyExport-noconfig.cmake
-- Installing: /openarm_ws/src/install/cartesian_control_msgs/share/cartesian_control_msgs/cmake/rosidl_cmake-extras.cmake
-- Installing: /openarm_ws/src/install/cartesian_control_msgs/share/cartesian_control_msgs/cmake/ament_cmake_export_dependencies-extras.cmake
-- Installing: /openarm_ws/src/install/cartesian_control_msgs/share/cartesian_control_msgs/cmake/ament_cmake_export_include_directories-extras.cmake
-- Installing: /openarm_ws/src/install/cartesian_control_msgs/share/cartesian_control_msgs/cmake/ament_cmake_export_libraries-extras.cmake
-- Installing: /openarm_ws/src/install/cartesian_control_msgs/share/cartesian_control_msgs/cmake/ament_cmake_export_targets-extras.cmake
-- Installing: /openarm_ws/src/install/cartesian_control_msgs/share/cartesian_control_msgs/cmake/rosidl_cmake_export_typesupport_targets-extras.cmake
-- Installing: /openarm_ws/src/install/cartesian_control_msgs/share/cartesian_control_msgs/cmake/rosidl_cmake_export_typesupport_libraries-extras.cmake
-- Installing: /openarm_ws/src/install/cartesian_control_msgs/share/cartesian_control_msgs/cmake/cartesian_control_msgsConfig.cmake
-- Installing: /openarm_ws/src/install/cartesian_control_msgs/share/cartesian_control_msgs/cmake/cartesian_control_msgsConfig-version.cmake
-- Installing: /openarm_ws/src/install/cartesian_control_msgs/share/cartesian_control_msgs/package.xml
