[0.181s] Invoking command in '/openarm_ws/src/build/cartesian_control_msgs': CMAKE_PREFIX_PATH=${CMAKE_PREFIX_PATH}:/opt/ros/jazzy /usr/bin/cmake /openarm_ws/src/cartesian_control_msgs -DCMAKE_INSTALL_PREFIX=/openarm_ws/src/install/cartesian_control_msgs
[0.240s] -- The C compiler identification is GNU 13.3.0
[0.310s] -- The CXX compiler identification is GNU 13.3.0
[0.328s] -- Detecting C compiler ABI info
[0.430s] -- Detecting C compiler ABI info - done
[0.436s] -- Check for working C compiler: /usr/bin/cc - skipped
[0.436s] -- Detecting C compile features
[0.437s] -- Detecting C compile features - done
[0.450s] -- Detecting CXX compiler ABI info
[0.580s] -- Detecting CXX compiler ABI info - done
[0.588s] -- Check for working CXX compiler: /usr/bin/c++ - skipped
[0.588s] -- Detecting CXX compile features
[0.589s] -- Detecting CXX compile features - done
[0.596s] -- Found ament_cmake: 2.5.6 (/opt/ros/jazzy/share/ament_cmake/cmake)
[0.761s] -- Found Python3: /usr/bin/python3 (found version "3.12.3") found components: Interpreter 
[0.879s] -- Found action_msgs: 2.0.3 (/opt/ros/jazzy/share/action_msgs/cmake)
[0.914s] -- Found rosidl_generator_c: 4.6.7 (/opt/ros/jazzy/share/rosidl_generator_c/cmake)
[0.927s] -- Found rosidl_generator_cpp: 4.6.7 (/opt/ros/jazzy/share/rosidl_generator_cpp/cmake)
[0.941s] -- Using all available rosidl_typesupport_c: rosidl_typesupport_fastrtps_c;rosidl_typesupport_introspection_c
[0.959s] -- Using all available rosidl_typesupport_cpp: rosidl_typesupport_fastrtps_cpp;rosidl_typesupport_introspection_cpp
[1.008s] -- Found geometry_msgs: 5.3.7 (/opt/ros/jazzy/share/geometry_msgs/cmake)
[1.036s] -- Found rosidl_default_generators: 1.6.0 (/opt/ros/jazzy/share/rosidl_default_generators/cmake)
[1.052s] -- Found rosidl_adapter: 4.6.7 (/opt/ros/jazzy/share/rosidl_adapter/cmake)
[1.881s] -- Found ament_cmake_ros: 0.12.0 (/opt/ros/jazzy/share/ament_cmake_ros/cmake)
[2.971s] -- Using all available rosidl_typesupport_c: rosidl_typesupport_fastrtps_c;rosidl_typesupport_introspection_c
[3.354s] -- Using all available rosidl_typesupport_cpp: rosidl_typesupport_fastrtps_cpp;rosidl_typesupport_introspection_cpp
[3.355s] -- Found python_cmake_module: 0.11.1 (/opt/ros/jazzy/share/python_cmake_module/cmake)
[3.518s] -- Found PythonExtra: /usr/bin/python3  
[4.022s] -- Found Python3: /usr/bin/python3 (found version "3.12.3") found components: Interpreter Development NumPy Development.Module Development.Embed 
[4.137s] -- Found Python3: /usr/bin/python3 (found version "3.12.3") found components: Interpreter 
[4.143s] -- Configuring done (4.0s)
[4.189s] -- Generating done (0.0s)
[4.207s] -- Build files have been written to: /openarm_ws/src/build/cartesian_control_msgs
[4.216s] Invoked command in '/openarm_ws/src/build/cartesian_control_msgs' returned '0': CMAKE_PREFIX_PATH=${CMAKE_PREFIX_PATH}:/opt/ros/jazzy /usr/bin/cmake /openarm_ws/src/cartesian_control_msgs -DCMAKE_INSTALL_PREFIX=/openarm_ws/src/install/cartesian_control_msgs
[4.218s] Invoking command in '/openarm_ws/src/build/cartesian_control_msgs': CMAKE_PREFIX_PATH=${CMAKE_PREFIX_PATH}:/opt/ros/jazzy /usr/bin/cmake --build /openarm_ws/src/build/cartesian_control_msgs -- -j14 -l14
[4.283s] [  1%] [34m[1mGenerating Rust code for ROS interfaces[0m
[4.285s] [  2%] [34m[1mGenerating type hashes for ROS interfaces[0m
[4.304s] [  2%] Built target ament_cmake_python_copy_cartesian_control_msgs
[4.494s] running egg_info
[4.495s] creating cartesian_control_msgs.egg-info
[4.507s] writing cartesian_control_msgs.egg-info/PKG-INFO
[4.509s] writing dependency_links to cartesian_control_msgs.egg-info/dependency_links.txt
[4.509s] writing top-level names to cartesian_control_msgs.egg-info/top_level.txt
[4.509s] writing manifest file 'cartesian_control_msgs.egg-info/SOURCES.txt'
[4.541s] reading manifest file 'cartesian_control_msgs.egg-info/SOURCES.txt'
[4.542s] writing manifest file 'cartesian_control_msgs.egg-info/SOURCES.txt'
[4.582s] [  2%] Built target cartesian_control_msgs__rosidl_generator_type_description
[4.584s] [  2%] Built target cartesian_control_msgs__rs
[4.594s] [  4%] [34m[1mGenerating C code for ROS interfaces[0m
[4.599s] [  4%] Built target ament_cmake_python_build_cartesian_control_msgs_egg
[4.609s] [  5%] [34m[1mGenerating C++ code for ROS interfaces[0m
[5.119s] [  5%] Built target cartesian_control_msgs__cpp
[5.250s] [  6%] [32mBuilding C object CMakeFiles/cartesian_control_msgs__rosidl_generator_c.dir/rosidl_generator_c/cartesian_control_msgs/msg/detail/cartesian_posture__functions.c.o[0m
[5.251s] [  8%] [32mBuilding C object CMakeFiles/cartesian_control_msgs__rosidl_generator_c.dir/rosidl_generator_c/cartesian_control_msgs/action/detail/follow_cartesian_trajectory__functions.c.o[0m
[5.251s] [  9%] [32mBuilding C object CMakeFiles/cartesian_control_msgs__rosidl_generator_c.dir/rosidl_generator_c/cartesian_control_msgs/action/detail/follow_cartesian_trajectory__type_support.c.o[0m
[5.251s] [ 10%] [32mBuilding C object CMakeFiles/cartesian_control_msgs__rosidl_generator_c.dir/rosidl_generator_c/cartesian_control_msgs/msg/detail/cartesian_posture__type_support.c.o[0m
[5.251s] [ 12%] [32mBuilding C object CMakeFiles/cartesian_control_msgs__rosidl_generator_c.dir/rosidl_generator_c/cartesian_control_msgs/msg/detail/cartesian_trajectory__description.c.o[0m
[5.251s] [ 13%] [32mBuilding C object CMakeFiles/cartesian_control_msgs__rosidl_generator_c.dir/rosidl_generator_c/cartesian_control_msgs/msg/detail/cartesian_tolerance__functions.c.o[0m
[5.253s] [ 14%] [32mBuilding C object CMakeFiles/cartesian_control_msgs__rosidl_generator_c.dir/rosidl_generator_c/cartesian_control_msgs/msg/detail/cartesian_trajectory__functions.c.o[0m
[5.253s] [ 16%] [32mBuilding C object CMakeFiles/cartesian_control_msgs__rosidl_generator_c.dir/rosidl_generator_c/cartesian_control_msgs/msg/detail/cartesian_tolerance__description.c.o[0m
[5.254s] [ 17%] [32mBuilding C object CMakeFiles/cartesian_control_msgs__rosidl_generator_c.dir/rosidl_generator_c/cartesian_control_msgs/msg/detail/cartesian_posture__description.c.o[0m
[5.255s] [ 18%] [32mBuilding C object CMakeFiles/cartesian_control_msgs__rosidl_generator_c.dir/rosidl_generator_c/cartesian_control_msgs/action/detail/follow_cartesian_trajectory__description.c.o[0m
[5.255s] [ 20%] [32mBuilding C object CMakeFiles/cartesian_control_msgs__rosidl_generator_c.dir/rosidl_generator_c/cartesian_control_msgs/msg/detail/cartesian_trajectory__type_support.c.o[0m
[5.263s] [ 21%] [32mBuilding C object CMakeFiles/cartesian_control_msgs__rosidl_generator_c.dir/rosidl_generator_c/cartesian_control_msgs/msg/detail/cartesian_tolerance__type_support.c.o[0m
[5.263s] [ 22%] [32mBuilding C object CMakeFiles/cartesian_control_msgs__rosidl_generator_c.dir/rosidl_generator_c/cartesian_control_msgs/msg/detail/cartesian_trajectory_point__functions.c.o[0m
[5.265s] [ 24%] [32mBuilding C object CMakeFiles/cartesian_control_msgs__rosidl_generator_c.dir/rosidl_generator_c/cartesian_control_msgs/msg/detail/cartesian_trajectory_point__description.c.o[0m
[5.323s] [ 25%] [32mBuilding C object CMakeFiles/cartesian_control_msgs__rosidl_generator_c.dir/rosidl_generator_c/cartesian_control_msgs/msg/detail/cartesian_trajectory_point__type_support.c.o[0m
[5.447s] [ 26%] [32m[1mLinking C shared library libcartesian_control_msgs__rosidl_generator_c.so[0m
[5.501s] [ 26%] Built target cartesian_control_msgs__rosidl_generator_c
[5.516s] [ 32%] [34m[1mGenerating C introspection for ROS interfaces[0m
[5.517s] [ 32%] [34m[1mGenerating C type support dispatch for ROS interfaces[0m
[5.517s] [ 32%] [34m[1mGenerating C type support for eProsima Fast-RTPS[0m
[5.517s] [ 32%] [34m[1mGenerating C++ type support for eProsima Fast-RTPS[0m
[5.517s] [ 33%] [34m[1mGenerating C++ type support dispatch for ROS interfaces[0m
[5.518s] [ 34%] [34m[1mGenerating C++ introspection for ROS interfaces[0m
[5.877s] [ 36%] [32mBuilding CXX object CMakeFiles/cartesian_control_msgs__rosidl_typesupport_c.dir/rosidl_typesupport_c/cartesian_control_msgs/action/follow_cartesian_trajectory__type_support.cpp.o[0m
[5.879s] [ 38%] [32mBuilding CXX object CMakeFiles/cartesian_control_msgs__rosidl_typesupport_c.dir/rosidl_typesupport_c/cartesian_control_msgs/msg/cartesian_trajectory_point__type_support.cpp.o[0m
[5.879s] [ 38%] [32mBuilding CXX object CMakeFiles/cartesian_control_msgs__rosidl_typesupport_c.dir/rosidl_typesupport_c/cartesian_control_msgs/msg/cartesian_trajectory__type_support.cpp.o[0m
[5.880s] [ 40%] [32mBuilding CXX object CMakeFiles/cartesian_control_msgs__rosidl_typesupport_c.dir/rosidl_typesupport_c/cartesian_control_msgs/msg/cartesian_tolerance__type_support.cpp.o[0m
[5.880s] [ 41%] [32mBuilding CXX object CMakeFiles/cartesian_control_msgs__rosidl_typesupport_c.dir/rosidl_typesupport_c/cartesian_control_msgs/msg/cartesian_posture__type_support.cpp.o[0m
[5.893s] [ 42%] [32mBuilding CXX object CMakeFiles/cartesian_control_msgs__rosidl_typesupport_cpp.dir/rosidl_typesupport_cpp/cartesian_control_msgs/msg/cartesian_posture__type_support.cpp.o[0m
[5.895s] [ 44%] [32mBuilding CXX object CMakeFiles/cartesian_control_msgs__rosidl_typesupport_cpp.dir/rosidl_typesupport_cpp/cartesian_control_msgs/msg/cartesian_tolerance__type_support.cpp.o[0m
[5.895s] [ 45%] [32mBuilding CXX object CMakeFiles/cartesian_control_msgs__rosidl_typesupport_cpp.dir/rosidl_typesupport_cpp/cartesian_control_msgs/msg/cartesian_trajectory_point__type_support.cpp.o[0m
[5.896s] [ 46%] [32mBuilding CXX object CMakeFiles/cartesian_control_msgs__rosidl_typesupport_cpp.dir/rosidl_typesupport_cpp/cartesian_control_msgs/msg/cartesian_trajectory__type_support.cpp.o[0m
[5.896s] [ 48%] [32mBuilding CXX object CMakeFiles/cartesian_control_msgs__rosidl_typesupport_cpp.dir/rosidl_typesupport_cpp/cartesian_control_msgs/action/follow_cartesian_trajectory__type_support.cpp.o[0m
[5.991s] [ 49%] [32m[1mLinking CXX shared library libcartesian_control_msgs__rosidl_typesupport_c.so[0m
[6.016s] [ 52%] [32mBuilding CXX object CMakeFiles/cartesian_control_msgs__rosidl_typesupport_introspection_cpp.dir/rosidl_typesupport_introspection_cpp/cartesian_control_msgs/action/detail/follow_cartesian_trajectory__type_support.cpp.o[0m
[6.016s] [ 52%] [32mBuilding C object CMakeFiles/cartesian_control_msgs__rosidl_typesupport_introspection_c.dir/rosidl_typesupport_introspection_c/cartesian_control_msgs/msg/detail/cartesian_posture__type_support.c.o[0m
[6.016s] [ 53%] [32mBuilding C object CMakeFiles/cartesian_control_msgs__rosidl_typesupport_introspection_c.dir/rosidl_typesupport_introspection_c/cartesian_control_msgs/action/detail/follow_cartesian_trajectory__type_support.c.o[0m
[6.019s] [ 54%] [32mBuilding CXX object CMakeFiles/cartesian_control_msgs__rosidl_typesupport_introspection_cpp.dir/rosidl_typesupport_introspection_cpp/cartesian_control_msgs/msg/detail/cartesian_posture__type_support.cpp.o[0m
[6.020s] [ 56%] [32mBuilding C object CMakeFiles/cartesian_control_msgs__rosidl_typesupport_introspection_c.dir/rosidl_typesupport_introspection_c/cartesian_control_msgs/msg/detail/cartesian_trajectory__type_support.c.o[0m
[6.021s] [ 57%] [32mBuilding C object CMakeFiles/cartesian_control_msgs__rosidl_typesupport_introspection_c.dir/rosidl_typesupport_introspection_c/cartesian_control_msgs/msg/detail/cartesian_tolerance__type_support.c.o[0m
[6.078s] [ 57%] Built target cartesian_control_msgs__rosidl_typesupport_c
[6.084s] [ 58%] [32mBuilding C object CMakeFiles/cartesian_control_msgs__rosidl_typesupport_introspection_c.dir/rosidl_typesupport_introspection_c/cartesian_control_msgs/msg/detail/cartesian_trajectory_point__type_support.c.o[0m
[6.095s] [ 60%] [32mBuilding CXX object CMakeFiles/cartesian_control_msgs__rosidl_typesupport_introspection_cpp.dir/rosidl_typesupport_introspection_cpp/cartesian_control_msgs/msg/detail/cartesian_tolerance__type_support.cpp.o[0m
[6.143s] [ 61%] [32mBuilding CXX object CMakeFiles/cartesian_control_msgs__rosidl_typesupport_introspection_cpp.dir/rosidl_typesupport_introspection_cpp/cartesian_control_msgs/msg/detail/cartesian_trajectory__type_support.cpp.o[0m
[6.150s] [ 62%] [32m[1mLinking C shared library libcartesian_control_msgs__rosidl_typesupport_introspection_c.so[0m
[6.161s] [ 64%] [32mBuilding CXX object CMakeFiles/cartesian_control_msgs__rosidl_typesupport_fastrtps_cpp.dir/rosidl_typesupport_fastrtps_cpp/cartesian_control_msgs/action/detail/dds_fastrtps/follow_cartesian_trajectory__type_support.cpp.o[0m
[6.162s] [ 65%] [32mBuilding CXX object CMakeFiles/cartesian_control_msgs__rosidl_typesupport_introspection_cpp.dir/rosidl_typesupport_introspection_cpp/cartesian_control_msgs/msg/detail/cartesian_trajectory_point__type_support.cpp.o[0m
[6.179s] [ 66%] [32mBuilding CXX object CMakeFiles/cartesian_control_msgs__rosidl_typesupport_fastrtps_cpp.dir/rosidl_typesupport_fastrtps_cpp/cartesian_control_msgs/msg/detail/dds_fastrtps/cartesian_posture__type_support.cpp.o[0m
[6.200s] [ 68%] [32mBuilding CXX object CMakeFiles/cartesian_control_msgs__rosidl_typesupport_fastrtps_c.dir/rosidl_typesupport_fastrtps_c/cartesian_control_msgs/action/detail/follow_cartesian_trajectory__type_support_c.cpp.o[0m
[6.209s] [ 69%] [32mBuilding CXX object CMakeFiles/cartesian_control_msgs__rosidl_typesupport_fastrtps_c.dir/rosidl_typesupport_fastrtps_c/cartesian_control_msgs/msg/detail/cartesian_posture__type_support_c.cpp.o[0m
[6.216s] [ 70%] [32mBuilding CXX object CMakeFiles/cartesian_control_msgs__rosidl_typesupport_fastrtps_c.dir/rosidl_typesupport_fastrtps_c/cartesian_control_msgs/msg/detail/cartesian_tolerance__type_support_c.cpp.o[0m
[6.258s] [ 70%] Built target cartesian_control_msgs__rosidl_typesupport_introspection_c
[6.279s] [ 72%] [32mBuilding CXX object CMakeFiles/cartesian_control_msgs__rosidl_typesupport_fastrtps_c.dir/rosidl_typesupport_fastrtps_c/cartesian_control_msgs/msg/detail/cartesian_trajectory__type_support_c.cpp.o[0m
[6.280s] [ 73%] [32mBuilding CXX object CMakeFiles/cartesian_control_msgs__rosidl_typesupport_fastrtps_cpp.dir/rosidl_typesupport_fastrtps_cpp/cartesian_control_msgs/msg/detail/dds_fastrtps/cartesian_tolerance__type_support.cpp.o[0m
[6.333s] [ 74%] [32mBuilding CXX object CMakeFiles/cartesian_control_msgs__rosidl_typesupport_fastrtps_cpp.dir/rosidl_typesupport_fastrtps_cpp/cartesian_control_msgs/msg/detail/dds_fastrtps/cartesian_trajectory__type_support.cpp.o[0m
[6.468s] [ 76%] [32mBuilding CXX object CMakeFiles/cartesian_control_msgs__rosidl_typesupport_fastrtps_cpp.dir/rosidl_typesupport_fastrtps_cpp/cartesian_control_msgs/msg/detail/dds_fastrtps/cartesian_trajectory_point__type_support.cpp.o[0m
[6.477s] [ 77%] [32mBuilding CXX object CMakeFiles/cartesian_control_msgs__rosidl_typesupport_fastrtps_c.dir/rosidl_typesupport_fastrtps_c/cartesian_control_msgs/msg/detail/cartesian_trajectory_point__type_support_c.cpp.o[0m
[6.663s] [ 78%] [32m[1mLinking CXX shared library libcartesian_control_msgs__rosidl_typesupport_cpp.so[0m
[6.756s] [ 78%] Built target cartesian_control_msgs__rosidl_typesupport_cpp
[6.900s] [ 80%] [32m[1mLinking CXX shared library libcartesian_control_msgs__rosidl_typesupport_fastrtps_c.so[0m
[6.914s] [ 81%] [32m[1mLinking CXX shared library libcartesian_control_msgs__rosidl_typesupport_introspection_cpp.so[0m
[6.987s] [ 81%] Built target cartesian_control_msgs__rosidl_typesupport_fastrtps_c
[7.019s] [ 81%] Built target cartesian_control_msgs__rosidl_typesupport_introspection_cpp
[7.192s] [ 82%] [32m[1mLinking CXX shared library libcartesian_control_msgs__rosidl_typesupport_fastrtps_cpp.so[0m
[7.282s] [ 82%] Built target cartesian_control_msgs__rosidl_typesupport_fastrtps_cpp
[7.308s] [ 82%] Built target cartesian_control_msgs
[7.334s] [ 84%] [34m[1mGenerating Python code for ROS interfaces[0m
[8.157s] [ 84%] Built target cartesian_control_msgs__py
[8.184s] [ 89%] [32mBuilding C object CMakeFiles/cartesian_control_msgs__rosidl_generator_py.dir/rosidl_generator_py/cartesian_control_msgs/action/_follow_cartesian_trajectory_s.c.o[0m
[8.184s] [ 89%] [32mBuilding C object CMakeFiles/cartesian_control_msgs__rosidl_generator_py.dir/rosidl_generator_py/cartesian_control_msgs/msg/_cartesian_tolerance_s.c.o[0m
[8.184s] [ 89%] [32mBuilding C object CMakeFiles/cartesian_control_msgs__rosidl_generator_py.dir/rosidl_generator_py/cartesian_control_msgs/msg/_cartesian_posture_s.c.o[0m
[8.185s] [ 89%] [32mBuilding C object CMakeFiles/cartesian_control_msgs__rosidl_generator_py.dir/rosidl_generator_py/cartesian_control_msgs/msg/_cartesian_trajectory_point_s.c.o[0m
[8.185s] [ 90%] [32mBuilding C object CMakeFiles/cartesian_control_msgs__rosidl_generator_py.dir/rosidl_generator_py/cartesian_control_msgs/msg/_cartesian_trajectory_s.c.o[0m
[8.413s] [ 92%] [32m[1mLinking C shared library libcartesian_control_msgs__rosidl_generator_py.so[0m
[8.474s] [ 92%] Built target cartesian_control_msgs__rosidl_generator_py
[8.500s] [ 93%] [32mBuilding C object CMakeFiles/cartesian_control_msgs_s__rosidl_typesupport_fastrtps_c.dir/rosidl_generator_py/cartesian_control_msgs/_cartesian_control_msgs_s.ep.rosidl_typesupport_fastrtps_c.c.o[0m
[8.500s] [ 94%] [32mBuilding C object CMakeFiles/cartesian_control_msgs_s__rosidl_typesupport_c.dir/rosidl_generator_py/cartesian_control_msgs/_cartesian_control_msgs_s.ep.rosidl_typesupport_c.c.o[0m
[8.502s] [ 96%] [32mBuilding C object CMakeFiles/cartesian_control_msgs_s__rosidl_typesupport_introspection_c.dir/rosidl_generator_py/cartesian_control_msgs/_cartesian_control_msgs_s.ep.rosidl_typesupport_introspection_c.c.o[0m
[8.642s] [ 97%] [32m[1mLinking C shared module rosidl_generator_py/cartesian_control_msgs/cartesian_control_msgs_s__rosidl_typesupport_c.so[0m
[8.643s] [ 98%] [32m[1mLinking C shared module rosidl_generator_py/cartesian_control_msgs/cartesian_control_msgs_s__rosidl_typesupport_introspection_c.so[0m
[8.644s] [100%] [32m[1mLinking C shared module rosidl_generator_py/cartesian_control_msgs/cartesian_control_msgs_s__rosidl_typesupport_fastrtps_c.so[0m
[8.685s] [100%] Built target cartesian_control_msgs_s__rosidl_typesupport_introspection_c
[8.686s] [100%] Built target cartesian_control_msgs_s__rosidl_typesupport_c
[8.688s] [100%] Built target cartesian_control_msgs_s__rosidl_typesupport_fastrtps_c
[8.707s] Invoked command in '/openarm_ws/src/build/cartesian_control_msgs' returned '0': CMAKE_PREFIX_PATH=${CMAKE_PREFIX_PATH}:/opt/ros/jazzy /usr/bin/cmake --build /openarm_ws/src/build/cartesian_control_msgs -- -j14 -l14
[8.710s] Invoking command in '/openarm_ws/src/build/cartesian_control_msgs': CMAKE_PREFIX_PATH=${CMAKE_PREFIX_PATH}:/opt/ros/jazzy /usr/bin/cmake --install /openarm_ws/src/build/cartesian_control_msgs
[8.718s] -- Install configuration: ""
[8.718s] -- Installing: /openarm_ws/src/install/cartesian_control_msgs/share/ament_index/resource_index/rosidl_interfaces/cartesian_control_msgs
[8.719s] -- Installing: /openarm_ws/src/install/cartesian_control_msgs/share/cartesian_control_msgs/action/FollowCartesianTrajectory.json
[8.719s] -- Installing: /openarm_ws/src/install/cartesian_control_msgs/share/cartesian_control_msgs/msg/CartesianPosture.json
[8.719s] -- Installing: /openarm_ws/src/install/cartesian_control_msgs/share/cartesian_control_msgs/msg/CartesianTolerance.json
[8.719s] -- Installing: /openarm_ws/src/install/cartesian_control_msgs/share/cartesian_control_msgs/msg/CartesianTrajectory.json
[8.720s] -- Installing: /openarm_ws/src/install/cartesian_control_msgs/share/cartesian_control_msgs/msg/CartesianTrajectoryPoint.json
[8.720s] -- Installing: /openarm_ws/src/install/cartesian_control_msgs/include/cartesian_control_msgs/cartesian_control_msgs
[8.720s] -- Installing: /openarm_ws/src/install/cartesian_control_msgs/include/cartesian_control_msgs/cartesian_control_msgs/action
[8.720s] -- Installing: /openarm_ws/src/install/cartesian_control_msgs/include/cartesian_control_msgs/cartesian_control_msgs/action/follow_cartesian_trajectory.h
[8.720s] -- Installing: /openarm_ws/src/install/cartesian_control_msgs/include/cartesian_control_msgs/cartesian_control_msgs/action/detail
[8.720s] -- Installing: /openarm_ws/src/install/cartesian_control_msgs/include/cartesian_control_msgs/cartesian_control_msgs/action/detail/follow_cartesian_trajectory__functions.c
[8.721s] -- Installing: /openarm_ws/src/install/cartesian_control_msgs/include/cartesian_control_msgs/cartesian_control_msgs/action/detail/follow_cartesian_trajectory__description.c
[8.721s] -- Installing: /openarm_ws/src/install/cartesian_control_msgs/include/cartesian_control_msgs/cartesian_control_msgs/action/detail/follow_cartesian_trajectory__type_support.h
[8.721s] -- Installing: /openarm_ws/src/install/cartesian_control_msgs/include/cartesian_control_msgs/cartesian_control_msgs/action/detail/follow_cartesian_trajectory__type_support.c
[8.721s] -- Installing: /openarm_ws/src/install/cartesian_control_msgs/include/cartesian_control_msgs/cartesian_control_msgs/action/detail/follow_cartesian_trajectory__struct.h
[8.721s] -- Installing: /openarm_ws/src/install/cartesian_control_msgs/include/cartesian_control_msgs/cartesian_control_msgs/action/detail/follow_cartesian_trajectory__functions.h
[8.721s] -- Installing: /openarm_ws/src/install/cartesian_control_msgs/include/cartesian_control_msgs/cartesian_control_msgs/msg
[8.721s] -- Installing: /openarm_ws/src/install/cartesian_control_msgs/include/cartesian_control_msgs/cartesian_control_msgs/msg/rosidl_generator_c__visibility_control.h
[8.722s] -- Installing: /openarm_ws/src/install/cartesian_control_msgs/include/cartesian_control_msgs/cartesian_control_msgs/msg/cartesian_posture.h
[8.722s] -- Installing: /openarm_ws/src/install/cartesian_control_msgs/include/cartesian_control_msgs/cartesian_control_msgs/msg/cartesian_trajectory.h
[8.722s] -- Installing: /openarm_ws/src/install/cartesian_control_msgs/include/cartesian_control_msgs/cartesian_control_msgs/msg/cartesian_trajectory_point.h
[8.722s] -- Installing: /openarm_ws/src/install/cartesian_control_msgs/include/cartesian_control_msgs/cartesian_control_msgs/msg/cartesian_tolerance.h
[8.722s] -- Installing: /openarm_ws/src/install/cartesian_control_msgs/include/cartesian_control_msgs/cartesian_control_msgs/msg/detail
[8.722s] -- Installing: /openarm_ws/src/install/cartesian_control_msgs/include/cartesian_control_msgs/cartesian_control_msgs/msg/detail/cartesian_posture__functions.h
[8.723s] -- Installing: /openarm_ws/src/install/cartesian_control_msgs/include/cartesian_control_msgs/cartesian_control_msgs/msg/detail/cartesian_trajectory__description.c
[8.723s] -- Installing: /openarm_ws/src/install/cartesian_control_msgs/include/cartesian_control_msgs/cartesian_control_msgs/msg/detail/cartesian_trajectory_point__struct.h
[8.723s] -- Installing: /openarm_ws/src/install/cartesian_control_msgs/include/cartesian_control_msgs/cartesian_control_msgs/msg/detail/cartesian_tolerance__functions.c
[8.723s] -- Installing: /openarm_ws/src/install/cartesian_control_msgs/include/cartesian_control_msgs/cartesian_control_msgs/msg/detail/cartesian_trajectory__functions.c
[8.723s] -- Installing: /openarm_ws/src/install/cartesian_control_msgs/include/cartesian_control_msgs/cartesian_control_msgs/msg/detail/cartesian_trajectory__type_support.h
[8.723s] -- Installing: /openarm_ws/src/install/cartesian_control_msgs/include/cartesian_control_msgs/cartesian_control_msgs/msg/detail/cartesian_trajectory_point__functions.c
[8.723s] -- Installing: /openarm_ws/src/install/cartesian_control_msgs/include/cartesian_control_msgs/cartesian_control_msgs/msg/detail/cartesian_posture__functions.c
[8.724s] -- Installing: /openarm_ws/src/install/cartesian_control_msgs/include/cartesian_control_msgs/cartesian_control_msgs/msg/detail/cartesian_tolerance__type_support.c
[8.724s] -- Installing: /openarm_ws/src/install/cartesian_control_msgs/include/cartesian_control_msgs/cartesian_control_msgs/msg/detail/cartesian_trajectory_point__type_support.h
[8.724s] -- Installing: /openarm_ws/src/install/cartesian_control_msgs/include/cartesian_control_msgs/cartesian_control_msgs/msg/detail/cartesian_tolerance__description.c
[8.724s] -- Installing: /openarm_ws/src/install/cartesian_control_msgs/include/cartesian_control_msgs/cartesian_control_msgs/msg/detail/cartesian_posture__struct.h
[8.724s] -- Installing: /openarm_ws/src/install/cartesian_control_msgs/include/cartesian_control_msgs/cartesian_control_msgs/msg/detail/cartesian_trajectory_point__type_support.c
[8.724s] -- Installing: /openarm_ws/src/install/cartesian_control_msgs/include/cartesian_control_msgs/cartesian_control_msgs/msg/detail/cartesian_trajectory_point__description.c
[8.724s] -- Installing: /openarm_ws/src/install/cartesian_control_msgs/include/cartesian_control_msgs/cartesian_control_msgs/msg/detail/cartesian_posture__description.c
[8.724s] -- Installing: /openarm_ws/src/install/cartesian_control_msgs/include/cartesian_control_msgs/cartesian_control_msgs/msg/detail/cartesian_tolerance__functions.h
[8.725s] -- Installing: /openarm_ws/src/install/cartesian_control_msgs/include/cartesian_control_msgs/cartesian_control_msgs/msg/detail/cartesian_trajectory__struct.h
[8.725s] -- Installing: /openarm_ws/src/install/cartesian_control_msgs/include/cartesian_control_msgs/cartesian_control_msgs/msg/detail/cartesian_trajectory__functions.h
[8.725s] -- Installing: /openarm_ws/src/install/cartesian_control_msgs/include/cartesian_control_msgs/cartesian_control_msgs/msg/detail/cartesian_posture__type_support.h
[8.725s] -- Installing: /openarm_ws/src/install/cartesian_control_msgs/include/cartesian_control_msgs/cartesian_control_msgs/msg/detail/cartesian_trajectory__type_support.c
[8.725s] -- Installing: /openarm_ws/src/install/cartesian_control_msgs/include/cartesian_control_msgs/cartesian_control_msgs/msg/detail/cartesian_posture__type_support.c
[8.725s] -- Installing: /openarm_ws/src/install/cartesian_control_msgs/include/cartesian_control_msgs/cartesian_control_msgs/msg/detail/cartesian_tolerance__type_support.h
[8.725s] -- Installing: /openarm_ws/src/install/cartesian_control_msgs/include/cartesian_control_msgs/cartesian_control_msgs/msg/detail/cartesian_trajectory_point__functions.h
[8.726s] -- Installing: /openarm_ws/src/install/cartesian_control_msgs/include/cartesian_control_msgs/cartesian_control_msgs/msg/detail/cartesian_tolerance__struct.h
[8.726s] -- Installing: /openarm_ws/src/install/cartesian_control_msgs/share/cartesian_control_msgs/environment/library_path.sh
[8.726s] -- Installing: /openarm_ws/src/install/cartesian_control_msgs/share/cartesian_control_msgs/environment/library_path.dsv
[8.726s] -- Installing: /openarm_ws/src/install/cartesian_control_msgs/lib/libcartesian_control_msgs__rosidl_generator_c.so
[8.726s] -- Set non-toolchain portion of runtime path of "/openarm_ws/src/install/cartesian_control_msgs/lib/libcartesian_control_msgs__rosidl_generator_c.so" to ""
[8.726s] -- Up-to-date: /openarm_ws/src/install/cartesian_control_msgs/include/cartesian_control_msgs/cartesian_control_msgs
[8.726s] -- Up-to-date: /openarm_ws/src/install/cartesian_control_msgs/include/cartesian_control_msgs/cartesian_control_msgs/action
[8.727s] -- Up-to-date: /openarm_ws/src/install/cartesian_control_msgs/include/cartesian_control_msgs/cartesian_control_msgs/action/detail
[8.727s] -- Installing: /openarm_ws/src/install/cartesian_control_msgs/include/cartesian_control_msgs/cartesian_control_msgs/action/detail/follow_cartesian_trajectory__rosidl_typesupport_fastrtps_c.h
[8.727s] -- Up-to-date: /openarm_ws/src/install/cartesian_control_msgs/include/cartesian_control_msgs/cartesian_control_msgs/msg
[8.727s] -- Up-to-date: /openarm_ws/src/install/cartesian_control_msgs/include/cartesian_control_msgs/cartesian_control_msgs/msg/detail
[8.727s] -- Installing: /openarm_ws/src/install/cartesian_control_msgs/include/cartesian_control_msgs/cartesian_control_msgs/msg/detail/cartesian_trajectory_point__rosidl_typesupport_fastrtps_c.h
[8.727s] -- Installing: /openarm_ws/src/install/cartesian_control_msgs/include/cartesian_control_msgs/cartesian_control_msgs/msg/detail/cartesian_posture__rosidl_typesupport_fastrtps_c.h
[8.727s] -- Installing: /openarm_ws/src/install/cartesian_control_msgs/include/cartesian_control_msgs/cartesian_control_msgs/msg/detail/cartesian_trajectory__rosidl_typesupport_fastrtps_c.h
[8.728s] -- Installing: /openarm_ws/src/install/cartesian_control_msgs/include/cartesian_control_msgs/cartesian_control_msgs/msg/detail/cartesian_tolerance__rosidl_typesupport_fastrtps_c.h
[8.728s] -- Installing: /openarm_ws/src/install/cartesian_control_msgs/include/cartesian_control_msgs/cartesian_control_msgs/msg/rosidl_typesupport_fastrtps_c__visibility_control.h
[8.728s] -- Installing: /openarm_ws/src/install/cartesian_control_msgs/lib/libcartesian_control_msgs__rosidl_typesupport_fastrtps_c.so
[8.728s] -- Set non-toolchain portion of runtime path of "/openarm_ws/src/install/cartesian_control_msgs/lib/libcartesian_control_msgs__rosidl_typesupport_fastrtps_c.so" to ""
[8.728s] -- Up-to-date: /openarm_ws/src/install/cartesian_control_msgs/include/cartesian_control_msgs/cartesian_control_msgs
[8.728s] -- Up-to-date: /openarm_ws/src/install/cartesian_control_msgs/include/cartesian_control_msgs/cartesian_control_msgs/action
[8.729s] -- Installing: /openarm_ws/src/install/cartesian_control_msgs/include/cartesian_control_msgs/cartesian_control_msgs/action/follow_cartesian_trajectory.hpp
[8.729s] -- Up-to-date: /openarm_ws/src/install/cartesian_control_msgs/include/cartesian_control_msgs/cartesian_control_msgs/action/detail
[8.729s] -- Installing: /openarm_ws/src/install/cartesian_control_msgs/include/cartesian_control_msgs/cartesian_control_msgs/action/detail/follow_cartesian_trajectory__builder.hpp
[8.729s] -- Installing: /openarm_ws/src/install/cartesian_control_msgs/include/cartesian_control_msgs/cartesian_control_msgs/action/detail/follow_cartesian_trajectory__traits.hpp
[8.729s] -- Installing: /openarm_ws/src/install/cartesian_control_msgs/include/cartesian_control_msgs/cartesian_control_msgs/action/detail/follow_cartesian_trajectory__type_support.hpp
[8.729s] -- Installing: /openarm_ws/src/install/cartesian_control_msgs/include/cartesian_control_msgs/cartesian_control_msgs/action/detail/follow_cartesian_trajectory__struct.hpp
[8.729s] -- Up-to-date: /openarm_ws/src/install/cartesian_control_msgs/include/cartesian_control_msgs/cartesian_control_msgs/msg
[8.729s] -- Installing: /openarm_ws/src/install/cartesian_control_msgs/include/cartesian_control_msgs/cartesian_control_msgs/msg/cartesian_trajectory_point.hpp
[8.730s] -- Installing: /openarm_ws/src/install/cartesian_control_msgs/include/cartesian_control_msgs/cartesian_control_msgs/msg/cartesian_trajectory.hpp
[8.730s] -- Installing: /openarm_ws/src/install/cartesian_control_msgs/include/cartesian_control_msgs/cartesian_control_msgs/msg/rosidl_generator_cpp__visibility_control.hpp
[8.730s] -- Up-to-date: /openarm_ws/src/install/cartesian_control_msgs/include/cartesian_control_msgs/cartesian_control_msgs/msg/detail
[8.730s] -- Installing: /openarm_ws/src/install/cartesian_control_msgs/include/cartesian_control_msgs/cartesian_control_msgs/msg/detail/cartesian_posture__struct.hpp
[8.730s] -- Installing: /openarm_ws/src/install/cartesian_control_msgs/include/cartesian_control_msgs/cartesian_control_msgs/msg/detail/cartesian_tolerance__traits.hpp
[8.730s] -- Installing: /openarm_ws/src/install/cartesian_control_msgs/include/cartesian_control_msgs/cartesian_control_msgs/msg/detail/cartesian_tolerance__struct.hpp
[8.730s] -- Installing: /openarm_ws/src/install/cartesian_control_msgs/include/cartesian_control_msgs/cartesian_control_msgs/msg/detail/cartesian_trajectory_point__struct.hpp
[8.730s] -- Installing: /openarm_ws/src/install/cartesian_control_msgs/include/cartesian_control_msgs/cartesian_control_msgs/msg/detail/cartesian_tolerance__type_support.hpp
[8.731s] -- Installing: /openarm_ws/src/install/cartesian_control_msgs/include/cartesian_control_msgs/cartesian_control_msgs/msg/detail/cartesian_trajectory__type_support.hpp
[8.731s] -- Installing: /openarm_ws/src/install/cartesian_control_msgs/include/cartesian_control_msgs/cartesian_control_msgs/msg/detail/cartesian_trajectory__builder.hpp
[8.731s] -- Installing: /openarm_ws/src/install/cartesian_control_msgs/include/cartesian_control_msgs/cartesian_control_msgs/msg/detail/cartesian_trajectory_point__builder.hpp
[8.731s] -- Installing: /openarm_ws/src/install/cartesian_control_msgs/include/cartesian_control_msgs/cartesian_control_msgs/msg/detail/cartesian_trajectory__traits.hpp
[8.731s] -- Installing: /openarm_ws/src/install/cartesian_control_msgs/include/cartesian_control_msgs/cartesian_control_msgs/msg/detail/cartesian_trajectory_point__type_support.hpp
[8.732s] -- Installing: /openarm_ws/src/install/cartesian_control_msgs/include/cartesian_control_msgs/cartesian_control_msgs/msg/detail/cartesian_trajectory_point__traits.hpp
[8.732s] -- Installing: /openarm_ws/src/install/cartesian_control_msgs/include/cartesian_control_msgs/cartesian_control_msgs/msg/detail/cartesian_posture__builder.hpp
[8.732s] -- Installing: /openarm_ws/src/install/cartesian_control_msgs/include/cartesian_control_msgs/cartesian_control_msgs/msg/detail/cartesian_trajectory__struct.hpp
[8.732s] -- Installing: /openarm_ws/src/install/cartesian_control_msgs/include/cartesian_control_msgs/cartesian_control_msgs/msg/detail/cartesian_tolerance__builder.hpp
[8.732s] -- Installing: /openarm_ws/src/install/cartesian_control_msgs/include/cartesian_control_msgs/cartesian_control_msgs/msg/detail/cartesian_posture__type_support.hpp
[8.732s] -- Installing: /openarm_ws/src/install/cartesian_control_msgs/include/cartesian_control_msgs/cartesian_control_msgs/msg/detail/cartesian_posture__traits.hpp
[8.733s] -- Installing: /openarm_ws/src/install/cartesian_control_msgs/include/cartesian_control_msgs/cartesian_control_msgs/msg/cartesian_posture.hpp
[8.733s] -- Installing: /openarm_ws/src/install/cartesian_control_msgs/include/cartesian_control_msgs/cartesian_control_msgs/msg/cartesian_tolerance.hpp
[8.733s] -- Up-to-date: /openarm_ws/src/install/cartesian_control_msgs/include/cartesian_control_msgs/cartesian_control_msgs
[8.733s] -- Up-to-date: /openarm_ws/src/install/cartesian_control_msgs/include/cartesian_control_msgs/cartesian_control_msgs/action
[8.733s] -- Up-to-date: /openarm_ws/src/install/cartesian_control_msgs/include/cartesian_control_msgs/cartesian_control_msgs/action/detail
[8.733s] -- Installing: /openarm_ws/src/install/cartesian_control_msgs/include/cartesian_control_msgs/cartesian_control_msgs/action/detail/dds_fastrtps
[8.733s] -- Installing: /openarm_ws/src/install/cartesian_control_msgs/include/cartesian_control_msgs/cartesian_control_msgs/action/detail/follow_cartesian_trajectory__rosidl_typesupport_fastrtps_cpp.hpp
[8.734s] -- Up-to-date: /openarm_ws/src/install/cartesian_control_msgs/include/cartesian_control_msgs/cartesian_control_msgs/msg
[8.734s] -- Up-to-date: /openarm_ws/src/install/cartesian_control_msgs/include/cartesian_control_msgs/cartesian_control_msgs/msg/detail
[8.734s] -- Installing: /openarm_ws/src/install/cartesian_control_msgs/include/cartesian_control_msgs/cartesian_control_msgs/msg/detail/cartesian_tolerance__rosidl_typesupport_fastrtps_cpp.hpp
[8.734s] -- Installing: /openarm_ws/src/install/cartesian_control_msgs/include/cartesian_control_msgs/cartesian_control_msgs/msg/detail/cartesian_trajectory_point__rosidl_typesupport_fastrtps_cpp.hpp
[8.734s] -- Installing: /openarm_ws/src/install/cartesian_control_msgs/include/cartesian_control_msgs/cartesian_control_msgs/msg/detail/cartesian_posture__rosidl_typesupport_fastrtps_cpp.hpp
[8.734s] -- Installing: /openarm_ws/src/install/cartesian_control_msgs/include/cartesian_control_msgs/cartesian_control_msgs/msg/detail/cartesian_trajectory__rosidl_typesupport_fastrtps_cpp.hpp
[8.734s] -- Installing: /openarm_ws/src/install/cartesian_control_msgs/include/cartesian_control_msgs/cartesian_control_msgs/msg/detail/dds_fastrtps
[8.735s] -- Installing: /openarm_ws/src/install/cartesian_control_msgs/include/cartesian_control_msgs/cartesian_control_msgs/msg/rosidl_typesupport_fastrtps_cpp__visibility_control.h
[8.735s] -- Installing: /openarm_ws/src/install/cartesian_control_msgs/lib/libcartesian_control_msgs__rosidl_typesupport_fastrtps_cpp.so
[8.735s] -- Set non-toolchain portion of runtime path of "/openarm_ws/src/install/cartesian_control_msgs/lib/libcartesian_control_msgs__rosidl_typesupport_fastrtps_cpp.so" to ""
[8.735s] -- Up-to-date: /openarm_ws/src/install/cartesian_control_msgs/include/cartesian_control_msgs/cartesian_control_msgs
[8.735s] -- Up-to-date: /openarm_ws/src/install/cartesian_control_msgs/include/cartesian_control_msgs/cartesian_control_msgs/action
[8.735s] -- Up-to-date: /openarm_ws/src/install/cartesian_control_msgs/include/cartesian_control_msgs/cartesian_control_msgs/action/detail
[8.736s] -- Installing: /openarm_ws/src/install/cartesian_control_msgs/include/cartesian_control_msgs/cartesian_control_msgs/action/detail/follow_cartesian_trajectory__type_support.c
[8.736s] -- Installing: /openarm_ws/src/install/cartesian_control_msgs/include/cartesian_control_msgs/cartesian_control_msgs/action/detail/follow_cartesian_trajectory__rosidl_typesupport_introspection_c.h
[8.736s] -- Up-to-date: /openarm_ws/src/install/cartesian_control_msgs/include/cartesian_control_msgs/cartesian_control_msgs/msg
[8.736s] -- Up-to-date: /openarm_ws/src/install/cartesian_control_msgs/include/cartesian_control_msgs/cartesian_control_msgs/msg/detail
[8.736s] -- Installing: /openarm_ws/src/install/cartesian_control_msgs/include/cartesian_control_msgs/cartesian_control_msgs/msg/detail/cartesian_tolerance__rosidl_typesupport_introspection_c.h
[8.736s] -- Up-to-date: /openarm_ws/src/install/cartesian_control_msgs/include/cartesian_control_msgs/cartesian_control_msgs/msg/detail/cartesian_tolerance__type_support.c
[8.737s] -- Up-to-date: /openarm_ws/src/install/cartesian_control_msgs/include/cartesian_control_msgs/cartesian_control_msgs/msg/detail/cartesian_trajectory_point__type_support.c
[8.737s] -- Installing: /openarm_ws/src/install/cartesian_control_msgs/include/cartesian_control_msgs/cartesian_control_msgs/msg/detail/cartesian_posture__rosidl_typesupport_introspection_c.h
[8.737s] -- Installing: /openarm_ws/src/install/cartesian_control_msgs/include/cartesian_control_msgs/cartesian_control_msgs/msg/detail/cartesian_trajectory_point__rosidl_typesupport_introspection_c.h
[8.737s] -- Up-to-date: /openarm_ws/src/install/cartesian_control_msgs/include/cartesian_control_msgs/cartesian_control_msgs/msg/detail/cartesian_trajectory__type_support.c
[8.737s] -- Installing: /openarm_ws/src/install/cartesian_control_msgs/include/cartesian_control_msgs/cartesian_control_msgs/msg/detail/cartesian_posture__type_support.c
[8.737s] -- Installing: /openarm_ws/src/install/cartesian_control_msgs/include/cartesian_control_msgs/cartesian_control_msgs/msg/detail/cartesian_trajectory__rosidl_typesupport_introspection_c.h
[8.737s] -- Installing: /openarm_ws/src/install/cartesian_control_msgs/include/cartesian_control_msgs/cartesian_control_msgs/msg/rosidl_typesupport_introspection_c__visibility_control.h
[8.738s] -- Installing: /openarm_ws/src/install/cartesian_control_msgs/lib/libcartesian_control_msgs__rosidl_typesupport_introspection_c.so
[8.738s] -- Set non-toolchain portion of runtime path of "/openarm_ws/src/install/cartesian_control_msgs/lib/libcartesian_control_msgs__rosidl_typesupport_introspection_c.so" to ""
[8.738s] -- Installing: /openarm_ws/src/install/cartesian_control_msgs/lib/libcartesian_control_msgs__rosidl_typesupport_c.so
[8.738s] -- Set non-toolchain portion of runtime path of "/openarm_ws/src/install/cartesian_control_msgs/lib/libcartesian_control_msgs__rosidl_typesupport_c.so" to ""
[8.738s] -- Up-to-date: /openarm_ws/src/install/cartesian_control_msgs/include/cartesian_control_msgs/cartesian_control_msgs
[8.738s] -- Up-to-date: /openarm_ws/src/install/cartesian_control_msgs/include/cartesian_control_msgs/cartesian_control_msgs/action
[8.738s] -- Up-to-date: /openarm_ws/src/install/cartesian_control_msgs/include/cartesian_control_msgs/cartesian_control_msgs/action/detail
[8.738s] -- Installing: /openarm_ws/src/install/cartesian_control_msgs/include/cartesian_control_msgs/cartesian_control_msgs/action/detail/follow_cartesian_trajectory__type_support.cpp
[8.739s] -- Installing: /openarm_ws/src/install/cartesian_control_msgs/include/cartesian_control_msgs/cartesian_control_msgs/action/detail/follow_cartesian_trajectory__rosidl_typesupport_introspection_cpp.hpp
[8.739s] -- Up-to-date: /openarm_ws/src/install/cartesian_control_msgs/include/cartesian_control_msgs/cartesian_control_msgs/msg
[8.739s] -- Up-to-date: /openarm_ws/src/install/cartesian_control_msgs/include/cartesian_control_msgs/cartesian_control_msgs/msg/detail
[8.740s] -- Installing: /openarm_ws/src/install/cartesian_control_msgs/include/cartesian_control_msgs/cartesian_control_msgs/msg/detail/cartesian_trajectory__rosidl_typesupport_introspection_cpp.hpp
[8.740s] -- Installing: /openarm_ws/src/install/cartesian_control_msgs/include/cartesian_control_msgs/cartesian_control_msgs/msg/detail/cartesian_posture__rosidl_typesupport_introspection_cpp.hpp
[8.740s] -- Installing: /openarm_ws/src/install/cartesian_control_msgs/include/cartesian_control_msgs/cartesian_control_msgs/msg/detail/cartesian_tolerance__rosidl_typesupport_introspection_cpp.hpp
[8.740s] -- Installing: /openarm_ws/src/install/cartesian_control_msgs/include/cartesian_control_msgs/cartesian_control_msgs/msg/detail/cartesian_trajectory__type_support.cpp
[8.740s] -- Installing: /openarm_ws/src/install/cartesian_control_msgs/include/cartesian_control_msgs/cartesian_control_msgs/msg/detail/cartesian_tolerance__type_support.cpp
[8.740s] -- Installing: /openarm_ws/src/install/cartesian_control_msgs/include/cartesian_control_msgs/cartesian_control_msgs/msg/detail/cartesian_posture__type_support.cpp
[8.740s] -- Installing: /openarm_ws/src/install/cartesian_control_msgs/include/cartesian_control_msgs/cartesian_control_msgs/msg/detail/cartesian_trajectory_point__type_support.cpp
[8.741s] -- Installing: /openarm_ws/src/install/cartesian_control_msgs/include/cartesian_control_msgs/cartesian_control_msgs/msg/detail/cartesian_trajectory_point__rosidl_typesupport_introspection_cpp.hpp
[8.741s] -- Installing: /openarm_ws/src/install/cartesian_control_msgs/lib/libcartesian_control_msgs__rosidl_typesupport_introspection_cpp.so
[8.741s] -- Set non-toolchain portion of runtime path of "/openarm_ws/src/install/cartesian_control_msgs/lib/libcartesian_control_msgs__rosidl_typesupport_introspection_cpp.so" to ""
[8.741s] -- Installing: /openarm_ws/src/install/cartesian_control_msgs/lib/libcartesian_control_msgs__rosidl_typesupport_cpp.so
[8.741s] -- Set non-toolchain portion of runtime path of "/openarm_ws/src/install/cartesian_control_msgs/lib/libcartesian_control_msgs__rosidl_typesupport_cpp.so" to ""
[8.741s] -- Installing: /openarm_ws/src/install/cartesian_control_msgs/share/cartesian_control_msgs/environment/pythonpath.sh
[8.741s] -- Installing: /openarm_ws/src/install/cartesian_control_msgs/share/cartesian_control_msgs/environment/pythonpath.dsv
[8.742s] -- Installing: /openarm_ws/src/install/cartesian_control_msgs/lib/python3.12/site-packages/cartesian_control_msgs-0.1.0-py3.12.egg-info
[8.742s] -- Installing: /openarm_ws/src/install/cartesian_control_msgs/lib/python3.12/site-packages/cartesian_control_msgs-0.1.0-py3.12.egg-info/top_level.txt
[8.742s] -- Installing: /openarm_ws/src/install/cartesian_control_msgs/lib/python3.12/site-packages/cartesian_control_msgs-0.1.0-py3.12.egg-info/dependency_links.txt
[8.742s] -- Installing: /openarm_ws/src/install/cartesian_control_msgs/lib/python3.12/site-packages/cartesian_control_msgs-0.1.0-py3.12.egg-info/PKG-INFO
[8.742s] -- Installing: /openarm_ws/src/install/cartesian_control_msgs/lib/python3.12/site-packages/cartesian_control_msgs-0.1.0-py3.12.egg-info/SOURCES.txt
[8.742s] -- Installing: /openarm_ws/src/install/cartesian_control_msgs/lib/python3.12/site-packages/cartesian_control_msgs
[8.742s] -- Installing: /openarm_ws/src/install/cartesian_control_msgs/lib/python3.12/site-packages/cartesian_control_msgs/cartesian_control_msgs_s__rosidl_typesupport_c.so
[8.743s] -- Installing: /openarm_ws/src/install/cartesian_control_msgs/lib/python3.12/site-packages/cartesian_control_msgs/_cartesian_control_msgs_s.ep.rosidl_typesupport_introspection_c.c
[8.743s] -- Installing: /openarm_ws/src/install/cartesian_control_msgs/lib/python3.12/site-packages/cartesian_control_msgs/__init__.py
[8.743s] -- Installing: /openarm_ws/src/install/cartesian_control_msgs/lib/python3.12/site-packages/cartesian_control_msgs/action
[8.743s] -- Installing: /openarm_ws/src/install/cartesian_control_msgs/lib/python3.12/site-packages/cartesian_control_msgs/action/__init__.py
[8.743s] -- Installing: /openarm_ws/src/install/cartesian_control_msgs/lib/python3.12/site-packages/cartesian_control_msgs/action/_follow_cartesian_trajectory_s.c
[8.743s] -- Installing: /openarm_ws/src/install/cartesian_control_msgs/lib/python3.12/site-packages/cartesian_control_msgs/action/_follow_cartesian_trajectory.py
[8.743s] -- Installing: /openarm_ws/src/install/cartesian_control_msgs/lib/python3.12/site-packages/cartesian_control_msgs/msg
[8.744s] -- Installing: /openarm_ws/src/install/cartesian_control_msgs/lib/python3.12/site-packages/cartesian_control_msgs/msg/_cartesian_tolerance_s.c
[8.744s] -- Installing: /openarm_ws/src/install/cartesian_control_msgs/lib/python3.12/site-packages/cartesian_control_msgs/msg/_cartesian_trajectory_point_s.c
[8.744s] -- Installing: /openarm_ws/src/install/cartesian_control_msgs/lib/python3.12/site-packages/cartesian_control_msgs/msg/_cartesian_trajectory_point.py
[8.744s] -- Installing: /openarm_ws/src/install/cartesian_control_msgs/lib/python3.12/site-packages/cartesian_control_msgs/msg/_cartesian_trajectory.py
[8.744s] -- Installing: /openarm_ws/src/install/cartesian_control_msgs/lib/python3.12/site-packages/cartesian_control_msgs/msg/__init__.py
[8.744s] -- Installing: /openarm_ws/src/install/cartesian_control_msgs/lib/python3.12/site-packages/cartesian_control_msgs/msg/_cartesian_posture.py
[8.744s] -- Installing: /openarm_ws/src/install/cartesian_control_msgs/lib/python3.12/site-packages/cartesian_control_msgs/msg/_cartesian_trajectory_s.c
[8.745s] -- Installing: /openarm_ws/src/install/cartesian_control_msgs/lib/python3.12/site-packages/cartesian_control_msgs/msg/_cartesian_tolerance.py
[8.745s] -- Installing: /openarm_ws/src/install/cartesian_control_msgs/lib/python3.12/site-packages/cartesian_control_msgs/msg/_cartesian_posture_s.c
[8.745s] -- Installing: /openarm_ws/src/install/cartesian_control_msgs/lib/python3.12/site-packages/cartesian_control_msgs/cartesian_control_msgs_s__rosidl_typesupport_introspection_c.so
[8.745s] -- Installing: /openarm_ws/src/install/cartesian_control_msgs/lib/python3.12/site-packages/cartesian_control_msgs/cartesian_control_msgs_s__rosidl_typesupport_fastrtps_c.so
[8.745s] -- Installing: /openarm_ws/src/install/cartesian_control_msgs/lib/python3.12/site-packages/cartesian_control_msgs/_cartesian_control_msgs_s.ep.rosidl_typesupport_fastrtps_c.c
[8.745s] -- Installing: /openarm_ws/src/install/cartesian_control_msgs/lib/python3.12/site-packages/cartesian_control_msgs/_cartesian_control_msgs_s.ep.rosidl_typesupport_c.c
[8.793s] Listing '/openarm_ws/src/install/cartesian_control_msgs/lib/python3.12/site-packages/cartesian_control_msgs'...
[8.794s] Compiling '/openarm_ws/src/install/cartesian_control_msgs/lib/python3.12/site-packages/cartesian_control_msgs/__init__.py'...
[8.794s] Listing '/openarm_ws/src/install/cartesian_control_msgs/lib/python3.12/site-packages/cartesian_control_msgs/action'...
[8.794s] Compiling '/openarm_ws/src/install/cartesian_control_msgs/lib/python3.12/site-packages/cartesian_control_msgs/action/__init__.py'...
[8.794s] Compiling '/openarm_ws/src/install/cartesian_control_msgs/lib/python3.12/site-packages/cartesian_control_msgs/action/_follow_cartesian_trajectory.py'...
[8.794s] Listing '/openarm_ws/src/install/cartesian_control_msgs/lib/python3.12/site-packages/cartesian_control_msgs/msg'...
[8.794s] Compiling '/openarm_ws/src/install/cartesian_control_msgs/lib/python3.12/site-packages/cartesian_control_msgs/msg/__init__.py'...
[8.794s] Compiling '/openarm_ws/src/install/cartesian_control_msgs/lib/python3.12/site-packages/cartesian_control_msgs/msg/_cartesian_posture.py'...
[8.795s] Compiling '/openarm_ws/src/install/cartesian_control_msgs/lib/python3.12/site-packages/cartesian_control_msgs/msg/_cartesian_tolerance.py'...
[8.795s] Compiling '/openarm_ws/src/install/cartesian_control_msgs/lib/python3.12/site-packages/cartesian_control_msgs/msg/_cartesian_trajectory.py'...
[8.795s] Compiling '/openarm_ws/src/install/cartesian_control_msgs/lib/python3.12/site-packages/cartesian_control_msgs/msg/_cartesian_trajectory_point.py'...
[8.802s] -- Installing: /openarm_ws/src/install/cartesian_control_msgs/lib/python3.12/site-packages/cartesian_control_msgs/cartesian_control_msgs_s__rosidl_typesupport_fastrtps_c.so
[8.803s] -- Set non-toolchain portion of runtime path of "/openarm_ws/src/install/cartesian_control_msgs/lib/python3.12/site-packages/cartesian_control_msgs/cartesian_control_msgs_s__rosidl_typesupport_fastrtps_c.so" to ""
[8.803s] -- Installing: /openarm_ws/src/install/cartesian_control_msgs/lib/python3.12/site-packages/cartesian_control_msgs/cartesian_control_msgs_s__rosidl_typesupport_introspection_c.so
[8.804s] -- Set non-toolchain portion of runtime path of "/openarm_ws/src/install/cartesian_control_msgs/lib/python3.12/site-packages/cartesian_control_msgs/cartesian_control_msgs_s__rosidl_typesupport_introspection_c.so" to ""
[8.804s] -- Installing: /openarm_ws/src/install/cartesian_control_msgs/lib/python3.12/site-packages/cartesian_control_msgs/cartesian_control_msgs_s__rosidl_typesupport_c.so
[8.804s] -- Set non-toolchain portion of runtime path of "/openarm_ws/src/install/cartesian_control_msgs/lib/python3.12/site-packages/cartesian_control_msgs/cartesian_control_msgs_s__rosidl_typesupport_c.so" to ""
[8.804s] -- Installing: /openarm_ws/src/install/cartesian_control_msgs/lib/libcartesian_control_msgs__rosidl_generator_py.so
[8.805s] -- Set non-toolchain portion of runtime path of "/openarm_ws/src/install/cartesian_control_msgs/lib/libcartesian_control_msgs__rosidl_generator_py.so" to ""
[8.805s] -- Installing: /openarm_ws/src/install/cartesian_control_msgs/share/ament_index/resource_index/rust_packages/cartesian_control_msgs
[8.805s] -- Installing: /openarm_ws/src/install/cartesian_control_msgs/share/cartesian_control_msgs/rust
[8.805s] -- Installing: /openarm_ws/src/install/cartesian_control_msgs/share/cartesian_control_msgs/rust/src
[8.806s] -- Installing: /openarm_ws/src/install/cartesian_control_msgs/share/cartesian_control_msgs/rust/src/action.rs
[8.806s] -- Installing: /openarm_ws/src/install/cartesian_control_msgs/share/cartesian_control_msgs/rust/src/lib.rs
[8.806s] -- Installing: /openarm_ws/src/install/cartesian_control_msgs/share/cartesian_control_msgs/rust/src/action
[8.806s] -- Installing: /openarm_ws/src/install/cartesian_control_msgs/share/cartesian_control_msgs/rust/src/action/rmw.rs
[8.806s] -- Installing: /openarm_ws/src/install/cartesian_control_msgs/share/cartesian_control_msgs/rust/src/msg.rs
[8.806s] -- Installing: /openarm_ws/src/install/cartesian_control_msgs/share/cartesian_control_msgs/rust/src/msg
[8.807s] -- Installing: /openarm_ws/src/install/cartesian_control_msgs/share/cartesian_control_msgs/rust/src/msg/rmw.rs
[8.807s] -- Installing: /openarm_ws/src/install/cartesian_control_msgs/share/cartesian_control_msgs/rust/Cargo.toml
[8.807s] -- Installing: /openarm_ws/src/install/cartesian_control_msgs/share/cartesian_control_msgs/rust/build.rs
[8.807s] -- Installing: /openarm_ws/src/install/cartesian_control_msgs/share/cartesian_control_msgs/action/FollowCartesianTrajectory.idl
[8.807s] -- Installing: /openarm_ws/src/install/cartesian_control_msgs/share/cartesian_control_msgs/msg/CartesianPosture.idl
[8.807s] -- Installing: /openarm_ws/src/install/cartesian_control_msgs/share/cartesian_control_msgs/msg/CartesianTolerance.idl
[8.807s] -- Installing: /openarm_ws/src/install/cartesian_control_msgs/share/cartesian_control_msgs/msg/CartesianTrajectory.idl
[8.808s] -- Installing: /openarm_ws/src/install/cartesian_control_msgs/share/cartesian_control_msgs/msg/CartesianTrajectoryPoint.idl
[8.808s] -- Installing: /openarm_ws/src/install/cartesian_control_msgs/share/cartesian_control_msgs/action/FollowCartesianTrajectory.action
[8.808s] -- Installing: /openarm_ws/src/install/cartesian_control_msgs/share/cartesian_control_msgs/msg/CartesianPosture.msg
[8.808s] -- Installing: /openarm_ws/src/install/cartesian_control_msgs/share/cartesian_control_msgs/msg/CartesianTolerance.msg
[8.808s] -- Installing: /openarm_ws/src/install/cartesian_control_msgs/share/cartesian_control_msgs/msg/CartesianTrajectory.msg
[8.808s] -- Installing: /openarm_ws/src/install/cartesian_control_msgs/share/cartesian_control_msgs/msg/CartesianTrajectoryPoint.msg
[8.809s] -- Installing: /openarm_ws/src/install/cartesian_control_msgs/share/ament_index/resource_index/package_run_dependencies/cartesian_control_msgs
[8.809s] -- Installing: /openarm_ws/src/install/cartesian_control_msgs/share/ament_index/resource_index/parent_prefix_path/cartesian_control_msgs
[8.809s] -- Installing: /openarm_ws/src/install/cartesian_control_msgs/share/cartesian_control_msgs/environment/ament_prefix_path.sh
[8.809s] -- Installing: /openarm_ws/src/install/cartesian_control_msgs/share/cartesian_control_msgs/environment/ament_prefix_path.dsv
[8.809s] -- Installing: /openarm_ws/src/install/cartesian_control_msgs/share/cartesian_control_msgs/environment/path.sh
[8.809s] -- Installing: /openarm_ws/src/install/cartesian_control_msgs/share/cartesian_control_msgs/environment/path.dsv
[8.810s] -- Installing: /openarm_ws/src/install/cartesian_control_msgs/share/cartesian_control_msgs/local_setup.bash
[8.810s] -- Installing: /openarm_ws/src/install/cartesian_control_msgs/share/cartesian_control_msgs/local_setup.sh
[8.810s] -- Installing: /openarm_ws/src/install/cartesian_control_msgs/share/cartesian_control_msgs/local_setup.zsh
[8.810s] -- Installing: /openarm_ws/src/install/cartesian_control_msgs/share/cartesian_control_msgs/local_setup.dsv
[8.810s] -- Installing: /openarm_ws/src/install/cartesian_control_msgs/share/cartesian_control_msgs/package.dsv
[8.810s] -- Installing: /openarm_ws/src/install/cartesian_control_msgs/share/ament_index/resource_index/packages/cartesian_control_msgs
[8.810s] -- Installing: /openarm_ws/src/install/cartesian_control_msgs/share/cartesian_control_msgs/cmake/export_cartesian_control_msgs__rosidl_generator_cExport.cmake
[8.811s] -- Installing: /openarm_ws/src/install/cartesian_control_msgs/share/cartesian_control_msgs/cmake/export_cartesian_control_msgs__rosidl_generator_cExport-noconfig.cmake
[8.811s] -- Installing: /openarm_ws/src/install/cartesian_control_msgs/share/cartesian_control_msgs/cmake/export_cartesian_control_msgs__rosidl_typesupport_fastrtps_cExport.cmake
[8.811s] -- Installing: /openarm_ws/src/install/cartesian_control_msgs/share/cartesian_control_msgs/cmake/export_cartesian_control_msgs__rosidl_typesupport_fastrtps_cExport-noconfig.cmake
[8.811s] -- Installing: /openarm_ws/src/install/cartesian_control_msgs/share/cartesian_control_msgs/cmake/export_cartesian_control_msgs__rosidl_generator_cppExport.cmake
[8.811s] -- Installing: /openarm_ws/src/install/cartesian_control_msgs/share/cartesian_control_msgs/cmake/export_cartesian_control_msgs__rosidl_typesupport_fastrtps_cppExport.cmake
[8.811s] -- Installing: /openarm_ws/src/install/cartesian_control_msgs/share/cartesian_control_msgs/cmake/export_cartesian_control_msgs__rosidl_typesupport_fastrtps_cppExport-noconfig.cmake
[8.812s] -- Installing: /openarm_ws/src/install/cartesian_control_msgs/share/cartesian_control_msgs/cmake/cartesian_control_msgs__rosidl_typesupport_introspection_cExport.cmake
[8.812s] -- Installing: /openarm_ws/src/install/cartesian_control_msgs/share/cartesian_control_msgs/cmake/cartesian_control_msgs__rosidl_typesupport_introspection_cExport-noconfig.cmake
[8.812s] -- Installing: /openarm_ws/src/install/cartesian_control_msgs/share/cartesian_control_msgs/cmake/cartesian_control_msgs__rosidl_typesupport_cExport.cmake
[8.812s] -- Installing: /openarm_ws/src/install/cartesian_control_msgs/share/cartesian_control_msgs/cmake/cartesian_control_msgs__rosidl_typesupport_cExport-noconfig.cmake
[8.812s] -- Installing: /openarm_ws/src/install/cartesian_control_msgs/share/cartesian_control_msgs/cmake/cartesian_control_msgs__rosidl_typesupport_introspection_cppExport.cmake
[8.812s] -- Installing: /openarm_ws/src/install/cartesian_control_msgs/share/cartesian_control_msgs/cmake/cartesian_control_msgs__rosidl_typesupport_introspection_cppExport-noconfig.cmake
[8.813s] -- Installing: /openarm_ws/src/install/cartesian_control_msgs/share/cartesian_control_msgs/cmake/cartesian_control_msgs__rosidl_typesupport_cppExport.cmake
[8.813s] -- Installing: /openarm_ws/src/install/cartesian_control_msgs/share/cartesian_control_msgs/cmake/cartesian_control_msgs__rosidl_typesupport_cppExport-noconfig.cmake
[8.813s] -- Installing: /openarm_ws/src/install/cartesian_control_msgs/share/cartesian_control_msgs/cmake/export_cartesian_control_msgs__rosidl_generator_pyExport.cmake
[8.813s] -- Installing: /openarm_ws/src/install/cartesian_control_msgs/share/cartesian_control_msgs/cmake/export_cartesian_control_msgs__rosidl_generator_pyExport-noconfig.cmake
[8.813s] -- Installing: /openarm_ws/src/install/cartesian_control_msgs/share/cartesian_control_msgs/cmake/rosidl_cmake-extras.cmake
[8.813s] -- Installing: /openarm_ws/src/install/cartesian_control_msgs/share/cartesian_control_msgs/cmake/ament_cmake_export_dependencies-extras.cmake
[8.813s] -- Installing: /openarm_ws/src/install/cartesian_control_msgs/share/cartesian_control_msgs/cmake/ament_cmake_export_include_directories-extras.cmake
[8.814s] -- Installing: /openarm_ws/src/install/cartesian_control_msgs/share/cartesian_control_msgs/cmake/ament_cmake_export_libraries-extras.cmake
[8.814s] -- Installing: /openarm_ws/src/install/cartesian_control_msgs/share/cartesian_control_msgs/cmake/ament_cmake_export_targets-extras.cmake
[8.814s] -- Installing: /openarm_ws/src/install/cartesian_control_msgs/share/cartesian_control_msgs/cmake/rosidl_cmake_export_typesupport_targets-extras.cmake
[8.814s] -- Installing: /openarm_ws/src/install/cartesian_control_msgs/share/cartesian_control_msgs/cmake/rosidl_cmake_export_typesupport_libraries-extras.cmake
[8.814s] -- Installing: /openarm_ws/src/install/cartesian_control_msgs/share/cartesian_control_msgs/cmake/cartesian_control_msgsConfig.cmake
[8.814s] -- Installing: /openarm_ws/src/install/cartesian_control_msgs/share/cartesian_control_msgs/cmake/cartesian_control_msgsConfig-version.cmake
[8.814s] -- Installing: /openarm_ws/src/install/cartesian_control_msgs/share/cartesian_control_msgs/package.xml
[8.817s] Invoked command in '/openarm_ws/src/build/cartesian_control_msgs' returned '0': CMAKE_PREFIX_PATH=${CMAKE_PREFIX_PATH}:/opt/ros/jazzy /usr/bin/cmake --install /openarm_ws/src/build/cartesian_control_msgs
