[0.007s] Invoking command in '/openarm_ws/src/build/openarm_bringup': AMENT_PREFIX_PATH=/openarm_ws/src/install/openarm_bimanual_moveit_config:/openarm_ws/src/install/openarm_description:${AMENT_PREFIX_PATH} CMAKE_PREFIX_PATH=/openarm_ws/src/install/openarm_bimanual_moveit_config:/openarm_ws/src/install/openarm_description:/opt/ros/jazzy/opt/sdformat_vendor:/opt/ros/jazzy/opt/gz_math_vendor:/opt/ros/jazzy/opt/gz_utils_vendor:/opt/ros/jazzy/opt/gz_tools_vendor:/opt/ros/jazzy/opt/gz_cmake_vendor:/opt/ros/jazzy /usr/bin/cmake /openarm_ws/src/openarm_ros2/openarm_bringup -DCMAKE_INSTALL_PREFIX=/openarm_ws/src/install/openarm_bringup
[0.071s] -- The C compiler identification is GNU 13.3.0
[0.138s] -- The CXX compiler identification is GNU 13.3.0
[0.163s] -- Detecting C compiler ABI info
[0.288s] -- Detecting C compiler ABI info - done
[0.301s] -- Check for working C compiler: /usr/bin/cc - skipped
[0.303s] -- Detecting C compile features
[0.303s] -- Detecting C compile features - done
[0.315s] -- Detecting CXX compiler ABI info
[0.445s] -- Detecting CXX compiler ABI info - done
[0.455s] -- Check for working CXX compiler: /usr/bin/c++ - skipped
[0.455s] -- Detecting CXX compile features
[0.458s] -- Detecting CXX compile features - done
[0.462s] -- Found ament_cmake: 2.5.6 (/opt/ros/jazzy/share/ament_cmake/cmake)
[0.637s] -- Found Python3: /usr/bin/python3 (found version "3.12.3") found components: Interpreter 
[0.767s] -- Found ament_lint_auto: 0.17.5 (/opt/ros/jazzy/share/ament_lint_auto/cmake)
[0.884s] -- Added test 'flake8' to check Python code syntax and style conventions
[0.884s] -- Configured 'flake8' exclude dirs and/or files: 
[0.885s] -- Added test 'lint_cmake' to check CMake code style
[0.885s] -- Added test 'pep257' to check Python code against some of the docstring style conventions in PEP 257
[0.887s] -- Added test 'xmllint' to check XML markup files
[0.889s] -- Configuring done (0.9s)
[0.895s] -- Generating done (0.0s)
[0.898s] -- Build files have been written to: /openarm_ws/src/build/openarm_bringup
[0.907s] Invoked command in '/openarm_ws/src/build/openarm_bringup' returned '0': AMENT_PREFIX_PATH=/openarm_ws/src/install/openarm_bimanual_moveit_config:/openarm_ws/src/install/openarm_description:${AMENT_PREFIX_PATH} CMAKE_PREFIX_PATH=/openarm_ws/src/install/openarm_bimanual_moveit_config:/openarm_ws/src/install/openarm_description:/opt/ros/jazzy/opt/sdformat_vendor:/opt/ros/jazzy/opt/gz_math_vendor:/opt/ros/jazzy/opt/gz_utils_vendor:/opt/ros/jazzy/opt/gz_tools_vendor:/opt/ros/jazzy/opt/gz_cmake_vendor:/opt/ros/jazzy /usr/bin/cmake /openarm_ws/src/openarm_ros2/openarm_bringup -DCMAKE_INSTALL_PREFIX=/openarm_ws/src/install/openarm_bringup
[0.908s] Invoking command in '/openarm_ws/src/build/openarm_bringup': AMENT_PREFIX_PATH=/openarm_ws/src/install/openarm_bimanual_moveit_config:/openarm_ws/src/install/openarm_description:${AMENT_PREFIX_PATH} CMAKE_PREFIX_PATH=/openarm_ws/src/install/openarm_bimanual_moveit_config:/openarm_ws/src/install/openarm_description:/opt/ros/jazzy/opt/sdformat_vendor:/opt/ros/jazzy/opt/gz_math_vendor:/opt/ros/jazzy/opt/gz_utils_vendor:/opt/ros/jazzy/opt/gz_tools_vendor:/opt/ros/jazzy/opt/gz_cmake_vendor:/opt/ros/jazzy /usr/bin/cmake --build /openarm_ws/src/build/openarm_bringup -- -j14 -l14
[0.961s] Invoked command in '/openarm_ws/src/build/openarm_bringup' returned '0': AMENT_PREFIX_PATH=/openarm_ws/src/install/openarm_bimanual_moveit_config:/openarm_ws/src/install/openarm_description:${AMENT_PREFIX_PATH} CMAKE_PREFIX_PATH=/openarm_ws/src/install/openarm_bimanual_moveit_config:/openarm_ws/src/install/openarm_description:/opt/ros/jazzy/opt/sdformat_vendor:/opt/ros/jazzy/opt/gz_math_vendor:/opt/ros/jazzy/opt/gz_utils_vendor:/opt/ros/jazzy/opt/gz_tools_vendor:/opt/ros/jazzy/opt/gz_cmake_vendor:/opt/ros/jazzy /usr/bin/cmake --build /openarm_ws/src/build/openarm_bringup -- -j14 -l14
[0.964s] Invoking command in '/openarm_ws/src/build/openarm_bringup': AMENT_PREFIX_PATH=/openarm_ws/src/install/openarm_bimanual_moveit_config:/openarm_ws/src/install/openarm_description:${AMENT_PREFIX_PATH} CMAKE_PREFIX_PATH=/openarm_ws/src/install/openarm_bimanual_moveit_config:/openarm_ws/src/install/openarm_description:/opt/ros/jazzy/opt/sdformat_vendor:/opt/ros/jazzy/opt/gz_math_vendor:/opt/ros/jazzy/opt/gz_utils_vendor:/opt/ros/jazzy/opt/gz_tools_vendor:/opt/ros/jazzy/opt/gz_cmake_vendor:/opt/ros/jazzy /usr/bin/cmake --install /openarm_ws/src/build/openarm_bringup
[0.973s] -- Install configuration: ""
[0.973s] -- Installing: /openarm_ws/src/install/openarm_bringup/share/openarm_bringup/launch
[0.973s] -- Installing: /openarm_ws/src/install/openarm_bringup/share/openarm_bringup/launch/openarm.bimanual.launch.py
[0.973s] -- Installing: /openarm_ws/src/install/openarm_bringup/share/openarm_bringup/config
[0.974s] -- Installing: /openarm_ws/src/install/openarm_bringup/share/openarm_bringup/config/controllers
[0.974s] -- Installing: /openarm_ws/src/install/openarm_bringup/share/openarm_bringup/config/controllers/openarm_bimanual_controllers.yaml
[0.974s] -- Installing: /openarm_ws/src/install/openarm_bringup/share/openarm_bringup/config/controllers/openarm_bimanual_moveit_controllers.yaml
[0.974s] -- Installing: /openarm_ws/src/install/openarm_bringup/share/ament_index/resource_index/package_run_dependencies/openarm_bringup
[0.974s] -- Installing: /openarm_ws/src/install/openarm_bringup/share/ament_index/resource_index/parent_prefix_path/openarm_bringup
[0.974s] -- Installing: /openarm_ws/src/install/openarm_bringup/share/openarm_bringup/environment/ament_prefix_path.sh
[0.975s] -- Installing: /openarm_ws/src/install/openarm_bringup/share/openarm_bringup/environment/ament_prefix_path.dsv
[0.975s] -- Installing: /openarm_ws/src/install/openarm_bringup/share/openarm_bringup/environment/path.sh
[0.975s] -- Installing: /openarm_ws/src/install/openarm_bringup/share/openarm_bringup/environment/path.dsv
[0.975s] -- Installing: /openarm_ws/src/install/openarm_bringup/share/openarm_bringup/local_setup.bash
[0.975s] -- Installing: /openarm_ws/src/install/openarm_bringup/share/openarm_bringup/local_setup.sh
[0.975s] -- Installing: /openarm_ws/src/install/openarm_bringup/share/openarm_bringup/local_setup.zsh
[0.975s] -- Installing: /openarm_ws/src/install/openarm_bringup/share/openarm_bringup/local_setup.dsv
[0.976s] -- Installing: /openarm_ws/src/install/openarm_bringup/share/openarm_bringup/package.dsv
[0.976s] -- Installing: /openarm_ws/src/install/openarm_bringup/share/ament_index/resource_index/packages/openarm_bringup
[0.976s] -- Installing: /openarm_ws/src/install/openarm_bringup/share/openarm_bringup/cmake/openarm_bringupConfig.cmake
[0.976s] -- Installing: /openarm_ws/src/install/openarm_bringup/share/openarm_bringup/cmake/openarm_bringupConfig-version.cmake
[0.976s] -- Installing: /openarm_ws/src/install/openarm_bringup/share/openarm_bringup/package.xml
[0.978s] Invoked command in '/openarm_ws/src/build/openarm_bringup' returned '0': AMENT_PREFIX_PATH=/openarm_ws/src/install/openarm_bimanual_moveit_config:/openarm_ws/src/install/openarm_description:${AMENT_PREFIX_PATH} CMAKE_PREFIX_PATH=/openarm_ws/src/install/openarm_bimanual_moveit_config:/openarm_ws/src/install/openarm_description:/opt/ros/jazzy/opt/sdformat_vendor:/opt/ros/jazzy/opt/gz_math_vendor:/opt/ros/jazzy/opt/gz_utils_vendor:/opt/ros/jazzy/opt/gz_tools_vendor:/opt/ros/jazzy/opt/gz_cmake_vendor:/opt/ros/jazzy /usr/bin/cmake --install /openarm_ws/src/build/openarm_bringup
