-- The C compiler identification is GNU 13.3.0
-- The CXX compiler identification is GNU 13.3.0
-- Detecting C compiler ABI info
-- Detecting C compiler ABI info - done
-- Check for working C compiler: /usr/bin/cc - skipped
-- Detecting C compile features
-- Detecting C compile features - done
-- Detecting CXX compiler ABI info
-- Detecting CXX compiler ABI info - done
-- Check for working CXX compiler: /usr/bin/c++ - skipped
-- Detecting CXX compile features
-- Detecting CXX compile features - done
-- Found ament_cmake: 2.5.6 (/opt/ros/jazzy/share/ament_cmake/cmake)
-- Found Python3: /usr/bin/python3 (found version "3.12.3") found components: Interpreter 
-- Found hardware_interface: 4.45.2 (/opt/ros/jazzy/share/hardware_interface/cmake)
-- Found rosidl_generator_c: 4.6.7 (/opt/ros/jazzy/share/rosidl_generator_c/cmake)
-- Found rosidl_generator_cpp: 4.6.7 (/opt/ros/jazzy/share/rosidl_generator_cpp/cmake)
-- Using all available rosidl_typesupport_c: rosidl_typesupport_fastrtps_c;rosidl_typesupport_introspection_c
-- Using all available rosidl_typesupport_cpp: rosidl_typesupport_fastrtps_cpp;rosidl_typesupport_introspection_cpp
-- Found TinyXML2 via Config file: /usr/lib/aarch64-linux-gnu/cmake/tinyxml2
-- Found rmw_implementation_cmake: 7.3.3 (/opt/ros/jazzy/share/rmw_implementation_cmake/cmake)
-- Found rmw_fastrtps_cpp: 8.4.3 (/opt/ros/jazzy/share/rmw_fastrtps_cpp/cmake)
-- Found TinyXML2 via Config file: /usr/lib/aarch64-linux-gnu/cmake/tinyxml2
-- Found OpenSSL: /usr/lib/aarch64-linux-gnu/libcrypto.so (found version "3.0.13")  
-- Found TinyXML2 via Config file: /usr/lib/aarch64-linux-gnu/cmake/tinyxml2
-- Found FastRTPS: /opt/ros/jazzy/include (Required is at least version "2.13") 
-- Found TinyXML2 via Config file: /usr/lib/aarch64-linux-gnu/cmake/tinyxml2
-- Found TinyXML2 via Config file: /usr/lib/aarch64-linux-gnu/cmake/tinyxml2
-- Using RMW implementation 'rmw_fastrtps_cpp' as default
-- Configuring done (1.5s)
-- Generating done (0.0s)
-- Build files have been written to: /openarm_ws/src/build/openarm_hardware
[ 50%] [32mBuilding CXX object CMakeFiles/openarm_hardware.dir/src/openarm_simple_hardware.cpp.o[0m
[100%] [32m[1mLinking CXX shared library libopenarm_hardware.so[0m
[100%] Built target openarm_hardware
-- Install configuration: ""
-- Installing: /openarm_ws/src/install/openarm_hardware/share/openarm_hardware/openarm_hardware.xml
-- Installing: /openarm_ws/src/install/openarm_hardware/lib/libopenarm_hardware.so
-- Set non-toolchain portion of runtime path of "/openarm_ws/src/install/openarm_hardware/lib/libopenarm_hardware.so" to ""
-- Installing: /openarm_ws/src/install/openarm_hardware/include
-- Installing: /openarm_ws/src/install/openarm_hardware/include/openarm_hardware
-- Installing: /openarm_ws/src/install/openarm_hardware/include/openarm_hardware/openarm_simple_hardware.hpp
-- Installing: /openarm_ws/src/install/openarm_hardware/include/openarm_hardware/visibility_control.h
-- Installing: /openarm_ws/src/install/openarm_hardware/share/openarm_hardware/environment/library_path.sh
-- Installing: /openarm_ws/src/install/openarm_hardware/share/openarm_hardware/environment/library_path.dsv
-- Installing: /openarm_ws/src/install/openarm_hardware/share/ament_index/resource_index/package_run_dependencies/openarm_hardware
-- Installing: /openarm_ws/src/install/openarm_hardware/share/ament_index/resource_index/parent_prefix_path/openarm_hardware
-- Installing: /openarm_ws/src/install/openarm_hardware/share/openarm_hardware/environment/ament_prefix_path.sh
-- Installing: /openarm_ws/src/install/openarm_hardware/share/openarm_hardware/environment/ament_prefix_path.dsv
-- Installing: /openarm_ws/src/install/openarm_hardware/share/openarm_hardware/environment/path.sh
-- Installing: /openarm_ws/src/install/openarm_hardware/share/openarm_hardware/environment/path.dsv
-- Installing: /openarm_ws/src/install/openarm_hardware/share/openarm_hardware/local_setup.bash
-- Installing: /openarm_ws/src/install/openarm_hardware/share/openarm_hardware/local_setup.sh
-- Installing: /openarm_ws/src/install/openarm_hardware/share/openarm_hardware/local_setup.zsh
-- Installing: /openarm_ws/src/install/openarm_hardware/share/openarm_hardware/local_setup.dsv
-- Installing: /openarm_ws/src/install/openarm_hardware/share/openarm_hardware/package.dsv
-- Installing: /openarm_ws/src/install/openarm_hardware/share/ament_index/resource_index/packages/openarm_hardware
-- Installing: /openarm_ws/src/install/openarm_hardware/share/ament_index/resource_index/hardware_interface__pluginlib__plugin/openarm_hardware
-- Installing: /openarm_ws/src/install/openarm_hardware/share/openarm_hardware/cmake/ament_cmake_export_include_directories-extras.cmake
-- Installing: /openarm_ws/src/install/openarm_hardware/share/openarm_hardware/cmake/ament_cmake_export_libraries-extras.cmake
-- Installing: /openarm_ws/src/install/openarm_hardware/share/openarm_hardware/cmake/ament_cmake_export_dependencies-extras.cmake
-- Installing: /openarm_ws/src/install/openarm_hardware/share/openarm_hardware/cmake/openarm_hardwareConfig.cmake
-- Installing: /openarm_ws/src/install/openarm_hardware/share/openarm_hardware/cmake/openarm_hardwareConfig-version.cmake
-- Installing: /openarm_ws/src/install/openarm_hardware/share/openarm_hardware/package.xml
