[0.016s] Invoking command in '/openarm_ws/src/build/openarm_hardware': CMAKE_PREFIX_PATH=${CMAKE_PREFIX_PATH}:/opt/ros/jazzy /usr/bin/cmake /openarm_ws/src/openarm_ros2/openarm_hardware -DCMAKE_INSTALL_PREFIX=/openarm_ws/src/install/openarm_hardware
[0.184s] -- The C compiler identification is GNU 13.3.0
[0.184s] -- The CXX compiler identification is GNU 13.3.0
[0.185s] -- Detecting C compiler ABI info
[0.294s] -- Detecting C compiler ABI info - done
[0.298s] -- Check for working C compiler: /usr/bin/cc - skipped
[0.299s] -- Detecting C compile features
[0.299s] -- Detecting C compile features - done
[0.312s] -- Detecting CXX compiler ABI info
[0.428s] -- Detecting CXX compiler ABI info - done
[0.434s] -- Check for working CXX compiler: /usr/bin/c++ - skipped
[0.434s] -- Detecting CXX compile features
[0.435s] -- Detecting CXX compile features - done
[0.438s] -- Found ament_cmake: 2.5.6 (/opt/ros/jazzy/share/ament_cmake/cmake)
[0.643s] -- Found Python3: /usr/bin/python3 (found version "3.12.3") found components: Interpreter 
[0.766s] -- Found hardware_interface: 4.45.2 (/opt/ros/jazzy/share/hardware_interface/cmake)
[0.798s] -- Found rosidl_generator_c: 4.6.7 (/opt/ros/jazzy/share/rosidl_generator_c/cmake)
[0.812s] -- Found rosidl_generator_cpp: 4.6.7 (/opt/ros/jazzy/share/rosidl_generator_cpp/cmake)
[0.826s] -- Using all available rosidl_typesupport_c: rosidl_typesupport_fastrtps_c;rosidl_typesupport_introspection_c
[0.842s] -- Using all available rosidl_typesupport_cpp: rosidl_typesupport_fastrtps_cpp;rosidl_typesupport_introspection_cpp
[1.006s] -- Found TinyXML2 via Config file: /usr/lib/aarch64-linux-gnu/cmake/tinyxml2
[1.047s] -- Found rmw_implementation_cmake: 7.3.3 (/opt/ros/jazzy/share/rmw_implementation_cmake/cmake)
[1.047s] -- Found rmw_fastrtps_cpp: 8.4.3 (/opt/ros/jazzy/share/rmw_fastrtps_cpp/cmake)
[1.089s] -- Found TinyXML2 via Config file: /usr/lib/aarch64-linux-gnu/cmake/tinyxml2
[1.143s] -- Found OpenSSL: /usr/lib/aarch64-linux-gnu/libcrypto.so (found version "3.0.13")  
[1.147s] -- Found TinyXML2 via Config file: /usr/lib/aarch64-linux-gnu/cmake/tinyxml2
[1.168s] -- Found FastRTPS: /opt/ros/jazzy/include (Required is at least version "2.13") 
[1.170s] -- Found TinyXML2 via Config file: /usr/lib/aarch64-linux-gnu/cmake/tinyxml2
[1.182s] -- Found TinyXML2 via Config file: /usr/lib/aarch64-linux-gnu/cmake/tinyxml2
[1.197s] -- Using RMW implementation 'rmw_fastrtps_cpp' as default
[1.559s] -- Configuring done (1.5s)
[1.585s] -- Generating done (0.0s)
[1.590s] -- Build files have been written to: /openarm_ws/src/build/openarm_hardware
[1.615s] Invoked command in '/openarm_ws/src/build/openarm_hardware' returned '0': CMAKE_PREFIX_PATH=${CMAKE_PREFIX_PATH}:/opt/ros/jazzy /usr/bin/cmake /openarm_ws/src/openarm_ros2/openarm_hardware -DCMAKE_INSTALL_PREFIX=/openarm_ws/src/install/openarm_hardware
[1.615s] Invoking command in '/openarm_ws/src/build/openarm_hardware': CMAKE_PREFIX_PATH=${CMAKE_PREFIX_PATH}:/opt/ros/jazzy /usr/bin/cmake --build /openarm_ws/src/build/openarm_hardware -- -j14 -l14
[1.678s] [ 50%] [32mBuilding CXX object CMakeFiles/openarm_hardware.dir/src/openarm_simple_hardware.cpp.o[0m
[4.055s] [01m[K/openarm_ws/src/openarm_ros2/openarm_hardware/src/openarm_simple_hardware.cpp:[m[K In member function ‘[01m[Kvirtual hardware_interface::CallbackReturn openarm_hardware::OpenArmHW::[01;32m[Kon_init[m[K(const hardware_interface::HardwareInfo&)[m[K’:
[4.055s] [01m[K/openarm_ws/src/openarm_ros2/openarm_hardware/src/openarm_simple_hardware.cpp:125:51:[m[K [01;35m[Kwarning: [m[K‘[01m[Kvirtual rclcpp_lifecycle::node_interfaces::LifecycleNodeInterface::CallbackReturn hardware_interface::HardwareComponentInterface::[01;32m[Kon_init[m[K(const hardware_interface::HardwareInfo&)[m[K’ is deprecated: Use on_init(const HardwareComponentInterfaceParams & params) instead. [[01;35m[K]8;;https://gcc.gnu.org/onlinedocs/gcc/Warning-Options.html#index-Wdeprecated-declarations-Wdeprecated-declarations]8;;[m[K]
[4.055s]   125 |   if ([01;35m[Khardware_interface::SystemInterface::on_init(info)[m[K !=
[4.056s]       |       [01;35m[K~~~~~~~~~~~~~~~~~~~~~~~~~~~~~~~~~~~~~~~~~~~~^~~~~~[m[K
[4.056s] In file included from [01m[K/opt/ros/jazzy/include/hardware_interface/hardware_interface/system_interface.hpp:18[m[K,
[4.056s]                  from [01m[K/openarm_ws/src/openarm_ros2/openarm_hardware/include/openarm_hardware/openarm_simple_hardware.hpp:26[m[K,
[4.056s]                  from [01m[K/openarm_ws/src/openarm_ros2/openarm_hardware/src/openarm_simple_hardware.cpp:15[m[K:
[4.056s] [01m[K/opt/ros/jazzy/include/hardware_interface/hardware_interface/hardware_component_interface.hpp:140:26:[m[K [01;36m[Knote: [m[Kdeclared here
[4.056s]   140 |   virtual CallbackReturn [01;36m[Kon_init[m[K(const HardwareInfo & hardware_info);
[4.057s]       |                          [01;36m[K^~~~~~~[m[K
[5.998s] [100%] [32m[1mLinking CXX shared library libopenarm_hardware.so[0m
[6.276s] [100%] Built target openarm_hardware
[6.303s] Invoked command in '/openarm_ws/src/build/openarm_hardware' returned '0': CMAKE_PREFIX_PATH=${CMAKE_PREFIX_PATH}:/opt/ros/jazzy /usr/bin/cmake --build /openarm_ws/src/build/openarm_hardware -- -j14 -l14
[6.304s] Invoking command in '/openarm_ws/src/build/openarm_hardware': CMAKE_PREFIX_PATH=${CMAKE_PREFIX_PATH}:/opt/ros/jazzy /usr/bin/cmake --install /openarm_ws/src/build/openarm_hardware
[6.319s] -- Install configuration: ""
[6.319s] -- Installing: /openarm_ws/src/install/openarm_hardware/share/openarm_hardware/openarm_hardware.xml
[6.319s] -- Installing: /openarm_ws/src/install/openarm_hardware/lib/libopenarm_hardware.so
[6.320s] -- Set non-toolchain portion of runtime path of "/openarm_ws/src/install/openarm_hardware/lib/libopenarm_hardware.so" to ""
[6.326s] -- Installing: /openarm_ws/src/install/openarm_hardware/include
[6.326s] -- Installing: /openarm_ws/src/install/openarm_hardware/include/openarm_hardware
[6.326s] -- Installing: /openarm_ws/src/install/openarm_hardware/include/openarm_hardware/openarm_simple_hardware.hpp
[6.326s] -- Installing: /openarm_ws/src/install/openarm_hardware/include/openarm_hardware/visibility_control.h
[6.326s] -- Installing: /openarm_ws/src/install/openarm_hardware/share/openarm_hardware/environment/library_path.sh
[6.326s] -- Installing: /openarm_ws/src/install/openarm_hardware/share/openarm_hardware/environment/library_path.dsv
[6.326s] -- Installing: /openarm_ws/src/install/openarm_hardware/share/ament_index/resource_index/package_run_dependencies/openarm_hardware
[6.326s] -- Installing: /openarm_ws/src/install/openarm_hardware/share/ament_index/resource_index/parent_prefix_path/openarm_hardware
[6.326s] -- Installing: /openarm_ws/src/install/openarm_hardware/share/openarm_hardware/environment/ament_prefix_path.sh
[6.327s] -- Installing: /openarm_ws/src/install/openarm_hardware/share/openarm_hardware/environment/ament_prefix_path.dsv
[6.328s] -- Installing: /openarm_ws/src/install/openarm_hardware/share/openarm_hardware/environment/path.sh
[6.328s] -- Installing: /openarm_ws/src/install/openarm_hardware/share/openarm_hardware/environment/path.dsv
[6.328s] -- Installing: /openarm_ws/src/install/openarm_hardware/share/openarm_hardware/local_setup.bash
[6.328s] -- Installing: /openarm_ws/src/install/openarm_hardware/share/openarm_hardware/local_setup.sh
[6.328s] -- Installing: /openarm_ws/src/install/openarm_hardware/share/openarm_hardware/local_setup.zsh
[6.328s] -- Installing: /openarm_ws/src/install/openarm_hardware/share/openarm_hardware/local_setup.dsv
[6.328s] -- Installing: /openarm_ws/src/install/openarm_hardware/share/openarm_hardware/package.dsv
[6.328s] -- Installing: /openarm_ws/src/install/openarm_hardware/share/ament_index/resource_index/packages/openarm_hardware
[6.328s] -- Installing: /openarm_ws/src/install/openarm_hardware/share/ament_index/resource_index/hardware_interface__pluginlib__plugin/openarm_hardware
[6.328s] -- Installing: /openarm_ws/src/install/openarm_hardware/share/openarm_hardware/cmake/ament_cmake_export_include_directories-extras.cmake
[6.329s] -- Installing: /openarm_ws/src/install/openarm_hardware/share/openarm_hardware/cmake/ament_cmake_export_libraries-extras.cmake
[6.329s] -- Installing: /openarm_ws/src/install/openarm_hardware/share/openarm_hardware/cmake/ament_cmake_export_dependencies-extras.cmake
[6.329s] -- Installing: /openarm_ws/src/install/openarm_hardware/share/openarm_hardware/cmake/openarm_hardwareConfig.cmake
[6.329s] -- Installing: /openarm_ws/src/install/openarm_hardware/share/openarm_hardware/cmake/openarm_hardwareConfig-version.cmake
[6.329s] -- Installing: /openarm_ws/src/install/openarm_hardware/share/openarm_hardware/package.xml
[6.335s] Invoked command in '/openarm_ws/src/build/openarm_hardware' returned '0': CMAKE_PREFIX_PATH=${CMAKE_PREFIX_PATH}:/opt/ros/jazzy /usr/bin/cmake --install /openarm_ws/src/build/openarm_hardware
