[0.006s] Invoking command in '/openarm_ws/src/build/openarm_bimanual_moveit_config': AMENT_PREFIX_PATH=/openarm_ws/src/install/openarm_description:${AMENT_PREFIX_PATH} CMAKE_PREFIX_PATH=/openarm_ws/src/install/openarm_description:/opt/ros/jazzy/opt/sdformat_vendor:/opt/ros/jazzy/opt/gz_math_vendor:/opt/ros/jazzy/opt/gz_utils_vendor:/opt/ros/jazzy/opt/gz_tools_vendor:/opt/ros/jazzy/opt/gz_cmake_vendor:/opt/ros/jazzy /usr/bin/cmake --build /openarm_ws/src/build/openarm_bimanual_moveit_config -- -j14 -l14
[0.051s] Invoked command in '/openarm_ws/src/build/openarm_bimanual_moveit_config' returned '0': AMENT_PREFIX_PATH=/openarm_ws/src/install/openarm_description:${AMENT_PREFIX_PATH} CMAKE_PREFIX_PATH=/openarm_ws/src/install/openarm_description:/opt/ros/jazzy/opt/sdformat_vendor:/opt/ros/jazzy/opt/gz_math_vendor:/opt/ros/jazzy/opt/gz_utils_vendor:/opt/ros/jazzy/opt/gz_tools_vendor:/opt/ros/jazzy/opt/gz_cmake_vendor:/opt/ros/jazzy /usr/bin/cmake --build /openarm_ws/src/build/openarm_bimanual_moveit_config -- -j14 -l14
[0.052s] Invoking command in '/openarm_ws/src/build/openarm_bimanual_moveit_config': AMENT_PREFIX_PATH=/openarm_ws/src/install/openarm_description:${AMENT_PREFIX_PATH} CMAKE_PREFIX_PATH=/openarm_ws/src/install/openarm_description:/opt/ros/jazzy/opt/sdformat_vendor:/opt/ros/jazzy/opt/gz_math_vendor:/opt/ros/jazzy/opt/gz_utils_vendor:/opt/ros/jazzy/opt/gz_tools_vendor:/opt/ros/jazzy/opt/gz_cmake_vendor:/opt/ros/jazzy /usr/bin/cmake --install /openarm_ws/src/build/openarm_bimanual_moveit_config
[0.061s] -- Install configuration: ""
[0.062s] -- Up-to-date: /openarm_ws/src/install/openarm_bimanual_moveit_config/share/ament_index/resource_index/package_run_dependencies/openarm_bimanual_moveit_config
[0.062s] -- Up-to-date: /openarm_ws/src/install/openarm_bimanual_moveit_config/share/ament_index/resource_index/parent_prefix_path/openarm_bimanual_moveit_config
[0.062s] -- Up-to-date: /openarm_ws/src/install/openarm_bimanual_moveit_config/share/openarm_bimanual_moveit_config/environment/ament_prefix_path.sh
[0.062s] -- Up-to-date: /openarm_ws/src/install/openarm_bimanual_moveit_config/share/openarm_bimanual_moveit_config/environment/ament_prefix_path.dsv
[0.062s] -- Up-to-date: /openarm_ws/src/install/openarm_bimanual_moveit_config/share/openarm_bimanual_moveit_config/environment/path.sh
[0.063s] -- Up-to-date: /openarm_ws/src/install/openarm_bimanual_moveit_config/share/openarm_bimanual_moveit_config/environment/path.dsv
[0.063s] -- Up-to-date: /openarm_ws/src/install/openarm_bimanual_moveit_config/share/openarm_bimanual_moveit_config/local_setup.bash
[0.063s] -- Up-to-date: /openarm_ws/src/install/openarm_bimanual_moveit_config/share/openarm_bimanual_moveit_config/local_setup.sh
[0.063s] -- Up-to-date: /openarm_ws/src/install/openarm_bimanual_moveit_config/share/openarm_bimanual_moveit_config/local_setup.zsh
[0.063s] -- Up-to-date: /openarm_ws/src/install/openarm_bimanual_moveit_config/share/openarm_bimanual_moveit_config/local_setup.dsv
[0.063s] -- Installing: /openarm_ws/src/install/openarm_bimanual_moveit_config/share/openarm_bimanual_moveit_config/package.dsv
[0.063s] -- Up-to-date: /openarm_ws/src/install/openarm_bimanual_moveit_config/share/ament_index/resource_index/packages/openarm_bimanual_moveit_config
[0.064s] -- Up-to-date: /openarm_ws/src/install/openarm_bimanual_moveit_config/share/openarm_bimanual_moveit_config/cmake/openarm_bimanual_moveit_configConfig.cmake
[0.064s] -- Up-to-date: /openarm_ws/src/install/openarm_bimanual_moveit_config/share/openarm_bimanual_moveit_config/cmake/openarm_bimanual_moveit_configConfig-version.cmake
[0.064s] -- Up-to-date: /openarm_ws/src/install/openarm_bimanual_moveit_config/share/openarm_bimanual_moveit_config/package.xml
[0.064s] -- Up-to-date: /openarm_ws/src/install/openarm_bimanual_moveit_config/share/openarm_bimanual_moveit_config/launch
[0.064s] -- Up-to-date: /openarm_ws/src/install/openarm_bimanual_moveit_config/share/openarm_bimanual_moveit_config/launch/spawn_controllers.launch.py
[0.064s] -- Up-to-date: /openarm_ws/src/install/openarm_bimanual_moveit_config/share/openarm_bimanual_moveit_config/launch/demo.launch.py
[0.064s] -- Up-to-date: /openarm_ws/src/install/openarm_bimanual_moveit_config/share/openarm_bimanual_moveit_config/launch/moveit_rviz.launch.py
[0.064s] -- Up-to-date: /openarm_ws/src/install/openarm_bimanual_moveit_config/share/openarm_bimanual_moveit_config/launch/move_group.launch.py
[0.064s] -- Up-to-date: /openarm_ws/src/install/openarm_bimanual_moveit_config/share/openarm_bimanual_moveit_config/launch/setup_assistant.launch.py
[0.064s] -- Up-to-date: /openarm_ws/src/install/openarm_bimanual_moveit_config/share/openarm_bimanual_moveit_config/launch/static_virtual_joint_tfs.launch.py
[0.065s] -- Up-to-date: /openarm_ws/src/install/openarm_bimanual_moveit_config/share/openarm_bimanual_moveit_config/config
[0.065s] -- Up-to-date: /openarm_ws/src/install/openarm_bimanual_moveit_config/share/openarm_bimanual_moveit_config/config/openarm_v1.0
[0.065s] -- Up-to-date: /openarm_ws/src/install/openarm_bimanual_moveit_config/share/openarm_bimanual_moveit_config/config/openarm_v1.0/kinematics.yaml
[0.065s] -- Up-to-date: /openarm_ws/src/install/openarm_bimanual_moveit_config/share/openarm_bimanual_moveit_config/config/openarm_v1.0/openarm_bimanual.srdf
[0.065s] -- Up-to-date: /openarm_ws/src/install/openarm_bimanual_moveit_config/share/openarm_bimanual_moveit_config/config/openarm_v1.0/openarm_bimanual.urdf.xacro
[0.065s] -- Up-to-date: /openarm_ws/src/install/openarm_bimanual_moveit_config/share/openarm_bimanual_moveit_config/config/openarm_v1.0/pilz_cartesian_limits.yaml
[0.065s] -- Up-to-date: /openarm_ws/src/install/openarm_bimanual_moveit_config/share/openarm_bimanual_moveit_config/config/openarm_v1.0/ros2_controllers.yaml
[0.065s] -- Up-to-date: /openarm_ws/src/install/openarm_bimanual_moveit_config/share/openarm_bimanual_moveit_config/config/openarm_v1.0/joint_limits.yaml
[0.065s] -- Up-to-date: /openarm_ws/src/install/openarm_bimanual_moveit_config/share/openarm_bimanual_moveit_config/config/openarm_v1.0/moveit.rviz
[0.065s] -- Up-to-date: /openarm_ws/src/install/openarm_bimanual_moveit_config/share/openarm_bimanual_moveit_config/config/openarm_v1.0/sensors_3d.yaml
[0.065s] -- Up-to-date: /openarm_ws/src/install/openarm_bimanual_moveit_config/share/openarm_bimanual_moveit_config/config/openarm_v1.0/moveit_controllers.yaml
[0.065s] -- Up-to-date: /openarm_ws/src/install/openarm_bimanual_moveit_config/share/openarm_bimanual_moveit_config/config/openarm_v2.0
[0.065s] -- Up-to-date: /openarm_ws/src/install/openarm_bimanual_moveit_config/share/openarm_bimanual_moveit_config/config/openarm_v2.0/kinematics.yaml
[0.065s] -- Up-to-date: /openarm_ws/src/install/openarm_bimanual_moveit_config/share/openarm_bimanual_moveit_config/config/openarm_v2.0/openarm_bimanual.srdf
[0.065s] -- Up-to-date: /openarm_ws/src/install/openarm_bimanual_moveit_config/share/openarm_bimanual_moveit_config/config/openarm_v2.0/openarm_bimanual.urdf.xacro
[0.065s] -- Up-to-date: /openarm_ws/src/install/openarm_bimanual_moveit_config/share/openarm_bimanual_moveit_config/config/openarm_v2.0/pilz_cartesian_limits.yaml
[0.066s] -- Up-to-date: /openarm_ws/src/install/openarm_bimanual_moveit_config/share/openarm_bimanual_moveit_config/config/openarm_v2.0/ros2_controllers.yaml
[0.066s] -- Up-to-date: /openarm_ws/src/install/openarm_bimanual_moveit_config/share/openarm_bimanual_moveit_config/config/openarm_v2.0/joint_limits.yaml
[0.066s] -- Up-to-date: /openarm_ws/src/install/openarm_bimanual_moveit_config/share/openarm_bimanual_moveit_config/config/openarm_v2.0/moveit.rviz
[0.067s] -- Up-to-date: /openarm_ws/src/install/openarm_bimanual_moveit_config/share/openarm_bimanual_moveit_config/config/openarm_v2.0/sensors_3d.yaml
[0.067s] -- Up-to-date: /openarm_ws/src/install/openarm_bimanual_moveit_config/share/openarm_bimanual_moveit_config/config/openarm_v2.0/moveit_controllers.yaml
[0.067s] -- Up-to-date: /openarm_ws/src/install/openarm_bimanual_moveit_config/share/openarm_bimanual_moveit_config/.setup_assistant
[0.067s] Invoked command in '/openarm_ws/src/build/openarm_bimanual_moveit_config' returned '0': AMENT_PREFIX_PATH=/openarm_ws/src/install/openarm_description:${AMENT_PREFIX_PATH} CMAKE_PREFIX_PATH=/openarm_ws/src/install/openarm_description:/opt/ros/jazzy/opt/sdformat_vendor:/opt/ros/jazzy/opt/gz_math_vendor:/opt/ros/jazzy/opt/gz_utils_vendor:/opt/ros/jazzy/opt/gz_tools_vendor:/opt/ros/jazzy/opt/gz_cmake_vendor:/opt/ros/jazzy /usr/bin/cmake --install /openarm_ws/src/build/openarm_bimanual_moveit_config
